40
1
Pressure
1.6306640625
1.6306640625
1.6306640625
1.6306640625
1.6306640625
1.62744140625
1.6306640625
1.6306640625
1.6306640625
1.6306640625
1.62744140625
1.6306640625
1.63388671875
1.62744140625
1.6306640625
1.6306640625
1.6306640625
1.6306640625
1.6306640625
1.6306640625
1.6306640625
1.6306640625
1.62744140625
1.6306640625
1.6306640625
1.62744140625
1.6306640625
1.6306640625
1.62744140625
1.6306640625
1.6306640625
1.6306640625
1.6306640625
1.6306640625
1.6306640625
1.6306640625
1.6306640625
1.6306640625
1.6306640625
1.6306640625
1.6306640625
1.63388671875
1.62744140625
1.6306640625
1.6306640625
1.6306640625
1.62744140625
1.6306640625
1.6306640625
1.6306640625
1.6306640625
1.6306640625
1.62744140625
1.6306640625
1.6306640625
1.6306640625
1.62744140625
1.6306640625
1.6306640625
1.63388671875
1.6306640625
1.6306640625
1.6306640625
1.62744140625
1.6306640625
1.6306640625
1.62744140625
1.6306640625
1.6306640625
1.62744140625
1.6306640625
1.6306640625
1.62744140625
1.6306640625
1.6306640625
1.6306640625
1.62744140625
1.62744140625
1.6306640625
1.62744140625
1.6306640625
1.6306640625
1.6306640625
1.6306640625
1.6306640625
1.6306640625
1.62744140625
1.6306640625
1.6306640625
1.6306640625
1.6306640625
1.6306640625
1.6306640625
1.62744140625
1.6306640625
1.6306640625
1.62744140625
1.6306640625
1.6306640625
1.6306640625
1.6306640625
1.6306640625
1.6306640625
1.62744140625
1.6306640625
1.6306640625
1.6306640625
1.6306640625
1.6306640625
1.6306640625
1.6306640625
1.6306640625
1.6306640625
1.6306640625
1.6306640625
1.6306640625
1.62744140625
1.6306640625
1.6306640625
1.6306640625
1.6306640625
1.6306640625
1.6306640625
1.6306640625
1.6306640625
1.6306640625
1.62744140625
1.62744140625
1.6306640625
1.6306640625
1.6306640625
1.62744140625
1.6306640625
1.6306640625
1.6306640625
1.6306640625
1.6306640625
1.62744140625
1.6306640625
1.6306640625
1.62744140625
1.62744140625
1.6306640625
1.62744140625
1.62744140625
1.62744140625
1.62744140625
1.6306640625
1.6306640625
1.6306640625
1.62744140625
1.6306640625
1.6306640625
1.6306640625
1.6306640625
1.6306640625
1.6306640625
1.6306640625
1.6306640625
1.6306640625
1.6306640625
1.6306640625
1.6306640625
1.6306640625
1.6306640625
1.6306640625
1.6306640625
1.6306640625
1.6306640625
1.6306640625
1.62744140625
1.6306640625
1.6306640625
1.6306640625
1.6306640625
1.63388671875
1.6306640625
1.6306640625
1.6306640625
1.6306640625
1.6306640625
1.6306640625
1.6306640625
1.6306640625
1.6306640625
1.62744140625
1.6306640625
1.6306640625
1.6306640625
1.6306640625
1.6306640625
1.6306640625
1.6306640625
1.63388671875
1.6306640625
1.6306640625
1.6306640625
1.6306640625
1.6306640625
1.6306640625
1.62744140625
1.6306640625
1.6306640625
1.6306640625
1.62744140625
1.6306640625
1.6306640625
1.6306640625
1.6306640625
1.6306640625
1.6306640625
1.6306640625
1.6306640625
1.6306640625
1.6306640625
1.6306640625
1.6306640625
1.6306640625
1.6306640625
1.6306640625
1.6306640625
1.6306640625
1.6306640625
1.6306640625
1.6306640625
1.6306640625
1.6306640625
1.6306640625
1.6306640625
1.6306640625
1.6306640625
1.6306640625
1.62744140625
1.6306640625
1.62744140625
1.6306640625
1.6306640625
1.6306640625
1.6306640625
1.6306640625
1.6306640625
1.62744140625
1.6306640625
1.6306640625
1.62744140625
1.62744140625
1.6306640625
1.62744140625
1.6306640625
1.6306640625
1.6306640625
1.62744140625
1.6306640625
1.6306640625
1.63388671875
1.6306640625
1.6306640625
1.6306640625
1.6306640625
1.6306640625
1.6306640625
1.6306640625
1.6306640625
1.6306640625
1.62744140625
1.6306640625
1.6306640625
1.6306640625
1.6306640625
1.6306640625
1.6306640625
1.6306640625
1.6306640625
1.6306640625
1.6306640625
1.6306640625
1.6306640625
1.6306640625
1.6306640625
1.62744140625
1.6306640625
1.6306640625
1.6306640625
1.6306640625
1.6306640625
1.62744140625
1.6306640625
1.6306640625
1.62744140625
1.6306640625
1.6306640625
1.6306640625
1.62744140625
1.6306640625
1.62744140625
1.6306640625
1.6306640625
1.6306640625
1.6306640625
1.6306640625
1.6306640625
1.6306640625
1.6306640625
1.6306640625
1.6306640625
1.62744140625
1.6306640625
1.6306640625
1.62744140625
1.6306640625
1.6306640625
1.62744140625
1.6306640625
1.6306640625
1.6306640625
1.6306640625
1.6306640625
1.62744140625
1.6306640625
1.62744140625
1.6306640625
1.6306640625
1.6306640625
1.6306640625
1.6306640625
1.6306640625
1.62744140625
1.6306640625
1.62744140625
1.6306640625
1.6306640625
1.6306640625
1.6306640625
1.6306640625
1.6306640625
1.6306640625
1.6306640625
1.6306640625
1.6306640625
1.6306640625
1.6306640625
1.6306640625
1.6306640625
1.6306640625
1.6306640625
1.62744140625
1.6306640625
1.6306640625
1.63388671875
1.6306640625
1.6306640625
1.6306640625
1.6306640625
1.6306640625
1.6306640625
1.6306640625
1.62744140625
1.6306640625
1.62744140625
1.6306640625
1.6306640625
1.62744140625
1.6306640625
1.6306640625
1.6306640625
1.62744140625
1.62744140625
1.6306640625
1.62744140625
1.6306640625
1.6306640625
1.6306640625
1.62744140625
1.62744140625
1.6306640625
1.62744140625
1.6306640625
1.63388671875
1.6306640625
1.6306640625
1.6306640625
1.6306640625
1.62744140625
1.6306640625
1.6306640625
1.6306640625
1.6306640625
1.6306640625
1.62744140625
1.6306640625
1.6306640625
1.6306640625
1.6306640625
1.6306640625
1.6306640625
1.6306640625
1.6306640625
1.6306640625
1.6306640625
1.62744140625
1.6306640625
1.6306640625
1.6306640625
1.6306640625
1.6306640625
1.62744140625
1.6306640625
1.6306640625
1.62744140625
1.6306640625
1.6306640625
1.6306640625
1.6306640625
1.6306640625
1.6306640625
1.6306640625
1.6306640625
1.6306640625
1.6306640625
1.6306640625
1.62744140625
1.6306640625
1.6306640625
1.6306640625
1.6306640625
1.6306640625
1.6306640625
1.6306640625
1.6306640625
1.6306640625
1.62744140625
1.6306640625
1.62744140625
1.62744140625
1.62744140625
1.62744140625
1.6306640625
1.6306640625
1.6306640625
1.62744140625
1.6306640625
1.6306640625
1.6306640625
1.6306640625
1.6306640625
1.6306640625
1.62744140625
1.6306640625
1.6306640625
1.6306640625
1.62744140625
1.6306640625
1.6306640625
1.6306640625
1.6306640625
1.6306640625
1.62744140625
1.6306640625
1.6306640625
1.6306640625
1.6306640625
1.6306640625
1.6306640625
1.6306640625
1.63388671875
1.62744140625
1.6306640625
1.6306640625
1.6306640625
1.62744140625
1.6306640625
1.6306640625
1.6306640625
1.6306640625
1.6306640625
1.6306640625
1.62744140625
1.6306640625
1.6306640625
1.6306640625
1.6306640625
1.6306640625
1.6306640625
1.6306640625
1.62744140625
1.6306640625
1.6306640625
1.62744140625
1.6306640625
1.62744140625
1.6306640625
1.6306640625
1.6306640625
1.6306640625
1.6306640625
1.6306640625
1.62744140625
1.6306640625
1.6306640625
1.62744140625
1.62744140625
1.6306640625
1.6306640625
1.62744140625
1.6306640625
1.6306640625
1.6306640625
1.62744140625
1.6306640625
1.6306640625
1.6306640625
1.6306640625
1.6306640625
1.62744140625
1.6306640625
1.6306640625
1.6306640625
1.6306640625
1.6306640625
1.62744140625
1.6306640625
1.63388671875
1.62744140625
1.62744140625
1.6306640625
1.6306640625
1.6306640625
1.62744140625
1.6306640625
1.62744140625
1.6306640625
1.6306640625
1.6306640625
1.6306640625
1.62744140625
1.6306640625
1.62744140625
1.6306640625
1.6306640625
1.6306640625
1.6306640625
1.6306640625
1.6306640625
1.6306640625
1.6306640625
1.6306640625
1.62744140625
1.6306640625
1.6306640625
1.63388671875
1.21171875
0.8056640625
0.6509765624999999
0.5865234375
0.6090820312499999
0.6380859375
0.9893554687499999
1.17626953125
1.2503906249999999
1.3309570312499999
1.3148437499999999
1.3019531249999998
1.3083984375
1.30517578125
1.3599609375
1.33740234375
1.3470703124999999
1.3212890625
1.3309570312499999
1.3212890625
1.3857421875
1.3083984375
1.3631835937499999
1.3954101562499999
1.42119140625
1.4437499999999999
1.44052734375
1.4373046875
1.4373046875
1.4791992187499998
1.49853515625
1.47275390625
1.4791992187499998
1.4759765624999999
1.5017578125
1.4920898437499999
1.48564453125
1.5082031249999999
1.47275390625
1.482421875
1.5114257812499998
1.4953124999999998
1.4953124999999998
1.4920898437499999
1.482421875
1.48564453125
1.4469726562499998
1.4791992187499998
1.4469726562499998
1.4437499999999999
1.4469726562499998
1.46953125
1.47275390625
1.43408203125
1.4244140625
1.456640625
1.4630859374999998
1.4501953125
1.44052734375
1.4469726562499998
1.4437499999999999
1.46953125
1.4373046875
1.4630859374999998
1.4437499999999999
1.46953125
1.4791992187499998
1.4373046875
1.48564453125
1.47275390625
1.4759765624999999
1.46953125
1.47275390625
1.48564453125
1.456640625
1.4501953125
1.4791992187499998
1.46953125
1.456640625
1.4501953125
1.482421875
1.4373046875
1.4630859374999998
1.456640625
1.4501953125
1.4501953125
1.4630859374999998
1.46953125
1.47275390625
1.44052734375
1.4759765624999999
1.43408203125
1.456640625
1.45341796875
1.4501953125
1.4373046875
1.44052734375
1.44052734375
1.4501953125
1.4501953125
1.482421875
1.4791992187499998
1.4469726562499998
1.456640625
1.4791992187499998
1.44052734375
1.456640625
1.456640625
1.4791992187499998
1.4630859374999998
1.4469726562499998
1.4598632812499999
1.47275390625
1.4469726562499998
1.4115234374999999
1.41796875
1.43408203125
1.4437499999999999
1.4469726562499998
1.44052734375
1.456640625
1.4373046875
1.4791992187499998
1.44052734375
1.4501953125
1.4469726562499998
1.4501953125
1.456640625
1.456640625
1.4308593749999998
1.4373046875
1.4373046875
1.4501953125
1.456640625
1.4437499999999999
1.4630859374999998
1.4469726562499998
1.4630859374999998
1.482421875
1.4244140625
1.482421875
1.47275390625
1.456640625
1.43408203125
1.4501953125
1.4630859374999998
1.4373046875
1.4791992187499998
1.41796875
1.4437499999999999
1.4469726562499998
1.4373046875
1.45341796875
1.4469726562499998
1.4437499999999999
1.4469726562499998
1.4244140625
1.44052734375
1.45341796875
1.482421875
1.4630859374999998
1.4244140625
1.4791992187499998
1.44052734375
1.43408203125
1.4630859374999998
1.4244140625
1.44052734375
1.43408203125
1.4630859374999998
1.4598632812499999
1.4501953125
1.4469726562499998
1.44052734375
1.456640625
1.4437499999999999
1.46953125
1.46953125
1.44052734375
1.4437499999999999
1.4501953125
1.4501953125
1.4373046875
1.456640625
1.4373046875
1.4630859374999998
1.44052734375
1.4501953125
1.4501953125
1.4437499999999999
1.41796875
1.4598632812499999
1.47275390625
1.4373046875
1.4501953125
1.4501953125
1.4759765624999999
1.44052734375
1.4437499999999999
1.4437499999999999
1.46953125
1.4244140625
1.42119140625
1.47275390625
1.4373046875
1.7595703125
2.5813476562499997
2.9036132812499997
2.9036132812499997
2.9036132812499997
2.9068359375
2.9036132812499997
1.59521484375
0.43828124999999996
0.15791015625
0.0580078125
0.10957031249999999
0.6735351562499999
1.93359375
2.9036132812499997
2.9036132812499997
2.9036132812499997
2.9036132812499997
2.9036132812499997
1.7499023437499999
0.69609375
0.19658203124999998
0.02900390625
0.02900390625
0.15791015625
0.97001953125
1.9529296875
2.6200195312499996
2.8874999999999997
2.9036132812499997
2.8230468749999997
2.1205078125
1.2503906249999999
0.6413085937499999
0.29970703125
0.15791015625
0.22236328125
0.72509765625
1.5919921874999998
2.33642578125
2.7489257812499996
2.9036132812499997
2.9036132812499997
2.642578125
1.9078125
1.22138671875
0.7863281249999999
0.58330078125
0.55751953125
0.8314453125
1.4437499999999999
2.0689453125
2.5168945312499997
2.7521484375
2.78759765625
2.57490234375
2.0334960937499997
1.3792968749999999
0.90556640625
0.6348632812499999
0.5478515625
0.66064453125
1.06025390625
1.6177734375
2.08828125
2.3879882812499997
2.4943359375
2.40732421875
2.0818359374999997
1.59521484375
1.13115234375
0.82177734375
0.6993164062499999
0.75087890625
1.00546875
1.456640625
1.93681640625
2.27197265625
2.4524414062499997
2.46533203125
2.29453125
1.9078125
1.4953124999999998
1.1666015625
0.9861328125
0.9603515625
1.10859375
1.4373046875
1.82724609375
2.14306640625
2.333203125
2.3654296875
2.23330078125
1.9529296875
1.5887695312499999
1.24716796875
1.01513671875
0.93779296875
1.00546875
1.2181640624999999
1.546875
1.8498046874999998
2.05927734375
2.1462890624999997
2.10439453125
1.92392578125
1.64677734375
1.3599609375
1.1408203125
1.04736328125
1.0634765625
1.2181640624999999
1.48564453125
1.77890625
2.02060546875
2.1462890624999997
2.1591796875
2.0560546875
1.843359375
1.5919921874999998
1.37607421875
1.2310546875
1.20849609375
1.2890625
1.48564453125
1.72412109375
1.92392578125
2.0496093749999997
2.075390625
2.0044921875
1.8369140625
1.61455078125
1.405078125
1.2374999999999998
1.17626953125
1.2181640624999999
1.3599609375
1.5533203125
1.74345703125
1.88525390625
1.95615234375
1.93359375
1.8336914062499998
1.6564453124999998
1.482421875
1.3341796874999998
1.2665039062499999
1.27939453125
1.3857421875
1.5404296874999999
1.7208984374999998
1.87236328125
1.9625976562499998
1.972265625
1.90458984375
1.7724609375
1.61455078125
1.4759765624999999
1.3825195312499998
1.3599609375
1.40830078125
1.5275390624999998
1.6725585937499998
1.8014648437499998
1.88525390625
1.9078125
1.8659179687499998
1.7595703125
1.6242187499999998
1.48564453125
1.3857421875
1.3341796874999998
1.3728515625
1.4501953125
1.56943359375
1.69189453125
1.79501953125
1.8369140625
1.82724609375
1.7595703125
1.6564453124999998
1.53720703125
1.4437499999999999
1.405078125
1.40830078125
1.4759765624999999
1.56943359375
1.6822265625
1.7821289062499999
1.84013671875
1.8498046874999998
1.8014648437499998
1.7208984374999998
1.6242187499999998
1.53076171875
1.47275390625
1.45341796875
1.48564453125
1.5565429687499999
1.65
1.740234375
1.791796875
1.80791015625
1.7853515624999998
1.7208984374999998
1.62744140625
1.5404296874999999
1.4759765624999999
1.4437499999999999
1.456640625
1.5146484375
1.5919921874999998
1.6693359374999999
1.73056640625
1.76279296875
1.75634765625
1.7176757812499999
1.64677734375
1.5726562499999999
1.51787109375
1.4791992187499998
1.48564453125
1.5275390624999998
1.5919921874999998
1.662890625
1.72734375
1.7692382812499998
1.7724609375
1.7499023437499999
1.6951171875
1.6306640625
1.5662109375
1.5275390624999998
1.51787109375
1.53720703125
1.585546875
1.6403320312499998
1.69189453125
1.7337890624999999
1.74345703125
1.72734375
1.6854492187499999
1.62744140625
1.56943359375
1.5243164062499999
1.5082031249999999
1.5146484375
1.55009765625
1.5984375
1.65
1.69189453125
1.7176757812499999
1.714453125
1.6854492187499999
1.6403320312499998
1.59521484375
1.5565429687499999
1.533984375
1.53720703125
1.5662109375
1.6048828124999999
1.6532226562499999
1.6951171875
1.7208984374999998
1.72734375
1.7080078125
1.67578125
1.63388671875
1.59521484375
1.56298828125
1.5565429687499999
1.5662109375
1.59521484375
1.63388671875
1.6725585937499998
1.69189453125
1.7015624999999999
1.69189453125
1.6693359374999999
1.62744140625
1.5919921874999998
1.56298828125
1.546875
1.5565429687499999
1.5726562499999999
1.6048828124999999
1.6403320312499998
1.6725585937499998
1.6822265625
1.6822265625
1.6693359374999999
1.6403320312499998
1.6081054687499998
1.5887695312499999
1.56943359375
1.56943359375
1.5887695312499999
1.61455078125
1.6403320312499998
1.6725585937499998
1.6886718749999998
1.69189453125
1.6822265625
1.6564453124999998
1.63388671875
1.6048828124999999
1.5887695312499999
1.5758789062499998
1.5887695312499999
1.6048828124999999
1.6306640625
1.6532226562499999
1.6725585937499998
1.67900390625
1.6725585937499998
1.65
1.6306640625
1.60166015625
1.5887695312499999
1.5726562499999999
1.5758789062499998
1.59521484375
1.6081054687499998
1.63388671875
1.6532226562499999
1.662890625
1.662890625
1.6532226562499999
1.6371093749999999
1.61455078125
1.60166015625
1.5919921874999998
1.5919921874999998
1.60166015625
1.6177734375
1.6403320312499998
1.6532226562499999
1.6693359374999999
1.6725585937499998
1.66611328125
1.6532226562499999
1.6306640625
1.61455078125
1.60166015625
1.5984375
1.60166015625
1.6081054687499998
1.6306640625
1.6403320312499998
1.6532226562499999
1.6564453124999998
1.6532226562499999
1.6403320312499998
1.62744140625
1.6081054687499998
1.5984375
1.59521484375
1.59521484375
1.60166015625
1.61455078125
1.6306640625
1.6403320312499998
1.65
1.65
1.6435546875
1.63388671875
1.6177734375
1.6081054687499998
1.6048828124999999
1.60166015625
1.6081054687499998
1.6177734375
1.63388671875
1.64677734375
1.6532226562499999
1.6532226562499999
1.65
1.6403320312499998
1.63388671875
1.61455078125
1.6081054687499998
1.6081054687499998
1.6081054687499998
1.61455078125
1.6306640625
1.6371093749999999
1.6403320312499998
1.64677734375
1.6435546875
1.6371093749999999
1.6306640625
1.61455078125
1.6081054687499998
1.6048828124999999
1.6048828124999999
1.6081054687499998
1.6177734375
1.6306640625
1.6371093749999999
1.6403320312499998
1.6403320312499998
1.6371093749999999
1.6306640625
1.62744140625
1.6177734375
1.6081054687499998
1.61455078125
1.6177734375
1.6177734375
1.63388671875
1.6371093749999999
1.6435546875
1.6435546875
1.6403320312499998
1.6371093749999999
1.6306640625
1.6242187499999998
1.61455078125
1.61455078125
1.61455078125
1.6177734375
1.62744140625
1.63388671875
1.6371093749999999
1.6371093749999999
1.6371093749999999
1.63388671875
1.62744140625
1.6177734375
1.61455078125
1.61455078125
1.61455078125
1.61455078125
1.6177734375
1.6306640625
1.6371093749999999
1.63388671875
1.6371093749999999
1.63388671875
1.6306640625
1.62744140625
1.6177734375
1.61455078125
1.61455078125
1.6177734375
1.62744140625
1.6306640625
1.63388671875
1.6371093749999999
1.6403320312499998
1.6371093749999999
1.63388671875
1.6306640625
1.6242187499999998
1.6177734375
1.6177734375
1.6177734375
1.6177734375
1.62744140625
1.6306640625
1.63388671875
1.6371093749999999
1.63388671875
1.63388671875
1.63388671875
1.6177734375
1.61455078125
1.6177734375
1.6177734375
1.61455078125
1.6242187499999998
1.6306640625
1.63388671875
1.63388671875
1.63388671875
1.63388671875
1.6306640625
1.62744140625
1.6242187499999998
1.6177734375
1.6177734375
1.6242187499999998
1.62744140625
1.6306640625
1.63388671875
1.63388671875
1.6371093749999999
1.63388671875
1.6371093749999999
1.6306640625
1.62744140625
1.6242187499999998
1.6177734375
1.6177734375
1.62744140625
1.62744140625
1.6306640625
1.63388671875
1.63388671875
1.63388671875
1.6306640625
1.6306640625
1.62744140625
1.6177734375
1.6177734375
1.6177734375
1.6242187499999998
1.62744140625
1.6306640625
1.6306640625
1.63388671875
1.63388671875
1.63388671875
1.6306640625
1.6306640625
1.62744140625
1.62744140625
1.6242187499999998
1.62744140625
1.62744140625
1.63388671875
1.63388671875
1.63388671875
1.63388671875
1.63388671875
1.63388671875
1.6306640625
1.62744140625
1.62744140625
1.6177734375
1.62744140625
1.62744140625
1.62744140625
1.6306640625
1.6306640625
1.63388671875
1.63388671875
1.6306640625
1.6306640625
1.62744140625
1.62744140625
1.6242187499999998
1.6242187499999998
1.62744140625
1.62744140625
1.6306640625
1.6306640625
1.6306640625
1.6306640625
1.63388671875
1.6306640625
1.6306640625
1.6306640625
1.62744140625
1.62744140625
1.62744140625
1.6306640625
1.62744140625
1.6306640625
1.63388671875
1.63388671875
1.63388671875
1.63388671875
1.6306640625
1.6306640625
1.62744140625
1.62744140625
1.62744140625
1.62744140625
1.6306640625
1.63388671875
1.6306640625
1.6306640625
1.6306640625
1.6306640625
1.6306640625
1.6306640625
1.62744140625
1.62744140625
1.62744140625
1.62744140625
1.62744140625
1.6306640625
1.6306640625
1.63388671875
1.63388671875
1.6306640625
1.6306640625
1.62744140625
1.6306640625
1.62744140625
1.62744140625
1.62744140625
1.62744140625
1.6306640625
1.6306640625
1.6306640625
1.6306640625
1.6306640625
1.6306640625
1.6306640625
1.62744140625
1.62744140625
1.62744140625
1.62744140625
1.62744140625
1.6306640625
1.6306640625
1.6306640625
1.63388671875
1.6306640625
1.6306640625
1.6306640625
1.6306640625
1.62744140625
1.62744140625
1.62744140625
1.62744140625
1.62744140625
1.6306640625
1.6306640625
1.6306640625
1.6306640625
1.6306640625
1.6306640625
1.6306640625
1.6306640625
1.63388671875
1.62744140625
1.6306640625
1.6306640625
1.6306640625
1.6306640625
1.6306640625
1.6306640625
1.6306640625
1.6306640625
1.62744140625
1.6306640625
1.62744140625
1.62744140625
1.62744140625
1.6306640625
1.62744140625
1.62744140625
1.6306640625
1.6306640625
1.62744140625
1.62744140625
1.6306640625
1.6306640625
1.62744140625
1.6242187499999998
1.62744140625
1.62744140625
1.6306640625
1.6306640625
1.62744140625
1.6306640625
1.6306640625
1.63388671875
1.6306640625
1.62744140625
1.6306640625
1.62744140625
1.6306640625
1.6306640625
1.62744140625
1.6306640625
1.6306640625
1.6306640625
1.62744140625
1.6306640625
1.63388671875
1.6306640625
1.62744140625
1.62744140625
1.62744140625
1.62744140625
1.62744140625
1.6306640625
1.62744140625
1.6306640625
1.6306640625
1.6306640625
1.6306640625
1.6306640625
1.62744140625
1.62744140625
1.6306640625
1.6306640625
1.62744140625
1.6306640625
1.6306640625
1.6306640625
1.6306640625
1.6306640625
1.6306640625
1.63388671875
1.6306640625
1.62744140625
1.6306640625
1.6306640625
1.6306640625
1.62744140625
1.6306640625
1.6306640625
1.62744140625
1.6306640625
1.6306640625
1.6306640625
1.6306640625
1.62744140625
1.62744140625
1.62744140625
1.62744140625
1.6306640625
1.62744140625
1.6306640625
1.62744140625
1.6306640625
1.62744140625
1.6306640625
1.63388671875
1.6306640625
1.62744140625
1.6306640625
1.6306640625
1.62744140625
1.62744140625
1.6306640625
1.6306640625
1.62744140625
1.6306640625
1.6306640625
1.62744140625
1.6306640625
1.6306640625
1.62744140625
1.62744140625
1.6306640625
1.6306640625
1.62744140625
1.6306640625
1.6306640625
1.62744140625
1.6306640625
1.6306640625
1.6306640625
1.62744140625
1.6306640625
1.62744140625
1.6306640625
1.6306640625
1.62744140625
1.6306640625
1.6306640625
1.6306640625
1.6306640625
1.6306640625
1.6306640625
1.62744140625
1.62744140625
1.6306640625
1.62744140625
1.6306640625
1.62744140625
1.6306640625
1.62744140625
1.62744140625
1.6306640625
1.62744140625
1.62744140625
1.62744140625
1.6242187499999998
1.61455078125
1.61455078125
1.6081054687499998
1.6048828124999999
1.60166015625
1.5984375
1.5984375
1.5984375
1.59521484375
1.5887695312499999
1.5758789062499998
1.5726562499999999
1.56943359375
1.5726562499999999
1.5662109375
1.5758789062499998
1.5758789062499998
1.5791015625
1.5758789062499998
1.5726562499999999
1.56943359375
1.5597656249999998
1.5565429687499999
1.56298828125
1.56298828125
1.56943359375
1.5726562499999999
1.585546875
1.59521484375
1.5887695312499999
1.5919921874999998
1.5919921874999998
1.5758789062499998
1.56943359375
1.5726562499999999
1.5662109375
1.5726562499999999
1.585546875
1.5758789062499998
1.5758789062499998
1.5758789062499998
1.5726562499999999
1.56943359375
1.5565429687499999
1.5565429687499999
1.5662109375
1.5565429687499999
1.5565429687499999
1.5597656249999998
1.56943359375
1.56943359375
1.5662109375
1.56298828125
1.5565429687499999
1.5404296874999999
1.5404296874999999
1.53720703125
1.5404296874999999
1.53720703125
1.55009765625
1.546875
1.5404296874999999
1.5404296874999999
1.53076171875
1.53076171875
1.5404296874999999
1.533984375
1.55009765625
1.56298828125
1.5726562499999999
1.5758789062499998
1.5758789062499998
1.5919921874999998
1.5758789062499998
1.5758789062499998
1.5662109375
1.5726562499999999
1.56943359375
1.5662109375
1.55009765625
1.5597656249999998
1.5565429687499999
1.56943359375
1.5565429687499999
1.5597656249999998
1.56298828125
1.56298828125
1.5662109375
1.5662109375
1.5404296874999999
1.5565429687499999
1.5565429687499999
1.5404296874999999
1.546875
1.546875
1.55009765625
1.5565429687499999
1.5533203125
1.56298828125
1.546875
1.5565429687499999
1.53720703125
1.53076171875
1.533984375
1.53076171875
1.55009765625
1.55009765625
1.546875
1.55009765625
1.56298828125
1.5565429687499999
1.5565429687499999
1.5597656249999998
1.5565429687499999
1.55009765625
1.5565429687499999
1.533984375
1.55009765625
1.53076171875
1.55009765625
1.5565429687499999
1.5565429687499999
1.5404296874999999
1.5404296874999999
1.5404296874999999
1.52109375
1.5243164062499999
1.5404296874999999
1.51787109375
1.51787109375
1.5275390624999998
1.5404296874999999
1.55009765625
1.5243164062499999
1.55009765625
1.56298828125
1.5565429687499999
1.533984375
1.53076171875
1.5404296874999999
1.53076171875
1.5404296874999999
1.53076171875
1.5565429687499999
1.55009765625
1.533984375
1.546875
1.5017578125
1.49853515625
1.533984375
1.51787109375
1.5146484375
1.5114257812499998
1.5114257812499998
1.5114257812499998
1.5404296874999999
1.55009765625
1.53076171875
1.5114257812499998
1.5243164062499999
1.5082031249999999
1.482421875
1.5114257812499998
1.4920898437499999
1.4920898437499999
1.5082031249999999
1.5114257812499998
1.5114257812499998
1.4953124999999998
1.51787109375
1.5275390624999998
1.49853515625
1.5017578125
1.546875
1.5275390624999998
1.49853515625
1.4920898437499999
1.5243164062499999
1.5082031249999999
1.5082031249999999
1.47275390625
1.53076171875
1.49853515625
1.4791992187499998
1.48564453125
1.5146484375
1.48564453125
1.5017578125
1.49853515625
1.5243164062499999
1.5275390624999998
1.5275390624999998
1.4791992187499998
1.53076171875
1.4888671875
1.49853515625
1.47275390625
1.4373046875
1.5114257812499998
1.5082031249999999
1.5017578125
1.5114257812499998
1.5114257812499998
1.4888671875
1.456640625
1.4953124999999998
1.48564453125
1.4630859374999998
1.4501953125
1.4501953125
1.48564453125
1.43408203125
1.43408203125
1.4437499999999999
1.4791992187499998
1.47275390625
1.46953125
1.482421875
1.4920898437499999
1.48564453125
1.5017578125
1.4888671875
1.5082031249999999
1.47275390625
1.4759765624999999
1.4501953125
1.41796875
1.4469726562499998
1.4244140625
1.456640625
1.4791992187499998
1.4630859374999998
1.4791992187499998
1.4501953125
1.45341796875
1.4501953125
1.44052734375
1.4630859374999998
1.43408203125
1.456640625
1.48564453125
1.44052734375
1.46953125
1.44052734375
1.4437499999999999
1.4469726562499998
1.4469726562499998
1.4437499999999999
1.44052734375
1.4437499999999999
1.4501953125
1.456640625
1.4469726562499998
1.4437499999999999
1.44052734375
1.4469726562499998
1.4469726562499998
1.4469726562499998
1.44052734375
1.4469726562499998
1.41796875
1.4598632812499999
1.4469726562499998
1.4437499999999999
1.43408203125
1.4469726562499998
1.46953125
1.4630859374999998
1.4437499999999999
1.4598632812499999
1.4437499999999999
1.4469726562499998
1.4373046875
1.456640625
1.43408203125
1.4501953125
1.4437499999999999
1.456640625
1.456640625
1.4373046875
1.4630859374999998
1.4501953125
1.4630859374999998
1.4501953125
1.44052734375
1.46953125
1.44052734375
1.47275390625
1.4501953125
1.4469726562499998
1.44052734375
1.45341796875
1.456640625
1.44052734375
1.46953125
1.4598632812499999
1.4501953125
1.46953125
1.44052734375
1.4598632812499999
1.44052734375
1.4373046875
1.44052734375
1.456640625
1.45341796875
1.44052734375
1.43408203125
1.4501953125
1.4373046875
1.4469726562499998
1.42119140625
1.46953125
1.4469726562499998
1.4469726562499998
1.4501953125
1.4469726562499998
1.4437499999999999
1.44052734375
1.456640625
1.4373046875
1.4501953125
1.456640625
1.4469726562499998
1.4469726562499998
1.4437499999999999
1.46953125
1.4437499999999999
1.4759765624999999
1.4373046875
1.456640625
1.4437499999999999
1.47275390625
1.4437499999999999
1.4437499999999999
1.44052734375
1.4469726562499998
1.4759765624999999
1.44052734375
1.44052734375
1.44052734375
1.4469726562499998
1.43408203125
1.4598632812499999
1.44052734375
1.44052734375
1.44052734375
1.44052734375
1.4501953125
1.4501953125
1.456640625
1.44052734375
1.4501953125
1.4469726562499998
1.4437499999999999
1.4308593749999998
1.4469726562499998
1.41796875
1.4244140625
1.4469726562499998
1.4437499999999999
1.43408203125
1.4308593749999998
1.4630859374999998
1.4469726562499998
1.4437499999999999
1.44052734375
1.44052734375
1.4630859374999998
1.4501953125
1.4501953125
1.43408203125
1.4437499999999999
1.44052734375
1.4501953125
1.42119140625
1.43408203125
1.4437499999999999
1.42119140625
1.43408203125
1.4437499999999999
1.4437499999999999
1.45341796875
1.4437499999999999
1.4759765624999999
1.4244140625
1.4373046875
1.43408203125
1.42119140625
1.4501953125
1.44052734375
1.4437499999999999
1.44052734375
1.4501953125
1.44052734375
1.4373046875
1.4437499999999999
1.44052734375
1.4437499999999999
1.4501953125
1.43408203125
1.4437499999999999
1.41796875
1.4791992187499998
1.4469726562499998
1.4469726562499998
1.44052734375
1.4469726562499998
1.4469726562499998
1.44052734375
1.456640625
1.4373046875
1.4373046875
1.4598632812499999
1.42119140625
1.4469726562499998
1.41796875
1.43408203125
1.45341796875
1.4469726562499998
1.44052734375
1.4373046875
1.46953125
1.4469726562499998
1.42119140625
1.45341796875
1.4437499999999999
1.44052734375
1.4373046875
1.4469726562499998
1.4244140625
1.456640625
1.44052734375
1.4469726562499998
1.4469726562499998
1.4501953125
1.43408203125
1.4308593749999998
1.4469726562499998
1.4437499999999999
1.4469726562499998
1.45341796875
1.4630859374999998
1.4469726562499998
1.4244140625
1.4501953125
1.4244140625
1.4469726562499998
1.43408203125
1.4373046875
1.4469726562499998
1.42119140625
1.4437499999999999
1.4630859374999998
1.4437499999999999
1.43408203125
1.4501953125
1.4373046875
1.4244140625
1.4469726562499998
1.42119140625
1.4147460937499998
1.4630859374999998
1.456640625
1.4469726562499998
1.44052734375
1.4759765624999999
1.46953125
1.51787109375
1.4953124999999998
1.5114257812499998
1.533984375
1.53076171875
1.53076171875
1.56298828125
1.5533203125
1.56298828125
1.5597656249999998
1.56943359375
1.5565429687499999
1.5662109375
1.53076171875
1.5533203125
1.5404296874999999
1.5017578125
1.5243164062499999
1.4920898437499999
1.55009765625
1.5565429687499999
1.49853515625
1.5662109375
1.6048828124999999
1.6306640625
1.6177734375
1.5984375
1.6564453124999998
1.62744140625
1.61455078125
1.5984375
1.5919921874999998
1.5758789062499998
1.5758789062499998
1.56298828125
1.5758789062499998
1.5919921874999998
1.62744140625
1.6371093749999999
1.6532226562499999
1.6403320312499998
1.6725585937499998
1.662890625
1.662890625
1.6564453124999998
1.662890625
1.67578125
1.6693359374999999
1.6693359374999999
1.67578125
1.67900390625
1.6854492187499999
1.69189453125
1.7015624999999999
1.6886718749999998
1.714453125
1.714453125
1.7176757812499999
1.72412109375
1.74345703125
1.740234375
1.740234375
1.740234375
1.75634765625
1.75634765625
1.76279296875
1.7531249999999998
1.7466796875
1.7499023437499999
1.740234375
1.73056640625
1.74345703125
1.7466796875
1.75634765625
1.7660156249999999
1.7692382812499998
1.7660156249999999
1.75634765625
1.740234375
1.714453125
1.6886718749999998
1.6725585937499998
1.65
1.63388671875
1.62744140625
1.6306640625
1.6306640625
1.62744140625
1.63388671875
1.6403320312499998
1.6371093749999999
1.63388671875
1.62744140625
1.61455078125
1.60166015625
1.5919921874999998
1.5791015625
1.5887695312499999
1.59521484375
1.60166015625
1.6081054687499998
1.6242187499999998
1.63388671875
1.63388671875
1.63388671875
1.63388671875
1.6306640625
1.62744140625
1.6242187499999998
1.6242187499999998
1.6306640625
1.6371093749999999
1.64677734375
1.6532226562499999
1.662890625
1.662890625
1.6564453124999998
1.6532226562499999
1.6435546875
1.6371093749999999
1.6306640625
1.6242187499999998
1.62744140625
1.6242187499999998
1.62744140625
1.63388671875
1.63388671875
1.63388671875
1.6306640625
1.62744140625
1.61455078125
1.6081054687499998
1.6048828124999999
1.60166015625
1.60166015625
1.6048828124999999
1.6081054687499998
1.611328125
1.6242187499999998
1.63388671875
1.63388671875
1.63388671875
1.6306640625
1.6306640625
1.62744140625
1.62744140625
1.62744140625
1.6306640625
1.63388671875
1.6403320312499998
1.6435546875
1.64677734375
1.65
1.65
1.6435546875
1.6371093749999999
1.63388671875
1.6306640625
1.62744140625
1.62744140625
1.62744140625
1.62744140625
1.6306640625
1.6306640625
1.63388671875
1.62744140625
1.62744140625
1.6177734375
1.61455078125
1.6081054687499998
1.6081054687499998
1.6081054687499998
1.6081054687499998
1.61455078125
1.6177734375
1.6242187499999998
1.62744140625
1.6306640625
1.63388671875
1.63388671875
1.6306640625
1.62744140625
1.62744140625
1.6306640625
1.6306640625
1.63388671875
1.6371093749999999
1.6371093749999999
1.6403320312499998
1.6403320312499998
1.6403320312499998
1.6371093749999999
1.63388671875
1.63388671875
1.6306640625
1.62744140625
1.62744140625
1.62744140625
1.62744140625
1.62744140625
1.62744140625
1.62744140625
1.62744140625
1.62744140625
1.6177734375
1.6177734375
1.61455078125
1.61455078125
1.61455078125
1.61455078125
1.6177734375
1.6177734375
1.6242187499999998
1.62744140625
1.6306640625
1.6306640625
1.63388671875
1.6306640625
1.62744140625
1.6306640625
1.6306640625
1.6306640625
1.63388671875
1.63388671875
1.6371093749999999
1.6371093749999999
1.6371093749999999
1.6371093749999999
1.63388671875
1.63388671875
1.6306640625
1.6306640625
1.62744140625
1.6242187499999998
1.62744140625
1.62744140625
1.6306640625
1.6242187499999998
1.62744140625
1.6242187499999998
1.62744140625
1.6177734375
1.6177734375
1.6177734375
1.61455078125
1.6177734375
1.6177734375
1.6177734375
1.62744140625
1.62744140625
1.6306640625
1.6306640625
1.6306640625
1.6306640625
1.6306640625
1.6306640625
1.62744140625
1.6306640625
1.6306640625
1.6306640625
1.63388671875
1.63388671875
1.63388671875
1.63388671875
1.63388671875
1.63388671875
1.6306640625
1.6306640625
1.6306640625
1.62744140625
1.62744140625
1.62744140625
1.62744140625
1.62744140625
1.62744140625
1.62744140625
1.62744140625
1.62744140625
1.6242187499999998
1.6177734375
1.6177734375
1.6177734375
1.6177734375
1.6242187499999998
1.62744140625
1.62744140625
1.62744140625
1.6306640625
1.6306640625
1.6306640625
1.6306640625
1.6306640625
1.6306640625
1.63388671875
1.62744140625
1.6306640625
1.6306640625
1.6306640625
1.6306640625
1.63388671875
1.63388671875
1.6306640625
1.63388671875
1.6306640625
1.6306640625
1.62744140625
1.62744140625
1.62744140625
1.62744140625
1.62744140625
1.62744140625
1.62744140625
1.62744140625
1.6177734375
1.6081054687499998
1.4244140625
1.1408203125
0.9893554687499999
0.84111328125
0.7218749999999999
0.6993164062499999
0.8185546874999999
0.889453125
1.02158203125
1.1537109374999999
1.18916015625
1.26328125
1.3019531249999998
1.3083984375
1.327734375
1.35673828125
1.33740234375
1.3341796874999998
1.32451171875
1.3631835937499999
1.32451171875
1.3599609375
1.327734375
1.37607421875
1.3954101562499999
1.41796875
1.40185546875
1.4147460937499998
1.40830078125
1.4373046875
1.4630859374999998
1.456640625
1.4791992187499998
1.456640625
1.4888671875
1.4437499999999999
1.4920898437499999
1.4953124999999998
1.48564453125
1.4920898437499999
1.5082031249999999
1.482421875
1.49853515625
1.4791992187499998
1.48564453125
1.4598632812499999
1.46953125
1.4630859374999998
1.4437499999999999
1.456640625
1.4630859374999998
1.4759765624999999
1.44052734375
1.4791992187499998
1.44052734375
1.4469726562499998
1.4501953125
1.4501953125
1.4308593749999998
1.4437499999999999
1.4437499999999999
1.456640625
1.4244140625
1.44052734375
1.4598632812499999
1.456640625
1.456640625
1.4501953125
1.4501953125
1.4759765624999999
1.46953125
1.4373046875
1.45341796875
1.4630859374999998
1.46953125
1.482421875
1.44052734375
1.4791992187499998
1.456640625
1.46953125
1.4759765624999999
1.4469726562499998
1.4373046875
1.4437499999999999
1.4501953125
1.44052734375
1.44052734375
1.45341796875
1.43408203125
1.44052734375
1.4469726562499998
1.4469726562499998
1.4501953125
1.46953125
1.44052734375
1.4437499999999999
1.4501953125
1.46953125
1.44052734375
1.4469726562499998
1.4791992187499998
1.456640625
1.456640625
1.45341796875
1.46953125
1.4469726562499998
1.47275390625
1.4437499999999999
1.4469726562499998
1.456640625
1.4791992187499998
1.46953125
1.46953125
1.4630859374999998
1.4437499999999999
1.43408203125
1.4630859374999998
1.4373046875
1.456640625
1.44052734375
1.4373046875
1.4437499999999999
1.4791992187499998
1.4373046875
1.4501953125
1.4469726562499998
1.456640625
1.4469726562499998
1.482421875
1.4244140625
1.4373046875
1.4501953125
1.4501953125
1.456640625
1.43408203125
1.49853515625
1.44052734375
1.5275390624999998
1.7176757812499999
2.0818359374999997
2.8681640625
2.9068359375
2.9036132812499997
2.9036132812499997
2.9036132812499997
2.487890625
1.2955078125
0.33837890625
0.13857421875
0.18046874999999998
0.4962890625
1.22138671875
2.3009765625
2.9036132812499997
2.9036132812499997
2.9036132812499997
2.9036132812499997
2.34287109375
1.3825195312499998
0.5478515625
0.14501953125
0.02900390625
0.10634765624999999
0.6187499999999999
1.482421875
2.22041015625
2.7166992187499996
2.9036132812499997
2.8713867187499997
2.41376953125
1.7080078125
1.02158203125
0.50595703125
0.26103515625
0.24169921875
0.55751953125
1.224609375
1.9271484374999999
2.4911132812499996
2.8037109375
2.9036132812499997
2.771484375
2.1946289062499997
1.56298828125
1.03125
0.708984375
0.60263671875
0.7283203125
1.1698242187499999
1.7466796875
2.255859375
2.6135742187499997
2.7328124999999996
2.63935546875
2.23330078125
1.6854492187499999
1.17626953125
0.8024414062499999
0.631640625
0.6380859375
0.889453125
1.3954101562499999
1.85947265625
2.2268554687499997
2.41376953125
2.42666015625
2.2107421874999997
1.8240234375
1.3792968749999999
1.00546875
0.78955078125
0.7541015624999999
0.91201171875
1.276171875
1.7080078125
2.075390625
2.3396484374999997
2.4298828125
2.34931640625
2.07216796875
1.7015624999999999
1.3212890625
1.08603515625
0.9958007812499999
1.06025390625
1.29228515625
1.6403320312499998
1.9754882812499999
2.2107421874999997
2.333203125
2.2751953124999997
2.05927734375
1.74345703125
1.405078125
1.1408203125
0.9990234375
0.9958007812499999
1.13115234375
1.405078125
1.714453125
1.95615234375
2.09150390625
2.1076171875
1.998046875
1.7724609375
1.5017578125
1.2536132812499998
1.10859375
1.0763671875
1.1698242187499999
1.3857421875
1.6532226562499999
1.8981445312499998
2.0689453125
2.1333984375
2.09150390625
1.93359375
1.714453125
1.4759765624999999
1.30517578125
1.2374999999999998
1.2665039062499999
1.4147460937499998
1.61455078125
1.82080078125
1.9787109374999998
2.05283203125
2.02705078125
1.9013671875
1.7080078125
1.49853515625
1.3212890625
1.2181640624999999
1.21494140625
1.2987304687499999
1.4630859374999998
1.65
1.80791015625
1.9142578124999998
1.93359375
1.8659179687499998
1.73056640625
1.5662109375
1.4147460937499998
1.3083984375
1.2826171874999999
1.340625
1.4791992187499998
1.6435546875
1.7982421874999999
1.9110351562499999
1.95615234375
1.9271484374999999
1.8304687499999999
1.6886718749999998
1.55009765625
1.43408203125
1.3792968749999999
1.40185546875
1.482421875
1.6081054687499998
1.740234375
1.8369140625
1.8884765625
1.8820312499999998
1.8046875
1.67900390625
1.546875
1.4373046875
1.37607421875
1.3664062499999998
1.42119140625
1.51787109375
1.63388671875
1.74345703125
1.80791015625
1.8240234375
1.7821289062499999
1.6951171875
1.59521484375
1.4920898437499999
1.43408203125
1.4147460937499998
1.4469726562499998
1.5243164062499999
1.63388671875
1.73056640625
1.8046875
1.8369140625
1.8240234375
1.75634765625
1.6693359374999999
1.5726562499999999
1.5082031249999999
1.4759765624999999
1.4791992187499998
1.53076171875
1.6081054687499998
1.6951171875
1.7595703125
1.7982421874999999
1.78857421875
1.74345703125
1.6693359374999999
1.5887695312499999
1.5082031249999999
1.4630859374999998
1.456640625
1.4920898437499999
1.5565429687499999
1.6306640625
1.6951171875
1.74345703125
1.7499023437499999
1.72412109375
1.6725585937499998
1.60166015625
1.5404296874999999
1.49853515625
1.48564453125
1.5114257812499998
1.56298828125
1.6306640625
1.6951171875
1.7466796875
1.76279296875
1.75634765625
1.7176757812499999
1.662890625
1.5984375
1.55009765625
1.53076171875
1.53076171875
1.56298828125
1.61455078125
1.6725585937499998
1.714453125
1.73056640625
1.73056640625
1.7015624999999999
1.65
1.5984375
1.546875
1.5146484375
1.5146484375
1.533984375
1.5758789062499998
1.6242187499999998
1.6693359374999999
1.6951171875
1.7080078125
1.69189453125
1.6564453124999998
1.61455078125
1.5726562499999999
1.546875
1.53720703125
1.5533203125
1.5887695312499999
1.63388671875
1.6725585937499998
1.7080078125
1.7208984374999998
1.7176757812499999
1.6886718749999998
1.65
1.6081054687499998
1.5758789062499998
1.5662109375
1.5662109375
1.5887695312499999
1.6177734375
1.6532226562499999
1.67900390625
1.6951171875
1.69189453125
1.6725585937499998
1.6403320312499998
1.6081054687499998
1.56943359375
1.5565429687499999
1.5533203125
1.5662109375
1.5919921874999998
1.62744140625
1.6532226562499999
1.67578125
1.6822265625
1.6693359374999999
1.65
1.6177734375
1.59521484375
1.5758789062499998
1.56943359375
1.5758789062499998
1.60166015625
1.6306640625
1.6564453124999998
1.67900390625
1.6854492187499999
1.6854492187499999
1.6693359374999999
1.64677734375
1.61455078125
1.5984375
1.5887695312499999
1.5919921874999998
1.5984375
1.6177734375
1.6435546875
1.662890625
1.6725585937499998
1.6725585937499998
1.6564453124999998
1.6371093749999999
1.61455078125
1.59521484375
1.5758789062499998
1.5758789062499998
1.5887695312499999
1.60166015625
1.62744140625
1.6435546875
1.6564453124999998
1.662890625
1.6564453124999998
1.64677734375
1.62744140625
1.6048828124999999
1.5984375
1.59521484375
1.5984375
1.6081054687499998
1.6306640625
1.64677734375
1.6693359374999999
1.6693359374999999
1.6693359374999999
1.6532226562499999
1.6403320312499998
1.6177734375
1.6081054687499998
1.6048828124999999
1.60166015625
1.6081054687499998
1.6242187499999998
1.6371093749999999
1.65
1.6532226562499999
1.6532226562499999
1.64677734375
1.6371093749999999
1.6177734375
1.6048828124999999
1.59521484375
1.59521484375
1.5984375
1.6081054687499998
1.62744140625
1.6371093749999999
1.64677734375
1.65
1.6435546875
1.6371093749999999
1.62744140625
1.61455078125
1.6081054687499998
1.6048828124999999
1.6081054687499998
1.6177734375
1.63388671875
1.6403320312499998
1.65
1.6532226562499999
1.6532226562499999
1.64677734375
1.6403320312499998
1.62744140625
1.61455078125
1.6081054687499998
1.6081054687499998
1.6081054687499998
1.62744140625
1.63388671875
1.6403320312499998
1.6403320312499998
1.64677734375
1.6371093749999999
1.63388671875
1.6177734375
1.61455078125
1.6048828124999999
1.6048828124999999
1.6081054687499998
1.61455078125
1.62744140625
1.63388671875
1.6371093749999999
1.6403320312499998
1.6403320312499998
1.6371093749999999
1.62744140625
1.6177734375
1.61455078125
1.61455078125
1.61455078125
1.6177734375
1.6306640625
1.6371093749999999
1.64677734375
1.6403320312499998
1.6403320312499998
1.6371093749999999
1.63388671875
1.62744140625
1.6177734375
1.61455078125
1.61455078125
1.61455078125
1.62744140625
1.6306640625
1.63388671875
1.6371093749999999
1.6371093749999999
1.63388671875
1.6306640625
1.62744140625
1.61455078125
1.61455078125
1.6081054687499998
1.61455078125
1.6177734375
1.62744140625
1.63388671875
1.63388671875
1.6371093749999999
1.6371093749999999
1.63388671875
1.62744140625
1.6177734375
1.6177734375
1.61455078125
1.6177734375
1.6242187499999998
1.62744140625
1.63388671875
1.6371093749999999
1.6371093749999999
1.6371093749999999
1.63388671875
1.63388671875
1.62744140625
1.6177734375
1.6177734375
1.6177734375
1.6177734375
1.62744140625
1.6306640625
1.63388671875
1.63388671875
1.63388671875
1.63388671875
1.6306640625
1.6242187499999998
1.6177734375
1.61455078125
1.6177734375
1.6177734375
1.6242187499999998
1.62744140625
1.6306640625
1.63388671875
1.63388671875
1.63388671875
1.6306640625
1.6306640625
1.62744140625
1.6177734375
1.6177734375
1.6177734375
1.62744140625
1.62744140625
1.63388671875
1.63388671875
1.63388671875
1.63388671875
1.6306640625
1.6306640625
1.62744140625
1.6242187499999998
1.6177734375
1.6177734375
1.62744140625
1.62744140625
1.63388671875
1.6306640625
1.6306640625
1.63388671875
1.63388671875
1.63388671875
1.62744140625
1.6177734375
1.6177734375
1.6242187499999998
1.6242187499999998
1.6177734375
1.62744140625
1.6306640625
1.6306640625
1.63388671875
1.63388671875
1.6306640625
1.6306640625
1.62744140625
1.62744140625
1.62744140625
1.62744140625
1.62744140625
1.6306640625
1.6306640625
1.63388671875
1.63388671875
1.63388671875
1.63388671875
1.6306640625
1.6306640625
1.62744140625
1.62744140625
1.6242187499999998
1.62744140625
1.62744140625
1.6306640625
1.6306640625
1.6306640625
1.63388671875
1.6306640625
1.6306640625
1.62744140625
1.6242187499999998
1.62744140625
1.62744140625
1.62744140625
1.62744140625
1.62744140625
1.6306640625
1.6306640625
1.63388671875
1.63388671875
1.6306640625
1.6306640625
1.62744140625
1.62744140625
1.62744140625
1.62744140625
1.6306640625
1.6306640625
1.6306640625
1.63388671875
1.6306640625
1.6306640625
1.6306640625
1.6306640625
1.6306640625
1.62744140625
1.62744140625
1.62744140625
1.62744140625
1.62744140625
1.6306640625
1.6306640625
1.6306640625
1.6306640625
1.6306640625
1.6306640625
1.6306640625
1.62744140625
1.62744140625
1.62744140625
1.62744140625
1.6242187499999998
1.6306640625
1.6306640625
1.6306640625
1.6306640625
1.6306640625
1.6306640625
1.6306640625
1.6306640625
1.6306640625
1.62744140625
1.62744140625
1.6306640625
1.6306640625
1.6306640625
1.6306640625
1.6306640625
1.6306640625
1.6306640625
1.6306640625
1.62744140625
1.6306640625
1.62744140625
1.62744140625
1.62744140625
1.6306640625
1.6306640625
1.63388671875
1.6306640625
1.6306640625
1.6306640625
1.6306640625
1.6306640625
1.62744140625
1.62744140625
1.62744140625
1.62744140625
1.6306640625
1.62744140625
1.6306640625
1.6306640625
1.6306640625
1.6306640625
1.6306640625
1.6306640625
1.6306640625
1.6306640625
1.6306640625
1.62744140625
1.6306640625
1.6306640625
1.6306640625
1.63388671875
1.6306640625
1.6306640625
1.6306640625
1.6306640625
1.62744140625
1.62744140625
1.62744140625
1.62744140625
1.62744140625
1.62744140625
1.6306640625
1.6306640625
1.6306640625
1.6306640625
1.62744140625
1.6306640625
1.6306640625
1.62744140625
1.62744140625
1.62744140625
1.62744140625
1.6306640625
1.6306640625
1.6306640625
1.6306640625
1.6306640625
1.6306640625
1.6306640625
1.6306640625
1.6306640625
1.6306640625
1.62744140625
1.62744140625
1.6306640625
1.63388671875
1.6306640625
1.6306640625
1.6306640625
1.6306640625
1.6306640625
1.6306640625
1.62744140625
1.62744140625
1.6306640625
1.62744140625
1.62744140625
1.6306640625
1.6306640625
1.63388671875
1.6306640625
1.62744140625
1.62744140625
1.6306640625
1.6306640625
1.62744140625
1.62744140625
1.62744140625
1.62744140625
1.6306640625
1.6306640625
1.6306640625
1.6306640625
1.6306640625
1.6306640625
1.62744140625
1.6306640625
1.6306640625
1.62744140625
1.6306640625
1.62744140625
1.6306640625
1.6306640625
1.6306640625
1.6306640625
1.6306640625
1.6306640625
1.6306640625
1.6306640625
1.62744140625
1.62744140625
1.62744140625
1.62744140625
1.6306640625
1.6306640625
1.6306640625
1.62744140625
1.6306640625
1.6306640625
1.62744140625
1.62744140625
1.6306640625
1.62744140625
1.62744140625
1.6306640625
1.6306640625
1.62744140625
1.6306640625
1.6306640625
1.62744140625
1.6306640625
1.6306640625
1.6306640625
1.6306640625
1.6306640625
1.62744140625
1.6306640625
1.6306640625
1.6306640625
1.6306640625
1.6306640625
1.6306640625
1.63388671875
1.6306640625
1.6306640625
1.62744140625
1.6306640625
1.6306640625
1.6306640625
1.62744140625
1.6306640625
1.6306640625
1.62744140625
1.6306640625
1.6306640625
1.6306640625
1.63388671875
1.63388671875
1.62744140625
1.6306640625
1.62744140625
1.6306640625
1.62744140625
1.6306640625
1.6306640625
1.6306640625
1.6306640625
1.6306640625
1.6306640625
1.6306640625
1.6306640625
1.6306640625
1.6306640625
1.6306640625
1.6306640625
1.62744140625
1.6306640625
1.62744140625
1.6306640625
1.6306640625
1.6306640625
1.6306640625
1.6306640625
1.62744140625
1.6306640625
1.6306640625
1.62744140625
1.6306640625
1.6306640625
1.6306640625
1.6306640625
1.6306640625
1.6306640625
1.6306640625
1.6306640625
1.6306640625
1.62744140625
1.6306640625
1.6306640625
1.6306640625
1.6306640625
1.6306640625
1.6306640625
1.6306640625
1.6306640625
1.6306640625
1.6306640625
1.6306640625
1.6306640625
1.6306640625
1.6306640625
1.6306640625
1.6306640625
1.6306640625
1.6306640625
1.6306640625
1.6306640625
1.6306640625
1.6306640625
1.6306640625
1.62744140625
1.6306640625
1.6306640625
1.62744140625
1.6306640625
1.6306640625
1.6306640625
1.6306640625
1.6306640625
1.6306640625
1.6306640625
1.63388671875
1.62744140625
1.62744140625
1.6306640625
1.6306640625
1.62744140625
1.6306640625
1.6306640625
1.62744140625
1.6306640625
1.6306640625
1.6306640625
1.62744140625
1.6306640625
1.6306640625
1.6306640625
1.6306640625
1.6306640625
1.62744140625
1.62744140625
1.62744140625
1.6306640625
1.6306640625
1.6306640625
1.6306640625
1.6306640625
1.6306640625
1.6306640625
1.6306640625
1.6306640625
1.62744140625
1.6306640625
1.6306640625
1.63388671875
1.63388671875
1.6306640625
1.6306640625
1.6306640625
1.6306640625
1.62744140625
1.6306640625
1.6306640625
1.6306640625
1.62744140625
1.6306640625
1.6306640625
1.6306640625
1.6306640625
1.6306640625
1.62744140625
1.6306640625
1.6306640625
1.6306640625
1.62744140625
1.6306640625
1.6306640625
1.6306640625
1.6306640625
1.6306640625
1.6306640625
1.6306640625
1.6306640625
1.6306640625
1.62744140625
1.6306640625
1.62744140625
1.6306640625
1.63388671875
1.62744140625
1.6306640625
1.62744140625
1.6306640625
1.6306640625
1.6306640625
1.6306640625
1.6306640625
1.6306640625
1.6306640625
1.6306640625
1.6306640625
1.6306640625
1.6306640625
1.6306640625
1.6306640625
1.6306640625
1.6306640625
1.6306640625
1.62744140625
1.6306640625
1.6306640625
1.6306640625
1.6306640625
1.6306640625
1.6306640625
1.6306640625
1.63388671875
1.6306640625
1.6306640625
1.6306640625
1.6306640625
1.63388671875
1.63388671875
1.62744140625
1.6306640625
1.6306640625
1.6306640625
1.62744140625
1.6306640625
1.6306640625
1.6306640625
1.62744140625
1.6306640625
1.6306640625
1.6306640625
1.6306640625
1.6306640625
1.62744140625
1.62744140625
1.6306640625
1.6306640625
1.6306640625
1.6306640625
1.6306640625
1.62744140625
1.6306640625
1.6306640625
1.6306640625
1.6306640625
1.6306640625
1.6306640625
1.62744140625
1.6306640625
1.6306640625
1.62744140625
1.6306640625
1.6306640625
1.62744140625
1.6306640625
1.6306640625
1.62744140625
1.6306640625
1.6306640625
1.62744140625
1.6306640625
1.6306640625
1.62744140625
1.6306640625
1.6306640625
1.6306640625
1.62744140625
1.6306640625
1.6306640625
1.62744140625
1.6306640625
1.62744140625
1.6306640625
1.6306640625
1.6306640625
1.6306640625
1.6306640625
1.6306640625
1.6306640625
1.62744140625
1.6306640625
1.6306640625
1.6306640625
1.6306640625
1.6306640625
1.63388671875
1.6306640625
1.6306640625
1.6306640625
1.6306640625
1.6306640625
1.6306640625
1.6306640625
1.6306640625
1.6306640625
1.6306640625
1.6306640625
1.62744140625
1.6306640625
1.6306640625
1.62744140625
1.6306640625
1.6306640625
1.62744140625
1.62744140625
1.6306640625
1.62744140625
1.62744140625
1.6306640625
1.6306640625
1.6306640625
1.62744140625
1.6306640625
1.6306640625
1.62744140625
1.6306640625
1.6306640625
1.62744140625
1.6306640625
1.6306640625
1.6306640625
1.62744140625
1.6306640625
1.62744140625
1.6306640625
1.6306640625
1.6306640625
1.6306640625
1.63388671875
1.62744140625
1.62744140625
1.6306640625
1.6306640625
1.62744140625
1.6306640625
1.6306640625
1.62744140625
1.6306640625
1.6306640625
1.6306640625
1.6306640625
1.6306640625
1.6306640625
1.6306640625
1.6306640625
1.6306640625
1.6306640625
1.6306640625
1.6306640625
1.6306640625
1.6306640625
1.6306640625
1.6306640625
1.6306640625
1.6306640625
1.6306640625
1.63388671875
1.62744140625
1.62744140625
1.6306640625
1.6306640625
1.63388671875
1.6306640625
1.62744140625
1.6306640625
1.6306640625
1.62744140625
1.62744140625
1.6306640625
1.6306640625
1.62744140625
1.62744140625
1.6306640625
1.62744140625
1.6306640625
1.6306640625
1.6306640625
1.62744140625
1.62744140625
1.6306640625
1.6306640625
1.6306640625
1.6306640625
1.6306640625
1.6306640625
1.6306640625
1.6306640625
1.6306640625
1.6306640625
1.6306640625
1.62744140625
1.6306640625
1.6306640625
1.6306640625
1.6306640625
1.6306640625
1.6306640625
1.6306640625
1.6306640625
1.6306640625
1.6306640625
1.6306640625
1.63388671875
1.62744140625
1.6306640625
1.6306640625
1.6306640625
1.6306640625
1.6306640625
1.6306640625
1.6306640625
1.6306640625
1.6306640625
1.6306640625
1.62744140625
1.6306640625
1.6306640625
1.6306640625
1.6306640625
1.6306640625
1.6306640625
1.6306640625
1.6306640625
1.6306640625
1.62744140625
1.6306640625
1.6306640625
1.6306640625
1.6306640625
1.6306640625
1.63388671875
1.6306640625
1.62744140625
1.6306640625
1.6306640625
1.63388671875
1.6306640625
1.62744140625
1.62744140625
1.6306640625
1.6306640625
1.62744140625
1.6306640625
1.6306640625
1.62744140625
1.62744140625
1.6306640625
1.6306640625
1.6306640625
1.6306640625
1.6306640625
1.62744140625
1.6306640625
1.6306640625
1.63388671875
1.6306640625
1.6306640625
1.6306640625
1.6306640625
1.6306640625
1.6306640625
1.6306640625
1.6306640625
1.6306640625
1.6306640625
1.6306640625
1.6306640625
1.6306640625
1.63388671875
1.63388671875
1.62744140625
1.6306640625
1.6306640625
1.6306640625
1.62744140625
1.6306640625
1.6306640625
1.62744140625
1.6306640625
1.62744140625
1.6306640625
1.6306640625
1.6306640625
1.6306640625
1.6306640625
1.62744140625
1.62744140625
1.6306640625
1.6306640625
1.6306640625
1.6306640625
1.62744140625
1.6306640625
1.63388671875
1.62744140625
1.62744140625
1.6306640625
1.6306640625
1.62744140625
1.62744140625
1.6306640625
1.62744140625
1.62744140625
1.6306640625
1.6306640625
1.6306640625
1.6306640625
1.6306640625
1.62744140625
1.6306640625
1.6306640625
1.62744140625
1.6306640625
1.6306640625
1.6306640625
1.6306640625
1.6306640625
1.6306640625
1.62744140625
1.6306640625
1.6306640625
1.6306640625
1.6306640625
1.6306640625
1.62744140625
1.63388671875
1.6306640625
1.62744140625
1.6306640625
1.6306640625
1.6306640625
1.6306640625
1.6306640625
1.6306640625
1.62744140625
1.6306640625
1.62744140625
1.6306640625
1.62744140625
1.6306640625
1.6306640625
1.62744140625
1.6306640625
1.6306640625
1.6306640625
1.6306640625
1.62744140625
1.6306640625
1.6306640625
1.63388671875
1.6306640625
1.6306640625
1.6306640625
1.6306640625
1.6306640625
1.62744140625
1.62744140625
1.6306640625
1.6306640625
1.62744140625
1.6306640625
1.62744140625
1.62744140625
1.6306640625
1.6306640625
1.6306640625
1.6306640625
1.6306640625
1.6306640625
1.6306640625
1.6306640625
1.6306640625
1.62744140625
1.63388671875
1.62744140625
1.6306640625
1.6306640625
1.6306640625
1.6306640625
1.6306640625
1.6306640625
1.6306640625
1.6306640625
1.6306640625
1.6306640625
1.6306640625
1.6306640625
1.6306640625
1.6306640625
1.6306640625
1.6306640625
1.6306640625
1.6306640625
1.62744140625
1.6306640625
1.6306640625
1.62744140625
1.6306640625
1.6306640625
1.6306640625
1.6306640625
1.6306640625
1.6306640625
1.62744140625
1.6306640625
1.62744140625
1.6306640625
1.62744140625
1.6306640625
1.62744140625
1.6306640625
1.6306640625
1.62744140625
1.62744140625
1.6306640625
1.62744140625
1.6306640625
1.6306640625
1.6306640625
1.6306640625
1.6306640625
1.6306640625
1.62744140625
1.6306640625
1.6306640625
1.6306640625
1.6306640625
1.6306640625
1.6306640625
1.62744140625
1.63388671875
1.62744140625
1.6306640625
1.6306640625
1.6306640625
1.62744140625
1.6306640625
1.6306640625
1.6306640625
1.6306640625
1.63388671875
1.6306640625
1.62744140625
1.62744140625
1.6306640625
1.6306640625
1.6306640625
1.6306640625
1.6306640625
1.6306640625
1.6306640625
1.6306640625
1.6306640625
1.6306640625
1.6306640625
1.6306640625
1.6306640625
1.6306640625
1.6306640625
1.6306640625
1.62744140625
1.6306640625
1.62744140625
1.6306640625
1.6306640625
1.6306640625
1.6306640625
1.62744140625
1.6306640625
1.6306640625
1.6306640625
1.6306640625
1.6306640625
1.6306640625
1.6306640625
1.6306640625
1.62744140625
1.6306640625
1.6306640625
1.62744140625
1.62744140625
1.6306640625
1.6306640625
1.62744140625
1.6306640625
1.6306640625
1.62744140625
1.6306640625
1.6306640625
1.6306640625
1.6306640625
1.6306640625
1.6306640625
1.6306640625
1.63388671875
1.63388671875
1.6306640625
1.62744140625
1.6306640625
1.6306640625
1.6306640625
1.6306640625
1.62744140625
1.6306640625
1.6306640625
1.6306640625
1.6306640625
1.6306640625
1.6306640625
1.6306640625
1.6306640625
1.6306640625
1.62744140625
1.6306640625
1.62744140625
1.6306640625
1.6306640625
1.6306640625
1.6306640625
1.6306640625
1.6306640625
1.6306640625
1.6306640625
1.6306640625
1.62744140625
1.6306640625
1.6306640625
1.6306640625
1.6306640625
1.6306640625
1.6306640625
1.6306640625
1.6306640625
1.62744140625
1.6306640625
1.6306640625
1.62744140625
1.62744140625
1.6306640625
1.6306640625
1.62744140625
1.6306640625
1.6306640625
1.6306640625
1.6306640625
1.6306640625
1.6306640625
1.6306640625
1.6306640625
1.62744140625
1.6306640625
1.6306640625
1.6306640625
1.6306640625
1.6306640625
1.6306640625
1.62744140625
1.6306640625
1.6306640625
1.6306640625
1.6306640625
1.6306640625
1.62744140625
1.6306640625
1.6306640625
1.6306640625
1.6306640625
1.6306640625
1.6306640625
1.62744140625
1.6306640625
1.62744140625
1.6306640625
1.62744140625
1.6306640625
1.6306640625
1.6306640625
1.6306640625
1.6306640625
1.63388671875
1.62744140625
1.6306640625
1.6306640625
1.62744140625
1.6306640625
1.6306640625
1.62744140625
1.6306640625
1.6306640625
1.6306640625
1.18271484375
0.95390625
1.0119140625
1.02158203125
1.173046875
1.3921875
1.6081054687499998
1.75634765625
1.77890625
1.7853515624999998
1.7466796875
1.5919921874999998
1.48564453125
1.3921875
1.3792968749999999
1.3792968749999999
1.3792968749999999
1.482421875
1.56298828125
1.6371093749999999
1.6532226562499999
1.6725585937499998
1.714453125
1.6886718749999998
1.6532226562499999
1.6242187499999998
1.6048828124999999
1.61455078125
1.6048828124999999
1.6177734375
1.63388671875
1.65
1.662890625
1.65
1.65
1.6435546875
1.6242187499999998
1.6081054687499998
1.59521484375
1.5887695312499999
1.56943359375
1.5662109375
1.5726562499999999
1.5758789062499998
1.5758789062499998
1.5791015625
1.56943359375
1.5758789062499998
1.5726562499999999
1.585546875
1.5726562499999999
1.5726562499999999
1.5758789062499998
1.585546875
1.5791015625
1.5919921874999998
1.5887695312499999
1.59521484375
1.59521484375
1.5984375
1.6081054687499998
1.6081054687499998
1.6081054687499998
1.611328125
1.61455078125
1.61455078125
1.61455078125
1.6081054687499998
1.61455078125
1.61455078125
1.61455078125
1.6048828124999999
1.61455078125
1.60166015625
1.61455078125
1.60166015625
1.6048828124999999
1.60166015625
1.59521484375
1.59521484375
1.59521484375
1.5887695312499999
1.59521484375
1.585546875
1.5919921874999998
1.5919921874999998
1.5758789062499998
1.5887695312499999
1.5919921874999998
1.59521484375
1.5919921874999998
1.5919921874999998
1.5984375
1.59521484375
1.60166015625
1.60166015625
1.5984375
1.60166015625
1.6081054687499998
1.6081054687499998
1.6081054687499998
1.6177734375
1.6048828124999999
1.61455078125
1.6081054687499998
1.611328125
1.6081054687499998
1.6081054687499998
1.60166015625
1.6048828124999999
1.60166015625
1.60166015625
1.5984375
1.60166015625
1.5984375
1.59521484375
1.59521484375
1.59521484375
1.5984375
1.59521484375
1.60166015625
1.60166015625
1.5984375
1.5984375
1.5887695312499999
1.59521484375
1.59521484375
1.59521484375
1.5984375
1.60166015625
1.60166015625
1.6048828124999999
1.6048828124999999
1.611328125
1.5984375
1.6048828124999999
1.6048828124999999
1.6081054687499998
1.60166015625
1.60166015625
1.60166015625
1.59521484375
1.60166015625
1.59521484375
1.60166015625
1.60166015625
1.6048828124999999
1.5984375
1.6048828124999999
1.60166015625
1.5984375
1.5984375
1.6048828124999999
1.5984375
1.59521484375
1.59521484375
1.60166015625
1.5984375
1.60166015625
1.6081054687499998
1.60166015625
1.60166015625
1.59521484375
1.60166015625
1.60166015625
1.60166015625
1.6081054687499998
1.63388671875
1.6854492187499999
2.101171875
2.4685546874999997
2.4524414062499997
2.4202148437499997
2.2268554687499997
1.7821289062499999
1.4373046875
1.10859375
0.9958007812499999
1.08603515625
1.22138671875
1.65
1.9658203125
2.27197265625
2.40087890625
2.3138671875
2.17529296875
1.78857421875
1.43408203125
1.09892578125
0.928125
0.9571289062499999
1.04736328125
1.3083984375
1.6532226562499999
1.91748046875
2.13984375
2.13984375
2.05283203125
1.82080078125
1.51787109375
1.2697265624999998
1.06669921875
1.03447265625
1.1150390625
1.30517578125
1.6177734375
1.87236328125
2.1076171875
2.18818359375
2.1462890624999997
2.0173828124999997
1.7595703125
1.5146484375
1.2987304687499999
1.2020507812499999
1.22783203125
1.340625
1.5791015625
1.8014648437499998
1.98515625
2.0947265625
2.07216796875
1.9625976562499998
1.76279296875
1.533984375
1.3341796874999998
1.2052734375
1.1794921875
1.2503906249999999
1.41796875
1.62744140625
1.8014648437499998
1.93359375
1.9625976562499998
1.9142578124999998
1.7724609375
1.5887695312499999
1.42119140625
1.2858398437499998
1.2439453125
1.29228515625
1.41796875
1.59521484375
1.7692382812499998
1.9110351562499999
1.9787109374999998
1.9593749999999999
1.87236328125
1.72412109375
1.56943359375
1.4437499999999999
1.3728515625
1.3792968749999999
1.4469726562499998
1.5758789062499998
1.72734375
1.85625
1.92392578125
1.920703125
1.8498046874999998
1.72734375
1.585546875
1.4501953125
1.3631835937499999
1.3341796874999998
1.3857421875
1.482421875
1.6048828124999999
1.72412109375
1.8046875
1.8336914062499998
1.8014648437499998
1.72412109375
1.61455078125
1.49853515625
1.41796875
1.3857421875
1.41796875
1.4920898437499999
1.60166015625
1.7176757812499999
1.8046875
1.85947265625
1.85625
1.791796875
1.7015624999999999
1.60166015625
1.52109375
1.47275390625
1.4759765624999999
1.51787109375
1.59521484375
1.6854492187499999
1.76279296875
1.80791015625
1.80791015625
1.7660156249999999
1.6886718749999998
1.5984375
1.5146484375
1.456640625
1.44052734375
1.46953125
1.5275390624999998
1.6048828124999999
1.6822265625
1.7337890624999999
1.7595703125
1.74345703125
1.6886718749999998
1.62744140625
1.5597656249999998
1.5017578125
1.482421875
1.49853515625
1.546875
1.6177734375
1.6886718749999998
1.7466796875
1.77890625
1.77890625
1.740234375
1.67578125
1.6081054687499998
1.5597656249999998
1.5275390624999998
1.5243164062499999
1.5565429687499999
1.60166015625
1.6532226562499999
1.7080078125
1.74345703125
1.740234375
1.714453125
1.66611328125
1.6081054687499998
1.5533203125
1.5146484375
1.5082031249999999
1.51787109375
1.5597656249999998
1.61455078125
1.662890625
1.6951171875
1.714453125
1.7015624999999999
1.6693359374999999
1.62744140625
1.5758789062499998
1.55009765625
1.53720703125
1.546875
1.5726562499999999
1.6177734375
1.66611328125
1.7015624999999999
1.72412109375
1.72412109375
1.6951171875
1.662890625
1.61455078125
1.5887695312499999
1.56298828125
1.5597656249999998
1.5758789062499998
1.6081054687499998
1.64677734375
1.67900390625
1.7015624999999999
1.6951171875
1.6822265625
1.6532226562499999
1.611328125
1.5791015625
1.5597656249999998
1.55009765625
1.5597656249999998
1.5791015625
1.61455078125
1.6435546875
1.6725585937499998
1.6822265625
1.67578125
1.6532226562499999
1.62744140625
1.5984375
1.5726562499999999
1.5662109375
1.5726562499999999
1.59521484375
1.6242187499999998
1.6532226562499999
1.6822265625
1.6886718749999998
1.69189453125
1.67900390625
1.65
1.62744140625
1.60166015625
1.5887695312499999
1.5887695312499999
1.5984375
1.61455078125
1.6403320312499998
1.662890625
1.67578125
1.67900390625
1.6693359374999999
1.6403320312499998
1.6177734375
1.59521484375
1.5758789062499998
1.5726562499999999
1.5758789062499998
1.5984375
1.61455078125
1.6403320312499998
1.6532226562499999
1.662890625
1.6564453124999998
1.6435546875
1.6306640625
1.6081054687499998
1.59521484375
1.5919921874999998
1.59521484375
1.6048828124999999
1.62744140625
1.64677734375
1.662890625
1.6725585937499998
1.6693359374999999
1.662890625
1.64677734375
1.6306640625
1.6081054687499998
1.60166015625
1.60166015625
1.6081054687499998
1.6177734375
1.63388671875
1.64677734375
1.6564453124999998
1.6532226562499999
1.64677734375
1.6371093749999999
1.6177734375
1.6048828124999999
1.5984375
1.5919921874999998
1.59521484375
1.6048828124999999
1.6177734375
1.63388671875
1.64677734375
1.65
1.65
1.6403320312499998
1.6306640625
1.61455078125
1.6048828124999999
1.6048828124999999
1.6048828124999999
1.61455078125
1.62744140625
1.6403320312499998
1.65
1.6532226562499999
1.6532226562499999
1.65
1.6403320312499998
1.6306640625
1.61455078125
1.6081054687499998
1.6081054687499998
1.611328125
1.6177734375
1.63388671875
1.6403320312499998
1.64677734375
1.64677734375
1.6371093749999999
1.63388671875
1.6242187499999998
1.6081054687499998
1.6048828124999999
1.60166015625
1.6048828124999999
1.61455078125
1.62744140625
1.63388671875
1.6371093749999999
1.6435546875
1.6403320312499998
1.6371093749999999
1.6306640625
1.6177734375
1.61455078125
1.611328125
1.61455078125
1.61455078125
1.62744140625
1.6371093749999999
1.6403320312499998
1.64677734375
1.64677734375
1.6403320312499998
1.6371093749999999
1.6306640625
1.6177734375
1.61455078125
1.61455078125
1.6177734375
1.62744140625
1.63388671875
1.6371093749999999
1.6371093749999999
1.6371093749999999
1.6403320312499998
1.6306640625
1.6177734375
1.61455078125
1.611328125
1.6081054687499998
1.611328125
1.6177734375
1.6177734375
1.63388671875
1.6371093749999999
1.6371093749999999
1.6371093749999999
1.63388671875
1.6306640625
1.62744140625
1.6177734375
1.6177734375
1.6177734375
1.6177734375
1.6306640625
1.63388671875
1.6371093749999999
1.6371093749999999
1.6403320312499998
1.6371093749999999
1.63388671875
1.6306640625
1.62744140625
1.6177734375
1.6177734375
1.6242187499999998
1.6242187499999998
1.63388671875
1.63388671875
1.63388671875
1.6371093749999999
1.63388671875
1.6306640625
1.6177734375
1.6177734375
1.61455078125
1.61455078125
1.61455078125
1.6177734375
1.62744140625
1.6306640625
1.63388671875
1.6371093749999999
1.6306640625
1.63388671875
1.6306640625
1.6306640625
1.6177734375
1.6177734375
1.6177734375
1.6242187499999998
1.6306640625
1.63388671875
1.63388671875
1.63388671875
1.6371093749999999
1.63388671875
1.63388671875
1.6306640625
1.62744140625
1.62744140625
1.62744140625
1.6177734375
1.62744140625
1.6306640625
1.6306640625
1.63388671875
1.63388671875
1.63388671875
1.6306640625
1.62744140625
1.6177734375
1.6177734375
1.6177734375
1.6177734375
1.6242187499999998
1.62744140625
1.6306640625
1.63388671875
1.63388671875
1.63388671875
1.6306640625
1.63388671875
1.62744140625
1.62744140625
1.6242187499999998
1.62744140625
1.62744140625
1.6306640625
1.63388671875
1.6306640625
1.63388671875
1.63388671875
1.63388671875
1.6306640625
1.6306640625
1.62744140625
1.6242187499999998
1.6242187499999998
1.62744140625
1.62744140625
1.6306640625
1.6306640625
1.63388671875
1.6306640625
1.6306640625
1.6306640625
1.62744140625
1.62744140625
1.6242187499999998
1.6177734375
1.6242187499999998
1.62744140625
1.62744140625
1.6306640625
1.6306640625
1.6306640625
1.63388671875
1.63388671875
1.6306640625
1.62744140625
1.62744140625
1.62744140625
1.62744140625
1.62744140625
1.6306640625
1.6306640625
1.63388671875
1.6306640625
1.63388671875
1.63388671875
1.6306640625
1.6306640625
1.62744140625
1.62744140625
1.62744140625
1.62744140625
1.62744140625
1.6306640625
1.6306640625
1.6306640625
1.6306640625
1.6306640625
1.6306640625
1.62744140625
1.62744140625
1.62744140625
1.6242187499999998
1.62744140625
1.62744140625
1.6306640625
1.6306640625
1.6306640625
1.6306640625
1.63388671875
1.6306640625
1.6306640625
1.6306640625
1.62744140625
1.62744140625
1.62744140625
1.62744140625
1.6306640625
1.6306640625
1.63388671875
1.63388671875
1.6306640625
1.6306640625
1.6306640625
1.6306640625
1.62744140625
1.62744140625
1.62744140625
1.62744140625
1.6306640625
1.6306640625
1.6306640625
1.6306640625
1.6306640625
1.6306640625
1.6306640625
1.62744140625
1.62744140625
1.62744140625
1.62744140625
1.62744140625
1.62744140625
1.6306640625
1.6306640625
1.63388671875
1.6306640625
1.6306640625
1.63388671875
1.6306640625
1.62744140625
1.62744140625
1.6306640625
1.62744140625
1.6306640625
1.6306640625
1.6306640625
1.62744140625
1.6306640625
1.6306640625
1.6306640625
1.62744140625
1.62744140625
1.62744140625
1.62744140625
1.62744140625
1.6306640625
1.62744140625
1.6306640625
1.6306640625
1.6306640625
1.6306640625
1.6306640625
1.62744140625
1.62744140625
1.6306640625
1.62744140625
1.62744140625
1.6306640625
1.6306640625
1.62744140625
1.62744140625
1.6306640625
1.6306640625
1.63388671875
1.63388671875
1.62744140625
1.62744140625
1.62744140625
1.6306640625
1.62744140625
1.62744140625
1.6306640625
1.6306640625
1.6306640625
1.6306640625
1.6306640625
1.6306640625
1.6306640625
1.6306640625
1.62744140625
1.62744140625
1.6306640625
1.62744140625
1.6306640625
1.6306640625
1.6306640625
1.6306640625
1.62744140625
1.63388671875
1.6306640625
1.62744140625
1.6306640625
1.6306640625
1.62744140625
1.62744140625
1.6306640625
1.6306640625
1.62744140625
1.6306640625
1.6306640625
1.6306640625
1.6306640625
1.6306640625
1.62744140625
1.6306640625
1.6306640625
1.62744140625
1.6306640625
1.6306640625
1.6306640625
1.6306640625
1.6306640625
1.6306640625
1.6306640625
1.6306640625
1.6306640625
1.6306640625
1.6306640625
1.62744140625
1.62744140625
1.62744140625
1.63388671875
1.62744140625
1.62744140625
1.62744140625
1.6306640625
1.62744140625
1.6306640625
1.6306640625
1.62744140625
1.6306640625
1.6306640625
1.6306640625
1.62744140625
1.62744140625
1.6306640625
1.6306640625
1.6306640625
1.6306640625
1.6306640625
1.6306640625
1.62744140625
1.6306640625
1.6306640625
1.6306640625
1.6306640625
1.6306640625
1.6306640625
1.6306640625
1.6306640625
1.6306640625
1.6306640625
1.6306640625
1.6306640625
1.6306640625
1.62744140625
1.62744140625
1.62744140625
1.6306640625
1.6306640625
1.62744140625
1.6306640625
1.6306640625
1.62744140625
1.62744140625
1.6306640625
1.6306640625
1.6306640625
1.6306640625
1.6306640625
1.62744140625
1.62744140625
1.6306640625
1.6306640625
1.6306640625
1.6306640625
1.62744140625
1.6306640625
1.63388671875
1.62744140625
1.6306640625
1.62744140625
1.6306640625
1.62744140625
1.6306640625
1.6306640625
1.6306640625
1.6306640625
1.6306640625
1.62744140625
1.6306640625
1.62744140625
1.6306640625
1.62744140625
1.6306640625
1.6306640625
1.62744140625
1.62744140625
1.62744140625
1.6306640625
1.62744140625
1.6306640625
1.6306640625
1.62744140625
1.6306640625
1.6306640625
1.6306640625
1.6306640625
1.6306640625
1.6306640625
1.6306640625
1.6306640625
1.6306640625
1.62744140625
1.6306640625
1.6306640625
1.6306640625
1.62744140625
1.6306640625
1.6306640625
1.6306640625
1.6306640625
1.6306640625
1.6306640625
1.6306640625
1.6306640625
1.6306640625
1.6306640625
1.62744140625
1.6306640625
1.63388671875
1.6306640625
1.6306640625
1.6306640625
1.62744140625
1.6306640625
1.6306640625
1.6306640625
1.6306640625
1.6306640625
1.62744140625
1.6306640625
1.6306640625
1.62744140625
1.6306640625
1.6306640625
1.62744140625
1.6306640625
1.6306640625
1.6306640625
1.6306640625
1.62744140625
1.6306640625
1.62744140625
1.62744140625
1.62744140625
1.6306640625
1.6306640625
1.6306640625
1.6306640625
1.6306640625
1.62744140625
1.6306640625
1.63388671875
1.6306640625
1.6306640625
1.6306640625
1.6306640625
1.63388671875
1.6306640625
1.6306640625
1.6306640625
1.6306640625
1.6306640625
1.62744140625
1.6306640625
1.6306640625
1.6306640625
1.6306640625
1.6306640625
1.6306640625
1.6306640625
1.6306640625
1.6306640625
1.6306640625
1.6306640625
1.6306640625
1.63388671875
1.6306640625
1.6306640625
1.6306640625
1.6306640625
1.63388671875
1.6306640625
1.6306640625
1.6306640625
1.6306640625
1.6306640625
1.6306640625
1.6306640625
1.62744140625
1.6306640625
1.6306640625
1.62744140625
1.6306640625
1.6306640625
1.6306640625
1.6306640625
1.6306640625
1.6306640625
1.62744140625
1.6306640625
1.62744140625
1.6306640625
1.62744140625
1.6306640625
1.6306640625
1.6306640625
1.6306640625
1.62744140625
1.6306640625
1.6306640625
1.62744140625
1.6306640625
1.6306640625
1.62744140625
1.6306640625
1.63388671875
1.6306640625
1.6306640625
1.6306640625
1.6306640625
1.63388671875
1.63388671875
1.6306640625
1.62744140625
1.6306640625
1.6306640625
1.62744140625
1.62744140625
1.6306640625
1.6306640625
1.62744140625
1.6306640625
1.6306640625
1.62744140625
1.6306640625
1.6306640625
1.62744140625
1.6306640625
1.6306640625
1.63388671875
1.6306640625
1.6306640625
1.6306640625
1.62744140625
1.6306640625
1.6306640625
1.6306640625
1.6306640625
1.6306640625
1.6306640625
1.6306640625
1.6306640625
1.62744140625
1.6306640625
1.6306640625
1.6306640625
1.62744140625
1.6306640625
1.6306640625
1.6306640625
1.6306640625
1.6306640625
1.62744140625
1.6306640625
1.62744140625
1.6306640625
1.6306640625
1.6306640625
1.6306640625
1.62744140625
1.62744140625
1.6306640625
1.6306640625
1.6306640625
1.62744140625
1.6306640625
1.6306640625
1.6306640625
1.63388671875
1.6306640625
1.6306640625
1.6306640625
1.6306640625
1.62744140625
1.6306640625
1.6306640625
1.62744140625
1.62744140625
1.6306640625
1.6306640625
1.62744140625
1.6306640625
1.6306640625
1.62744140625
1.6306640625
1.6306640625
1.6306640625
1.6306640625
1.6306640625
1.6306640625
1.62744140625
1.6306640625
1.6306640625
1.6306640625
1.6306640625
1.6306640625
1.6306640625
1.62744140625
1.6306640625
1.6306640625
1.63388671875
1.6306640625
1.62744140625
1.6306640625
1.6306640625
1.6306640625
1.62744140625
1.6306640625
1.6306640625
1.6306640625
1.6306640625
1.6306640625
1.6306640625
1.6306640625
1.62744140625
1.6306640625
1.6306640625
1.6306640625
1.6306640625
1.63388671875
1.6306640625
1.62744140625
1.6306640625
1.6306640625
1.6306640625
1.6306640625
1.62744140625
1.6306640625
1.6306640625
1.6306640625
1.62744140625
1.6306640625
1.6306640625
1.62744140625
1.6306640625
1.6306640625
1.6306640625
1.62744140625
1.6306640625
1.6306640625
1.6306640625
1.6306640625
1.6306640625
1.6306640625
1.62744140625
1.6306640625
1.6306640625
1.6306640625
1.6306640625
1.6306640625
1.62744140625
1.6306640625
1.6306640625
1.62744140625
1.6306640625
1.6306640625
1.62744140625
1.6306640625
1.6306640625
1.6306640625
1.6306640625
1.6306640625
1.6306640625
1.62744140625
1.6306640625
1.6306640625
1.62744140625
1.6306640625
1.6306640625
1.6306640625
1.6306640625
1.6306640625
1.6306640625
1.6306640625
1.6306640625
1.6306640625
1.63388671875
1.6306640625
1.6306640625
1.6306640625
1.62744140625
1.63388671875
1.6306640625
1.6306640625
1.6306640625
1.6306640625
1.6306640625
1.62744140625
1.6306640625
1.6306640625
1.6306640625
1.6306640625
1.6306640625
1.6306640625
1.6306640625
1.6306640625
1.6306640625
1.6306640625
1.6306640625
1.6306640625
1.6306640625
1.6306640625
1.6306640625
1.62744140625
1.6306640625
1.6306640625
1.6306640625
1.62744140625
1.6306640625
1.6306640625
1.6306640625
1.6306640625
1.6306640625
1.62744140625
1.63388671875
1.63388671875
1.6306640625
1.63388671875
1.6306640625
1.6306640625
1.62744140625
1.03125
0.7057617187499999
0.58974609375
0.605859375
0.605859375
0.75732421875
1.08603515625
1.2439453125
1.26328125
1.340625
1.2955078125
1.29228515625
1.3309570312499999
1.3341796874999998
1.2955078125
1.3309570312499999
1.3083984375
1.327734375
1.33740234375
1.36962890625
1.35673828125
1.3341796874999998
1.340625
1.3792968749999999
1.4147460937499998
1.46953125
1.4373046875
1.405078125
1.4373046875
1.456640625
1.49853515625
1.482421875
1.5082031249999999
1.4920898437499999
1.482421875
1.49853515625
1.49853515625
1.49853515625
1.482421875
1.482421875
1.49853515625
1.46953125
1.4791992187499998
1.4791992187499998
1.47275390625
1.4469726562499998
1.46953125
1.44052734375
1.44052734375
1.4373046875
1.45341796875
1.4501953125
1.4437499999999999
1.4630859374999998
1.42119140625
1.41796875
1.43408203125
1.44052734375
1.4437499999999999
1.42119140625
1.4469726562499998
1.43408203125
1.4469726562499998
1.42119140625
1.43408203125
1.44052734375
1.4437499999999999
1.4244140625
1.44052734375
1.4469726562499998
1.4437499999999999
1.45341796875
1.456640625
1.4501953125
1.4759765624999999
1.4469726562499998
1.4791992187499998
1.4501953125
1.44052734375
1.4373046875
1.4437499999999999
1.41796875
1.44052734375
1.44052734375
1.4469726562499998
1.44052734375
1.4469726562499998
1.4244140625
1.44052734375
1.41796875
1.4373046875
1.41796875
1.4437499999999999
1.43408203125
1.4244140625
1.4373046875
1.42119140625
1.41796875
1.4373046875
1.4244140625
1.4373046875
1.4501953125
1.44052734375
1.4501953125
1.4244140625
1.4630859374999998
1.4437499999999999
1.4244140625
1.4630859374999998
1.4469726562499998
1.44052734375
1.4244140625
1.44052734375
1.4373046875
1.40830078125
1.44052734375
1.4373046875
1.42119140625
1.42119140625
1.44052734375
1.43408203125
1.4373046875
1.4244140625
1.43408203125
1.44052734375
1.42119140625
1.44052734375
1.44052734375
1.41796875
1.44052734375
1.41796875
1.43408203125
1.41796875
1.4244140625
1.44052734375
1.4501953125
1.44052734375
1.44052734375
1.44052734375
1.4469726562499998
1.43408203125
1.4501953125
1.4308593749999998
1.4469726562499998
1.4373046875
1.44052734375
1.41796875
1.44052734375
1.4244140625
1.43408203125
1.41796875
1.4437499999999999
1.4373046875
1.4630859374999998
1.4147460937499998
1.4437499999999999
1.4147460937499998
1.4373046875
1.42119140625
1.4373046875
1.4373046875
1.4308593749999998
1.4373046875
1.4373046875
1.41796875
1.4373046875
1.4308593749999998
1.42119140625
1.42119140625
1.41796875
1.44052734375
1.44052734375
1.43408203125
1.4373046875
1.44052734375
1.41796875
1.43408203125
1.44052734375
1.43408203125
1.4244140625
1.4437499999999999
1.4373046875
1.4469726562499998
1.42119140625
1.40830078125
1.4373046875
1.4373046875
1.4244140625
1.44052734375
1.4501953125
1.47275390625
1.4373046875
1.44052734375
1.4147460937499998
1.47275390625
1.5887695312499999
1.8820312499999998
2.410546875
2.9036132812499997
2.9036132812499997
2.9036132812499997
2.9068359375
2.75537109375
1.7176757812499999
0.5220703125
0.17080078124999998
0.13857421875
0.270703125
0.863671875
1.8111328125
2.8617187499999996
2.9036132812499997
2.9036132812499997
2.9036132812499997
2.6844726562499996
1.8046875
0.825
0.25458984375
0.061230468749999996
0.0322265625
0.35126953125
1.1279296875
1.94970703125
2.591015625
2.848828125
2.9036132812499997
2.65869140625
2.01416015625
1.276171875
0.6832031249999999
0.34160156249999996
0.21269531249999998
0.36416015625
0.9152343749999999
1.6435546875
2.30419921875
2.7005859374999996
2.89072265625
2.8810546875
2.4943359375
1.843359375
1.20849609375
0.7959960937499999
0.6187499999999999
0.6348632812499999
0.9571289062499999
1.5114257812499998
2.05927734375
2.4943359375
2.70703125
2.72314453125
2.44599609375
1.91748046875
1.3792968749999999
0.93779296875
0.67998046875
0.6090820312499999
0.75732421875
1.15048828125
1.65
2.10439453125
2.3718749999999997
2.44921875
2.34287109375
2.0044921875
1.5533203125
1.1375976562499999
0.8507812499999999
0.7412109375
0.8024414062499999
1.1053710937499999
1.53076171875
1.93681640625
2.2494140625
2.4041015624999997
2.4041015624999997
2.1978515625
1.85625
1.4791992187499998
1.173046875
1.00546875
1.0086914062499999
1.173046875
1.4920898437499999
1.84013671875
2.1333984375
2.3074218749999997
2.3235351562499997
2.18173828125
1.8884765625
1.5404296874999999
1.2310546875
1.0376953125
0.9861328125
1.0570312499999999
1.27939453125
1.5758789062499998
1.85625
2.0560546875
2.11728515625
2.0625
1.8755859375
1.6081054687499998
1.340625
1.15048828125
1.0634765625
1.1053710937499999
1.2665039062499999
1.5404296874999999
1.8046875
2.0109375
2.11728515625
2.126953125
2.0109375
1.8014648437499998
1.56943359375
1.3792968749999999
1.2503906249999999
1.2374999999999998
1.3341796874999998
1.5275390624999998
1.74345703125
1.92392578125
2.03671875
2.05283203125
1.9754882812499999
1.8046875
1.5791015625
1.3921875
1.2503906249999999
1.20849609375
1.2536132812499998
1.3954101562499999
1.5726562499999999
1.7499023437499999
1.8820312499999998
1.93681640625
1.90458984375
1.791796875
1.6306640625
1.47275390625
1.33740234375
1.27939453125
1.3019531249999998
1.42119140625
1.5726562499999999
1.74345703125
1.87236328125
1.94970703125
1.94970703125
1.8755859375
1.7466796875
1.60166015625
1.4791992187499998
1.3857421875
1.3825195312499998
1.44052734375
1.5533203125
1.6854492187499999
1.8046875
1.8820312499999998
1.8949218749999999
1.843359375
1.73056640625
1.60166015625
1.4791992187499998
1.3921875
1.3631835937499999
1.3921875
1.4791992187499998
1.5919921874999998
1.7015624999999999
1.791796875
1.82724609375
1.8046875
1.740234375
1.63388671875
1.533984375
1.4469726562499998
1.4115234374999999
1.42119140625
1.48564453125
1.5919921874999998
1.6951171875
1.7853515624999998
1.8336914062499998
1.8336914062499998
1.7853515624999998
1.7047851562499998
1.6081054687499998
1.5275390624999998
1.4791992187499998
1.46953125
1.5082031249999999
1.5758789062499998
1.662890625
1.740234375
1.78857421875
1.8014648437499998
1.7692382812499998
1.7015624999999999
1.61455078125
1.533984375
1.4791992187499998
1.45341796875
1.4791992187499998
1.5275390624999998
1.5984375
1.6725585937499998
1.73056640625
1.75634765625
1.74345703125
1.6951171875
1.63388671875
1.5662109375
1.5114257812499998
1.48564453125
1.49853515625
1.533984375
1.5984375
1.6693359374999999
1.72734375
1.76279296875
1.76279296875
1.73056640625
1.6822265625
1.6177734375
1.5662109375
1.53076171875
1.5275390624999998
1.55009765625
1.59521484375
1.65
1.7015624999999999
1.73056640625
1.74345703125
1.7176757812499999
1.67900390625
1.62744140625
1.56298828125
1.5243164062499999
1.5114257812499998
1.5243164062499999
1.5597656249999998
1.6048828124999999
1.6532226562499999
1.69189453125
1.714453125
1.7015624999999999
1.67578125
1.63388671875
1.59521484375
1.5565429687499999
1.53720703125
1.546875
1.56943359375
1.6081054687499998
1.6564453124999998
1.69189453125
1.7176757812499999
1.7176757812499999
1.7015624999999999
1.6693359374999999
1.62744140625
1.5919921874999998
1.5662109375
1.5597656249999998
1.5726562499999999
1.6048828124999999
1.6435546875
1.67578125
1.6951171875
1.7015624999999999
1.6854492187499999
1.6564453124999998
1.6242187499999998
1.585546875
1.56298828125
1.5533203125
1.5597656249999998
1.5758789062499998
1.611328125
1.6435546875
1.6725585937499998
1.6854492187499999
1.67900390625
1.662890625
1.63388671875
1.6048828124999999
1.5791015625
1.56943359375
1.5726562499999999
1.5919921874999998
1.61455078125
1.64677734375
1.6725585937499998
1.6854492187499999
1.6854492187499999
1.67900390625
1.6532226562499999
1.6306640625
1.6048828124999999
1.5919921874999998
1.5887695312499999
1.59521484375
1.6081054687499998
1.63388671875
1.6564453124999998
1.67578125
1.6725585937499998
1.6693359374999999
1.65
1.6306640625
1.5984375
1.5887695312499999
1.5758789062499998
1.5758789062499998
1.5984375
1.61455078125
1.6371093749999999
1.65
1.662890625
1.662890625
1.64677734375
1.63388671875
1.611328125
1.60166015625
1.5919921874999998
1.59521484375
1.60166015625
1.6177734375
1.6403320312499998
1.6564453124999998
1.6693359374999999
1.6693359374999999
1.662890625
1.65
1.6306640625
1.61455078125
1.60166015625
1.60166015625
1.6081054687499998
1.61455078125
1.63388671875
1.64677734375
1.6532226562499999
1.6532226562499999
1.65
1.6403320312499998
1.62744140625
1.611328125
1.60166015625
1.59521484375
1.59521484375
1.6048828124999999
1.6177734375
1.63388671875
1.6403320312499998
1.65
1.64677734375
1.6403320312499998
1.6306640625
1.6177734375
1.6081054687499998
1.60166015625
1.6081054687499998
1.6081054687499998
1.6242187499999998
1.6371093749999999
1.64677734375
1.6532226562499999
1.6532226562499999
1.65
1.6403320312499998
1.6306640625
1.6177734375
1.6081054687499998
1.6081054687499998
1.6081054687499998
1.6177734375
1.6306640625
1.6371093749999999
1.64677734375
1.65
1.6403320312499998
1.6371093749999999
1.62744140625
1.61455078125
1.6081054687499998
1.6048828124999999
1.6048828124999999
1.61455078125
1.6177734375
1.6306640625
1.6371093749999999
1.6403320312499998
1.6403320312499998
1.6403320312499998
1.63388671875
1.6177734375
1.61455078125
1.611328125
1.61455078125
1.61455078125
1.62744140625
1.63388671875
1.6371093749999999
1.6435546875
1.6403320312499998
1.6403320312499998
1.6371093749999999
1.6306640625
1.6242187499999998
1.61455078125
1.61455078125
1.61455078125
1.6242187499999998
1.6306640625
1.63388671875
1.6371093749999999
1.6371093749999999
1.6371093749999999
1.63388671875
1.6306640625
1.6177734375
1.61455078125
1.61455078125
1.611328125
1.6177734375
1.62744140625
1.6306640625
1.63388671875
1.6371093749999999
1.6371093749999999
1.63388671875
1.6306640625
1.62744140625
1.6177734375
1.61455078125
1.6177734375
1.6177734375
1.62744140625
1.6306640625
1.6371093749999999
1.6371093749999999
1.6371093749999999
1.6371093749999999
1.6371093749999999
1.6306640625
1.62744140625
1.6177734375
1.6177734375
1.62744140625
1.6177734375
1.6306640625
1.63388671875
1.63388671875
1.63388671875
1.63388671875
1.63388671875
1.62744140625
1.62744140625
1.6177734375
1.61455078125
1.6177734375
1.6177734375
1.6242187499999998
1.6306640625
1.63388671875
1.63388671875
1.63388671875
1.63388671875
1.6306640625
1.62744140625
1.6242187499999998
1.6177734375
1.62744140625
1.62744140625
1.62744140625
1.63388671875
1.63388671875
1.63388671875
1.63388671875
1.63388671875
1.63388671875
1.6306640625
1.62744140625
1.6242187499999998
1.6177734375
1.6242187499999998
1.62744140625
1.62744140625
1.6306640625
1.63388671875
1.63388671875
1.63388671875
1.63388671875
1.6306640625
1.62744140625
1.6242187499999998
1.6242187499999998
1.6177734375
1.62744140625
1.62744140625
1.6306640625
1.6306640625
1.63388671875
1.63388671875
1.63388671875
1.63388671875
1.62744140625
1.62744140625
1.62744140625
1.62744140625
1.62744140625
1.6306640625
1.6306640625
1.63388671875
1.63388671875
1.63388671875
1.63388671875
1.6306640625
1.6306640625
1.62744140625
1.62744140625
1.62744140625
1.62744140625
1.62744140625
1.6306640625
1.6306640625
1.6306640625
