2.56845703125
2.56845703125
2.56845703125
2.56845703125
2.56845703125
2.56845703125
2.56845703125
2.56845703125
2.56845703125
2.56845703125
2.56845703125
2.56845703125
2.56845703125
2.56845703125
2.56845703125
2.56845703125
2.56845703125
2.56845703125
2.56845703125
2.56845703125
2.56845703125
2.56845703125
2.56845703125
2.56845703125
2.56845703125
2.56845703125
2.56845703125
2.56845703125
2.56845703125
2.56845703125
2.56845703125
2.56845703125
2.56845703125
2.56845703125
2.56845703125
2.56845703125
2.56845703125
2.56845703125
2.56845703125
2.56845703125
2.56845703125
2.56845703125
2.56845703125
2.56845703125
2.56845703125
2.56845703125
2.56845703125
2.56845703125
2.56845703125
2.56845703125
2.56845703125
2.56845703125
2.56845703125
2.56845703125
2.56845703125
2.56845703125
2.56845703125
2.56845703125
2.56845703125
2.56845703125
2.56845703125
2.56845703125
2.56845703125
2.56845703125
2.56845703125
2.56845703125
2.56845703125
2.56845703125
2.56845703125
2.56845703125
2.56845703125
2.56845703125
2.56845703125
2.56845703125
2.56845703125
2.56845703125
2.56845703125
2.56845703125
2.56845703125
2.56845703125
2.56845703125
2.56845703125
2.56845703125
2.56845703125
2.56845703125
2.56845703125
2.56845703125
2.56845703125
2.56845703125
2.56845703125
2.56845703125
2.56845703125
2.56845703125
2.56845703125
2.56845703125
2.56845703125
2.56845703125
2.56845703125
2.56845703125
2.56845703125
2.56845703125
2.56845703125
2.56845703125
2.56845703125
2.56845703125
2.56845703125
2.56845703125
2.56845703125
2.56845703125
2.56845703125
2.56845703125
2.56845703125
2.56845703125
2.56845703125
2.56845703125
2.56845703125
2.56845703125
2.56845703125
2.56845703125
2.56845703125
2.56845703125
2.56845703125
2.56845703125
2.56845703125
2.56845703125
2.56845703125
2.56845703125
2.56845703125
2.56845703125
2.56845703125
2.56845703125
2.56845703125
2.56845703125
2.56845703125
2.56845703125
2.56845703125
2.56845703125
2.56845703125
2.56845703125
2.56845703125
2.56845703125
2.56845703125
2.56845703125
2.56845703125
2.56845703125
2.56845703125
2.56845703125
2.56845703125
2.56845703125
2.56845703125
2.56845703125
2.56845703125
2.56845703125
2.56845703125
2.56845703125
2.56845703125
2.56845703125
2.56845703125
2.56845703125
2.56845703125
2.56845703125
2.56845703125
2.56845703125
2.56845703125
2.56845703125
2.56845703125
2.56845703125
2.56845703125
2.56845703125
2.56845703125
2.56845703125
2.56845703125
2.56845703125
2.56845703125
2.56845703125
2.56845703125
2.56845703125
2.56845703125
2.56845703125
2.56845703125
2.56845703125
2.56845703125
2.56845703125
2.56845703125
2.56845703125
2.56845703125
2.56845703125
2.56845703125
2.56845703125
2.56845703125
2.56845703125
2.56845703125
2.56845703125
2.56845703125
2.56845703125
2.56845703125
2.56845703125
2.56845703125
2.56845703125
2.56845703125
2.56845703125
2.56845703125
2.56845703125
2.56845703125
2.56845703125
2.56845703125
2.56845703125
2.56845703125
2.56845703125
2.56845703125
2.56845703125
2.56845703125
2.56845703125
2.56845703125
2.56845703125
2.56845703125
2.56845703125
2.56845703125
2.56845703125
2.56845703125
2.56845703125
2.56845703125
2.56845703125
2.56845703125
2.56845703125
2.56845703125
2.56845703125
2.56845703125
2.56845703125
2.56845703125
2.56845703125
2.56845703125
2.56845703125
2.56845703125
2.56845703125
2.56845703125
2.56845703125
2.56845703125
2.56845703125
2.56845703125
2.56845703125
2.56845703125
2.56845703125
2.56845703125
2.56845703125
2.56845703125
2.56845703125
2.56845703125
2.56845703125
2.56845703125
2.56845703125
2.56845703125
2.56845703125
2.56845703125
2.56845703125
2.56845703125
2.56845703125
2.56845703125
2.56845703125
2.56845703125
2.56845703125
2.56845703125
2.56845703125
2.56845703125
2.56845703125
2.56845703125
2.56845703125
2.56845703125
2.56845703125
2.56845703125
2.56845703125
2.56845703125
2.56845703125
2.56845703125
2.56845703125
2.56845703125
2.56845703125
2.56845703125
2.56845703125
2.56845703125
2.56845703125
2.56845703125
2.56845703125
2.56845703125
2.56845703125
2.56845703125
2.56845703125
2.56845703125
2.56845703125
2.56845703125
2.56845703125
2.56845703125
2.56845703125
2.56845703125
2.56845703125
2.56845703125
2.56845703125
2.56845703125
2.56845703125
2.56845703125
2.56845703125
2.56845703125
2.56845703125
2.56845703125
2.56845703125
2.56845703125
2.56845703125
2.56845703125
2.56845703125
2.56845703125
2.56845703125
2.56845703125
2.56845703125
2.56845703125
2.56845703125
2.56845703125
2.56845703125
2.56845703125
2.56845703125
2.56845703125
2.56845703125
2.56845703125
2.56845703125
2.56845703125
2.56845703125
2.56845703125
2.56845703125
2.56845703125
2.56845703125
2.56845703125
2.56845703125
2.56845703125
2.56845703125
2.56845703125
2.56845703125
2.56845703125
2.56845703125
2.56845703125
2.56845703125
2.56845703125
2.56845703125
2.56845703125
2.56845703125
2.56845703125
2.56845703125
2.56845703125
2.56845703125
2.56845703125
2.56845703125
2.56845703125
2.56845703125
2.56845703125
2.56845703125
2.56845703125
2.56845703125
2.56845703125
2.56845703125
2.56845703125
2.56845703125
2.56845703125
2.56845703125
2.56845703125
2.56845703125
2.56845703125
2.56845703125
2.56845703125
2.56845703125
2.56845703125
2.56845703125
2.56845703125
2.56845703125
2.56845703125
2.56845703125
2.56845703125
2.56845703125
2.56845703125
2.56845703125
2.56845703125
2.56845703125
2.56845703125
2.56845703125
2.56845703125
2.56845703125
2.56845703125
2.56845703125
2.56845703125
2.56845703125
2.56845703125
2.56845703125
2.56845703125
2.56845703125
2.56845703125
2.56845703125
2.56845703125
2.56845703125
2.56845703125
2.56845703125
2.56845703125
2.56845703125
2.56845703125
2.56845703125
2.56845703125
2.56845703125
2.56845703125
2.56845703125
2.56845703125
2.56845703125
2.56845703125
2.56845703125
2.56845703125
2.56845703125
2.56845703125
2.56845703125
2.56845703125
2.56845703125
2.56845703125
2.56845703125
2.56845703125
2.56845703125
2.56845703125
2.56845703125
2.56845703125
2.56845703125
2.56845703125
2.56845703125
2.56845703125
2.56845703125
2.56845703125
2.56845703125
2.56845703125
2.56845703125
2.56845703125
2.56845703125
2.56845703125
2.56845703125
2.56845703125
2.56845703125
2.56845703125
2.56845703125
2.56845703125
2.56845703125
2.56845703125
2.56845703125
2.56845703125
2.56845703125
2.56845703125
2.56845703125
2.56845703125
2.56845703125
2.56845703125
2.56845703125
2.56845703125
2.56845703125
2.56845703125
2.56845703125
2.56845703125
2.56845703125
2.56845703125
2.56845703125
2.56845703125
2.56845703125
2.56845703125
2.56845703125
2.56845703125
2.56845703125
2.56845703125
2.56845703125
2.56845703125
2.56845703125
2.56845703125
2.56845703125
2.56845703125
2.56845703125
2.56845703125
2.56845703125
2.56845703125
2.56845703125
2.56845703125
2.56845703125
2.56845703125
2.56845703125
2.56845703125
2.56845703125
2.56845703125
2.56845703125
2.56845703125
2.56845703125
2.56845703125
2.56845703125
2.56845703125
2.56845703125
2.56845703125
2.56845703125
2.56845703125
2.56845703125
2.56845703125
2.56845703125
2.56845703125
2.56845703125
2.56845703125
2.56845703125
2.56845703125
2.56845703125
2.56845703125
2.56845703125
2.56845703125
2.56845703125
2.56845703125
2.56845703125
2.56845703125
2.56845703125
2.56845703125
2.56845703125
2.56845703125
2.56845703125
2.56845703125
2.56845703125
2.56845703125
2.56845703125
2.56845703125
2.56845703125
2.56845703125
2.56845703125
2.56845703125
2.56845703125
2.56845703125
2.56845703125
2.56845703125
2.56845703125
2.56845703125
2.56845703125
2.56845703125
2.56845703125
2.56845703125
2.56845703125
2.56845703125
2.56845703125
2.56845703125
2.56845703125
2.56845703125
2.56845703125
2.56845703125
2.56845703125
2.56845703125
2.56845703125
2.56845703125
2.56845703125
2.56845703125
2.56845703125
2.56845703125
2.56845703125
2.56845703125
2.56845703125
2.56845703125
2.56845703125
2.56845703125
2.56845703125
2.56845703125
2.56845703125
2.56845703125
2.56845703125
2.56845703125
2.56845703125
2.56845703125
2.56845703125
2.56845703125
2.56845703125
2.56845703125
2.56845703125
2.56845703125
2.56845703125
2.56845703125
2.56845703125
2.56845703125
2.56845703125
2.56845703125
2.56845703125
2.56845703125
2.56845703125
2.56845703125
2.56845703125
2.56845703125
2.56845703125
2.56845703125
2.56845703125
2.56845703125
2.56845703125
2.56845703125
2.56845703125
2.56845703125
2.56845703125
2.56845703125
2.56845703125
2.56845703125
2.56845703125
2.56845703125
2.56845703125
2.56845703125
2.56845703125
2.56845703125
2.56845703125
2.56845703125
2.56845703125
2.56845703125
2.56845703125
2.56845703125
2.56845703125
2.56845703125
2.56845703125
2.56845703125
2.56845703125
2.56845703125
2.56845703125
2.56845703125
2.56845703125
2.56845703125
2.56845703125
2.56845703125
2.56845703125
2.56845703125
2.56845703125
2.56845703125
2.56845703125
2.56845703125
2.56845703125
2.56845703125
2.56845703125
2.56845703125
2.56845703125
2.56845703125
2.56845703125
2.56845703125
2.56845703125
2.56845703125
2.56845703125
2.56845703125
2.56845703125
2.56845703125
2.56845703125
2.56845703125
2.56845703125
2.56845703125
2.56845703125
2.56845703125
2.56845703125
2.56845703125
2.56845703125
2.56845703125
2.56845703125
2.56845703125
2.56845703125
2.56845703125
2.56845703125
2.56845703125
2.56845703125
2.56845703125
2.56845703125
2.56845703125
2.56845703125
2.56845703125
2.56845703125
2.56845703125
2.56845703125
2.56845703125
2.56845703125
2.56845703125
2.56845703125
2.56845703125
2.56845703125
2.56845703125
2.56845703125
2.56845703125
2.56845703125
2.56845703125
2.56845703125
2.56845703125
2.56845703125
2.56845703125
2.56845703125
2.56845703125
2.56845703125
2.56845703125
2.56845703125
2.56845703125
2.56845703125
2.56845703125
2.56845703125
2.56845703125
2.56845703125
2.56845703125
2.56845703125
2.56845703125
2.56845703125
2.56845703125
2.56845703125
2.56845703125
2.56845703125
2.56845703125
2.56845703125
2.56845703125
2.56845703125
2.56845703125
2.56845703125
2.56845703125
2.56845703125
2.56845703125
2.56845703125
2.56845703125
2.56845703125
2.56845703125
2.56845703125
2.56845703125
2.56845703125
2.56845703125
2.56845703125
2.56845703125
2.56845703125
2.56845703125
2.56845703125
2.56845703125
2.56845703125
2.56845703125
2.56845703125
2.56845703125
2.56845703125
2.56845703125
2.56845703125
2.56845703125
2.56845703125
2.56845703125
2.56845703125
2.56845703125
2.56845703125
2.56845703125
2.56845703125
2.56845703125
2.56845703125
2.56845703125
2.56845703125
2.56845703125
2.56845703125
2.56845703125
2.56845703125
2.56845703125
2.56845703125
2.56845703125
2.56845703125
2.56845703125
2.56845703125
2.56845703125
2.56845703125
2.56845703125
2.56845703125
2.56845703125
2.56845703125
2.56845703125
2.56845703125
2.56845703125
2.56845703125
2.56845703125
2.56845703125
2.56845703125
2.56845703125
2.56845703125
2.56845703125
2.56845703125
2.56845703125
2.56845703125
2.56845703125
2.56845703125
2.56845703125
2.56845703125
2.56845703125
2.56845703125
2.56845703125
2.56845703125
2.56845703125
2.56845703125
2.56845703125
2.56845703125
2.56845703125
2.56845703125
2.56845703125
2.56845703125
2.56845703125
2.56845703125
2.56845703125
2.56845703125
2.56845703125
2.56845703125
2.56845703125
2.56845703125
2.56845703125
2.56845703125
2.56845703125
2.56845703125
2.56845703125
2.56845703125
2.56845703125
2.56845703125
2.56845703125
2.56845703125
2.56845703125
2.56845703125
2.56845703125
2.56845703125
2.56845703125
2.56845703125
2.56845703125
2.56845703125
2.56845703125
2.56845703125
2.56845703125
2.56845703125
2.56845703125
2.56845703125
2.56845703125
2.56845703125
2.56845703125
2.56845703125
2.56845703125
2.56845703125
2.56845703125
2.56845703125
2.56845703125
2.56845703125
2.56845703125
2.56845703125
2.56845703125
2.56845703125
2.56845703125
2.56845703125
2.56845703125
2.56845703125
2.56845703125
2.56845703125
2.56845703125
2.56845703125
2.56845703125
2.56845703125
2.56845703125
2.56845703125
2.56845703125
2.56845703125
2.56845703125
2.56845703125
2.56845703125
2.56845703125
2.56845703125
2.56845703125
2.56845703125
2.56845703125
2.56845703125
2.56845703125
2.56845703125
2.56845703125
2.56845703125
2.56845703125
2.56845703125
2.56845703125
2.56845703125
2.56845703125
2.56845703125
2.56845703125
2.56845703125
2.56845703125
2.56845703125
2.56845703125
2.56845703125
2.56845703125
2.56845703125
2.56845703125
2.56845703125
2.56845703125
2.56845703125
2.56845703125
2.56845703125
2.56845703125
2.56845703125
2.56845703125
2.56845703125
2.56845703125
2.56845703125
2.56845703125
2.56845703125
2.56845703125
2.56845703125
2.56845703125
2.56845703125
2.56845703125
2.56845703125
2.56845703125
2.56845703125
2.56845703125
2.56845703125
2.56845703125
2.56845703125
2.56845703125
2.56845703125
2.56845703125
2.56845703125
2.56845703125
2.56845703125
2.56845703125
2.56845703125
2.56845703125
2.56845703125
2.56845703125
2.56845703125
2.56845703125
2.56845703125
2.56845703125
2.56845703125
2.56845703125
2.56845703125
2.56845703125
2.56845703125
2.56845703125
2.56845703125
2.56845703125
2.56845703125
2.56845703125
2.56845703125
2.56845703125
2.56845703125
2.56845703125
2.56845703125
2.56845703125
2.56845703125
2.56845703125
2.56845703125
2.56845703125
2.56845703125
2.56845703125
2.56845703125
2.56845703125
2.56845703125
2.56845703125
2.56845703125
2.56845703125
2.56845703125
2.56845703125
2.56845703125
2.56845703125
2.56845703125
2.56845703125
2.56845703125
2.56845703125
2.56845703125
2.56845703125
2.56845703125
2.56845703125
2.56845703125
2.56845703125
2.56845703125
2.56845703125
2.56845703125
2.56845703125
2.56845703125
2.56845703125
2.56845703125
2.56845703125
2.56845703125
2.56845703125
2.56845703125
2.56845703125
2.56845703125
2.56845703125
2.56845703125
2.56845703125
2.56845703125
2.56845703125
2.56845703125
2.56845703125
2.56845703125
2.56845703125
2.56845703125
2.56845703125
2.56845703125
2.56845703125
2.56845703125
2.56845703125
2.56845703125
2.56845703125
2.56845703125
2.56845703125
2.56845703125
2.56845703125
2.56845703125
2.56845703125
2.56845703125
2.56845703125
2.56845703125
2.56845703125
2.56845703125
2.56845703125
2.56845703125
2.56845703125
2.56845703125
2.56845703125
2.56845703125
2.56845703125
2.56845703125
2.56845703125
2.56845703125
2.56845703125
2.56845703125
2.56845703125
2.56845703125
2.56845703125
2.56845703125
2.56845703125
2.56845703125
2.56845703125
2.56845703125
2.56845703125
2.56845703125
2.56845703125
2.56845703125
2.56845703125
2.56845703125
2.56845703125
2.56845703125
2.56845703125
2.56845703125
2.56845703125
2.56845703125
2.56845703125
2.56845703125
2.56845703125
2.56845703125
2.56845703125
2.56845703125
2.56845703125
2.56845703125
2.56845703125
2.56845703125
2.56845703125
2.56845703125
2.56845703125
2.56845703125
2.56845703125
2.56845703125
2.56845703125
2.56845703125
2.56845703125
2.56845703125
2.56845703125
2.56845703125
2.56845703125
2.56845703125
2.56845703125
2.56845703125
2.56845703125
2.56845703125
2.56845703125
2.56845703125
2.56845703125
2.56845703125
2.56845703125
2.56845703125
2.56845703125
2.56845703125
2.56845703125
2.56845703125
2.56845703125
2.56845703125
2.56845703125
2.56845703125
2.56845703125
2.56845703125
2.56845703125
2.56845703125
2.56845703125
2.56845703125
2.56845703125
2.56845703125
2.56845703125
2.56845703125
2.56845703125
2.56845703125
2.56845703125
2.56845703125
2.56845703125
2.56845703125
2.56845703125
2.56845703125
2.56845703125
2.56845703125
2.56845703125
2.56845703125
2.56845703125
2.56845703125
2.56845703125
2.56845703125
2.56845703125
2.56845703125
2.56845703125
2.56845703125
2.56845703125
2.56845703125
2.56845703125
2.56845703125
2.56845703125
2.56845703125
2.56845703125
2.56845703125
2.56845703125
2.56845703125
2.56845703125
2.56845703125
2.56845703125
2.56845703125
2.56845703125
2.56845703125
2.56845703125
2.56845703125
2.56845703125
2.56845703125
2.56845703125
2.56845703125
2.56845703125
2.56845703125
2.56845703125
2.56845703125
2.56845703125
2.56845703125
2.56845703125
2.56845703125
2.56845703125
2.56845703125
2.56845703125
2.56845703125
2.56845703125
2.56845703125
2.56845703125
2.56845703125
2.56845703125
2.56845703125
2.56845703125
2.56845703125
2.56845703125
2.56845703125
2.56845703125
2.56845703125
2.56845703125
2.56845703125
2.56845703125
2.56845703125
2.56845703125
2.56845703125
2.56845703125
2.56845703125
2.56845703125
2.56845703125
2.56845703125
2.56845703125
2.56845703125
2.56845703125
2.56845703125
2.56845703125
2.56845703125
2.56845703125
2.56845703125
2.56845703125
2.56845703125
2.56845703125
2.56845703125
2.56845703125
2.56845703125
2.56845703125
2.56845703125
2.56845703125
2.56845703125
2.56845703125
2.56845703125
2.56845703125
2.56845703125
2.56845703125
2.56845703125
2.56845703125
2.56845703125
2.56845703125
2.56845703125
2.56845703125
2.56845703125
2.56845703125
2.56845703125
2.56845703125
2.56845703125
2.56845703125
2.56845703125
2.56845703125
2.56845703125
2.56845703125
2.56845703125
2.56845703125
2.56845703125
2.56845703125
2.56845703125
2.56845703125
2.56845703125
2.56845703125
2.56845703125
2.56845703125
2.56845703125
2.56845703125
2.56845703125
2.56845703125
2.56845703125
2.56845703125
2.56845703125
2.56845703125
2.56845703125
2.56845703125
2.56845703125
2.56845703125
2.56845703125
2.56845703125
2.56845703125
2.56845703125
2.56845703125
2.56845703125
2.56845703125
2.56845703125
2.56845703125
2.56845703125
2.56845703125
2.56845703125
2.56845703125
2.56845703125
2.56845703125
2.56845703125
2.56845703125
2.56845703125
2.56845703125
2.56845703125
2.56845703125
2.56845703125
2.56845703125
2.56845703125
2.56845703125
2.56845703125
2.56845703125
2.56845703125
2.56845703125
2.56845703125
2.56845703125
2.56845703125
2.56845703125
2.56845703125
2.56845703125
2.56845703125
2.56845703125
2.56845703125
2.56845703125
2.56845703125
2.56845703125
2.56845703125
2.56845703125
2.56845703125
2.56845703125
2.56845703125
2.56845703125
2.56845703125
2.56845703125
2.56845703125
2.56845703125
2.56845703125
2.56845703125
2.56845703125
2.56845703125
2.56845703125
2.56845703125
2.56845703125
2.56845703125
2.56845703125
2.56845703125
2.56845703125
2.56845703125
2.56845703125
2.56845703125
2.56845703125
2.56845703125
2.56845703125
2.56845703125
2.56845703125
2.56845703125
2.56845703125
2.56845703125
2.56845703125
2.56845703125
2.56845703125
2.56845703125
2.56845703125
2.56845703125
2.56845703125
2.56845703125
2.56845703125
2.56845703125
2.56845703125
2.56845703125
2.56845703125
2.56845703125
2.56845703125
2.56845703125
2.56845703125
2.56845703125
2.56845703125
2.56845703125
2.56845703125
2.56845703125
2.56845703125
2.56845703125
2.56845703125
2.56845703125
2.56845703125
2.56845703125
2.56845703125
2.56845703125
2.56845703125
2.56845703125
2.56845703125
2.56845703125
2.56845703125
2.56845703125
2.56845703125
2.56845703125
2.56845703125
2.56845703125
2.56845703125
2.56845703125
2.56845703125
2.56845703125
2.56845703125
2.56845703125
2.56845703125
2.56845703125
2.56845703125
2.56845703125
2.56845703125
2.56845703125
2.56845703125
2.56845703125
2.56845703125
2.56845703125
2.56845703125
2.56845703125
2.56845703125
2.56845703125
2.56845703125
2.56845703125
2.56845703125
2.56845703125
2.56845703125
2.56845703125
2.56845703125
2.56845703125
2.56845703125
2.56845703125
2.56845703125
2.56845703125
2.56845703125
2.56845703125
2.56845703125
2.56845703125
2.56845703125
2.56845703125
2.56845703125
2.56845703125
2.56845703125
2.56845703125
2.56845703125
2.56845703125
2.56845703125
2.56845703125
2.56845703125
2.56845703125
2.56845703125
2.56845703125
2.56845703125
2.56845703125
2.56845703125
2.56845703125
2.56845703125
2.56845703125
2.56845703125
2.56845703125
2.56845703125
2.56845703125
2.56845703125
2.56845703125
2.56845703125
2.56845703125
2.56845703125
2.56845703125
2.56845703125
2.56845703125
2.56845703125
2.56845703125
2.56845703125
2.56845703125
2.56845703125
2.56845703125
2.56845703125
2.56845703125
2.56845703125
2.56845703125
2.56845703125
2.56845703125
2.56845703125
2.56845703125
2.56845703125
2.56845703125
2.56845703125
2.56845703125
2.56845703125
2.56845703125
2.56845703125
2.56845703125
2.56845703125
2.56845703125
2.56845703125
2.56845703125
2.56845703125
2.56845703125
2.56845703125
2.56845703125
2.56845703125
2.56845703125
2.56845703125
2.56845703125
2.56845703125
2.56845703125
2.56845703125
2.56845703125
2.56845703125
2.56845703125
2.56845703125
2.56845703125
2.56845703125
2.56845703125
2.56845703125
2.56845703125
2.56845703125
2.56845703125
2.56845703125
2.56845703125
2.56845703125
2.56845703125
2.56845703125
2.56845703125
2.56845703125
2.56845703125
2.56845703125
2.56845703125
2.56845703125
2.56845703125
2.56845703125
2.56845703125
2.56845703125
2.56845703125
2.56845703125
2.56845703125
2.56845703125
2.56845703125
2.56845703125
2.56845703125
2.56845703125
2.56845703125
2.56845703125
2.56845703125
2.56845703125
2.56845703125
2.56845703125
2.56845703125
2.56845703125
2.56845703125
2.56845703125
2.56845703125
2.56845703125
2.56845703125
2.56845703125
2.56845703125
2.56845703125
2.56845703125
2.56845703125
2.56845703125
2.56845703125
2.56845703125
2.56845703125
2.56845703125
2.56845703125
2.56845703125
2.56845703125
2.56845703125
2.56845703125
2.56845703125
2.56845703125
2.56845703125
2.56845703125
2.56845703125
2.56845703125
2.56845703125
2.56845703125
2.56845703125
2.56845703125
2.56845703125
2.56845703125
2.56845703125
2.56845703125
2.56845703125
2.56845703125
2.56845703125
2.56845703125
2.56845703125
2.56845703125
2.56845703125
2.56845703125
2.56845703125
2.56845703125
2.56845703125
2.56845703125
2.56845703125
2.56845703125
2.56845703125
2.56845703125
2.56845703125
2.56845703125
2.56845703125
2.56845703125
2.56845703125
2.56845703125
2.56845703125
2.56845703125
2.5458984375
2.4685546874999997
2.38154296875
2.3009765625
2.2107421874999997
2.13984375
2.10439453125
2.09150390625
2.0818359374999997
2.08828125
2.08828125
2.08828125
2.08828125
2.08828125
2.09150390625
2.09150390625
2.0979492187499997
2.0979492187499997
2.0979492187499997
2.101171875
2.10439453125
2.1076171875
2.1076171875
2.11083984375
2.11728515625
2.1333984375
2.14306640625
2.14951171875
2.1591796875
2.1720703125
2.18173828125
2.1946289062499997
2.20751953125
2.2171875
2.230078125
2.2365234375
2.2590820312499997
2.27197265625
2.281640625
2.2880859375
2.29453125
2.3009765625
2.30419921875
2.3074218749999997
2.31064453125
2.3138671875
2.3138671875
2.3138671875
2.3138671875
2.3138671875
2.3138671875
2.3203125
2.3203125
2.3203125
2.3203125
2.3203125
2.3203125
2.3138671875
2.3138671875
2.3138671875
2.3138671875
2.3138671875
2.3138671875
2.3203125
2.3203125
2.3235351562499997
2.3235351562499997
2.3235351562499997
2.3235351562499997
2.32998046875
2.333203125
2.333203125
2.333203125
2.33642578125
2.33642578125
2.33642578125
2.3396484374999997
2.3396484374999997
2.3396484374999997
2.3396484374999997
2.3396484374999997
2.3396484374999997
2.3396484374999997
2.3396484374999997
2.3396484374999997
2.3396484374999997
2.3396484374999997
2.3396484374999997
2.33642578125
2.33642578125
2.33642578125
2.33642578125
2.33642578125
2.33642578125
2.33642578125
2.33642578125
2.333203125
2.333203125
2.333203125
2.333203125
2.333203125
2.333203125
2.333203125
2.33642578125
2.33642578125
2.33642578125
2.33642578125
2.33642578125
2.33642578125
2.33642578125
2.33642578125
2.33642578125
2.33642578125
2.33642578125
2.33642578125
2.33642578125
2.333203125
2.333203125
2.333203125
2.333203125
2.32998046875
2.333203125
2.333203125
2.333203125
2.32998046875
2.32998046875
2.3235351562499997
2.3235351562499997
2.3267578125
2.3267578125
2.3235351562499997
2.3235351562499997
2.3267578125
2.3235351562499997
2.3235351562499997
2.3267578125
2.3235351562499997
2.3235351562499997
2.3235351562499997
2.3235351562499997
2.3235351562499997
2.3235351562499997
2.3267578125
2.32998046875
2.32998046875
2.32998046875
2.32998046875
2.3267578125
2.3267578125
2.3235351562499997
2.3235351562499997
2.3235351562499997
2.3235351562499997
2.3235351562499997
2.3235351562499997
2.3235351562499997
2.3235351562499997
2.3235351562499997
2.3235351562499997
2.3235351562499997
2.3235351562499997
2.3235351562499997
2.3235351562499997
2.3203125
2.3235351562499997
2.3235351562499997
2.3203125
2.3235351562499997
2.3235351562499997
2.3235351562499997
2.3235351562499997
2.3235351562499997
2.3235351562499997
2.3235351562499997
2.3235351562499997
2.3203125
2.3235351562499997
2.3235351562499997
2.3235351562499997
2.3235351562499997
2.3235351562499997
2.3235351562499997
2.3203125
2.3235351562499997
2.3203125
2.3203125
2.3203125
2.3203125
2.3203125
2.3203125
2.3235351562499997
2.3203125
2.3203125
2.3203125
2.3203125
2.3203125
2.3203125
2.3235351562499997
2.3235351562499997
2.3235351562499997
2.3235351562499997
2.3235351562499997
2.3235351562499997
2.3235351562499997
2.3203125
2.3203125
2.3203125
2.3203125
2.3203125
2.3203125
2.3203125
2.3235351562499997
2.3235351562499997
2.3235351562499997
2.3235351562499997
2.3235351562499997
2.3203125
2.3203125
2.3203125
2.3203125
2.3203125
2.3203125
2.3203125
2.3203125
2.3203125
2.3203125
2.3203125
2.3203125
2.3203125
2.3235351562499997
2.33642578125
2.3718749999999997
2.47822265625
2.60068359375
2.72314453125
2.8294921874999996
2.9326171875
3.0099609375
2.9712890625
2.8359375
2.68125
2.5330078124999997
2.410546875
2.3525390625
2.410546875
2.53623046875
2.65869140625
2.7779296875
2.8810546875
2.95517578125
2.92939453125
2.8166015625
2.65869140625
2.5072265624999996
2.3654296875
2.2590820312499997
2.230078125
2.3009765625
2.410546875
2.53623046875
2.65546875
2.7489257812499996
2.76826171875
2.7134765625
2.60712890625
2.47822265625
2.34931640625
2.2365234375
2.1946289062499997
2.230078125
2.33642578125
2.4556640625
2.5813476562499997
2.69736328125
2.76826171875
2.76826171875
2.7134765625
2.6200195312499996
2.5233398437499996
2.4298828125
2.38154296875
2.384765625
2.44599609375
2.53623046875
2.642578125
2.745703125
2.8037109375
2.8133789062499996
2.7650390624999996
2.68125
2.5813476562499997
2.487890625
2.40732421875
2.3783203125
2.40087890625
2.45888671875
2.5330078124999997
2.616796875
2.6780273437499997
2.7102539062499997
2.6844726562499996
2.6232421875
2.55234375
2.46533203125
2.39765625
2.36220703125
2.36865234375
2.41376953125
2.487890625
2.56845703125
2.642578125
2.69091796875
2.7005859374999996
2.6780273437499997
2.6200195312499996
2.56201171875
2.5007812499999997
2.46533203125
2.462109375
2.4911132812499996
2.55234375
2.6135742187499997
2.6780273437499997
2.72314453125
2.7328124999999996
2.7102539062499997
2.65869140625
2.5974609374999997
2.5330078124999997
2.4846679687499997
2.4556640625
2.462109375
2.4943359375
2.53623046875
2.591015625
2.6296874999999997
2.6458007812499997
2.63935546875
2.60712890625
2.5587890625
2.50400390625
2.462109375
2.43955078125
2.43955078125
2.46533203125
2.513671875
2.5652343749999997
2.6135742187499997
2.6458007812499997
2.65546875
2.642578125
2.6135742187499997
2.57490234375
2.53623046875
2.513671875
2.5072265624999996
2.5233398437499996
2.5587890625
2.5974609374999997
2.6361328124999996
2.65869140625
2.67158203125
2.65546875
2.6232421875
2.591015625
2.5458984375
2.513671875
2.4943359375
2.4943359375
2.5168945312499997
2.54267578125
2.57490234375
2.60068359375
2.6135742187499997
2.6103515625
2.59423828125
2.56201171875
2.52978515625
2.50400390625
2.4911132812499996
2.4911132812499996
2.5072265624999996
2.5330078124999997
2.56845703125
2.60068359375
2.6200195312499996
2.6296874999999997
2.6200195312499996
2.60068359375
2.578125
2.5555664062499996
2.5330078124999997
2.52978515625
2.53623046875
2.5587890625
2.5813476562499997
2.6103515625
2.6232421875
2.63291015625
2.6200195312499996
2.6039062499999996
2.578125
2.5555664062499996
2.52978515625
2.5201171875
2.5201171875
2.52978515625
2.55234375
2.56845703125
2.591015625
2.5974609374999997
2.59423828125
2.5813476562499997
2.5652343749999997
2.5458984375
2.5265625
2.5201171875
2.5201171875
2.52978515625
2.5458984375
2.56845703125
2.591015625
2.60068359375
2.60712890625
2.60068359375
2.591015625
2.57490234375
2.5587890625
2.55234375
2.54267578125
2.55234375
2.56201171875
2.578125
2.59423828125
2.6039062499999996
2.6103515625
2.6039062499999996
2.59423828125
2.57490234375
2.5587890625
2.5458984375
2.53623046875
2.5330078124999997
2.54267578125
2.5555664062499996
2.56845703125
2.578125
2.5813476562499997
2.5813476562499997
2.578125
2.5652343749999997
2.5555664062499996
2.5394531249999996
2.5330078124999997
2.5330078124999997
2.5394531249999996
2.5555664062499996
2.5652343749999997
2.578125
2.591015625
2.59423828125
2.59423828125
2.5813476562499997
2.57490234375
2.56201171875
2.5587890625
2.5555664062499996
2.5587890625
2.5652343749999997
2.57490234375
2.5813476562499997
2.59423828125
2.59423828125
2.59423828125
2.5813476562499997
2.57490234375
2.56201171875
2.5555664062499996
2.55234375
2.5458984375
2.55234375
2.5587890625
2.5652343749999997
2.57490234375
2.578125
2.578125
2.57490234375
2.5652343749999997
2.5587890625
2.5555664062499996
2.5458984375
2.5458984375
2.5555664062499996
2.5587890625
2.56845703125
2.578125
2.5813476562499997
2.591015625
2.5813476562499997
2.578125
2.57490234375
2.56845703125
2.56201171875
2.56201171875
2.56201171875
2.5652343749999997
2.57490234375
2.578125
2.5813476562499997
2.5845703125
2.5813476562499997
2.578125
2.56845703125
2.56201171875
2.5587890625
2.5555664062499996
2.5555664062499996
2.5587890625
2.56201171875
2.5652343749999997
2.56845703125
2.57490234375
2.57490234375
2.56845703125
2.56845703125
2.56201171875
2.5587890625
2.5555664062499996
2.5555664062499996
2.5587890625
2.56201171875
2.56845703125
2.57490234375
2.578125
2.578125
2.578125
2.57490234375
2.5716796874999996
2.56845703125
2.5652343749999997
2.56201171875
2.5652343749999997
2.5652343749999997
2.56845703125
2.57490234375
2.578125
2.578125
2.578125
2.57490234375
2.56845703125
2.5652343749999997
2.56201171875
2.5587890625
2.5587890625
2.56201171875
2.56201171875
2.5652343749999997
2.56845703125
2.5716796874999996
2.5716796874999996
2.56845703125
2.56845703125
2.5652343749999997
2.56201171875
2.5587890625
2.5587890625
2.56201171875
2.5652343749999997
2.56845703125
2.5716796874999996
2.57490234375
2.57490234375
2.57490234375
2.57490234375
2.56845703125
2.56845703125
2.5652343749999997
2.5652343749999997
2.5652343749999997
2.5652343749999997
2.56845703125
2.5716796874999996
2.57490234375
2.57490234375
2.57490234375
2.5716796874999996
2.56845703125
2.5652343749999997
2.56201171875
2.56201171875
2.56201171875
2.56201171875
2.56201171875
2.5652343749999997
2.56845703125
2.56845703125
2.56845703125
2.56845703125
2.5652343749999997
2.5652343749999997
2.56201171875
2.56201171875
2.56201171875
2.5652343749999997
2.5652343749999997
2.56845703125
2.56845703125
2.5716796874999996
2.57490234375
2.57490234375
2.5716796874999996
2.56845703125
2.56845703125
2.5652343749999997
2.5652343749999997
2.5652343749999997
2.56845703125
2.56845703125
2.56845703125
2.56845703125
2.5716796874999996
2.5716796874999996
2.56845703125
2.56845703125
2.5652343749999997
2.5652343749999997
2.56201171875
2.56201171875
2.5652343749999997
2.5652343749999997
2.5652343749999997
2.56845703125
2.56845703125
2.56845703125
2.56845703125
2.56845703125
2.5652343749999997
2.5652343749999997
2.5652343749999997
2.5652343749999997
2.5652343749999997
2.5652343749999997
2.56845703125
2.56845703125
2.56845703125
2.56845703125
2.56845703125
2.56845703125
2.56845703125
2.56845703125
2.56845703125
2.5652343749999997
2.5652343749999997
2.56845703125
2.56845703125
2.56845703125
2.56845703125
2.56845703125
2.56845703125
2.56845703125
2.56845703125
2.5652343749999997
2.5652343749999997
2.5652343749999997
2.5652343749999997
2.5652343749999997
2.5652343749999997
2.5652343749999997
2.56845703125
2.56845703125
2.56845703125
2.56845703125
2.56845703125
2.5652343749999997
2.5652343749999997
2.5652343749999997
2.5652343749999997
2.5652343749999997
2.56845703125
2.56845703125
2.56845703125
2.56845703125
2.56845703125
2.56845703125
2.56845703125
2.56845703125
2.56845703125
2.56845703125
2.56845703125
2.5652343749999997
2.56845703125
2.56845703125
2.56845703125
2.56845703125
2.56845703125
2.56845703125
2.56845703125
2.56845703125
2.56845703125
2.5652343749999997
2.5652343749999997
2.5652343749999997
2.5652343749999997
2.5652343749999997
2.5652343749999997
2.5652343749999997
2.56845703125
2.56845703125
2.56845703125
2.56845703125
2.56845703125
2.56845703125
2.5652343749999997
2.5652343749999997
2.5652343749999997
2.5652343749999997
2.56845703125
2.56845703125
2.56845703125
2.56845703125
2.56845703125
2.56845703125
2.56845703125
2.56845703125
2.56845703125
2.56845703125
2.56845703125
2.56845703125
2.56845703125
2.56845703125
2.56845703125
2.56845703125
2.56845703125
2.56845703125
2.56845703125
2.5652343749999997
2.5652343749999997
2.5652343749999997
2.5652343749999997
2.5652343749999997
2.56845703125
2.5652343749999997
2.56845703125
2.56845703125
2.56845703125
2.56845703125
2.56845703125
2.56845703125
2.56845703125
2.56845703125
2.5652343749999997
2.56845703125
2.56845703125
2.56845703125
2.56845703125
2.56845703125
2.56845703125
2.56845703125
2.56845703125
2.56845703125
2.56845703125
2.56845703125
2.56845703125
2.56845703125
2.56845703125
2.56845703125
2.56845703125
2.56845703125
2.56845703125
2.56845703125
2.56845703125
2.56845703125
2.56845703125
2.56845703125
2.5652343749999997
2.5652343749999997
2.5652343749999997
2.56845703125
2.56845703125
2.56845703125
2.56845703125
2.56845703125
2.56845703125
2.56845703125
2.56845703125
2.56845703125
2.56845703125
2.56845703125
2.56845703125
2.56845703125
2.56845703125
2.56845703125
2.56845703125
2.56845703125
2.56845703125
2.56845703125
2.56845703125
2.56845703125
2.56845703125
2.56845703125
2.56845703125
2.56845703125
2.56845703125
2.56845703125
2.56845703125
2.56845703125
2.56845703125
2.56845703125
2.56845703125
2.56845703125
2.56845703125
2.56845703125
2.56845703125
2.5652343749999997
2.56845703125
2.56845703125
2.56845703125
2.56845703125
2.56845703125
2.56845703125
2.56845703125
2.56845703125
2.56845703125
2.56845703125
2.56845703125
2.56845703125
2.56845703125
2.56845703125
2.56845703125
2.56845703125
2.56845703125
2.56845703125
2.56845703125
2.56845703125
2.56845703125
2.56845703125
2.56845703125
2.56845703125
2.56845703125
2.56845703125
2.56845703125
2.56845703125
2.56845703125
2.56845703125
2.56845703125
2.56845703125
2.56845703125
2.56845703125
2.56845703125
2.56845703125
2.56845703125
2.56845703125
2.56845703125
2.56845703125
2.56845703125
2.56845703125
2.56845703125
2.56845703125
2.56845703125
2.56845703125
2.56845703125
2.56845703125
2.56845703125
2.56845703125
2.56845703125
2.56845703125
2.56845703125
2.56845703125
2.56845703125
2.56845703125
2.56845703125
2.56845703125
2.56845703125
2.56845703125
2.56845703125
2.56845703125
2.56845703125
2.5652343749999997
2.56201171875
2.5587890625
2.5458984375
2.52978515625
2.5168945312499997
2.49755859375
2.487890625
2.4685546874999997
2.462109375
2.4524414062499997
2.44921875
2.44599609375
2.4427734375
2.4427734375
2.43955078125
2.4298828125
2.4234375
2.41376953125
2.40732421875
2.4041015624999997
2.40087890625
2.39765625
2.39765625
2.39765625
2.39765625
2.40087890625
2.40087890625
2.4041015624999997
2.4041015624999997
2.4041015624999997
2.4041015624999997
2.40732421875
2.40732421875
2.410546875
2.410546875
2.41376953125
2.4202148437499997
2.4234375
2.4234375
2.4234375
2.42666015625
2.4234375
2.4234375
2.42666015625
2.42666015625
2.42666015625
2.4298828125
2.42666015625
2.4298828125
2.42666015625
2.42666015625
2.42666015625
2.4234375
2.4202148437499997
2.41376953125
2.41376953125
2.41376953125
2.410546875
2.410546875
2.40732421875
2.40732421875
2.4041015624999997
2.40087890625
2.40087890625
2.39765625
2.3912109375
2.3879882812499997
2.384765625
2.384765625
2.384765625
2.38154296875
2.38154296875
2.38154296875
2.3783203125
2.3783203125
2.3783203125
2.3783203125
2.37509765625
2.37509765625
2.37509765625
2.3718749999999997
2.3718749999999997
2.3718749999999997
2.3718749999999997
2.36865234375
2.3718749999999997
2.37509765625
2.37509765625
2.37509765625
2.37509765625
2.3718749999999997
2.3718749999999997
2.36865234375
2.36865234375
2.36865234375
2.3654296875
2.36220703125
2.36220703125
2.36220703125
2.358984375
2.3525390625
2.36220703125
2.36220703125
2.36220703125
2.36220703125
2.36220703125
2.36220703125
2.3525390625
2.3525390625
2.34931640625
2.34931640625
2.34931640625
2.34609375
2.34609375
2.34609375
2.34609375
2.34287109375
2.34287109375
2.34287109375
2.34287109375
2.3396484374999997
2.3396484374999997
2.33642578125
2.33642578125
2.33642578125
2.333203125
2.3267578125
2.3235351562499997
2.3235351562499997
2.3203125
2.3203125
2.3203125
2.3203125
2.3203125
2.3138671875
2.3138671875
2.3138671875
2.31064453125
2.31064453125
2.3074218749999997
2.3074218749999997
2.3074218749999997
2.30419921875
2.30419921875
2.30419921875
2.30419921875
2.30419921875
2.30419921875
2.30419921875
2.30419921875
2.30419921875
2.30419921875
2.30419921875
2.30419921875
2.30419921875
2.30419921875
2.30419921875
2.30419921875
2.30419921875
2.30419921875
2.30419921875
2.30419921875
2.30419921875
2.30419921875
2.30419921875
2.30419921875
2.30419921875
2.30419921875
2.3009765625
2.30419921875
2.30419921875
2.30419921875
2.30419921875
2.30419921875
2.30419921875
2.30419921875
2.30419921875
2.30419921875
2.3009765625
2.30419921875
2.3009765625
2.29775390625
2.3009765625
2.3009765625
2.29775390625
2.3009765625
2.3009765625
2.29775390625
2.29775390625
2.29453125
2.29775390625
2.29775390625
2.29453125
2.29453125
2.29775390625
2.29775390625
2.29775390625
2.29453125
2.29453125
2.29453125
2.29453125
2.29453125
2.29453125
2.29453125
2.29453125
2.29453125
2.29775390625
2.29453125
2.29453125
2.29453125
2.29453125
2.29453125
2.29453125
2.29453125
2.29453125
2.29453125
2.2913085937499997
2.2913085937499997
2.2913085937499997
2.2913085937499997
2.2913085937499997
2.2913085937499997
2.2913085937499997
2.2913085937499997
2.2913085937499997
2.2913085937499997
2.2913085937499997
2.2913085937499997
2.2913085937499997
2.2913085937499997
2.2913085937499997
2.2913085937499997
2.2913085937499997
2.2913085937499997
2.2913085937499997
2.2913085937499997
2.2913085937499997
2.2913085937499997
2.2913085937499997
2.2913085937499997
2.2913085937499997
2.2913085937499997
2.2913085937499997
2.2913085937499997
2.2913085937499997
2.2913085937499997
2.2913085937499997
2.2913085937499997
2.2913085937499997
2.2913085937499997
2.2913085937499997
2.2913085937499997
2.2913085937499997
2.2913085937499997
2.2913085937499997
2.2913085937499997
2.2913085937499997
2.2913085937499997
2.2913085937499997
2.2913085937499997
2.2913085937499997
2.2913085937499997
2.2913085937499997
2.2913085937499997
2.2913085937499997
2.2913085937499997
2.2913085937499997
2.2913085937499997
2.2880859375
2.2880859375
2.2880859375
2.2880859375
2.2880859375
2.2913085937499997
2.2913085937499997
2.2913085937499997
2.2913085937499997
2.2913085937499997
2.2913085937499997
2.2913085937499997
2.2913085937499997
2.2913085937499997
2.2913085937499997
2.2913085937499997
2.2913085937499997
2.2913085937499997
2.2913085937499997
2.2913085937499997
2.2913085937499997
2.2913085937499997
2.2913085937499997
2.2880859375
2.2880859375
2.2880859375
2.2880859375
2.2880859375
2.2880859375
2.2880859375
2.2913085937499997
2.2880859375
2.2880859375
2.2880859375
2.2880859375
2.2880859375
2.2880859375
2.2880859375
2.2913085937499997
2.2913085937499997
2.2913085937499997
2.2913085937499997
2.2913085937499997
2.29453125
2.2913085937499997
2.29453125
2.29453125
2.29775390625
2.29775390625
2.3009765625
2.30419921875
2.30419921875
2.3074218749999997
2.3074218749999997
2.31064453125
2.31064453125
2.31064453125
2.3138671875
2.3138671875
2.3138671875
2.3203125
2.3203125
2.3235351562499997
2.3235351562499997
2.32998046875
2.333203125
2.33642578125
2.3396484374999997
2.34287109375
2.34287109375
2.34287109375
2.34609375
2.34609375
2.34609375
2.34931640625
2.34609375
2.34609375
2.34931640625
2.34931640625
2.34931640625
2.3525390625
2.3525390625
2.358984375
2.36220703125
2.3654296875
2.36865234375
2.3718749999999997
2.37509765625
2.3783203125
2.3783203125
2.3783203125
2.38154296875
2.38154296875
2.384765625
2.3879882812499997
2.3912109375
2.39765625
2.39765625
2.39765625
2.40087890625
2.40087890625
2.4041015624999997
2.40732421875
2.410546875
2.41376953125
2.4169921875
2.4234375
2.4234375
2.4234375
2.4234375
2.4234375
2.4234375
2.42666015625
2.4298828125
2.43955078125
2.44599609375
2.4556640625
2.4685546874999997
2.4846679687499997
2.4943359375
2.50400390625
2.5168945312499997
2.5265625
2.52978515625
2.53623046875
2.55234375
2.56845703125
2.591015625
2.6103515625
2.63291015625
2.6458007812499997
2.65546875
2.65546875
2.6522460937499996
2.6490234375
2.6522460937499996
2.65546875
2.67158203125
2.68125
2.7005859374999996
2.719921875
2.72958984375
2.7328124999999996
2.7328124999999996
2.7263671874999997
2.719921875
2.70703125
2.69736328125
2.69736328125
2.7005859374999996
2.7102539062499997
2.719921875
2.72314453125
2.72314453125
2.7166992187499996
2.7005859374999996
2.68125
2.6619140624999997
2.6458007812499997
2.63291015625
2.6232421875
2.6232421875
2.63291015625
2.63935546875
2.642578125
2.6458007812499997
2.642578125
2.63935546875
2.6232421875
2.6135742187499997
2.60068359375
2.59423828125
2.591015625
2.591015625
2.59423828125
2.60068359375
2.6103515625
2.6135742187499997
2.616796875
2.616796875
2.6103515625
2.60068359375
2.591015625
2.5813476562499997
2.578125
2.578125
2.5813476562499997
2.591015625
2.59423828125
2.60068359375
2.6039062499999996
2.60068359375
2.5974609374999997
2.591015625
2.578125
2.56845703125
2.5652343749999997
2.56201171875
2.56201171875
2.56845703125
2.57490234375
2.578125
2.5813476562499997
2.5813476562499997
2.5813476562499997
2.578125
2.56845703125
2.5652343749999997
2.56201171875
2.56201171875
2.56201171875
2.5652343749999997
2.56845703125
2.578125
2.5813476562499997
2.591015625
2.5845703125
2.5813476562499997
2.578125
2.5716796874999996
2.56845703125
2.5652343749999997
2.5652343749999997
2.56845703125
2.5716796874999996
2.57490234375
2.578125
2.5813476562499997
2.5813476562499997
2.578125
2.57490234375
2.56845703125
2.56201171875
2.5587890625
2.5587890625
2.56201171875
2.56201171875
2.5652343749999997
2.56845703125
2.57490234375
2.57490234375
2.57490234375
2.56845703125
2.56845703125
2.56201171875
2.56201171875
2.56201171875
2.56201171875
2.5652343749999997
2.56845703125
2.5716796874999996
2.57490234375
2.578125
2.578125
2.57490234375
2.57490234375
2.56845703125
2.5652343749999997
2.5652343749999997
2.5652343749999997
2.5652343749999997
2.56845703125
2.56845703125
2.57490234375
2.57490234375
2.57490234375
2.57490234375
2.56845703125
2.56845703125
2.5652343749999997
2.56201171875
2.56201171875
2.56201171875
2.56201171875
2.5652343749999997
2.56845703125
2.56845703125
2.56845703125
2.56845703125
2.56845703125
2.5652343749999997
2.5652343749999997
2.56201171875
2.56201171875
2.56201171875
2.5652343749999997
2.5652343749999997
2.56845703125
2.5716796874999996
2.57490234375
2.57490234375
2.5716796874999996
2.56845703125
2.56845703125
2.5652343749999997
2.5652343749999997
2.5652343749999997
2.5652343749999997
2.56845703125
2.56845703125
2.56845703125
2.5716796874999996
2.5716796874999996
2.56845703125
2.56845703125
2.5652343749999997
2.5652343749999997
2.56201171875
2.56201171875
2.56201171875
2.5652343749999997
2.5652343749999997
2.5652343749999997
2.56845703125
2.56845703125
2.56845703125
2.56845703125
2.5652343749999997
2.5652343749999997
2.5652343749999997
2.56201171875
2.5652343749999997
2.5652343749999997
2.56845703125
2.56845703125
2.56845703125
2.56845703125
2.56845703125
2.56845703125
2.56845703125
2.56845703125
2.5652343749999997
2.5652343749999997
2.5652343749999997
2.5652343749999997
2.56845703125
2.56845703125
2.56845703125
2.56845703125
2.56845703125
2.56845703125
2.56845703125
2.5652343749999997
2.5652343749999997
2.5652343749999997
2.56201171875
2.5652343749999997
2.5652343749999997
2.5652343749999997
2.5652343749999997
2.56845703125
2.56845703125
2.56845703125
2.56845703125
2.5652343749999997
2.5652343749999997
2.5652343749999997
2.5652343749999997
2.5652343749999997
2.5652343749999997
2.5652343749999997
2.56845703125
2.56845703125
2.56845703125
2.56845703125
2.56845703125
2.56845703125
2.56845703125
2.5652343749999997
2.5652343749999997
2.5652343749999997
2.5652343749999997
2.56845703125
2.56845703125
2.56845703125
2.56845703125
2.56845703125
2.56845703125
2.56845703125
2.5652343749999997
2.5652343749999997
2.5652343749999997
2.5652343749999997
2.5652343749999997
2.5652343749999997
2.5652343749999997
2.56845703125
2.56845703125
2.56845703125
2.56845703125
2.56845703125
2.56845703125
2.5652343749999997
2.5652343749999997
2.5652343749999997
2.56845703125
2.56845703125
2.56845703125
2.56845703125
2.56845703125
2.56845703125
2.56845703125
2.56845703125
2.56845703125
2.56845703125
2.56845703125
2.56845703125
2.56845703125
2.56845703125
2.56845703125
2.56845703125
2.56845703125
2.56845703125
2.56845703125
2.56845703125
2.56845703125
2.56845703125
2.5652343749999997
2.5652343749999997
2.5652343749999997
2.5652343749999997
2.56845703125
2.56845703125
2.56845703125
2.56845703125
2.56845703125
2.56845703125
2.56845703125
2.56845703125
2.56845703125
2.56845703125
2.5652343749999997
2.56845703125
2.56845703125
2.56845703125
2.56845703125
2.56845703125
2.56845703125
2.56845703125
2.56845703125
2.56845703125
2.56845703125
2.56845703125
2.56845703125
2.56845703125
2.56845703125
2.56845703125
2.56845703125
2.56845703125
2.56845703125
2.56845703125
2.56845703125
2.56845703125
2.56845703125
2.56845703125
2.56845703125
2.5652343749999997
2.5652343749999997
2.56845703125
2.56845703125
2.56845703125
2.56845703125
2.56845703125
2.56845703125
2.56845703125
2.56845703125
2.56845703125
2.56845703125
2.56845703125
2.56845703125
2.56845703125
2.56845703125
2.56845703125
2.56845703125
2.56845703125
2.56845703125
2.56845703125
2.56845703125
2.56845703125
2.56845703125
2.56845703125
2.56845703125
2.56845703125
2.56845703125
2.56845703125
2.56845703125
2.56845703125
2.56845703125
2.56845703125
2.56845703125
2.56845703125
2.56845703125
2.56845703125
2.56845703125
2.56845703125
2.56845703125
2.56845703125
2.56845703125
2.56845703125
2.56845703125
2.56845703125
2.56845703125
2.56845703125
2.56845703125
2.56845703125
2.56845703125
2.56845703125
2.56845703125
2.56845703125
2.56845703125
2.56845703125
2.56845703125
2.56845703125
2.56845703125
2.56845703125
2.56845703125
2.56845703125
2.56845703125
2.56845703125
2.56845703125
2.56845703125
2.56845703125
2.56845703125
2.56845703125
2.56845703125
2.56845703125
2.56845703125
2.56845703125
2.56845703125
2.56845703125
2.56845703125
2.56845703125
2.5652343749999997
2.56845703125
2.56845703125
2.56845703125
2.56845703125
2.56845703125
2.56845703125
2.56845703125
2.56845703125
2.56845703125
2.56845703125
2.56845703125
2.5652343749999997
2.56845703125
2.56845703125
2.56845703125
2.56845703125
2.56845703125
2.56845703125
2.56845703125
2.56845703125
2.5652343749999997
2.5652343749999997
2.5652343749999997
2.56845703125
2.56845703125
2.56845703125
2.56845703125
2.56845703125
2.56845703125
2.56845703125
2.56845703125
2.56845703125
2.56845703125
2.56845703125
2.56845703125
2.56845703125
2.56845703125
2.56845703125
2.56845703125
2.56845703125
2.56845703125
2.56845703125
2.56845703125
2.56845703125
2.56845703125
2.56845703125
2.5652343749999997
2.56845703125
2.5652343749999997
2.56845703125
2.56845703125
2.56845703125
2.56845703125
2.56845703125
2.56845703125
2.56845703125
2.5652343749999997
2.56845703125
2.56845703125
2.5652343749999997
2.56845703125
2.5652343749999997
2.56845703125
2.5652343749999997
2.56845703125
2.56845703125
2.56845703125
2.5652343749999997
2.5652343749999997
2.5652343749999997
2.5652343749999997
2.5652343749999997
2.56845703125
2.5652343749999997
2.5652343749999997
2.56845703125
2.56845703125
2.5652343749999997
2.5652343749999997
2.56845703125
2.56845703125
2.56845703125
2.56845703125
2.56845703125
2.56845703125
2.56845703125
2.56845703125
2.56845703125
2.56845703125
2.56845703125
2.56845703125
2.56845703125
2.56845703125
2.56845703125
2.56845703125
2.56845703125
2.56845703125
2.56845703125
2.56845703125
2.56845703125
2.56845703125
2.56845703125
2.56845703125
2.56845703125
2.5652343749999997
2.56845703125
2.56845703125
2.56845703125
2.56845703125
2.5652343749999997
2.56845703125
2.56845703125
2.56845703125
2.56845703125
2.56845703125
2.56845703125
2.56845703125
2.56845703125
2.56845703125
2.56845703125
2.56845703125
2.56845703125
2.56845703125
2.56845703125
2.56845703125
2.56845703125
2.56845703125
2.56845703125
2.56845703125
2.56845703125
2.56845703125
2.56845703125
2.56845703125
2.56845703125
2.56845703125
2.56845703125
2.56845703125
2.56845703125
2.56845703125
2.56845703125
2.56845703125
2.56845703125
2.56845703125
2.56845703125
2.56845703125
2.56845703125
2.56845703125
2.56845703125
2.56845703125
2.56845703125
2.56845703125
2.56845703125
2.56845703125
2.56845703125
2.56845703125
2.56845703125
2.56845703125
2.56845703125
2.56845703125
2.56845703125
2.56845703125
2.56845703125
2.56845703125
2.56845703125
2.56845703125
2.56845703125
2.56845703125
2.56845703125
2.56845703125
2.56845703125
2.56845703125
2.56845703125
2.56845703125
2.56845703125
2.56845703125
2.56845703125
2.56845703125
2.56845703125
2.56845703125
2.56845703125
2.56845703125
2.56845703125
2.56845703125
2.56845703125
2.56845703125
2.56845703125
2.56845703125
2.56845703125
2.56845703125
2.56845703125
2.56845703125
2.56845703125
2.56845703125
2.56845703125
2.56845703125
2.56845703125
2.56845703125
2.56845703125
2.56845703125
2.56845703125
2.56845703125
2.56845703125
2.56845703125
2.56845703125
2.56845703125
2.56845703125
2.56845703125
2.56845703125
2.56845703125
2.56845703125
2.56845703125
2.56845703125
2.56845703125
2.56845703125
2.56845703125
2.56845703125
2.56845703125
2.56845703125
2.56845703125
2.56845703125
2.56845703125
2.56845703125
2.56845703125
2.56845703125
2.56845703125
2.56845703125
2.56845703125
2.56845703125
2.56845703125
2.56845703125
2.56845703125
2.56845703125
2.56845703125
2.56845703125
2.56845703125
2.56845703125
2.56845703125
2.56845703125
2.56845703125
2.56845703125
2.56845703125
2.56845703125
2.56845703125
2.56845703125
2.56845703125
2.56845703125
2.56845703125
2.56845703125
2.56845703125
2.56845703125
2.56845703125
2.56845703125
2.56845703125
2.56845703125
2.56845703125
2.56845703125
2.56845703125
2.56845703125
2.56845703125
2.56845703125
2.56845703125
2.56845703125
2.56845703125
2.56845703125
2.56845703125
2.56845703125
2.56845703125
2.56845703125
2.56845703125
2.56845703125
2.56845703125
2.56845703125
2.56845703125
2.56845703125
2.56845703125
2.56845703125
2.56845703125
2.56845703125
2.56845703125
2.56845703125
2.56845703125
2.56845703125
2.56845703125
2.56845703125
2.56845703125
2.56845703125
2.56845703125
2.56845703125
2.56845703125
2.56845703125
2.56845703125
2.56845703125
2.56845703125
2.56845703125
2.56845703125
2.56845703125
2.56845703125
2.56845703125
2.56845703125
2.56845703125
2.56845703125
2.56845703125
2.56845703125
2.56845703125
2.56845703125
2.56845703125
2.56845703125
2.56845703125
2.56845703125
2.56845703125
2.56845703125
2.56845703125
2.56845703125
2.56845703125
2.56845703125
2.56845703125
2.56845703125
2.56845703125
2.56845703125
2.56845703125
2.56845703125
2.56845703125
2.56845703125
2.56845703125
2.56845703125
2.56845703125
2.56845703125
2.56845703125
2.56845703125
2.56845703125
2.56845703125
2.56845703125
2.56845703125
2.56845703125
2.5652343749999997
2.56845703125
2.56845703125
2.56845703125
2.56845703125
2.56845703125
2.56845703125
2.56845703125
2.56845703125
2.56845703125
2.56845703125
2.56845703125
2.56845703125
2.56845703125
2.56845703125
2.56845703125
2.56845703125
2.56845703125
2.56845703125
2.56845703125
2.56845703125
2.56845703125
2.56845703125
2.56845703125
2.56845703125
2.56845703125
2.56845703125
2.56845703125
2.56845703125
2.56845703125
2.56845703125
2.56845703125
2.56845703125
2.56845703125
2.56845703125
2.56845703125
2.5652343749999997
2.5652343749999997
2.5587890625
2.55234375
2.52978515625
2.5168945312499997
2.49755859375
2.4846679687499997
2.4685546874999997
2.462109375
2.4556640625
2.4556640625
2.462109375
2.462109375
2.4556640625
2.4556640625
2.4524414062499997
2.4427734375
2.43955078125
2.4363281249999997
2.4298828125
2.4298828125
2.4298828125
2.4363281249999997
2.43955078125
2.4427734375
2.4524414062499997
2.4556640625
2.462109375
2.462109375
2.46533203125
2.4685546874999997
2.4749999999999996
2.47822265625
2.4846679687499997
2.487890625
2.4911132812499996
2.4943359375
2.5007812499999997
2.50400390625
2.5072265624999996
2.5072265624999996
2.513671875
2.513671875
2.513671875
2.513671875
2.513671875
2.5168945312499997
2.5168945312499997
2.5168945312499997
2.5168945312499997
2.513671875
2.513671875
2.5072265624999996
2.5072265624999996
2.5072265624999996
2.50400390625
2.50400390625
2.50400390625
2.50400390625
2.50400390625
2.50400390625
2.50400390625
2.50400390625
2.5072265624999996
2.5072265624999996
2.5072265624999996
2.5072265624999996
2.5072265624999996
2.513671875
2.513671875
2.5168945312499997
2.5168945312499997
2.5168945312499997
2.5168945312499997
2.5201171875
2.5201171875
2.5201171875
2.5201171875
2.5233398437499996
2.5233398437499996
2.5233398437499996
2.5233398437499996
2.5233398437499996
2.5233398437499996
2.5201171875
2.5233398437499996
2.5201171875
2.5201171875
2.5201171875
2.5201171875
2.5201171875
2.5233398437499996
2.5201171875
2.5201171875
2.5201171875
2.5201171875
2.5201171875
2.5201171875
2.5201171875
2.5201171875
2.5201171875
2.5201171875
2.5201171875
2.5201171875
2.5233398437499996
2.5233398437499996
2.5233398437499996
2.5233398437499996
2.5233398437499996
2.5233398437499996
2.5233398437499996
2.5233398437499996
2.5233398437499996
2.5233398437499996
2.5233398437499996
2.5233398437499996
2.5233398437499996
2.5233398437499996
2.5233398437499996
2.5233398437499996
2.5233398437499996
2.5233398437499996
2.5233398437499996
2.5233398437499996
2.5233398437499996
2.5233398437499996
2.5233398437499996
2.5233398437499996
2.5233398437499996
2.5233398437499996
2.5233398437499996
2.5233398437499996
2.5233398437499996
2.5233398437499996
2.5233398437499996
2.5233398437499996
2.5233398437499996
2.5233398437499996
2.5233398437499996
2.5265625
2.5265625
2.5265625
2.5265625
2.5265625
2.5265625
2.5265625
2.5265625
2.5265625
2.5265625
2.5265625
2.5265625
2.5265625
2.5265625
2.5265625
2.5265625
2.5265625
2.5265625
2.5265625
2.5265625
2.5233398437499996
2.5233398437499996
2.5233398437499996
2.5233398437499996
2.5265625
2.5265625
2.5265625
2.5265625
2.5233398437499996
2.5265625
2.5233398437499996
2.5233398437499996
2.5233398437499996
2.5233398437499996
2.5265625
2.5265625
2.5265625
2.5265625
2.5265625
2.5265625
2.5265625
2.5265625
2.5265625
2.5265625
2.5265625
2.5265625
2.5265625
2.5265625
2.5265625
2.5265625
2.5265625
2.5265625
2.5265625
2.5265625
2.5265625
2.5265625
2.5265625
2.5265625
2.5265625
2.5265625
2.5265625
2.5265625
2.5265625
2.5265625
2.5265625
2.5233398437499996
2.5265625
2.5265625
2.5265625
2.5265625
2.5265625
2.5265625
2.5265625
2.5265625
2.5265625
2.5265625
2.5265625
2.5265625
2.5265625
2.5233398437499996
2.5265625
2.5265625
2.5233398437499996
2.5265625
2.5265625
2.5265625
2.5265625
2.5265625
2.5265625
2.5265625
2.5265625
2.5265625
2.5265625
2.5265625
2.5265625
2.5233398437499996
2.5265625
2.5265625
2.5265625
2.5265625
2.5265625
2.5265625
2.5265625
2.5265625
2.5265625
2.5265625
2.5265625
2.5265625
2.5265625
2.5265625
2.5265625
2.5265625
2.5265625
2.5265625
2.5265625
2.5265625
2.5265625
2.5265625
2.5265625
2.5265625
2.5265625
2.5265625
2.5265625
2.5265625
2.5265625
2.5265625
2.5265625
2.5265625
2.5265625
2.5233398437499996
2.5233398437499996
2.5233398437499996
2.5233398437499996
2.5233398437499996
2.5233398437499996
2.5233398437499996
2.5265625
2.5265625
2.5265625
2.5265625
2.5265625
2.5265625
2.5265625
2.5265625
2.5265625
2.5265625
2.5265625
2.5265625
2.5265625
2.5265625
2.5265625
2.5265625
2.5265625
2.5265625
2.5265625
2.5265625
2.5265625
2.5233398437499996
2.5265625
2.5265625
2.5265625
2.5265625
2.5265625
2.5265625
2.5265625
2.5265625
2.5265625
2.5265625
2.5265625
2.5265625
2.5265625
2.5265625
2.5265625
2.5265625
2.5265625
2.5265625
2.52978515625
2.52978515625
2.52978515625
2.52978515625
2.52978515625
2.52978515625
2.5330078124999997
2.5330078124999997
2.5330078124999997
2.5330078124999997
2.5330078124999997
2.5330078124999997
2.5330078124999997
2.5330078124999997
2.5330078124999997
2.5330078124999997
2.5330078124999997
2.5330078124999997
2.5330078124999997
2.5330078124999997
2.5330078124999997
2.5330078124999997
2.5330078124999997
2.5330078124999997
2.5330078124999997
2.5330078124999997
2.5330078124999997
2.5330078124999997
2.5330078124999997
2.5330078124999997
2.53623046875
2.53623046875
2.53623046875
2.53623046875
2.53623046875
2.53623046875
2.53623046875
2.53623046875
2.53623046875
2.53623046875
2.53623046875
2.54267578125
2.5458984375
2.5458984375
2.55234375
2.55234375
2.55234375
2.5555664062499996
2.5555664062499996
2.5555664062499996
2.5555664062499996
2.5555664062499996
2.5587890625
2.5587890625
2.5587890625
2.56201171875
2.5652343749999997
2.5652343749999997
2.5652343749999997
2.56845703125
2.56845703125
2.57490234375
2.578125
2.5813476562499997
2.591015625
2.59423828125
2.5974609374999997
2.60068359375
2.6039062499999996
2.60712890625
2.6103515625
2.6135742187499997
2.6135742187499997
2.616796875
2.6200195312499996
2.6200195312499996
2.6232421875
2.6296874999999997
2.63935546875
2.642578125
2.6490234375
2.65546875
2.65869140625
2.65869140625
2.65869140625
2.65546875
2.6522460937499996
2.6458007812499997
2.642578125
2.6361328124999996
2.63291015625
2.6296874999999997
2.6296874999999997
2.6296874999999997
2.6296874999999997
2.6232421875
2.6200195312499996
2.616796875
2.6135742187499997
2.6039062499999996
2.5974609374999997
2.59423828125
2.5845703125
2.5813476562499997
2.5813476562499997
2.5813476562499997
2.5845703125
2.5845703125
2.5813476562499997
2.5813476562499997
2.5813476562499997
2.578125
2.57490234375
2.57490234375
2.57490234375
2.57490234375
2.578125
2.578125
2.5813476562499997
2.591015625
2.591015625
2.591015625
2.591015625
2.591015625
2.5813476562499997
2.5813476562499997
2.5813476562499997
2.578125
2.578125
2.5813476562499997
2.5813476562499997
2.5813476562499997
2.5813476562499997
2.5813476562499997
2.578125
2.578125
2.57490234375
2.56845703125
2.56845703125
2.5652343749999997
2.5652343749999997
2.5652343749999997
2.5652343749999997
2.56845703125
2.56845703125
2.56845703125
2.56845703125
2.56845703125
2.5652343749999997
2.5652343749999997
2.5652343749999997
2.5652343749999997
2.5652343749999997
2.56845703125
2.56845703125
2.5716796874999996
2.57490234375
2.57490234375
2.578125
2.578125
2.578125
2.57490234375
2.57490234375
2.57490234375
2.57490234375
2.57490234375
2.57490234375
2.57490234375
2.57490234375
2.57490234375
2.57490234375
2.57490234375
2.56845703125
2.56845703125
2.56845703125
2.5652343749999997
2.5652343749999997
2.5652343749999997
2.56201171875
2.5652343749999997
2.5652343749999997
2.5652343749999997
2.5652343749999997
2.5652343749999997
2.5652343749999997
2.5652343749999997
2.5652343749999997
2.5652343749999997
2.5652343749999997
2.5652343749999997
2.5652343749999997
2.56845703125
2.56845703125
2.5716796874999996
2.57490234375
2.57490234375
2.57490234375
2.57490234375
2.57490234375
2.5716796874999996
2.56845703125
2.56845703125
2.56845703125
2.56845703125
2.5716796874999996
2.5716796874999996
2.5716796874999996
2.5716796874999996
2.56845703125
2.56845703125
2.56845703125
2.5652343749999997
2.5652343749999997
2.5652343749999997
2.5652343749999997
2.5652343749999997
2.5652343749999997
2.5652343749999997
2.5652343749999997
2.5652343749999997
2.5652343749999997
2.5652343749999997
2.5652343749999997
2.5652343749999997
2.5652343749999997
2.5652343749999997
2.5652343749999997
2.5652343749999997
2.56845703125
2.56845703125
2.56845703125
2.56845703125
2.57490234375
2.5716796874999996
2.5716796874999996
2.5716796874999996
2.56845703125
2.56845703125
2.56845703125
2.56845703125
2.56845703125
2.56845703125
2.56845703125
2.56845703125
2.56845703125
2.56845703125
2.56845703125
2.56845703125
2.5652343749999997
2.5652343749999997
2.5652343749999997
2.5652343749999997
2.5652343749999997
2.5652343749999997
2.5652343749999997
2.5652343749999997
2.5652343749999997
2.56845703125
2.56845703125
2.5652343749999997
2.5652343749999997
2.5652343749999997
2.5652343749999997
2.56845703125
2.56845703125
2.56845703125
2.56845703125
2.56845703125
2.56845703125
2.56845703125
2.56845703125
2.56845703125
2.56845703125
2.56845703125
2.56845703125
2.56845703125
2.56845703125
2.56845703125
2.56845703125
2.56845703125
2.56845703125
2.56845703125
2.56845703125
2.56845703125
2.56845703125
2.5652343749999997
2.5652343749999997
2.5652343749999997
2.5652343749999997
2.5652343749999997
2.5652343749999997
2.5652343749999997
2.5652343749999997
2.5652343749999997
2.5652343749999997
2.5652343749999997
2.5652343749999997
2.5652343749999997
2.5652343749999997
2.5652343749999997
2.5652343749999997
2.56845703125
2.56845703125
2.56845703125
2.56845703125
2.56845703125
2.56845703125
2.56845703125
2.56845703125
2.56845703125
2.56845703125
2.56845703125
2.56845703125
2.56845703125
2.56845703125
2.56845703125
2.56845703125
2.56845703125
2.56845703125
2.56845703125
2.56845703125
2.56845703125
2.5652343749999997
2.5652343749999997
2.5652343749999997
2.5652343749999997
2.5652343749999997
2.5652343749999997
2.5652343749999997
2.5652343749999997
2.56845703125
2.56845703125
2.5652343749999997
2.56845703125
2.56845703125
2.56845703125
2.56845703125
2.56845703125
2.56845703125
2.56845703125
2.56845703125
2.56845703125
2.56845703125
2.56845703125
2.56845703125
2.56845703125
2.56845703125
2.56845703125
2.56845703125
2.56845703125
2.56845703125
2.56845703125
2.56845703125
2.56845703125
2.56845703125
2.56845703125
2.56845703125
2.56845703125
2.56845703125
2.56845703125
2.56845703125
2.56845703125
2.5652343749999997
2.5652343749999997
2.5652343749999997
2.5652343749999997
2.56845703125
2.5652343749999997
2.56845703125
2.56845703125
2.56845703125
2.56845703125
2.56845703125
2.56845703125
2.56845703125
2.56845703125
2.56845703125
2.56845703125
2.56845703125
2.56845703125
2.56845703125
2.56845703125
2.56845703125
2.56845703125
2.56845703125
2.56845703125
2.56845703125
2.56845703125
2.56845703125
2.56845703125
2.56845703125
2.56845703125
2.56845703125
2.56845703125
2.56845703125
2.56845703125
2.56845703125
2.56845703125
2.56845703125
2.56845703125
2.56845703125
2.56845703125
2.56845703125
2.56845703125
2.56845703125
2.56845703125
2.56845703125
2.56845703125
2.56845703125
2.56845703125
2.56845703125
2.56845703125
2.56845703125
2.56845703125
2.56845703125
2.56845703125
2.56845703125
2.56845703125
2.56845703125
2.56845703125
2.56845703125
2.56845703125
2.56845703125
2.56845703125
2.56845703125
2.56845703125
2.56845703125
2.56845703125
2.56845703125
2.56845703125
2.56845703125
2.56845703125
2.56845703125
2.56845703125
2.56845703125
2.5652343749999997
2.5652343749999997
2.56845703125
2.56845703125
2.56845703125
2.56845703125
2.56845703125
2.56845703125
2.56845703125
2.56845703125
2.56845703125
2.56845703125
2.56845703125
2.56845703125
2.56845703125
2.56845703125
2.56845703125
2.56845703125
2.56845703125
2.56845703125
2.56845703125
2.56845703125
2.56845703125
2.56845703125
2.56845703125
2.56845703125
2.56845703125
2.56845703125
2.56845703125
2.56845703125
2.56845703125
2.56845703125
2.56845703125
2.56845703125
2.56845703125
2.56845703125
2.56845703125
2.56845703125
2.56845703125
2.56845703125
2.56845703125
2.56845703125
2.56845703125
2.56845703125
2.56845703125
2.56845703125
2.56845703125
2.56845703125
2.56845703125
2.56845703125
2.56845703125
2.56845703125
2.56845703125
2.56845703125
2.56845703125
2.56845703125
2.56845703125
2.56845703125
2.56845703125
2.56845703125
2.56845703125
2.56845703125
2.56845703125
2.56845703125
2.56845703125
2.56845703125
2.56845703125
2.56845703125
2.56845703125
2.56845703125
2.56845703125
2.56845703125
2.56845703125
2.56845703125
2.56845703125
2.56845703125
2.56845703125
2.56845703125
2.56845703125
2.56845703125
2.56845703125
2.56845703125
2.56845703125
2.56845703125
2.56845703125
2.56845703125
2.56845703125
2.56845703125
2.56845703125
2.56845703125
2.56845703125
2.56845703125
2.56845703125
2.56845703125
2.56845703125
2.56845703125
2.56845703125
2.56845703125
2.56845703125
2.56845703125
2.56845703125
2.56845703125
2.56845703125
2.56845703125
2.56845703125
2.56845703125
2.56845703125
2.56845703125
2.56845703125
2.56845703125
2.56845703125
2.56845703125
2.56845703125
2.56845703125
2.56845703125
2.56845703125
2.56845703125
2.56845703125
2.56845703125
2.56845703125
2.56845703125
2.56845703125
2.56845703125
2.56845703125
2.56845703125
2.56845703125
2.56845703125
2.56845703125
2.56845703125
2.56845703125
2.56845703125
2.56845703125
2.56845703125
2.56845703125
2.56845703125
2.56845703125
2.56845703125
2.56845703125
2.56845703125
2.56845703125
2.56845703125
2.56845703125
2.56845703125
2.56845703125
2.56845703125
2.56845703125
2.56845703125
2.56845703125
2.56845703125
2.56845703125
2.56845703125
2.56845703125
2.56845703125
2.56845703125
2.56845703125
2.56845703125
2.56845703125
2.56845703125
2.56845703125
2.56845703125
2.56845703125
2.56845703125
2.56845703125
2.56845703125
2.56845703125
2.56845703125
2.56845703125
2.56845703125
2.56845703125
2.56845703125
2.56845703125
2.56845703125
2.56845703125
2.56845703125
2.56845703125
2.56845703125
2.56845703125
2.56845703125
2.56845703125
2.56845703125
2.56845703125
