799.0
800.0
799.0
799.0
799.0
799.0
799.0
799.0
800.0
799.0
799.0
800.0
799.0
799.0
801.0
799.0
801.0
800.0
799.0
799.0
799.0
799.0
800.0
799.0
800.0
800.0
800.0
800.0
800.0
800.0
800.0
799.0
799.0
800.0
799.0
799.0
800.0
800.0
800.0
799.0
799.0
799.0
800.0
799.0
799.0
800.0
799.0
799.0
800.0
799.0
800.0
800.0
799.0
799.0
801.0
799.0
798.0
800.0
800.0
799.0
799.0
800.0
800.0
800.0
800.0
799.0
800.0
800.0
800.0
800.0
800.0
800.0
799.0
800.0
799.0
800.0
799.0
800.0
800.0
800.0
799.0
800.0
800.0
800.0
800.0
800.0
800.0
800.0
799.0
800.0
800.0
800.0
799.0
797.0
799.0
799.0
801.0
799.0
800.0
800.0
800.0
800.0
799.0
799.0
799.0
799.0
800.0
799.0
800.0
800.0
800.0
800.0
800.0
800.0
799.0
799.0
799.0
800.0
801.0
799.0
799.0
799.0
800.0
800.0
800.0
800.0
798.0
799.0
799.0
799.0
799.0
800.0
800.0
800.0
799.0
799.0
800.0
800.0
799.0
799.0
800.0
799.0
801.0
799.0
800.0
800.0
799.0
799.0
799.0
800.0
800.0
800.0
799.0
799.0
799.0
800.0
800.0
800.0
799.0
797.0
800.0
800.0
799.0
800.0
801.0
799.0
799.0
800.0
799.0
799.0
799.0
800.0
800.0
800.0
800.0
801.0
799.0
801.0
799.0
799.0
799.0
799.0
799.0
799.0
799.0
799.0
799.0
800.0
799.0
799.0
799.0
800.0
799.0
800.0
799.0
799.0
799.0
800.0
799.0
799.0
799.0
801.0
800.0
799.0
799.0
799.0
800.0
799.0
800.0
799.0
799.0
798.0
799.0
799.0
799.0
799.0
800.0
799.0
800.0
800.0
799.0
800.0
799.0
800.0
799.0
800.0
800.0
800.0
799.0
800.0
800.0
800.0
799.0
799.0
800.0
800.0
800.0
798.0
800.0
800.0
799.0
799.0
801.0
799.0
800.0
800.0
799.0
800.0
800.0
800.0
799.0
800.0
799.0
799.0
800.0
800.0
799.0
799.0
799.0
800.0
800.0
799.0
799.0
799.0
800.0
801.0
804.0
798.0
800.0
802.0
799.0
800.0
801.0
799.0
800.0
801.0
798.0
800.0
800.0
799.0
800.0
801.0
799.0
800.0
801.0
800.0
800.0
800.0
800.0
800.0
801.0
800.0
800.0
800.0
800.0
799.0
800.0
800.0
801.0
800.0
801.0
800.0
800.0
800.0
800.0
800.0
800.0
800.0
800.0
800.0
801.0
800.0
800.0
800.0
800.0
800.0
800.0
801.0
801.0
800.0
800.0
800.0
800.0
800.0
801.0
800.0
800.0
800.0
800.0
800.0
800.0
800.0
800.0
800.0
800.0
800.0
801.0
800.0
800.0
800.0
800.0
800.0
801.0
801.0
799.0
800.0
800.0
799.0
800.0
799.0
800.0
800.0
800.0
799.0
800.0
800.0
800.0
800.0
800.0
799.0
800.0
800.0
800.0
800.0
801.0
800.0
796.0
933.0
920.0
929.0
919.0
916.0
931.0
920.0
916.0
929.0
924.0
917.0
925.0
921.0
918.0
924.0
927.0
918.0
922.0
926.0
919.0
922.0
929.0
922.0
921.0
927.0
924.0
921.0
925.0
924.0
920.0
925.0
925.0
922.0
925.0
927.0
922.0
927.0
926.0
920.0
924.0
925.0
922.0
924.0
925.0
925.0
924.0
687.0
337.0
691.0
790.0
775.0
774.0
793.0
797.0
1024.0
1024.0
349.0
715.0
1024.0
641.0
415.0
1024.0
819.0
290.0
1024.0
1024.0
404.0
1024.0
1024.0
517.0
1022.0
1024.0
598.0
872.0
1024.0
274.0
1024.0
1024.0
164.0
1024.0
1024.0
420.0
893.0
1024.0
538.0
493.0
571.0
735.0
778.0
774.0
763.0
787.0
814.0
834.0
843.0
864.0
847.0
853.0
840.0
845.0
838.0
830.0
824.0
823.0
831.0
826.0
823.0
832.0
833.0
846.0
840.0
830.0
844.0
838.0
829.0
830.0
847.0
828.0
841.0
837.0
844.0
847.0
847.0
834.0
837.0
834.0
831.0
837.0
842.0
849.0
838.0
847.0
920.0
1024.0
1012.0
221.0
1024.0
1024.0
193.0
1024.0
1024.0
267.0
970.0
1024.0
523.0
843.0
1024.0
717.0
661.0
1024.0
825.0
573.0
1024.0
952.0
582.0
1024.0
1024.0
606.0
1018.0
1024.0
670.0
950.0
1024.0
759.0
879.0
1024.0
805.0
804.0
1024.0
873.0
796.0
1024.0
951.0
810.0
1024.0
972.0
796.0
966.0
980.0
810.0
936.0
1011.0
856.0
922.0
1017.0
879.0
889.0
994.0
891.0
871.0
981.0
921.0
877.0
973.0
941.0
876.0
951.0
944.0
879.0
933.0
953.0
888.0
924.0
957.0
901.0
913.0
954.0
909.0
909.0
951.0
920.0
906.0
943.0
925.0
903.0
934.0
927.0
904.0
931.0
934.0
910.0
929.0
939.0
916.0
922.0
936.0
915.0
917.0
933.0
921.0
918.0
936.0
925.0
917.0
931.0
924.0
916.0
927.0
927.0
917.0
926.0
927.0
920.0
925.0
931.0
921.0
924.0
928.0
922.0
922.0
929.0
924.0
919.0
926.0
925.0
921.0
926.0
926.0
922.0
927.0
926.0
922.0
925.0
926.0
921.0
924.0
926.0
924.0
924.0
926.0
925.0
922.0
925.0
924.0
922.0
925.0
925.0
924.0
926.0
925.0
924.0
924.0
924.0
922.0
924.0
924.0
922.0
924.0
925.0
924.0
924.0
925.0
924.0
924.0
924.0
924.0
924.0
924.0
925.0
925.0
925.0
925.0
925.0
924.0
925.0
925.0
924.0
925.0
925.0
924.0
924.0
925.0
924.0
925.0
925.0
924.0
925.0
924.0
924.0
925.0
925.0
924.0
925.0
924.0
925.0
925.0
926.0
925.0
925.0
925.0
925.0
925.0
926.0
924.0
922.0
925.0
924.0
925.0
405.0
583.0
1024.0
1024.0
55.0
1011.0
1024.0
165.0
724.0
1024.0
1024.0
10.0
773.0
1024.0
543.0
317.0
639.0
1024.0
1024.0
10.0
1024.0
1024.0
470.0
706.0
1024.0
509.0
382.0
1024.0
674.0
373.0
1024.0
973.0
415.0
1024.0
1024.0
425.0
1024.0
1024.0
552.0
951.0
1024.0
709.0
834.0
1024.0
783.0
745.0
1024.0
872.0
750.0
1024.0
958.0
749.0
1024.0
1001.0
735.0
981.0
1024.0
773.0
951.0
1024.0
825.0
906.0
1024.0
849.0
860.0
1024.0
886.0
854.0
1016.0
929.0
856.0
993.0
945.0
849.0
955.0
957.0
859.0
939.0
972.0
878.0
924.0
973.0
889.0
906.0
966.0
903.0
900.0
962.0
920.0
897.0
953.0
927.0
894.0
942.0
936.0
900.0
936.0
943.0
905.0
928.0
941.0
906.0
917.0
940.0
913.0
916.0
941.0
920.0
915.0
938.0
925.0
913.0
930.0
926.0
913.0
929.0
930.0
917.0
926.0
932.0
917.0
924.0
931.0
919.0
920.0
931.0
922.0
921.0
929.0
922.0
920.0
927.0
926.0
920.0
926.0
926.0
921.0
926.0
929.0
920.0
924.0
927.0
922.0
924.0
929.0
924.0
925.0
927.0
924.0
922.0
925.0
925.0
922.0
926.0
925.0
922.0
925.0
925.0
922.0
925.0
925.0
921.0
924.0
925.0
926.0
924.0
927.0
925.0
925.0
925.0
925.0
924.0
925.0
924.0
924.0
925.0
925.0
925.0
925.0
926.0
924.0
924.0
925.0
922.0
925.0
925.0
925.0
925.0
925.0
924.0
925.0
925.0
925.0
924.0
922.0
924.0
924.0
924.0
924.0
924.0
925.0
925.0
924.0
924.0
925.0
924.0
924.0
925.0
925.0
924.0
924.0
925.0
924.0
925.0
924.0
925.0
926.0
925.0
924.0
925.0
924.0
924.0
925.0
926.0
925.0
925.0
925.0
924.0
925.0
925.0
924.0
924.0
925.0
924.0
925.0
924.0
926.0
925.0
925.0
925.0
925.0
925.0
925.0
924.0
924.0
925.0
924.0
925.0
924.0
924.0
925.0
922.0
915.0
916.0
919.0
915.0
922.0
930.0
927.0
932.0
937.0
927.0
924.0
922.0
917.0
915.0
922.0
920.0
919.0
927.0
928.0
927.0
929.0
929.0
924.0
922.0
922.0
919.0
920.0
922.0
922.0
925.0
928.0
926.0
928.0
927.0
925.0
922.0
921.0
921.0
920.0
922.0
925.0
924.0
925.0
927.0
926.0
926.0
925.0
924.0
922.0
922.0
922.0
922.0
924.0
924.0
925.0
926.0
926.0
925.0
926.0
925.0
924.0
924.0
924.0
924.0
925.0
925.0
925.0
926.0
925.0
925.0
925.0
924.0
924.0
921.0
924.0
925.0
925.0
925.0
925.0
925.0
925.0
924.0
925.0
924.0
924.0
924.0
924.0
924.0
926.0
925.0
922.0
925.0
924.0
925.0
924.0
924.0
925.0
925.0
925.0
924.0
924.0
925.0
925.0
925.0
925.0
925.0
924.0
924.0
924.0
924.0
924.0
924.0
924.0
925.0
924.0
925.0
925.0
925.0
924.0
924.0
924.0
924.0
924.0
926.0
924.0
924.0
925.0
925.0
925.0
926.0
925.0
922.0
925.0
925.0
924.0
924.0
925.0
925.0
925.0
924.0
924.0
925.0
925.0
924.0
924.0
924.0
924.0
924.0
925.0
925.0
925.0
925.0
925.0
926.0
926.0
925.0
922.0
924.0
924.0
925.0
925.0
925.0
925.0
925.0
924.0
924.0
925.0
925.0
924.0
924.0
925.0
924.0
924.0
925.0
925.0
925.0
924.0
925.0
925.0
925.0
924.0
925.0
922.0
924.0
925.0
926.0
924.0
924.0
925.0
924.0
925.0
926.0
924.0
922.0
924.0
924.0
924.0
924.0
925.0
925.0
925.0
924.0
924.0
924.0
925.0
925.0
924.0
925.0
924.0
924.0
924.0
925.0
925.0
924.0
925.0
926.0
925.0
924.0
925.0
922.0
925.0
925.0
926.0
925.0
925.0
925.0
925.0
925.0
925.0
924.0
924.0
925.0
924.0
924.0
924.0
925.0
925.0
926.0
925.0
925.0
925.0
924.0
924.0
924.0
925.0
924.0
925.0
924.0
925.0
924.0
925.0
924.0
925.0
924.0
924.0
925.0
925.0
924.0
924.0
925.0
924.0
925.0
925.0
925.0
924.0
925.0
924.0
925.0
926.0
942.0
933.0
929.0
937.0
918.0
917.0
920.0
915.0
916.0
926.0
929.0
925.0
933.0
933.0
925.0
927.0
925.0
916.0
919.0
920.0
919.0
922.0
930.0
927.0
929.0
931.0
926.0
925.0
925.0
921.0
920.0
921.0
922.0
922.0
926.0
929.0
927.0
927.0
926.0
924.0
924.0
924.0
921.0
920.0
924.0
924.0
924.0
926.0
926.0
926.0
926.0
925.0
922.0
922.0
924.0
922.0
924.0
924.0
922.0
925.0
926.0
925.0
925.0
926.0
924.0
925.0
924.0
922.0
924.0
924.0
925.0
925.0
925.0
925.0
925.0
925.0
925.0
922.0
924.0
924.0
924.0
924.0
924.0
924.0
924.0
925.0
925.0
925.0
924.0
926.0
924.0
925.0
924.0
924.0
925.0
925.0
925.0
925.0
925.0
922.0
925.0
924.0
924.0
925.0
925.0
925.0
925.0
925.0
924.0
925.0
926.0
925.0
924.0
924.0
924.0
925.0
925.0
926.0
925.0
925.0
925.0
925.0
924.0
925.0
924.0
924.0
925.0
924.0
922.0
924.0
925.0
925.0
925.0
924.0
925.0
924.0
924.0
516.0
881.0
1024.0
789.0
846.0
939.0
913.0
885.0
948.0
914.0
902.0
916.0
897.0
904.0
902.0
905.0
905.0
904.0
915.0
904.0
912.0
914.0
908.0
915.0
914.0
914.0
912.0
907.0
906.0
948.0
1023.0
1024.0
994.0
847.0
1024.0
992.0
796.0
936.0
958.0
794.0
916.0
1009.0
869.0
933.0
1024.0
895.0
893.0
990.0
893.0
865.0
969.0
917.0
873.0
965.0
941.0
882.0
952.0
953.0
886.0
938.0
956.0
892.0
919.0
948.0
896.0
912.0
958.0
924.0
920.0
961.0
931.0
905.0
938.0
917.0
892.0
920.0
920.0
904.0
930.0
944.0
926.0
938.0
945.0
917.0
917.0
926.0
907.0
912.0
927.0
922.0
922.0
939.0
933.0
924.0
932.0
926.0
913.0
920.0
921.0
914.0
922.0
929.0
924.0
927.0
934.0
925.0
925.0
927.0
920.0
919.0
924.0
920.0
918.0
925.0
924.0
924.0
928.0
927.0
925.0
927.0
925.0
922.0
922.0
922.0
921.0
921.0
926.0
925.0
926.0
927.0
925.0
924.0
924.0
922.0
921.0
924.0
924.0
924.0
925.0
926.0
924.0
926.0
929.0
942.0
938.0
927.0
929.0
921.0
916.0
919.0
916.0
916.0
922.0
926.0
926.0
931.0
934.0
927.0
927.0
925.0
919.0
919.0
920.0
920.0
922.0
927.0
929.0
928.0
930.0
929.0
925.0
924.0
921.0
922.0
921.0
922.0
924.0
926.0
929.0
928.0
926.0
926.0
924.0
922.0
922.0
920.0
922.0
924.0
925.0
924.0
927.0
926.0
926.0
925.0
925.0
924.0
922.0
922.0
922.0
924.0
924.0
924.0
924.0
925.0
925.0
924.0
925.0
925.0
924.0
922.0
922.0
924.0
924.0
924.0
925.0
925.0
925.0
925.0
925.0
925.0
925.0
924.0
922.0
924.0
924.0
924.0
925.0
925.0
925.0
925.0
925.0
924.0
925.0
925.0
924.0
924.0
925.0
925.0
925.0
925.0
925.0
925.0
926.0
925.0
924.0
925.0
924.0
924.0
925.0
925.0
924.0
925.0
925.0
585.0
915.0
1003.0
805.0
857.0
954.0
916.0
898.0
958.0
915.0
906.0
917.0
898.0
909.0
901.0
909.0
908.0
905.0
913.0
905.0
913.0
909.0
912.0
917.0
909.0
913.0
908.0
910.0
906.0
906.0
907.0
938.0
1024.0
1024.0
655.0
1024.0
1024.0
688.0
889.0
1024.0
724.0
816.0
1024.0
830.0
823.0
1024.0
902.0
790.0
1024.0
939.0
771.0
1015.0
982.0
793.0
981.0
1006.0
818.0
934.0
1016.0
847.0
908.0
1021.0
879.0
888.0
1006.0
893.0
866.0
982.0
917.0
870.0
980.0
951.0
878.0
954.0
951.0
873.0
925.0
950.0
886.0
921.0
966.0
910.0
921.0
963.0
913.0
903.0
944.0
912.0
896.0
942.0
929.0
907.0
944.0
939.0
912.0
932.0
933.0
905.0
920.0
934.0
912.0
920.0
938.0
919.0
919.0
938.0
922.0
916.0
932.0
924.0
915.0
929.0
925.0
915.0
927.0
928.0
919.0
926.0
931.0
920.0
925.0
929.0
920.0
921.0
927.0
920.0
921.0
929.0
924.0
922.0
929.0
926.0
921.0
926.0
925.0
922.0
925.0
925.0
922.0
925.0
927.0
925.0
925.0
927.0
924.0
922.0
926.0
924.0
924.0
926.0
925.0
924.0
926.0
925.0
921.0
926.0
925.0
924.0
925.0
925.0
924.0
924.0
925.0
924.0
925.0
926.0
925.0
924.0
925.0
922.0
924.0
925.0
925.0
924.0
926.0
925.0
925.0
925.0
924.0
924.0
925.0
925.0
924.0
924.0
924.0
925.0
924.0
925.0
925.0
924.0
924.0
924.0
925.0
926.0
925.0
921.0
925.0
924.0
924.0
924.0
924.0
927.0
929.0
924.0
925.0
926.0
922.0
922.0
922.0
920.0
921.0
924.0
925.0
925.0
929.0
929.0
925.0
926.0
924.0
922.0
924.0
922.0
924.0
925.0
925.0
925.0
927.0
927.0
925.0
925.0
925.0
922.0
922.0
924.0
924.0
924.0
925.0
926.0
925.0
927.0
925.0
925.0
925.0
925.0
924.0
924.0
925.0
924.0
925.0
925.0
925.0
925.0
927.0
925.0
926.0
925.0
924.0
924.0
924.0
925.0
925.0
925.0
925.0
925.0
925.0
926.0
924.0
924.0
924.0
924.0
924.0
925.0
924.0
924.0
925.0
925.0
926.0
924.0
925.0
925.0
924.0
924.0
924.0
925.0
925.0
925.0
925.0
925.0
925.0
925.0
925.0
924.0
924.0
924.0
925.0
925.0
926.0
925.0
924.0
925.0
925.0
924.0
924.0
925.0
925.0
925.0
924.0
925.0
925.0
925.0
925.0
925.0
925.0
924.0
924.0
925.0
924.0
925.0
926.0
925.0
925.0
925.0
924.0
925.0
925.0
925.0
925.0
925.0
925.0
925.0
924.0
926.0
924.0
924.0
924.0
925.0
925.0
926.0
924.0
922.0
925.0
925.0
924.0
924.0
925.0
924.0
926.0
925.0
926.0
925.0
925.0
924.0
924.0
925.0
924.0
925.0
924.0
925.0
924.0
924.0
924.0
925.0
925.0
925.0
925.0
926.0
924.0
925.0
924.0
924.0
924.0
924.0
924.0
924.0
925.0
924.0
925.0
924.0
925.0
925.0
925.0
924.0
924.0
924.0
924.0
925.0
925.0
925.0
925.0
925.0
925.0
925.0
924.0
925.0
925.0
925.0
925.0
925.0
924.0
924.0
926.0
925.0
925.0
925.0
924.0
925.0
926.0
924.0
925.0
924.0
924.0
925.0
925.0
926.0
925.0
925.0
925.0
925.0
925.0
925.0
925.0
925.0
925.0
924.0
924.0
924.0
925.0
925.0
925.0
924.0
925.0
925.0
925.0
924.0
924.0
925.0
926.0
924.0
925.0
925.0
925.0
925.0
924.0
925.0
924.0
924.0
924.0
925.0
925.0
926.0
925.0
925.0
925.0
922.0
925.0
925.0
924.0
924.0
925.0
924.0
925.0
925.0
926.0
925.0
925.0
924.0
925.0
924.0
925.0
925.0
924.0
925.0
925.0
925.0
922.0
925.0
925.0
924.0
924.0
925.0
925.0
926.0
925.0
925.0
925.0
925.0
925.0
924.0
925.0
925.0
925.0
924.0
917.0
909.0
915.0
914.0
907.0
926.0
924.0
910.0
921.0
913.0
915.0
925.0
930.0
931.0
931.0
933.0
922.0
924.0
921.0
914.0
916.0
919.0
919.0
924.0
926.0
926.0
925.0
927.0
924.0
920.0
921.0
919.0
918.0
922.0
922.0
920.0
925.0
926.0
925.0
925.0
925.0
921.0
921.0
920.0
920.0
921.0
924.0
926.0
942.0
938.0
931.0
936.0
920.0
916.0
919.0
912.0
912.0
920.0
925.0
925.0
933.0
937.0
929.0
929.0
926.0
919.0
919.0
920.0
919.0
920.0
929.0
927.0
927.0
932.0
932.0
943.0
955.0
954.0
948.0
936.0
922.0
915.0
907.0
913.0
916.0
924.0
932.0
937.0
939.0
938.0
933.0
925.0
919.0
915.0
910.0
914.0
919.0
924.0
932.0
936.0
937.0
934.0
930.0
924.0
917.0
916.0
915.0
919.0
921.0
927.0
929.0
931.0
929.0
927.0
925.0
922.0
919.0
919.0
920.0
922.0
924.0
924.0
926.0
926.0
926.0
925.0
924.0
924.0
924.0
921.0
920.0
920.0
920.0
920.0
922.0
924.0
924.0
924.0
925.0
898.0
598.0
1004.0
922.0
789.0
886.0
943.0
895.0
915.0
953.0
906.0
920.0
913.0
901.0
907.0
903.0
910.0
904.0
905.0
909.0
903.0
904.0
905.0
907.0
910.0
912.0
910.0
913.0
908.0
906.0
904.0
902.0
907.0
906.0
912.0
912.0
913.0
914.0
914.0
907.0
906.0
906.0
909.0
906.0
908.0
910.0
910.0
883.0
854.0
853.0
834.0
850.0
864.0
862.0
879.0
877.0
874.0
879.0
876.0
873.0
871.0
870.0
872.0
869.0
869.0
871.0
870.0
870.0
876.0
874.0
870.0
874.0
876.0
871.0
874.0
870.0
868.0
871.0
871.0
872.0
873.0
873.0
870.0
876.0
871.0
868.0
873.0
873.0
870.0
872.0
870.0
871.0
871.0
871.0
872.0
869.0
873.0
870.0
871.0
873.0
1024.0
919.0
603.0
1024.0
1024.0
626.0
1024.0
1024.0
637.0
920.0
1024.0
705.0
868.0
1024.0
784.0
817.0
1024.0
857.0
782.0
1024.0
909.0
769.0
1017.0
944.0
775.0
965.0
974.0
800.0
927.0
997.0
824.0
897.0
997.0
848.0
871.0
984.0
877.0
859.0
970.0
905.0
857.0
954.0
920.0
856.0
936.0
930.0
861.0
917.0
937.0
870.0
905.0
942.0
884.0
896.0
939.0
891.0
889.0
932.0
902.0
885.0
927.0
909.0
886.0
920.0
915.0
888.0
913.0
917.0
893.0
906.0
917.0
896.0
903.0
919.0
900.0
902.0
919.0
905.0
900.0
916.0
906.0
898.0
913.0
907.0
900.0
910.0
912.0
901.0
907.0
912.0
903.0
907.0
913.0
904.0
905.0
913.0
905.0
904.0
909.0
906.0
904.0
909.0
907.0
903.0
907.0
907.0
904.0
906.0
909.0
905.0
907.0
909.0
905.0
906.0
907.0
905.0
905.0
908.0
906.0
905.0
906.0
907.0
905.0
907.0
907.0
905.0
907.0
909.0
906.0
908.0
907.0
906.0
906.0
906.0
906.0
905.0
907.0
905.0
905.0
906.0
906.0
906.0
907.0
906.0
905.0
907.0
909.0
906.0
905.0
906.0
906.0
905.0
906.0
906.0
906.0
907.0
906.0
906.0
907.0
906.0
906.0
906.0
906.0
906.0
906.0
906.0
907.0
906.0
906.0
906.0
907.0
907.0
907.0
906.0
909.0
907.0
906.0
906.0
905.0
906.0
906.0
907.0
906.0
906.0
906.0
907.0
906.0
906.0
906.0
906.0
906.0
907.0
906.0
906.0
906.0
906.0
906.0
905.0
906.0
906.0
908.0
906.0
907.0
906.0
906.0
906.0
906.0
906.0
906.0
906.0
906.0
907.0
906.0
906.0
906.0
906.0
906.0
908.0
906.0
907.0
906.0
905.0
906.0
907.0
906.0
906.0
907.0
905.0
906.0
906.0
906.0
906.0
906.0
906.0
907.0
906.0
906.0
906.0
906.0
906.0
906.0
906.0
906.0
906.0
907.0
906.0
904.0
906.0
906.0
906.0
905.0
906.0
906.0
906.0
906.0
906.0
906.0
907.0
906.0
907.0
906.0
907.0
906.0
906.0
907.0
906.0
906.0
906.0
906.0
907.0
906.0
906.0
906.0
906.0
906.0
906.0
906.0
906.0
907.0
906.0
907.0
907.0
905.0
907.0
914.0
932.0
979.0
970.0
973.0
957.0
902.0
909.0
889.0
886.0
910.0
924.0
938.0
941.0
952.0
934.0
926.0
929.0
914.0
917.0
924.0
924.0
925.0
925.0
926.0
919.0
925.0
926.0
924.0
932.0
936.0
929.0
927.0
924.0
916.0
913.0
917.0
919.0
926.0
933.0
934.0
934.0
932.0
925.0
917.0
916.0
915.0
916.0
922.0
927.0
930.0
933.0
931.0
927.0
924.0
920.0
919.0
920.0
921.0
922.0
925.0
926.0
926.0
913.0
922.0
925.0
921.0
924.0
924.0
922.0
919.0
917.0
913.0
917.0
922.0
926.0
931.0
933.0
932.0
929.0
916.0
916.0
901.0
913.0
924.0
929.0
920.0
924.0
933.0
934.0
930.0
925.0
920.0
922.0
920.0
920.0
919.0
924.0
926.0
927.0
929.0
931.0
927.0
926.0
924.0
924.0
922.0
921.0
924.0
925.0
926.0
929.0
926.0
926.0
927.0
926.0
925.0
924.0
932.0
932.0
932.0
931.0
926.0
926.0
924.0
920.0
919.0
920.0
925.0
926.0
929.0
930.0
930.0
929.0
925.0
925.0
922.0
921.0
921.0
922.0
925.0
926.0
927.0
929.0
928.0
927.0
926.0
926.0
924.0
921.0
922.0
922.0
925.0
925.0
926.0
926.0
927.0
926.0
927.0
925.0
924.0
924.0
924.0
924.0
925.0
925.0
925.0
926.0
926.0
926.0
924.0
925.0
925.0
924.0
924.0
924.0
924.0
926.0
925.0
927.0
926.0
925.0
925.0
924.0
925.0
924.0
924.0
924.0
925.0
925.0
925.0
925.0
925.0
925.0
925.0
925.0
925.0
924.0
925.0
924.0
926.0
925.0
925.0
925.0
926.0
925.0
925.0
925.0
924.0
925.0
925.0
924.0
925.0
925.0
925.0
926.0
925.0
925.0
925.0
925.0
925.0
926.0
925.0
922.0
926.0
925.0
925.0
925.0
925.0
924.0
926.0
925.0
926.0
925.0
925.0
924.0
925.0
925.0
925.0
924.0
926.0
925.0
925.0
925.0
925.0
925.0
924.0
925.0
924.0
924.0
925.0
927.0
925.0
925.0
925.0
922.0
924.0
925.0
925.0
924.0
924.0
924.0
925.0
924.0
925.0
925.0
925.0
924.0
925.0
924.0
924.0
925.0
924.0
924.0
926.0
925.0
925.0
925.0
925.0
924.0
924.0
925.0
925.0
925.0
924.0
926.0
925.0
925.0
924.0
924.0
925.0
925.0
925.0
925.0
925.0
924.0
925.0
925.0
925.0
924.0
925.0
925.0
925.0
925.0
924.0
925.0
926.0
925.0
925.0
925.0
924.0
925.0
925.0
926.0
925.0
925.0
925.0
925.0
925.0
925.0
925.0
925.0
925.0
926.0
925.0
922.0
925.0
925.0
925.0
925.0
924.0
925.0
925.0
926.0
924.0
926.0
925.0
924.0
925.0
925.0
925.0
925.0
925.0
924.0
925.0
925.0
925.0
925.0
925.0
924.0
925.0
924.0
925.0
925.0
925.0
925.0
925.0
924.0
922.0
925.0
924.0
924.0
924.0
924.0
925.0
925.0
924.0
924.0
925.0
925.0
924.0
924.0
925.0
925.0
924.0
924.0
925.0
925.0
925.0
925.0
924.0
925.0
924.0
925.0
926.0
925.0
925.0
924.0
924.0
925.0
925.0
925.0
925.0
924.0
925.0
925.0
925.0
925.0
925.0
925.0
925.0
926.0
924.0
922.0
924.0
925.0
925.0
924.0
924.0
925.0
926.0
925.0
924.0
925.0
925.0
924.0
925.0
925.0
925.0
924.0
925.0
925.0
924.0
925.0
925.0
925.0
925.0
926.0
925.0
925.0
925.0
924.0
924.0
926.0
925.0
925.0
925.0
922.0
925.0
925.0
925.0
924.0
925.0
924.0
926.0
924.0
925.0
925.0
925.0
925.0
925.0
924.0
924.0
925.0
925.0
924.0
922.0
925.0
925.0
925.0
925.0
925.0
925.0
926.0
925.0
924.0
925.0
925.0
925.0
925.0
925.0
925.0
925.0
924.0
925.0
924.0
925.0
925.0
925.0
925.0
926.0
925.0
925.0
925.0
924.0
925.0
925.0
925.0
925.0
925.0
925.0
925.0
925.0
926.0
925.0
925.0
925.0
925.0
925.0
925.0
924.0
925.0
924.0
924.0
924.0
924.0
924.0
925.0
925.0
924.0
926.0
925.0
924.0
924.0
924.0
925.0
925.0
925.0
925.0
925.0
925.0
925.0
924.0
925.0
924.0
924.0
924.0
924.0
924.0
926.0
925.0
924.0
924.0
924.0
924.0
925.0
925.0
924.0
924.0
924.0
925.0
925.0
926.0
925.0
925.0
924.0
925.0
925.0
925.0
924.0
924.0
925.0
924.0
924.0
924.0
925.0
925.0
925.0
925.0
924.0
925.0
926.0
925.0
925.0
925.0
925.0
925.0
924.0
925.0
925.0
925.0
925.0
925.0
924.0
924.0
925.0
925.0
925.0
925.0
925.0
926.0
925.0
924.0
924.0
924.0
924.0
925.0
925.0
925.0
925.0
925.0
926.0
924.0
925.0
924.0
924.0
924.0
925.0
925.0
925.0
925.0
925.0
924.0
925.0
925.0
925.0
924.0
925.0
925.0
924.0
925.0
926.0
924.0
927.0
925.0
924.0
924.0
924.0
925.0
925.0
924.0
925.0
925.0
925.0
926.0
925.0
925.0
924.0
925.0
925.0
925.0
925.0
925.0
924.0
925.0
924.0
922.0
925.0
924.0
924.0
924.0
924.0
925.0
925.0
925.0
924.0
925.0
925.0
925.0
925.0
925.0
925.0
925.0
925.0
925.0
925.0
925.0
925.0
925.0
925.0
925.0
925.0
926.0
925.0
925.0
924.0
924.0
925.0
924.0
924.0
924.0
925.0
924.0
925.0
924.0
925.0
924.0
925.0
925.0
925.0
925.0
924.0
925.0
924.0
924.0
922.0
924.0
925.0
925.0
925.0
925.0
925.0
925.0
924.0
924.0
924.0
925.0
924.0
924.0
925.0
925.0
925.0
924.0
925.0
924.0
925.0
925.0
924.0
925.0
924.0
925.0
925.0
925.0
925.0
925.0
924.0
925.0
925.0
925.0
925.0
925.0
925.0
925.0
925.0
925.0
925.0
924.0
925.0
926.0
925.0
924.0
924.0
924.0
925.0
924.0
925.0
925.0
926.0
924.0
926.0
925.0
925.0
925.0
924.0
757.0
367.0
614.0
770.0
787.0
768.0
776.0
796.0
811.0
846.0
843.0
846.0
838.0
835.0
834.0
845.0
826.0
838.0
833.0
838.0
831.0
834.0
832.0
820.0
829.0
836.0
816.0
828.0
850.0
823.0
837.0
845.0
849.0
823.0
840.0
841.0
850.0
857.0
840.0
832.0
834.0
833.0
837.0
886.0
1024.0
954.0
865.0
936.0
931.0
1024.0
1024.0
430.0
1024.0
1024.0
450.0
1024.0
1024.0
536.0
878.0
1024.0
701.0
787.0
1024.0
822.0
679.0
1024.0
904.0
637.0
1024.0
1006.0
667.0
1024.0
1024.0
705.0
963.0
1024.0
759.0
919.0
1024.0
820.0
874.0
1024.0
854.0
823.0
1024.0
901.0
829.0
1024.0
957.0
841.0
998.0
972.0
831.0
944.0
972.0
846.0
924.0
993.0
881.0
915.0
996.0
897.0
894.0
973.0
905.0
881.0
960.0
925.0
886.0
954.0
941.0
891.0
942.0
944.0
893.0
929.0
945.0
901.0
920.0
950.0
907.0
912.0
945.0
916.0
910.0
943.0
925.0
910.0
939.0
927.0
909.0
931.0
930.0
910.0
927.0
936.0
917.0
926.0
936.0
917.0
919.0
932.0
919.0
918.0
931.0
922.0
919.0
931.0
926.0
918.0
929.0
927.0
918.0
924.0
926.0
920.0
926.0
927.0
921.0
924.0
929.0
921.0
925.0
926.0
924.0
922.0
927.0
924.0
922.0
925.0
925.0
922.0
927.0
925.0
921.0
925.0
925.0
924.0
922.0
926.0
922.0
925.0
925.0
925.0
924.0
926.0
924.0
922.0
925.0
924.0
922.0
924.0
925.0
925.0
925.0
925.0
924.0
924.0
924.0
922.0
922.0
924.0
925.0
924.0
926.0
925.0
924.0
925.0
924.0
924.0
924.0
924.0
924.0
925.0
925.0
926.0
925.0
926.0
925.0
925.0
925.0
924.0
925.0
925.0
924.0
926.0
925.0
922.0
925.0
925.0
924.0
924.0
925.0
925.0
925.0
925.0
926.0
924.0
925.0
925.0
924.0
925.0
925.0
925.0
925.0
926.0
925.0
925.0
925.0
925.0
924.0
925.0
925.0
925.0
925.0
926.0
925.0
926.0
925.0
924.0
925.0
925.0
925.0
924.0
925.0
924.0
925.0
925.0
926.0
925.0
925.0
925.0
924.0
925.0
925.0
924.0
925.0
925.0
926.0
925.0
921.0
925.0
925.0
924.0
924.0
925.0
925.0
926.0
925.0
926.0
925.0
925.0
924.0
924.0
925.0
925.0
925.0
924.0
925.0
925.0
924.0
925.0
925.0
924.0
924.0
925.0
925.0
924.0
926.0
925.0
925.0
925.0
924.0
925.0
926.0
925.0
924.0
924.0
924.0
925.0
924.0
925.0
925.0
925.0
925.0
925.0
925.0
925.0
924.0
925.0
925.0
925.0
925.0
925.0
925.0
924.0
924.0
924.0
925.0
925.0
925.0
925.0
924.0
925.0
925.0
915.0
909.0
916.0
912.0
919.0
930.0
917.0
916.0
924.0
915.0
921.0
945.0
933.0
933.0
945.0
919.0
915.0
921.0
910.0
904.0
921.0
926.0
920.0
938.0
888.0
854.0
893.0
857.0
898.0
927.0
905.0
930.0
921.0
916.0
904.0
914.0
913.0
898.0
919.0
908.0
903.0
913.0
905.0
904.0
907.0
916.0
909.0
916.0
922.0
909.0
913.0
914.0
904.0
905.0
907.0
906.0
908.0
917.0
916.0
912.0
917.0
912.0
907.0
904.0
903.0
900.0
900.0
909.0
912.0
910.0
915.0
823.0
757.0
817.0
678.0
734.0
794.0
808.0
746.0
764.0
811.0
805.0
820.0
800.0
819.0
830.0
821.0
829.0
831.0
820.0
806.0
804.0
824.0
808.0
814.0
796.0
819.0
814.0
810.0
845.0
840.0
812.0
808.0
811.0
812.0
805.0
806.0
809.0
801.0
811.0
811.0
812.0
817.0
843.0
845.0
860.0
879.0
855.0
883.0
858.0
846.0
858.0
869.0
855.0
859.0
855.0
848.0
860.0
858.0
857.0
867.0
866.0
870.0
858.0
868.0
857.0
848.0
844.0
854.0
852.0
854.0
854.0
877.0
877.0
858.0
860.0
850.0
860.0
849.0
866.0
864.0
889.0
1024.0
1024.0
231.0
1024.0
1024.0
329.0
922.0
1024.0
435.0
661.0
1024.0
694.0
589.0
1024.0
891.0
508.0
1024.0
986.0
495.0
1024.0
1024.0
576.0
1009.0
1024.0
658.0
906.0
1024.0
745.0
853.0
1024.0
832.0
812.0
1024.0
883.0
765.0
1024.0
938.0
774.0
1024.0
1003.0
804.0
993.0
1016.0
808.0
926.0
1008.0
830.0
897.0
1017.0
877.0
891.0
1016.0
906.0
871.0
989.0
917.0
860.0
965.0
938.0
870.0
954.0
954.0
879.0
938.0
958.0
886.0
922.0
960.0
897.0
912.0
957.0
907.0
905.0
953.0
919.0
904.0
948.0
927.0
904.0
940.0
932.0
903.0
929.0
932.0
906.0
926.0
941.0
915.0
925.0
939.0
917.0
917.0
934.0
919.0
916.0
933.0
924.0
916.0
931.0
926.0
917.0
929.0
926.0
916.0
925.0
929.0
917.0
924.0
930.0
921.0
924.0
929.0
922.0
921.0
927.0
924.0
920.0
927.0
925.0
920.0
926.0
926.0
920.0
925.0
927.0
922.0
925.0
926.0
921.0
924.0
925.0
924.0
922.0
926.0
924.0
924.0
925.0
925.0
924.0
922.0
924.0
924.0
925.0
925.0
924.0
925.0
925.0
925.0
925.0
926.0
924.0
924.0
925.0
922.0
924.0
925.0
924.0
924.0
926.0
925.0
925.0
925.0
925.0
924.0
925.0
925.0
925.0
925.0
925.0
931.0
941.0
920.0
926.0
934.0
915.0
919.0
917.0
912.0
917.0
926.0
926.0
926.0
938.0
932.0
925.0
927.0
922.0
917.0
920.0
920.0
917.0
924.0
929.0
926.0
931.0
932.0
926.0
924.0
925.0
919.0
917.0
922.0
920.0
924.0
927.0
927.0
926.0
929.0
926.0
925.0
924.0
920.0
918.0
919.0
927.0
924.0
927.0
927.0
927.0
924.0
924.0
922.0
917.0
922.0
922.0
919.0
926.0
924.0
925.0
925.0
925.0
925.0
925.0
926.0
921.0
922.0
922.0
921.0
922.0
925.0
925.0
926.0
926.0
929.0
926.0
925.0
924.0
922.0
924.0
924.0
922.0
925.0
926.0
925.0
927.0
925.0
924.0
924.0
925.0
922.0
924.0
924.0
924.0
925.0
925.0
925.0
924.0
925.0
925.0
926.0
924.0
925.0
924.0
925.0
925.0
924.0
925.0
926.0
925.0
925.0
925.0
924.0
924.0
924.0
924.0
924.0
925.0
925.0
925.0
925.0
924.0
925.0
926.0
925.0
922.0
924.0
922.0
924.0
924.0
924.0
924.0
925.0
925.0
925.0
925.0
925.0
924.0
924.0
924.0
925.0
924.0
922.0
924.0
925.0
925.0
924.0
924.0
925.0
925.0
924.0
924.0
924.0
924.0
924.0
925.0
925.0
925.0
925.0
925.0
925.0
924.0
924.0
924.0
925.0
925.0
925.0
925.0
925.0
925.0
924.0
925.0
926.0
925.0
924.0
924.0
924.0
925.0
925.0
924.0
924.0
925.0
924.0
925.0
925.0
925.0
925.0
925.0
924.0
924.0
924.0
925.0
925.0
925.0
925.0
925.0
925.0
924.0
924.0
922.0
925.0
925.0
925.0
924.0
925.0
925.0
925.0
924.0
925.0
925.0
925.0
925.0
924.0
925.0
924.0
924.0
924.0
925.0
925.0
925.0
925.0
925.0
922.0
924.0
925.0
924.0
925.0
925.0
924.0
925.0
925.0
924.0
924.0
925.0
925.0
924.0
924.0
922.0
925.0
924.0
924.0
924.0
925.0
925.0
925.0
925.0
925.0
925.0
924.0
924.0
925.0
925.0
924.0
924.0
925.0
925.0
925.0
924.0
925.0
924.0
924.0
925.0
924.0
924.0
924.0
925.0
924.0
925.0
926.0
924.0
926.0
925.0
924.0
925.0
924.0
925.0
924.0
925.0
924.0
925.0
925.0
926.0
924.0
925.0
925.0
925.0
924.0
925.0
925.0
924.0
925.0
925.0
924.0
922.0
925.0
925.0
924.0
924.0
924.0
925.0
926.0
925.0
925.0
925.0
925.0
924.0
924.0
925.0
925.0
924.0
925.0
925.0
924.0
924.0
925.0
925.0
925.0
926.0
925.0
924.0
924.0
924.0
925.0
925.0
920.0
916.0
924.0
920.0
921.0
928.0
927.0
926.0
930.0
927.0
924.0
922.0
922.0
919.0
921.0
924.0
922.0
926.0
927.0
925.0
926.0
926.0
921.0
921.0
924.0
921.0
921.0
924.0
925.0
926.0
926.0
927.0
925.0
926.0
925.0
922.0
924.0
924.0
922.0
924.0
925.0
924.0
925.0
926.0
925.0
924.0
927.0
924.0
924.0
924.0
922.0
924.0
926.0
925.0
925.0
925.0
924.0
925.0
925.0
924.0
924.0
924.0
924.0
926.0
925.0
925.0
925.0
848.0
429.0
680.0
745.0
790.0
762.0
787.0
805.0
820.0
846.0
834.0
826.0
840.0
859.0
834.0
832.0
834.0
831.0
830.0
854.0
841.0
834.0
850.0
858.0
841.0
840.0
829.0
820.0
828.0
830.0
832.0
825.0
834.0
831.0
832.0
848.0
837.0
832.0
840.0
838.0
828.0
824.0
840.0
822.0
828.0
837.0
833.0
840.0
836.0
841.0
824.0
823.0
823.0
824.0
820.0
832.0
820.0
840.0
832.0
840.0
825.0
824.0
829.0
830.0
828.0
832.0
825.0
823.0
834.0
831.0
821.0
829.0
837.0
835.0
843.0
840.0
843.0
831.0
842.0
841.0
842.0
829.0
841.0
859.0
835.0
840.0
824.0
840.0
845.0
848.0
829.0
840.0
845.0
829.0
841.0
842.0
831.0
831.0
842.0
830.0
838.0
831.0
829.0
844.0
840.0
837.0
838.0
832.0
841.0
840.0
853.0
832.0
838.0
837.0
830.0
837.0
832.0
837.0
830.0
844.0
837.0
831.0
832.0
826.0
841.0
832.0
842.0
838.0
838.0
847.0
834.0
848.0
833.0
830.0
831.0
834.0
841.0
838.0
850.0
822.0
843.0
843.0
843.0
857.0
842.0
846.0
838.0
834.0
829.0
833.0
818.0
830.0
1024.0
1024.0
1024.0
679.0
1024.0
1024.0
632.0
988.0
1024.0
616.0
878.0
1024.0
753.0
877.0
1024.0
849.0
829.0
1024.0
870.0
789.0
1024.0
922.0
793.0
1017.0
968.0
800.0
976.0
998.0
825.0
954.0
1018.0
855.0
919.0
1003.0
864.0
878.0
987.0
888.0
882.0
998.0
932.0
891.0
985.0
936.0
870.0
942.0
930.0
868.0
932.0
954.0
895.0
936.0
964.0
904.0
919.0
952.0
901.0
903.0
943.0
914.0
906.0
948.0
927.0
907.0
941.0
927.0
905.0
931.0
931.0
906.0
926.0
910.0
849.0
865.0
866.0
850.0
896.0
913.0
909.0
920.0
926.0
906.0
902.0
913.0
892.0
884.0
896.0
893.0
885.0
903.0
924.0
905.0
915.0
934.0
901.0
904.0
916.0
891.0
889.0
903.0
895.0
889.0
910.0
912.0
903.0
917.0
913.0
868.0
865.0
840.0
821.0
846.0
845.0
858.0
867.0
867.0
874.0
866.0
873.0
868.0
860.0
867.0
858.0
861.0
862.0
862.0
865.0
865.0
869.0
867.0
866.0
868.0
865.0
865.0
865.0
865.0
864.0
864.0
866.0
866.0
867.0
867.0
866.0
866.0
867.0
864.0
866.0
867.0
865.0
867.0
867.0
865.0
868.0
866.0
865.0
866.0
865.0
865.0
865.0
867.0
866.0
867.0
868.0
867.0
867.0
866.0
866.0
867.0
866.0
866.0
866.0
865.0
866.0
866.0
866.0
866.0
866.0
866.0
867.0
866.0
866.0
866.0
866.0
866.0
867.0
866.0
867.0
866.0
866.0
866.0
865.0
867.0
866.0
866.0
866.0
866.0
867.0
867.0
866.0
866.0
866.0
867.0
866.0
865.0
867.0
866.0
866.0
866.0
867.0
867.0
866.0
867.0
866.0
866.0
868.0
866.0
868.0
867.0
866.0
866.0
867.0
867.0
866.0
866.0
866.0
866.0
866.0
866.0
867.0
867.0
868.0
867.0
868.0
891.0
932.0
944.0
955.0
957.0
916.0
913.0
905.0
885.0
896.0
904.0
905.0
909.0
921.0
917.0
912.0
922.0
914.0
908.0
916.0
912.0
906.0
909.0
909.0
905.0
909.0
914.0
912.0
915.0
918.0
913.0
913.0
914.0
907.0
906.0
908.0
908.0
910.0
914.0
913.0
914.0
916.0
914.0
897.0
862.0
854.0
838.0
823.0
865.0
841.0
859.0
876.0
857.0
879.0
873.0
873.0
876.0
871.0
876.0
866.0
872.0
872.0
865.0
873.0
865.0
865.0
873.0
868.0
870.0
878.0
874.0
870.0
873.0
869.0
867.0
870.0
869.0
868.0
873.0
872.0
873.0
873.0
872.0
871.0
873.0
872.0
872.0
873.0
872.0
871.0
873.0
871.0
873.0
873.0
873.0
874.0
871.0
873.0
873.0
873.0
870.0
873.0
870.0
872.0
873.0
869.0
873.0
873.0
872.0
871.0
874.0
871.0
872.0
874.0
871.0
873.0
874.0
873.0
870.0
872.0
871.0
869.0
874.0
871.0
872.0
873.0
869.0
871.0
874.0
870.0
873.0
873.0
871.0
873.0
873.0
871.0
873.0
872.0
874.0
873.0
874.0
872.0
873.0
871.0
872.0
871.0
871.0
873.0
873.0
871.0
874.0
871.0
872.0
870.0
870.0
872.0
872.0
871.0
871.0
874.0
871.0
874.0
872.0
874.0
872.0
873.0
873.0
873.0
874.0
871.0
873.0
874.0
873.0
873.0
872.0
871.0
869.0
872.0
872.0
871.0
871.0
872.0
872.0
870.0
873.0
873.0
872.0
874.0
873.0
872.0
873.0
874.0
871.0
873.0
873.0
872.0
873.0
873.0
870.0
869.0
874.0
873.0
873.0
877.0
872.0
873.0
873.0
872.0
873.0
873.0
873.0
873.0
874.0
873.0
871.0
873.0
876.0
872.0
876.0
873.0
870.0
873.0
872.0
873.0
874.0
874.0
870.0
873.0
872.0
871.0
873.0
870.0
873.0
872.0
873.0
872.0
872.0
874.0
873.0
873.0
874.0
873.0
873.0
868.0
873.0
870.0
870.0
872.0
872.0
873.0
876.0
873.0
876.0
873.0
874.0
873.0
873.0
873.0
871.0
874.0
871.0
869.0
874.0
871.0
872.0
874.0
870.0
871.0
873.0
871.0
873.0
871.0
876.0
871.0
873.0
876.0
870.0
873.0
873.0
873.0
871.0
873.0
871.0
873.0
871.0
873.0
874.0
871.0
874.0
872.0
873.0
873.0
873.0
873.0
872.0
873.0
871.0
873.0
873.0
871.0
876.0
873.0
874.0
874.0
872.0
873.0
876.0
873.0
871.0
900.0
941.0
915.0
955.0
932.0
891.0
924.0
891.0
886.0
902.0
903.0
901.0
904.0
920.0
902.0
906.0
916.0
900.0
909.0
913.0
905.0
902.0
909.0
905.0
897.0
908.0
907.0
903.0
914.0
908.0
905.0
907.0
907.0
903.0
904.0
907.0
902.0
905.0
912.0
906.0
909.0
912.0
909.0
906.0
908.0
905.0
905.0
907.0
906.0
905.0
906.0
908.0
905.0
906.0
906.0
905.0
905.0
908.0
904.0
905.0
906.0
905.0
905.0
907.0
905.0
905.0
906.0
904.0
904.0
876.0
834.0
867.0
831.0
837.0
889.0
850.0
873.0
886.0
864.0
868.0
870.0
871.0
855.0
868.0
874.0
849.0
870.0
868.0
853.0
867.0
870.0
862.0
866.0
873.0
865.0
862.0
872.0
862.0
858.0
870.0
864.0
860.0
868.0
867.0
864.0
868.0
867.0
862.0
868.0
867.0
865.0
866.0
868.0
864.0
866.0
866.0
864.0
865.0
866.0
864.0
866.0
873.0
919.0
915.0
931.0
944.0
897.0
913.0
905.0
884.0
897.0
901.0
901.0
901.0
913.0
908.0
900.0
917.0
904.0
900.0
912.0
905.0
901.0
904.0
905.0
898.0
903.0
908.0
902.0
905.0
912.0
904.0
905.0
907.0
903.0
903.0
906.0
904.0
902.0
907.0
906.0
905.0
908.0
906.0
905.0
905.0
906.0
904.0
904.0
906.0
904.0
905.0
907.0
905.0
905.0
906.0
905.0
903.0
905.0
904.0
903.0
905.0
905.0
904.0
906.0
907.0
905.0
905.0
907.0
905.0
905.0
906.0
905.0
904.0
906.0
905.0
904.0
905.0
904.0
905.0
905.0
905.0
906.0
906.0
906.0
906.0
906.0
907.0
907.0
909.0
908.0
905.0
907.0
905.0
906.0
907.0
906.0
907.0
908.0
907.0
906.0
909.0
906.0
906.0
907.0
906.0
906.0
907.0
906.0
905.0
907.0
906.0
905.0
906.0
906.0
905.0
907.0
906.0
907.0
906.0
905.0
906.0
905.0
906.0
905.0
906.0
906.0
905.0
907.0
906.0
906.0
907.0
905.0
906.0
906.0
906.0
906.0
905.0
906.0
906.0
907.0
905.0
907.0
906.0
906.0
905.0
905.0
906.0
906.0
906.0
905.0
906.0
905.0
905.0
906.0
906.0
906.0
907.0
906.0
907.0
906.0
905.0
906.0
906.0
906.0
905.0
906.0
905.0
905.0
906.0
907.0
905.0
906.0
906.0
906.0
905.0
908.0
906.0
905.0
906.0
905.0
906.0
906.0
905.0
907.0
906.0
905.0
906.0
905.0
905.0
905.0
968.0
991.0
973.0
1004.0
917.0
915.0
910.0
883.0
906.0
916.0
937.0
933.0
951.0
948.0
920.0
934.0
919.0
912.0
922.0
921.0
921.0
921.0
930.0
919.0
920.0
927.0
921.0
926.0
936.0
930.0
925.0
926.0
917.0
909.0
917.0
915.0
919.0
931.0
933.0
934.0
933.0
929.0
920.0
917.0
916.0
915.0
918.0
925.0
927.0
930.0
932.0
929.0
924.0
924.0
920.0
917.0
921.0
921.0
924.0
926.0
927.0
925.0
926.0
925.0
922.0
924.0
925.0
922.0
924.0
924.0
921.0
924.0
924.0
924.0
925.0
926.0
925.0
926.0
925.0
924.0
924.0
922.0
921.0
925.0
925.0
925.0
926.0
926.0
925.0
924.0
925.0
924.0
924.0
922.0
925.0
925.0
926.0
925.0
925.0
926.0
925.0
924.0
924.0
924.0
924.0
924.0
925.0
925.0
925.0
926.0
925.0
925.0
925.0
924.0
925.0
926.0
925.0
924.0
924.0
924.0
924.0
924.0
925.0
924.0
925.0
924.0
926.0
925.0
924.0
924.0
924.0
924.0
924.0
924.0
925.0
925.0
926.0
925.0
921.0
924.0
924.0
924.0
924.0
924.0
925.0
925.0
925.0
926.0
925.0
925.0
924.0
924.0
924.0
925.0
924.0
924.0
925.0
924.0
924.0
925.0
924.0
925.0
926.0
924.0
925.0
925.0
924.0
925.0
924.0
924.0
925.0
922.0
925.0
925.0
925.0
924.0
925.0
925.0
925.0
924.0
925.0
925.0
925.0
925.0
925.0
925.0
924.0
924.0
924.0
924.0
925.0
925.0
924.0
925.0
925.0
922.0
925.0
925.0
925.0
925.0
924.0
924.0
925.0
925.0
926.0
925.0
924.0
924.0
924.0
925.0
925.0
924.0
924.0
925.0
924.0
925.0
924.0
924.0
925.0
926.0
925.0
926.0
925.0
925.0
924.0
924.0
925.0
925.0
925.0
