2.6103515625
2.6103515625
2.6103515625
2.6135742187499997
2.6135742187499997
2.6103515625
2.6135742187499997
2.6103515625
2.6103515625
2.6103515625
2.6103515625
2.6103515625
2.6103515625
2.6135742187499997
2.6103515625
2.6103515625
2.6103515625
2.6103515625
2.6103515625
2.6103515625
2.6103515625
2.6103515625
2.6103515625
2.6103515625
2.6103515625
2.6103515625
2.6103515625
2.6103515625
2.6135742187499997
2.6103515625
2.6103515625
2.6103515625
2.6135742187499997
2.6103515625
2.6135742187499997
2.6103515625
2.6103515625
2.6135742187499997
2.6135742187499997
2.6103515625
2.6103515625
2.6103515625
2.6103515625
2.6103515625
2.6103515625
2.6135742187499997
2.6103515625
2.6135742187499997
2.6135742187499997
2.6103515625
2.6103515625
2.6103515625
2.6103515625
2.6103515625
2.6103515625
2.6103515625
2.6103515625
2.6103515625
2.6135742187499997
2.6103515625
2.6103515625
2.6103515625
2.6103515625
2.6135742187499997
2.6103515625
2.6103515625
2.6103515625
2.6103515625
2.6103515625
2.6103515625
2.6103515625
2.6103515625
2.6103515625
2.6103515625
2.6103515625
2.6103515625
2.6103515625
2.6103515625
2.6103515625
2.6103515625
2.6103515625
2.6103515625
2.6103515625
2.6103515625
2.6103515625
2.6103515625
2.6103515625
2.6103515625
2.6103515625
2.6103515625
2.6103515625
2.6103515625
2.6103515625
2.6103515625
2.6103515625
2.6103515625
2.6103515625
2.6103515625
2.6103515625
2.6103515625
2.6103515625
2.6103515625
2.6103515625
2.6103515625
2.6103515625
2.6103515625
2.6103515625
2.6103515625
2.6103515625
2.6103515625
2.6103515625
2.6103515625
2.6103515625
2.6103515625
2.6103515625
2.6103515625
2.6103515625
2.6103515625
2.6103515625
2.6103515625
2.6103515625
2.6103515625
2.6103515625
2.6103515625
2.6103515625
2.6103515625
2.6103515625
2.6103515625
2.6103515625
2.6103515625
2.6103515625
2.6103515625
2.6103515625
2.6103515625
2.6103515625
2.6103515625
2.6103515625
2.6103515625
2.6103515625
2.6103515625
2.6103515625
2.6103515625
2.6103515625
2.6103515625
2.6103515625
2.6103515625
2.6103515625
2.6103515625
2.6103515625
2.6103515625
2.6135742187499997
2.6103515625
2.6103515625
2.6103515625
2.6103515625
2.6103515625
2.6103515625
2.6135742187499997
2.6103515625
2.6103515625
2.6103515625
2.6103515625
2.6103515625
2.6103515625
2.6103515625
2.6103515625
2.6135742187499997
2.6103515625
2.6103515625
2.6135742187499997
2.6103515625
2.6103515625
2.6103515625
2.6103515625
2.6103515625
2.6103515625
2.6103515625
2.6103515625
2.6135742187499997
2.6103515625
2.6103515625
2.6103515625
2.6103515625
2.6103515625
2.6103515625
2.6103515625
2.6103515625
2.6103515625
2.6103515625
2.6103515625
2.6103515625
2.6103515625
2.6103515625
2.6103515625
2.6103515625
2.6103515625
2.6103515625
2.6103515625
2.6103515625
2.6103515625
2.6103515625
2.6103515625
2.6103515625
2.6103515625
2.6103515625
2.6103515625
2.6103515625
2.6135742187499997
2.6103515625
2.6103515625
2.6103515625
2.6103515625
2.6103515625
2.6103515625
2.6103515625
2.6103515625
2.6103515625
2.6103515625
2.6103515625
2.6103515625
2.6103515625
2.6103515625
2.6103515625
2.6103515625
2.6103515625
2.6103515625
2.6103515625
2.6103515625
2.6103515625
2.6103515625
2.6103515625
2.6103515625
2.6103515625
2.6103515625
2.6103515625
2.6103515625
2.6103515625
2.6103515625
2.6103515625
2.6135742187499997
2.6103515625
2.6103515625
2.6103515625
2.6103515625
2.6103515625
2.6103515625
2.6135742187499997
2.6103515625
2.6103515625
2.6103515625
2.6103515625
2.6103515625
2.6103515625
2.6103515625
2.6135742187499997
2.6103515625
2.6103515625
2.6103515625
2.6103515625
2.6103515625
2.6103515625
2.6103515625
2.6103515625
2.6103515625
2.6103515625
2.6103515625
2.6103515625
2.6103515625
2.6103515625
2.6103515625
2.6103515625
2.6103515625
2.6103515625
2.6135742187499997
2.6103515625
2.6103515625
2.6135742187499997
2.6135742187499997
2.6103515625
2.6103515625
2.6103515625
2.6103515625
2.6103515625
2.6103515625
2.6103515625
2.6103515625
2.6103515625
2.6103515625
2.6103515625
2.6103515625
2.6103515625
2.6103515625
2.6103515625
2.6103515625
2.6103515625
2.6103515625
2.6103515625
2.6135742187499997
2.6103515625
2.6103515625
2.6103515625
2.6103515625
2.6103515625
2.6103515625
2.6103515625
2.6103515625
2.6103515625
2.6103515625
2.6103515625
2.6103515625
2.6103515625
2.6103515625
2.6103515625
2.6103515625
2.6103515625
2.6103515625
2.6103515625
2.6103515625
2.6103515625
2.6103515625
2.6103515625
2.6103515625
2.6103515625
2.6103515625
2.6103515625
2.6103515625
2.6103515625
2.6135742187499997
2.6135742187499997
2.6103515625
2.6135742187499997
2.6103515625
2.6103515625
2.6103515625
2.6103515625
2.6103515625
2.6103515625
2.6103515625
2.6135742187499997
2.6103515625
2.6103515625
2.6103515625
2.6103515625
2.6103515625
2.6103515625
2.6103515625
2.6103515625
2.6103515625
2.6103515625
2.6135742187499997
2.6103515625
2.6103515625
2.6103515625
2.6135742187499997
2.6103515625
2.6103515625
2.6103515625
2.6103515625
2.6135742187499997
2.6135742187499997
2.6135742187499997
2.6135742187499997
2.6103515625
2.6135742187499997
2.6135742187499997
2.6103515625
2.6103515625
2.6103515625
2.6103515625
2.6103515625
2.6135742187499997
2.6103515625
2.6135742187499997
2.6103515625
2.6135742187499997
2.6103515625
2.6103515625
2.6103515625
2.6135742187499997
2.6103515625
2.6103515625
2.6103515625
2.6103515625
2.6103515625
2.6135742187499997
2.6135742187499997
2.6135742187499997
2.6135742187499997
2.6103515625
2.6103515625
2.6135742187499997
2.6103515625
2.6103515625
2.6103515625
2.6135742187499997
2.6135742187499997
2.6135742187499997
2.6103515625
2.6103515625
2.6135742187499997
2.6103515625
2.6103515625
2.6103515625
2.6103515625
2.6135742187499997
2.6103515625
2.6135742187499997
2.6135742187499997
2.6135742187499997
2.6103515625
2.6103515625
2.6135742187499997
2.6103515625
2.6103515625
2.6135742187499997
2.6103515625
2.6103515625
2.6135742187499997
2.6103515625
2.6135742187499997
2.6103515625
2.6103515625
2.6103515625
2.6103515625
2.6103515625
2.6103515625
2.6135742187499997
2.6103515625
2.6135742187499997
2.6103515625
2.6135742187499997
2.6103515625
2.6103515625
2.6135742187499997
2.6103515625
2.6103515625
2.6103515625
2.6103515625
2.6135742187499997
2.6103515625
2.6103515625
2.6103515625
2.6103515625
2.6103515625
2.6103515625
2.6103515625
2.6103515625
2.6103515625
2.6103515625
2.6103515625
2.6135742187499997
2.6135742187499997
2.6103515625
2.6103515625
2.6103515625
2.6103515625
2.6103515625
2.6103515625
2.6103515625
2.6103515625
2.6103515625
2.6103515625
2.6103515625
2.6103515625
2.6103515625
2.6135742187499997
2.6103515625
2.6103515625
2.6103515625
2.6103515625
2.6103515625
2.6103515625
2.6103515625
2.6135742187499997
2.6135742187499997
2.6103515625
2.6103515625
2.6135742187499997
2.6135742187499997
2.6135742187499997
2.6103515625
2.6135742187499997
2.6103515625
2.6103515625
2.6103515625
2.6103515625
2.6103515625
2.6103515625
2.6135742187499997
2.6103515625
2.6103515625
2.6103515625
2.6103515625
2.6103515625
2.6135742187499997
2.6135742187499997
2.6103515625
2.6103515625
2.6103515625
2.6135742187499997
2.6103515625
2.6103515625
2.6103515625
2.6135742187499997
2.6135742187499997
2.6135742187499997
2.6103515625
2.6135742187499997
2.6135742187499997
2.6103515625
2.6135742187499997
2.6103515625
2.6135742187499997
2.6135742187499997
2.6135742187499997
2.6103515625
2.6135742187499997
2.6135742187499997
2.6135742187499997
2.6135742187499997
2.6103515625
2.6135742187499997
2.6103515625
2.6103515625
2.6103515625
2.6103515625
2.6103515625
2.6135742187499997
2.6103515625
2.6103515625
2.6103515625
2.6135742187499997
2.6103515625
2.6103515625
2.6103515625
2.6103515625
2.6103515625
2.6135742187499997
2.6135742187499997
2.6135742187499997
2.6103515625
2.6135742187499997
2.6103515625
2.6103515625
2.6103515625
2.6103515625
2.6135742187499997
2.6103515625
2.6103515625
2.6135742187499997
2.6135742187499997
2.6103515625
2.6103515625
2.6103515625
2.6103515625
2.6103515625
2.6103515625
2.6103515625
2.6103515625
2.6103515625
2.6103515625
2.6103515625
2.6103515625
2.6103515625
2.6103515625
2.6103515625
2.6103515625
2.6103515625
2.6135742187499997
2.6103515625
2.6103515625
2.6103515625
2.6103515625
2.6103515625
2.6103515625
2.6103515625
2.6103515625
2.6103515625
2.6103515625
2.6103515625
2.6135742187499997
2.6103515625
2.6135742187499997
2.6135742187499997
2.6103515625
2.6103515625
2.6103515625
2.6103515625
2.6135742187499997
2.6103515625
2.6103515625
2.6103515625
2.6135742187499997
2.6103515625
2.6103515625
2.6103515625
2.6103515625
2.6103515625
2.6103515625
2.6103515625
2.6103515625
2.6135742187499997
2.6103515625
2.6135742187499997
2.6103515625
2.6135742187499997
2.6103515625
2.6135742187499997
2.6103515625
2.6103515625
2.6103515625
2.6103515625
2.6103515625
2.6103515625
2.6103515625
2.6103515625
2.6103515625
2.6135742187499997
2.6135742187499997
2.6135742187499997
2.6103515625
2.6103515625
2.6103515625
2.6103515625
2.6103515625
2.6103515625
2.6103515625
2.6135742187499997
2.6135742187499997
2.6103515625
2.6103515625
2.6103515625
2.6103515625
2.6103515625
2.6135742187499997
2.6103515625
2.6103515625
2.6103515625
2.6135742187499997
2.6103515625
2.6103515625
2.6103515625
2.6103515625
2.6103515625
2.6103515625
2.6135742187499997
2.6103515625
2.6135742187499997
2.6103515625
2.6103515625
2.6135742187499997
2.6103515625
2.6103515625
2.6135742187499997
2.6103515625
2.6103515625
2.6135742187499997
2.6103515625
2.6135742187499997
2.6103515625
2.6135742187499997
2.6103515625
2.6135742187499997
2.6135742187499997
2.6103515625
2.6135742187499997
2.6135742187499997
2.6103515625
2.6103515625
2.6103515625
2.6103515625
2.6103515625
2.6103515625
2.6103515625
2.6103515625
2.6103515625
2.6103515625
2.6135742187499997
2.6103515625
2.6103515625
2.6103515625
2.6103515625
2.6103515625
2.6135742187499997
2.6103515625
1.8884765625
1.21171875
1.84013671875
2.0947265625
2.11728515625
2.1301757812499997
2.19140625
2.26552734375
2.3138671875
2.34287109375
2.3396484374999997
2.33642578125
2.31064453125
2.3009765625
2.28486328125
2.2751953124999997
2.29453125
2.29453125
2.30419921875
2.30419921875
2.29453125
2.29453125
2.28486328125
2.281640625
2.28486328125
2.28486328125
2.2880859375
2.27197265625
2.5652343749999997
3.3
3.3
1.2503906249999999
3.3
3.3
1.09892578125
2.56845703125
3.3
1.40830078125
2.3203125
3.3
2.05283203125
2.32998046875
3.3
2.18818359375
1.9529296875
3.3
2.34609375
1.8820312499999998
3.3
2.7328124999999996
2.05927734375
3.2033203125
2.8230468749999997
1.95615234375
2.85205078125
2.8069335937499997
2.02060546875
2.784375
3.003515625
2.2429687499999997
2.72314453125
2.9841796874999997
2.23330078125
2.5072265624999996
2.9068359375
2.3396484374999997
2.4943359375
2.96162109375
2.5007812499999997
2.487890625
2.900390625
2.5233398437499996
2.39765625
2.8037109375
2.57490234375
2.410546875
2.79404296875
2.6748046875
2.4524414062499997
2.7489257812499996
2.6780273437499997
2.4234375
2.65869140625
2.68125
2.4556640625
2.6522460937499996
2.7328124999999996
2.5168945312499997
2.6232421875
2.719921875
2.513671875
2.56845703125
2.69736328125
2.5458984375
2.57490234375
2.7166992187499996
2.591015625
2.56845703125
2.6844726562499996
2.591015625
2.5458984375
2.65869140625
2.6103515625
2.5587890625
2.6619140624999997
2.6361328124999996
2.5652343749999997
2.6458007812499997
2.63291015625
2.5587890625
2.6200195312499996
2.6361328124999996
2.5716796874999996
2.6200195312499996
2.6458007812499997
2.5845703125
2.6135742187499997
2.63935546875
2.5813476562499997
2.5974609374999997
2.6361328124999996
2.59423828125
2.6039062499999996
2.642578125
2.60712890625
2.5974609374999997
2.6296874999999997
2.6039062499999996
2.591015625
2.6232421875
2.6135742187499997
2.59423828125
2.6232421875
2.616796875
2.5974609374999997
2.616796875
2.616796875
2.59423828125
2.6135742187499997
2.616796875
2.5974609374999997
2.6135742187499997
2.6200195312499996
2.6039062499999996
2.6103515625
2.616796875
2.6039062499999996
2.60712890625
2.616796875
2.60712890625
2.6103515625
2.6200195312499996
2.6103515625
2.60712890625
2.6135742187499997
2.6103515625
2.6039062499999996
2.6135742187499997
2.6135742187499997
2.60712890625
2.616796875
2.6135742187499997
2.6103515625
2.6135742187499997
2.6135742187499997
2.6103515625
2.6135742187499997
2.6135742187499997
2.6103515625
2.6135742187499997
2.6135742187499997
2.6103515625
2.6103515625
2.6135742187499997
2.6103515625
2.6103515625
2.6135742187499997
2.6103515625
2.6135742187499997
2.6135742187499997
2.6103515625
2.6103515625
2.6135742187499997
2.6103515625
2.6103515625
2.6135742187499997
2.6103515625
2.6103515625
2.6135742187499997
2.6103515625
2.6103515625
2.6103515625
2.6103515625
2.6103515625
2.6103515625
2.6135742187499997
2.6103515625
2.6103515625
2.6135742187499997
2.6103515625
2.6103515625
2.6103515625
2.6103515625
2.6103515625
2.6135742187499997
2.6103515625
2.6103515625
2.6103515625
2.6103515625
2.6103515625
2.6103515625
2.6103515625
2.6103515625
2.6103515625
2.6103515625
2.6103515625
2.6103515625
2.6135742187499997
2.6103515625
2.6103515625
2.6103515625
2.6103515625
2.6135742187499997
2.6135742187499997
2.6103515625
2.6103515625
2.6103515625
2.6103515625
2.6103515625
2.6103515625
2.6103515625
2.6103515625
2.6135742187499997
2.6135742187499997
2.6135742187499997
2.6135742187499997
2.6103515625
2.6103515625
2.6103515625
2.6103515625
2.6103515625
2.6103515625
2.6135742187499997
2.6135742187499997
2.6103515625
2.6103515625
2.6103515625
2.6103515625
2.6135742187499997
2.6103515625
2.6135742187499997
2.6135742187499997
2.6135742187499997
2.6103515625
2.6135742187499997
2.6103515625
2.6135742187499997
2.6103515625
2.6135742187499997
2.6103515625
2.6135742187499997
2.6103515625
2.6135742187499997
2.6103515625
2.6103515625
2.6103515625
2.6135742187499997
2.6103515625
2.6135742187499997
2.6135742187499997
2.6135742187499997
2.6103515625
2.6135742187499997
2.6103515625
2.6103515625
2.6103515625
2.6103515625
2.6103515625
2.6103515625
2.6103515625
2.6103515625
2.6103515625
2.6103515625
2.6103515625
2.6103515625
2.6103515625
2.6103515625
2.6103515625
2.6103515625
2.6103515625
2.6103515625
2.6135742187499997
2.6103515625
2.6135742187499997
2.6103515625
2.6103515625
2.6103515625
2.6103515625
2.6103515625
2.6103515625
2.6103515625
2.6135742187499997
2.6135742187499997
2.6135742187499997
2.6103515625
2.6103515625
2.6135742187499997
2.6103515625
2.6135742187499997
2.6135742187499997
2.6135742187499997
2.6103515625
2.6103515625
2.6135742187499997
2.6103515625
2.6135742187499997
2.6135742187499997
2.6103515625
2.6103515625
2.6135742187499997
2.6135742187499997
2.6135742187499997
2.6135742187499997
2.6135742187499997
2.6135742187499997
2.6103515625
2.6103515625
2.6103515625
2.6103515625
2.6103515625
2.6103515625
2.6103515625
2.6103515625
2.6103515625
2.6103515625
2.6103515625
2.6103515625
2.6103515625
2.6103515625
2.6103515625
2.6103515625
2.6135742187499997
2.6103515625
2.6103515625
2.6103515625
2.6103515625
2.6135742187499997
2.6103515625
2.6135742187499997
2.6103515625
2.6135742187499997
2.6135742187499997
2.6103515625
2.6103515625
2.6135742187499997
2.6103515625
2.6103515625
2.6103515625
2.6103515625
2.6135742187499997
2.6103515625
2.6103515625
2.6103515625
2.6103515625
2.6135742187499997
2.6103515625
2.6103515625
2.6135742187499997
2.6103515625
2.6135742187499997
2.6103515625
2.6103515625
2.6135742187499997
2.6103515625
2.6103515625
2.6103515625
2.6103515625
2.6103515625
2.6135742187499997
2.6103515625
2.6135742187499997
2.6103515625
2.6135742187499997
2.6135742187499997
2.6103515625
2.6135742187499997
2.6103515625
2.6103515625
2.6103515625
2.6103515625
2.6135742187499997
2.6135742187499997
2.6103515625
2.6103515625
2.6135742187499997
2.6135742187499997
2.6103515625
2.6103515625
2.6103515625
2.6103515625
2.6135742187499997
2.6135742187499997
2.6103515625
2.6103515625
2.6135742187499997
2.6135742187499997
2.6103515625
2.6135742187499997
2.6135742187499997
2.6103515625
2.6103515625
2.6135742187499997
2.6103515625
2.6103515625
2.6135742187499997
2.6135742187499997
2.6103515625
2.6103515625
2.6103515625
2.6103515625
2.6103515625
2.6103515625
2.6135742187499997
2.6103515625
2.6103515625
2.6103515625
2.6103515625
2.6103515625
2.6103515625
2.6135742187499997
2.6103515625
2.6103515625
2.230078125
1.2181640624999999
1.7015624999999999
2.03671875
2.11728515625
2.1333984375
2.165625
2.2268554687499997
2.3074218749999997
2.333203125
2.3396484374999997
2.3203125
2.3074218749999997
2.281640625
2.27197265625
2.2751953124999997
2.2751953124999997
2.281640625
2.28486328125
2.2751953124999997
2.2880859375
2.281640625
2.2590820312499997
2.26875
2.26875
2.26552734375
2.2751953124999997
2.281640625
2.26875
2.2623046875
2.26552734375
2.28486328125
2.29453125
2.2880859375
2.28486328125
2.28486328125
2.2880859375
2.281640625
2.2880859375
2.3009765625
2.3009765625
2.3138671875
2.30419921875
2.3009765625
2.29453125
2.30419921875
2.3009765625
2.2880859375
2.2913085937499997
2.29453125
2.3009765625
2.29453125
2.3009765625
2.28486328125
2.29453125
2.3009765625
2.281640625
2.2913085937499997
2.2880859375
2.3009765625
2.2880859375
2.29453125
2.3009765625
2.2913085937499997
2.2913085937499997
2.29453125
2.2913085937499997
2.3138671875
2.2751953124999997
2.3138671875
2.6103515625
3.1614257812499997
3.3
3.2323242187499996
2.28486328125
3.1356445312499996
3.0067382812499996
1.9142578124999998
2.54267578125
2.8294921874999996
2.023828125
2.59423828125
3.11630859375
2.41376953125
2.642578125
3.0550781249999996
2.34609375
2.3718749999999997
2.8552734374999997
2.384765625
2.37509765625
2.9422851562499996
2.63935546875
2.4943359375
2.91650390625
2.6200195312499996
2.34287109375
2.7102539062499997
2.591015625
2.37509765625
2.75537109375
2.76181640625
2.49755859375
2.7328124999999996
2.719921875
2.4202148437499997
2.591015625
2.68125
2.46533203125
2.6200195312499996
2.76826171875
2.5587890625
2.6135742187499997
2.7263671874999997
2.52978515625
2.5330078124999997
2.6780273437499997
2.5555664062499996
2.5555664062499996
2.7134765625
2.6200195312499996
2.57490234375
2.6844726562499996
2.6039062499999996
2.52978515625
2.63935546875
2.6103515625
2.55234375
2.65546875
2.6522460937499996
2.578125
2.63935546875
2.6361328124999996
2.5555664062499996
2.6039062499999996
2.63291015625
2.57490234375
2.616796875
2.65546875
2.59423828125
2.6103515625
2.63935546875
2.5813476562499997
2.5845703125
2.6296874999999997
2.5974609374999997
2.5974609374999997
2.642578125
2.6135742187499997
2.5974609374999997
2.6296874999999997
2.6103515625
2.5845703125
2.616796875
2.6135742187499997
2.5974609374999997
2.6232421875
2.6232421875
2.5974609374999997
2.616796875
2.616796875
2.59423828125
2.6103515625
2.616796875
2.6039062499999996
2.616796875
2.6232421875
2.6103515625
2.6103515625
2.616796875
2.6039062499999996
2.6039062499999996
2.616796875
2.6103515625
2.6103515625
2.6200195312499996
2.6135742187499997
2.60712890625
2.6135742187499997
2.6103515625
2.6039062499999996
2.6135742187499997
2.6135742187499997
2.6103515625
2.616796875
2.6135742187499997
2.6103515625
2.6135742187499997
2.6135742187499997
2.6039062499999996
2.6103515625
2.6135742187499997
2.6103515625
2.6135742187499997
2.6135742187499997
2.6103515625
2.6103515625
2.6135742187499997
2.6103515625
2.6103515625
2.6135742187499997
2.6103515625
2.6103515625
2.6135742187499997
2.6135742187499997
2.6103515625
2.6135742187499997
2.6103515625
2.6103515625
2.6103515625
2.6135742187499997
2.6103515625
2.6135742187499997
2.6103515625
2.6103515625
2.6135742187499997
2.6135742187499997
2.6103515625
2.6103515625
2.6135742187499997
2.6103515625
2.6135742187499997
2.6135742187499997
2.6103515625
2.6103515625
2.6103515625
2.6103515625
2.6103515625
2.6103515625
2.6103515625
2.6103515625
2.6135742187499997
2.6103515625
2.6103515625
2.6103515625
2.6103515625
2.6103515625
2.6103515625
2.6135742187499997
2.6103515625
2.6103515625
2.6135742187499997
2.6103515625
2.6103515625
2.6103515625
2.6103515625
2.6103515625
2.6103515625
2.6103515625
2.6103515625
2.6103515625
2.6103515625
2.6103515625
2.6103515625
2.6103515625
2.6103515625
2.6103515625
2.6103515625
2.6103515625
2.6103515625
2.6103515625
2.6103515625
2.6103515625
2.6135742187499997
2.6135742187499997
2.6135742187499997
2.6135742187499997
2.6103515625
2.6135742187499997
2.6135742187499997
2.6103515625
2.6103515625
2.6135742187499997
2.6103515625
2.6103515625
2.6103515625
2.6103515625
2.6135742187499997
2.6103515625
2.6103515625
2.6103515625
2.6135742187499997
2.6103515625
2.6103515625
2.6103515625
2.6103515625
2.6103515625
2.6103515625
2.6103515625
2.6103515625
2.6135742187499997
2.6135742187499997
2.6103515625
2.6135742187499997
2.6135742187499997
2.6135742187499997
2.6103515625
2.6103515625
2.6103515625
2.6103515625
2.6103515625
2.6135742187499997
2.6135742187499997
2.6103515625
2.6103515625
2.6135742187499997
2.6103515625
2.6103515625
2.6103515625
2.6135742187499997
2.6103515625
2.6103515625
2.6135742187499997
1.9078125
2.0818359374999997
2.76826171875
2.37509765625
2.3203125
2.6232421875
2.6135742187499997
2.56845703125
2.6296874999999997
2.59423828125
2.52978515625
2.5330078124999997
2.52978515625
2.5265625
2.53623046875
2.56201171875
2.578125
2.578125
2.578125
2.5652343749999997
2.5555664062499996
2.5458984375
2.54267578125
2.5458984375
2.56201171875
2.5716796874999996
2.56845703125
2.56845703125
2.56201171875
2.55234375
2.5587890625
2.578125
3.235546875
3.3
2.03671875
2.9100585937499996
3.2645507812499996
1.9432617187499999
2.47822265625
3.106640625
2.0818359374999997
2.4556640625
3.2323242187499996
2.3879882812499997
2.44599609375
3.132421875
2.41376953125
2.27197265625
2.95517578125
2.49755859375
2.2751953124999997
2.9519531249999997
2.68125
2.36220703125
2.89072265625
2.7005859374999996
2.29453125
2.7263671874999997
2.69736328125
2.33642578125
2.7166992187499996
2.8069335937499997
2.4427734375
2.6780273437499997
2.784375
2.4202148437499997
2.5652343749999997
2.7489257812499996
2.4685546874999997
2.57490234375
2.7908203124999997
2.55234375
2.5587890625
2.7521484375
2.55234375
2.5072265624999996
2.70703125
2.5813476562499997
2.5233398437499996
2.7134765625
2.6296874999999997
2.53623046875
2.6844726562499996
2.6296874999999997
2.5201171875
2.642578125
2.63935546875
2.53623046875
2.642578125
2.6683593749999996
2.56201171875
2.6296874999999997
2.6522460937499996
2.5555664062499996
2.5974609374999997
2.6458007812499997
2.57490234375
2.6039062499999996
2.65869140625
2.59423828125
2.59423828125
2.6458007812499997
2.591015625
2.5813476562499997
2.63935546875
2.6039062499999996
2.591015625
2.642578125
2.616796875
2.591015625
2.63291015625
2.6135742187499997
2.5845703125
2.6200195312499996
2.6200195312499996
2.591015625
2.6200195312499996
2.6296874999999997
2.5974609374999997
2.616796875
2.6200195312499996
2.59423828125
2.6103515625
2.6232421875
2.6039062499999996
2.6135742187499997
2.6232421875
2.60712890625
2.6103515625
2.6200195312499996
2.6039062499999996
2.6039062499999996
2.6200195312499996
2.6103515625
2.6039062499999996
2.6200195312499996
2.6135742187499997
2.6039062499999996
2.616796875
2.6103515625
2.6039062499999996
2.6135742187499997
2.6135742187499997
2.6039062499999996
2.6135742187499997
2.6135742187499997
2.60712890625
2.6135742187499997
2.6135742187499997
2.6039062499999996
2.6103515625
2.6135742187499997
2.6103515625
2.6135742187499997
2.6135742187499997
2.6103515625
2.6103515625
2.6135742187499997
2.6103515625
2.6103515625
2.6135742187499997
2.6103515625
2.6103515625
2.6135742187499997
2.6135742187499997
2.6103515625
2.6135742187499997
2.6135742187499997
2.6103515625
2.6135742187499997
2.6135742187499997
2.6103515625
2.6135742187499997
2.6135742187499997
2.6103515625
2.6103515625
2.6135742187499997
2.6103515625
2.6135742187499997
2.6135742187499997
2.6103515625
2.6103515625
2.6135742187499997
2.6103515625
2.6135742187499997
2.6103515625
2.6103515625
2.6103515625
2.6135742187499997
2.6103515625
2.6103515625
2.6135742187499997
2.6103515625
2.6103515625
2.6103515625
2.6103515625
2.6103515625
2.6135742187499997
2.6103515625
2.6103515625
2.6103515625
2.6103515625
2.6103515625
2.6103515625
2.6103515625
2.6103515625
2.6103515625
2.6103515625
2.6103515625
2.6103515625
2.6103515625
2.6103515625
2.6103515625
2.6103515625
2.6103515625
2.6103515625
2.6103515625
2.6135742187499997
2.6103515625
2.6103515625
2.6103515625
2.6103515625
2.6103515625
2.6103515625
2.6103515625
2.6103515625
2.6103515625
2.6103515625
2.6103515625
2.6103515625
2.6103515625
2.6103515625
2.6103515625
2.6103515625
2.6103515625
2.6103515625
2.6103515625
2.6135742187499997
2.6103515625
2.6103515625
1.8659179687499998
1.2890625
1.8755859375
2.126953125
2.1333984375
2.14951171875
2.22041015625
2.2913085937499997
2.34609375
2.3783203125
2.3654296875
2.34609375
2.32998046875
2.34609375
2.3235351562499997
2.3138671875
2.3235351562499997
2.32998046875
2.3396484374999997
2.33642578125
2.33642578125
2.3138671875
2.3203125
2.3074218749999997
2.3203125
2.3138671875
2.31064453125
2.32998046875
2.31064453125
2.3138671875
2.3235351562499997
2.31064453125
2.31064453125
2.30419921875
2.3203125
2.31064453125
2.333203125
2.3203125
2.31064453125
2.31064453125
2.3138671875
2.31064453125
2.3203125
2.3138671875
2.3138671875
2.3138671875
2.31064453125
2.31064453125
2.3203125
2.3203125
2.3203125
2.3267578125
2.3074218749999997
2.3203125
2.31064453125
2.31064453125
2.3203125
2.30419921875
2.30419921875
2.30419921875
2.3074218749999997
2.31064453125
2.31064453125
2.31064453125
2.3074218749999997
2.3074218749999997
2.3138671875
2.3074218749999997
2.31064453125
2.31064453125
2.3009765625
2.30419921875
2.3074218749999997
2.3138671875
2.31064453125
2.30419921875
2.3074218749999997
2.3138671875
2.3138671875
2.3009765625
2.3009765625
2.31064453125
2.30419921875
2.3074218749999997
2.3074218749999997
2.3138671875
2.30419921875
2.29775390625
2.31064453125
2.30419921875
2.31064453125
2.3009765625
2.3138671875
2.3074218749999997
2.3138671875
2.3138671875
2.31064453125
2.3203125
2.3203125
2.31064453125
2.3138671875
2.3203125
2.30419921875
2.3138671875
2.30419921875
2.31064453125
2.3138671875
2.31064453125
2.31064453125
2.3138671875
2.3074218749999997
2.3138671875
2.56201171875
3.3
3.1388671875
1.18916015625
3.3
3.2484374999999996
0.9345703125
3.01962890625
3.3
1.1859374999999999
2.771484375
3.3
1.7821289062499999
2.68125
3.3
1.8820312499999998
2.2365234375
3.3
2.05927734375
2.11728515625
3.3
2.46533203125
2.204296875
3.3
2.56201171875
2.023828125
3.01962890625
2.60712890625
2.03994140625
2.9680664062499997
2.85205078125
2.2107421874999997
2.8874999999999997
2.8552734374999997
2.165625
2.6683593749999996
2.83271484375
2.25263671875
2.63935546875
2.92939453125
2.4041015624999997
2.5974609374999997
2.8874999999999997
2.410546875
2.4846679687499997
2.82626953125
2.4749999999999996
2.4814453125
2.8391601562499997
2.5813476562499997
2.4911132812499996
2.7972656249999996
2.59423828125
2.4427734375
2.719921875
2.616796875
2.462109375
2.7166992187499996
2.68125
2.5007812499999997
2.68125
2.6780273437499997
2.487890625
2.6200195312499996
2.6748046875
2.5168945312499997
2.6232421875
2.70703125
2.5555664062499996
2.60712890625
2.6844726562499996
2.55234375
2.57490234375
2.67158203125
2.57490234375
2.578125
2.68125
2.6039062499999996
2.578125
2.65869140625
2.6039062499999996
2.5652343749999997
2.642578125
2.6135742187499997
2.57490234375
2.642578125
2.6296874999999997
2.5813476562499997
2.6296874999999997
2.6232421875
2.57490234375
2.6135742187499997
2.6296874999999997
2.5845703125
2.616796875
2.63935546875
2.59423828125
2.6103515625
2.6296874999999997
2.591015625
2.5974609374999997
2.6296874999999997
2.5974609374999997
2.6039062499999996
2.63291015625
2.6103515625
2.5974609374999997
2.6232421875
2.60712890625
2.59423828125
2.6200195312499996
2.6135742187499997
2.5974609374999997
2.6200195312499996
2.616796875
2.5974609374999997
2.616796875
2.6135742187499997
2.5974609374999997
2.6135742187499997
2.6135742187499997
2.6039062499999996
2.6135742187499997
2.616796875
2.6039062499999996
2.6103515625
2.6135742187499997
2.6039062499999996
2.6103515625
2.6135742187499997
2.6103515625
2.6103515625
2.616796875
2.6103515625
2.6103515625
2.6135742187499997
2.6103515625
2.60712890625
2.6135742187499997
2.6103515625
2.6103515625
2.6135742187499997
2.6135742187499997
2.6103515625
2.6135742187499997
2.6135742187499997
2.6103515625
2.6103515625
2.6135742187499997
2.6103515625
2.6135742187499997
2.6135742187499997
2.6103515625
2.6103515625
2.6103515625
2.6103515625
2.6103515625
2.6135742187499997
2.6103515625
2.6103515625
2.6135742187499997
2.6103515625
2.6103515625
2.6103515625
2.6103515625
2.6103515625
2.6135742187499997
2.6103515625
2.6103515625
2.6135742187499997
2.6103515625
2.6103515625
2.6135742187499997
2.6103515625
2.6103515625
2.6103515625
2.6103515625
2.6103515625
2.6103515625
2.6103515625
2.6103515625
2.6103515625
2.6103515625
2.6103515625
2.6103515625
2.6103515625
2.6103515625
2.6103515625
2.6135742187499997
2.6103515625
2.6103515625
2.6135742187499997
2.6135742187499997
2.6103515625
2.6103515625
2.6135742187499997
2.6103515625
2.6135742187499997
2.6103515625
2.6103515625
1.8755859375
2.20751953125
2.7650390624999996
2.34287109375
2.3783203125
2.65869140625
2.6135742187499997
2.591015625
2.642578125
2.591015625
2.52978515625
2.53623046875
2.52978515625
2.52978515625
2.5555664062499996
2.578125
2.5813476562499997
2.591015625
2.5845703125
2.56845703125
2.5555664062499996
2.55234375
2.5458984375
2.5555664062499996
2.56845703125
2.5813476562499997
2.5813476562499997
2.57490234375
2.56845703125
2.5587890625
2.55234375
2.5587890625
2.56845703125
2.56845703125
2.578125
2.5716796874999996
2.56845703125
2.5652343749999997
2.5587890625
2.56845703125
2.5652343749999997
2.5587890625
2.57490234375
2.56845703125
2.5652343749999997
2.56845703125
2.56845703125
2.5652343749999997
2.5652343749999997
2.56845703125
2.56845703125
2.5652343749999997
2.56845703125
2.56845703125
2.5652343749999997
2.56845703125
2.5716796874999996
2.5652343749999997
2.56845703125
2.56845703125
2.5652343749999997
2.56845703125
2.56845703125
2.56845703125
2.5652343749999997
2.56845703125
2.56845703125
2.5652343749999997
2.5652343749999997
2.56845703125
2.56845703125
2.5587890625
2.56845703125
2.56845703125
2.5652343749999997
2.5652343749999997
2.56845703125
2.56845703125
2.5652343749999997
2.6458007812499997
3.3
2.848828125
2.0818359374999997
3.261328125
2.8037109375
1.8884765625
2.8617187499999996
2.8069335937499997
2.0012695312499997
2.83271484375
3.0357421875
2.2236328125
2.75537109375
2.9970703125
2.204296875
2.52978515625
2.91328125
2.3009765625
2.50400390625
2.98095703125
2.4846679687499997
2.5168945312499997
2.9422851562499996
2.4943359375
2.39765625
2.81015625
2.52978515625
2.410546875
2.83271484375
2.6683593749999996
2.462109375
2.784375
2.6522460937499996
2.40732421875
2.6780273437499997
2.65869140625
2.4524414062499997
2.6844726562499996
2.7328124999999996
2.50400390625
2.6490234375
2.7102539062499997
2.4911132812499996
2.5845703125
2.69091796875
2.5265625
2.59423828125
2.72314453125
2.57490234375
2.5813476562499997
2.69736328125
2.56845703125
2.5458984375
2.67158203125
2.591015625
2.5587890625
2.6780273437499997
2.6232421875
2.56845703125
2.65546875
2.616796875
2.55234375
2.6296874999999997
2.6232421875
2.56845703125
2.63935546875
2.6458007812499997
2.5813476562499997
2.6200195312499996
2.6361328124999996
2.57490234375
2.6039062499999996
2.6361328124999996
2.591015625
2.6135742187499997
2.642578125
2.5974609374999997
2.6039062499999996
2.6361328124999996
2.59423828125
2.59423828125
2.6296874999999997
2.60712890625
2.5974609374999997
2.63291015625
2.6135742187499997
2.5974609374999997
2.6200195312499996
2.6103515625
2.59423828125
2.616796875
2.616796875
2.5974609374999997
2.6200195312499996
2.6200195312499996
2.6039062499999996
2.6135742187499997
2.616796875
2.5974609374999997
2.6103515625
2.6200195312499996
2.6039062499999996
2.6135742187499997
2.6200195312499996
2.6103515625
2.6103515625
2.616796875
2.6039062499999996
2.6039062499999996
2.616796875
2.6103515625
2.6103515625
2.616796875
2.6135742187499997
2.6103515625
2.6135742187499997
2.6103515625
2.60712890625
2.6135742187499997
2.6135742187499997
2.6103515625
2.6135742187499997
2.6135742187499997
2.60712890625
2.6103515625
2.6135742187499997
2.6103515625
2.6103515625
2.6135742187499997
2.6103515625
2.6135742187499997
2.6135742187499997
2.6103515625
2.6135742187499997
2.6135742187499997
2.6103515625
2.6103515625
2.6135742187499997
2.6103515625
2.6103515625
2.6135742187499997
2.6103515625
2.6103515625
2.6135742187499997
2.6103515625
2.6103515625
2.6135742187499997
2.6103515625
2.6103515625
2.6135742187499997
2.6135742187499997
2.6103515625
2.6103515625
2.6103515625
2.6103515625
2.6103515625
2.6103515625
2.6103515625
2.6103515625
2.6103515625
2.6103515625
2.6103515625
2.6103515625
2.6103515625
2.6103515625
2.6135742187499997
2.6103515625
2.6103515625
2.6135742187499997
2.6103515625
2.6103515625
2.6103515625
2.6103515625
2.6103515625
2.6103515625
2.6103515625
2.6103515625
2.6103515625
2.6103515625
2.6103515625
2.6103515625
2.6103515625
2.6103515625
2.6103515625
2.6103515625
2.6103515625
2.6103515625
2.6103515625
2.6103515625
2.6103515625
2.6135742187499997
2.6103515625
2.6103515625
2.6103515625
2.6103515625
2.6103515625
2.6103515625
2.6135742187499997
2.6103515625
2.6103515625
2.6103515625
2.6103515625
2.6103515625
2.6135742187499997
2.6103515625
2.6103515625
2.6135742187499997
2.6103515625
2.6135742187499997
2.6135742187499997
2.6135742187499997
2.6103515625
2.6103515625
2.6103515625
2.6103515625
2.6103515625
2.6103515625
2.6103515625
2.6103515625
2.6103515625
2.6135742187499997
2.6135742187499997
2.6135742187499997
2.6135742187499997
2.6103515625
2.6135742187499997
2.6103515625
2.6103515625
2.6103515625
2.6103515625
2.6103515625
2.6135742187499997
2.6103515625
2.6103515625
2.6103515625
2.6103515625
2.6103515625
2.6103515625
2.6103515625
2.6103515625
2.6135742187499997
2.6103515625
2.6103515625
2.6103515625
2.6103515625
2.6103515625
2.6135742187499997
2.6103515625
2.6103515625
2.6103515625
2.6103515625
2.6135742187499997
2.6103515625
2.6103515625
2.6103515625
2.6135742187499997
2.6135742187499997
2.6135742187499997
2.6135742187499997
2.6103515625
2.6103515625
2.6135742187499997
2.6135742187499997
2.6103515625
2.6103515625
2.6103515625
2.6135742187499997
2.6103515625
2.6103515625
2.6103515625
2.6103515625
2.6103515625
2.6103515625
2.6103515625
2.6135742187499997
2.6135742187499997
2.6135742187499997
2.6135742187499997
2.6103515625
2.6103515625
2.6135742187499997
2.6103515625
2.6135742187499997
2.6135742187499997
2.6103515625
2.6135742187499997
2.6103515625
2.6135742187499997
2.6103515625
2.6103515625
2.6103515625
2.6135742187499997
2.6103515625
2.6103515625
2.6103515625
2.6103515625
2.6135742187499997
2.6103515625
2.6103515625
2.6135742187499997
2.6103515625
2.6103515625
2.6103515625
2.6103515625
2.6103515625
2.6103515625
2.6103515625
2.6103515625
2.6103515625
2.6103515625
2.6103515625
2.6103515625
2.6103515625
2.6103515625
2.6103515625
2.6135742187499997
2.6103515625
2.6103515625
2.6103515625
2.6103515625
2.6103515625
2.6103515625
2.6103515625
2.6135742187499997
2.6103515625
2.6135742187499997
2.6103515625
2.6135742187499997
2.6135742187499997
2.6135742187499997
2.6135742187499997
2.6103515625
2.6135742187499997
2.6135742187499997
2.6135742187499997
2.6103515625
2.6135742187499997
2.6103515625
2.6103515625
2.6135742187499997
2.6135742187499997
2.6103515625
2.6103515625
2.6103515625
2.6103515625
2.6135742187499997
2.6103515625
2.6103515625
2.6103515625
2.6103515625
2.6135742187499997
2.6103515625
2.6135742187499997
2.6135742187499997
2.6135742187499997
2.6103515625
2.6103515625
2.6135742187499997
2.6135742187499997
2.6103515625
2.6135742187499997
2.6103515625
2.6103515625
2.6135742187499997
2.6103515625
2.6103515625
2.6103515625
2.6103515625
2.6103515625
2.6103515625
2.6103515625
2.6103515625
2.6103515625
2.6103515625
2.6103515625
2.6135742187499997
2.6135742187499997
2.6103515625
2.6103515625
2.6103515625
2.6103515625
2.6103515625
2.6103515625
2.6103515625
2.6103515625
2.6103515625
2.6103515625
2.6135742187499997
2.6103515625
2.6103515625
2.6103515625
2.6103515625
2.6103515625
2.6103515625
2.6103515625
2.6135742187499997
2.6103515625
2.6103515625
2.6103515625
2.6103515625
2.6135742187499997
2.6103515625
2.6103515625
2.6103515625
2.6135742187499997
2.6103515625
2.6103515625
2.6103515625
2.6103515625
2.6103515625
2.6103515625
2.6103515625
2.6103515625
2.6103515625
2.6103515625
2.6103515625
2.6103515625
2.6103515625
2.6103515625
2.6103515625
2.6103515625
2.6103515625
2.6103515625
2.6103515625
2.6103515625
2.6103515625
2.6103515625
2.6103515625
2.6135742187499997
2.6103515625
2.6103515625
2.6135742187499997
2.6103515625
2.6103515625
2.6103515625
2.6103515625
2.6103515625
2.6103515625
2.6103515625
2.6103515625
2.6103515625
2.6103515625
2.6103515625
2.6103515625
2.6103515625
2.6103515625
2.6103515625
2.6103515625
2.6135742187499997
2.6103515625
2.6103515625
2.6103515625
2.6103515625
2.6103515625
2.6103515625
2.6103515625
2.6103515625
2.6103515625
2.6103515625
2.6103515625
2.6103515625
2.6135742187499997
2.6103515625
2.6103515625
2.6103515625
2.6135742187499997
2.6103515625
2.6103515625
2.6103515625
2.6103515625
2.6103515625
2.6103515625
2.6103515625
2.6103515625
2.6103515625
2.6103515625
2.6103515625
2.6103515625
2.6103515625
2.6103515625
2.6103515625
2.6103515625
2.6135742187499997
2.6103515625
2.6103515625
2.6135742187499997
2.6103515625
2.6103515625
2.6103515625
2.6103515625
2.6103515625
2.6103515625
2.6103515625
2.6135742187499997
2.6103515625
2.6103515625
2.6103515625
2.6103515625
2.6103515625
2.6103515625
2.6103515625
2.6103515625
2.6103515625
2.6103515625
2.6103515625
2.6103515625
2.6135742187499997
2.6103515625
2.6135742187499997
2.6103515625
2.6103515625
2.6103515625
2.6103515625
2.6103515625
2.6103515625
1.791796875
1.16337890625
1.9271484374999999
2.101171875
2.1301757812499997
2.14306640625
2.2268554687499997
2.281640625
2.33642578125
2.3654296875
2.36220703125
2.333203125
2.3074218749999997
2.30419921875
2.3009765625
2.28486328125
2.30419921875
2.31064453125
2.3203125
2.30419921875
2.3074218749999997
2.29775390625
2.2913085937499997
2.2880859375
2.29453125
2.29453125
2.29453125
2.3009765625
2.29453125
2.2913085937499997
2.29453125
2.2880859375
2.2880859375
2.29453125
2.30419921875
2.29453125
2.29453125
2.3009765625
2.27197265625
2.3009765625
2.30419921875
2.2880859375
2.28486328125
2.2913085937499997
2.29453125
2.28486328125
2.29453125
2.2913085937499997
2.29453125
2.28486328125
2.29453125
2.29775390625
2.29775390625
2.28486328125
2.29453125
2.29775390625
2.3009765625
2.2880859375
2.2913085937499997
2.3074218749999997
2.29453125
2.2913085937499997
2.29453125
2.29453125
2.29453125
2.29453125
2.2880859375
2.29775390625
2.29453125
2.29775390625
2.29775390625
2.30419921875
2.29775390625
2.3009765625
2.29453125
2.28486328125
2.075390625
1.92392578125
2.08828125
2.1076171875
2.08828125
2.075390625
2.07861328125
2.0979492187499997
2.10439453125
2.10439453125
2.11083984375
2.11083984375
2.1076171875
2.1076171875
2.1076171875
2.101171875
2.1076171875
2.101171875
2.10439453125
2.10439453125
2.1076171875
2.10439453125
2.10439453125
2.10439453125
2.10439453125
2.10439453125
2.101171875
2.10439453125
2.1076171875
2.101171875
2.1076171875
2.101171875
2.101171875
2.09150390625
2.101171875
2.1076171875
2.1076171875
2.0979492187499997
2.10439453125
2.101171875
2.11083984375
2.1076171875
2.10439453125
2.101171875
2.101171875
2.1076171875
2.1076171875
2.0979492187499997
2.10439453125
2.1076171875
2.10439453125
2.10439453125
2.1076171875
2.1076171875
2.1076171875
2.10439453125
2.10439453125
2.1076171875
2.1076171875
2.10439453125
2.11083984375
2.10439453125
2.0979492187499997
2.1076171875
2.1076171875
2.10439453125
2.1333984375
2.5330078124999997
2.37509765625
2.2365234375
2.3138671875
2.3396484374999997
2.33642578125
2.31064453125
2.28486328125
2.2913085937499997
2.28486328125
2.29775390625
2.29453125
2.30419921875
2.2913085937499997
2.30419921875
2.30419921875
2.30419921875
2.3009765625
2.29775390625
2.2913085937499997
2.3009765625
2.30419921875
2.30419921875
2.30419921875
2.31064453125
2.29453125
2.3009765625
2.3009765625
2.3009765625
2.29453125
2.3009765625
2.3138671875
2.2913085937499997
2.3009765625
2.3009765625
2.3009765625
2.3009765625
2.29453125
2.30419921875
2.29453125
2.29453125
2.3009765625
2.3074218749999997
2.30419921875
2.2913085937499997
2.30419921875
2.3074218749999997
2.3009765625
2.2880859375
2.2913085937499997
2.29775390625
2.2913085937499997
2.3009765625
2.30419921875
2.29775390625
2.29453125
2.281640625
2.3009765625
2.30419921875
2.30419921875
2.29775390625
2.29775390625
2.29453125
2.3009765625
2.29453125
2.39765625
3.3
3.3
0.93779296875
3.3
3.3
0.90556640625
2.36220703125
3.3
1.3599609375
2.0496093749999997
3.3
2.07861328125
2.0431640625
3.3
2.2590820312499997
1.69189453125
3.3
2.45888671875
1.6564453124999998
3.3
2.8552734374999997
1.88525390625
3.21943359375
2.94873046875
1.8240234375
2.8391601562499997
2.92939453125
1.92392578125
2.7489257812499996
3.1259765625
2.18173828125
2.6780273437499997
3.08408203125
2.1946289062499997
2.4556640625
2.98740234375
2.3203125
2.43955078125
3.0325195312499997
2.5007812499999997
2.4298828125
2.9519531249999997
2.52978515625
2.34287109375
2.8391601562499997
2.591015625
2.3654296875
2.8230468749999997
2.69091796875
2.410546875
2.7650390624999996
2.7005859374999996
2.3879882812499997
2.6683593749999996
2.70703125
2.42666015625
2.6522460937499996
2.76181640625
2.4943359375
2.6232421875
2.7392578125
2.4943359375
2.5652343749999997
2.7166992187499996
2.52978515625
2.56845703125
2.7328124999999996
2.5813476562499997
2.5587890625
2.70703125
2.5813476562499997
2.5330078124999997
2.6748046875
2.6039062499999996
2.5458984375
2.6748046875
2.6361328124999996
2.5555664062499996
2.6522460937499996
2.63291015625
2.55234375
2.6296874999999997
2.63935546875
2.56201171875
2.6232421875
2.6522460937499996
2.578125
2.616796875
2.642578125
2.57490234375
2.5974609374999997
2.63935546875
2.591015625
2.60068359375
2.6458007812499997
2.60068359375
2.59423828125
2.6361328124999996
2.5974609374999997
2.591015625
2.6296874999999997
2.6103515625
2.59423828125
2.6296874999999997
2.616796875
2.59423828125
2.6200195312499996
2.6135742187499997
2.591015625
2.616796875
2.616796875
2.5974609374999997
2.616796875
2.6200195312499996
2.5974609374999997
2.6135742187499997
2.616796875
2.5974609374999997
2.60712890625
2.6200195312499996
2.6039062499999996
2.6103515625
2.6200195312499996
2.6103515625
2.60712890625
2.616796875
2.60712890625
2.6039062499999996
2.616796875
2.6103515625
2.60712890625
2.616796875
2.6135742187499997
2.6039062499999996
2.6135742187499997
2.6135742187499997
2.6039062499999996
2.6135742187499997
2.6135742187499997
2.6103515625
2.6135742187499997
2.6135742187499997
2.6103515625
2.6103515625
2.6135742187499997
2.6103515625
2.6103515625
2.6135742187499997
2.6103515625
2.6103515625
2.6135742187499997
2.6103515625
2.6103515625
2.6135742187499997
2.6103515625
2.6103515625
2.6135742187499997
2.6103515625
2.6103515625
2.6135742187499997
2.6103515625
2.6103515625
2.6103515625
2.6103515625
2.6103515625
2.6103515625
2.6103515625
2.6103515625
2.6103515625
2.6135742187499997
2.6103515625
2.6103515625
2.6103515625
2.6103515625
2.6103515625
2.6135742187499997
2.6103515625
2.6103515625
2.6103515625
2.6103515625
2.6103515625
2.6103515625
2.6103515625
2.6103515625
2.6103515625
2.6103515625
2.6103515625
2.6103515625
2.6103515625
2.6103515625
2.6103515625
2.6103515625
2.6103515625
2.6103515625
2.6103515625
2.6103515625
2.6103515625
2.6103515625
2.6103515625
2.6103515625
2.6103515625
2.6103515625
2.6135742187499997
2.6103515625
2.6103515625
2.6103515625
2.6103515625
2.6103515625
2.6103515625
2.6103515625
2.6103515625
2.6103515625
2.6103515625
2.6103515625
2.6103515625
2.6103515625
2.6103515625
2.6103515625
2.6135742187499997
2.6103515625
2.6103515625
2.6103515625
2.6103515625
2.6103515625
2.6135742187499997
2.6103515625
2.6103515625
2.6103515625
2.6103515625
2.6103515625
2.6103515625
2.6103515625
2.6103515625
2.6103515625
2.6103515625
2.6103515625
2.6103515625
2.6103515625
2.6103515625
2.6103515625
2.6103515625
2.6103515625
2.6103515625
2.6103515625
2.6103515625
2.6103515625
2.6103515625
2.6103515625
2.6103515625
2.6103515625
2.6103515625
2.6103515625
2.6103515625
2.6103515625
2.6135742187499997
2.6103515625
2.6103515625
2.6103515625
2.6103515625
2.6103515625
2.6103515625
2.6135742187499997
2.6103515625
2.6103515625
2.6103515625
2.6103515625
2.6103515625
2.6103515625
2.6103515625
2.6103515625
2.6103515625
2.6103515625
2.6103515625
2.6103515625
2.6103515625
2.6103515625
2.6103515625
2.6103515625
2.6103515625
2.6103515625
2.6103515625
2.6103515625
2.6103515625
2.6103515625
2.6103515625
2.6103515625
2.6103515625
2.6103515625
2.6103515625
2.6103515625
2.6103515625
2.6103515625
2.6103515625
2.6103515625
2.6135742187499997
2.6103515625
2.6103515625
2.6103515625
2.6103515625
2.6103515625
2.6103515625
2.6103515625
2.6103515625
2.6103515625
2.6103515625
2.6103515625
2.6103515625
2.6135742187499997
2.6103515625
2.6103515625
2.6103515625
2.6103515625
2.6103515625
2.6103515625
2.6103515625
2.6103515625
2.6103515625
2.6103515625
2.6103515625
2.6103515625
2.6103515625
2.6103515625
2.6103515625
2.6103515625
2.6103515625
2.6103515625
2.6135742187499997
2.6103515625
2.6103515625
2.6103515625
2.6103515625
2.6103515625
2.6103515625
2.6135742187499997
2.6135742187499997
2.6103515625
2.6135742187499997
2.6103515625
2.6103515625
2.6103515625
2.6103515625
2.6135742187499997
2.6103515625
2.6103515625
2.6103515625
2.6103515625
2.6103515625
2.6103515625
2.6103515625
2.6103515625
2.6103515625
2.6135742187499997
2.6103515625
2.6103515625
2.6103515625
2.6135742187499997
2.6103515625
2.6103515625
2.6103515625
2.6103515625
2.6103515625
2.6103515625
2.6103515625
2.6103515625
2.6103515625
2.6103515625
2.6103515625
2.6103515625
2.6103515625
2.6103515625
2.6103515625
2.6103515625
2.6103515625
2.6103515625
2.6103515625
2.6103515625
2.6103515625
2.6103515625
2.6103515625
2.6103515625
2.6103515625
2.6103515625
2.6103515625
2.6103515625
2.6103515625
2.6103515625
2.6103515625
2.6103515625
2.6103515625
2.6103515625
2.6103515625
2.6103515625
2.6103515625
2.6135742187499997
2.6103515625
2.6103515625
2.6103515625
2.6103515625
2.6103515625
2.6103515625
2.6103515625
2.6103515625
2.6103515625
2.6103515625
2.6103515625
2.6135742187499997
2.6103515625
2.6103515625
2.6103515625
2.6103515625
2.6103515625
2.6135742187499997
2.6103515625
2.6103515625
2.6103515625
2.6103515625
2.6103515625
2.6103515625
2.6103515625
2.6103515625
2.6103515625
2.6103515625
2.6103515625
2.6103515625
2.6103515625
2.6103515625
2.6103515625
2.6103515625
2.6103515625
2.6103515625
2.6103515625
2.6103515625
2.6103515625
2.6103515625
2.6103515625
2.6103515625
2.6135742187499997
2.6103515625
2.6103515625
2.6103515625
2.6103515625
2.6103515625
2.6103515625
2.6103515625
2.6103515625
2.6103515625
2.6103515625
2.6103515625
2.6103515625
2.6103515625
2.6103515625
2.6103515625
2.6103515625
2.6103515625
2.6103515625
2.6103515625
2.6103515625
2.6103515625
2.6103515625
2.6103515625
2.6103515625
2.6103515625
2.6103515625
2.6103515625
2.6103515625
2.6103515625
2.6103515625
2.6103515625
2.6103515625
2.6103515625
2.6103515625
2.6103515625
2.6103515625
2.6103515625
2.6103515625
2.6103515625
2.6103515625
2.6135742187499997
2.6103515625
2.6103515625
2.6103515625
2.6103515625
2.6103515625
2.6103515625
2.6103515625
2.6103515625
2.6103515625
2.6103515625
2.6103515625
2.6103515625
2.6103515625
2.6103515625
2.6103515625
2.6103515625
2.6103515625
2.6103515625
2.6103515625
2.6135742187499997
2.6103515625
2.6103515625
2.6103515625
2.6103515625
2.6103515625
2.6103515625
2.6103515625
2.6135742187499997
2.6103515625
2.6103515625
2.6135742187499997
2.6103515625
2.6103515625
2.6135742187499997
2.6103515625
2.6103515625
2.6103515625
2.6103515625
2.6103515625
2.6103515625
2.6103515625
2.6103515625
2.6103515625
2.6103515625
2.6103515625
2.6103515625
2.6103515625
2.6103515625
2.6103515625
2.6103515625
2.6103515625
2.6103515625
2.6103515625
2.6103515625
2.6103515625
2.6103515625
2.6103515625
2.6103515625
2.6103515625
2.6103515625
2.6103515625
2.6103515625
2.6103515625
2.6135742187499997
2.6103515625
2.6103515625
2.6103515625
2.6103515625
2.6103515625
2.6103515625
2.6103515625
2.6103515625
2.6103515625
2.6103515625
2.6103515625
2.6103515625
2.6103515625
2.6103515625
2.6103515625
2.6103515625
2.6103515625
2.6135742187499997
2.6103515625
2.6103515625
2.6103515625
2.6135742187499997
2.6103515625
2.6103515625
2.6103515625
2.6103515625
2.6103515625
2.6103515625
2.6103515625
2.6103515625
2.6103515625
2.6103515625
2.6103515625
2.6103515625
2.6103515625
2.6103515625
2.6103515625
2.6103515625
2.6103515625
2.6103515625
2.6103515625
2.6103515625
2.6103515625
2.6103515625
2.6103515625
2.6103515625
2.6103515625
2.6103515625
2.6103515625
2.6103515625
2.6103515625
2.6103515625
2.6103515625
2.6103515625
2.6103515625
2.6103515625
2.6103515625
2.6103515625
2.6103515625
2.6135742187499997
2.6103515625
2.6103515625
2.6103515625
2.6103515625
2.6103515625
2.6103515625
2.6103515625
2.6103515625
2.6103515625
2.6103515625
2.6103515625
2.6103515625
2.6103515625
2.6103515625
2.6103515625
2.6135742187499997
2.6103515625
2.6103515625
2.6103515625
2.6135742187499997
2.6135742187499997
2.6103515625
2.6103515625
2.6103515625
2.6103515625
2.6103515625
2.6103515625
2.6103515625
2.6103515625
2.6103515625
2.6103515625
2.6103515625
2.6103515625
2.6135742187499997
2.6103515625
2.6103515625
2.6103515625
2.6103515625
2.6103515625
2.6103515625
2.6103515625
2.6103515625
2.6103515625
2.6103515625
2.6135742187499997
2.6135742187499997
2.6103515625
2.6103515625
2.6135742187499997
2.6103515625
2.6103515625
2.6103515625
2.6103515625
2.6103515625
2.6103515625
2.6103515625
2.6135742187499997
2.6135742187499997
2.6103515625
2.6103515625
2.6103515625
2.6103515625
2.6135742187499997
2.6103515625
2.6103515625
2.6103515625
2.6103515625
2.6103515625
2.6103515625
2.6103515625
2.6103515625
2.6135742187499997
2.6103515625
2.6103515625
2.6135742187499997
2.6103515625
2.6103515625
2.6103515625
2.6103515625
2.6103515625
2.6103515625
2.6103515625
2.6103515625
2.6103515625
2.6103515625
2.6103515625
2.6103515625
2.6103515625
2.6103515625
2.6103515625
2.6103515625
2.6103515625
2.6103515625
2.6103515625
2.6103515625
2.6103515625
2.6103515625
2.6103515625
2.6103515625
2.6103515625
2.6103515625
2.6103515625
2.6103515625
2.6103515625
2.6103515625
2.6103515625
2.6103515625
2.6103515625
2.6103515625
2.6135742187499997
2.6103515625
2.6103515625
2.6103515625
2.6103515625
2.6103515625
2.6103515625
2.6103515625
2.6103515625
2.6103515625
2.6103515625
2.6103515625
2.6103515625
2.6103515625
2.6103515625
2.6103515625
2.6103515625
2.6103515625
2.6103515625
2.6103515625
2.6135742187499997
2.6103515625
2.6103515625
2.6103515625
2.6103515625
2.6103515625
2.6103515625
2.6103515625
2.6103515625
2.6103515625
2.6135742187499997
2.6103515625
2.6103515625
2.6103515625
2.6103515625
2.6103515625
2.6103515625
2.6103515625
2.6103515625
2.6103515625
2.6103515625
2.6103515625
2.6103515625
2.6103515625
2.6103515625
2.6103515625
2.6103515625
2.6103515625
2.6103515625
2.6103515625
2.6103515625
2.6103515625
2.6103515625
2.6103515625
2.6103515625
2.6103515625
2.6103515625
2.6103515625
2.6103515625
2.6103515625
2.6103515625
2.6103515625
2.6103515625
2.6103515625
2.6103515625
2.6103515625
2.6103515625
2.6103515625
2.6103515625
2.6103515625
2.6103515625
2.6103515625
2.6103515625
2.6103515625
2.6103515625
2.6103515625
2.6103515625
2.6103515625
2.6103515625
2.6103515625
2.6103515625
2.6103515625
2.6103515625
2.6103515625
2.6103515625
2.6103515625
2.6103515625
2.6103515625
2.6103515625
2.6103515625
2.6103515625
2.6103515625
2.6103515625
2.6103515625
2.6103515625
2.6103515625
2.6103515625
2.6103515625
2.6103515625
2.6103515625
2.6103515625
2.6103515625
2.6103515625
2.6103515625
2.6103515625
2.6103515625
2.6103515625
2.6103515625
2.6103515625
2.6103515625
2.6103515625
2.6103515625
2.6103515625
2.6103515625
2.6103515625
2.6103515625
2.6103515625
2.6103515625
2.6103515625
2.6103515625
2.6103515625
2.6103515625
2.6103515625
2.6103515625
2.6103515625
2.6103515625
2.6103515625
2.6103515625
2.6103515625
2.6103515625
2.6103515625
2.6103515625
2.6103515625
2.6103515625
2.6103515625
2.6103515625
2.6103515625
2.6103515625
2.6103515625
2.6103515625
2.6103515625
2.6103515625
2.6103515625
2.6103515625
2.6103515625
2.6103515625
2.6103515625
2.6103515625
2.6103515625
2.6103515625
2.6103515625
2.6103515625
2.6103515625
2.6103515625
2.6103515625
2.6103515625
2.6103515625
2.6103515625
2.6103515625
2.6103515625
2.6103515625
2.6103515625
2.6103515625
2.6103515625
2.6103515625
2.6103515625
2.6103515625
2.6103515625
2.6103515625
2.6103515625
2.6103515625
2.6103515625
2.6103515625
2.6103515625
2.6103515625
2.6103515625
2.6103515625
2.6103515625
2.6103515625
2.6103515625
2.6135742187499997
2.6103515625
2.6103515625
2.6135742187499997
2.6135742187499997
2.6103515625
2.6103515625
2.6135742187499997
2.6103515625
2.6135742187499997
2.6103515625
2.6135742187499997
2.6103515625
2.6103515625
2.6103515625
2.6103515625
2.6103515625
2.6103515625
2.6103515625
2.6103515625
2.6135742187499997
2.6103515625
2.6103515625
2.6103515625
2.6103515625
2.6103515625
2.6103515625
2.6103515625
2.6103515625
2.6103515625
2.6103515625
2.6103515625
2.6103515625
2.6103515625
2.6103515625
2.6103515625
2.6135742187499997
2.6103515625
2.6103515625
2.6103515625
2.6103515625
2.6103515625
2.6103515625
2.6103515625
2.6103515625
2.6103515625
2.6103515625
2.6103515625
2.6135742187499997
2.6103515625
2.6103515625
2.6103515625
2.6103515625
2.6103515625
2.6135742187499997
2.6103515625
2.6103515625
2.6103515625
2.6103515625
2.6103515625
2.6103515625
2.6103515625
2.6103515625
2.6103515625
2.6103515625
2.6103515625
2.6103515625
2.6103515625
2.6103515625
2.6103515625
2.6135742187499997
2.6135742187499997
2.6103515625
2.6103515625
2.6103515625
2.6103515625
2.6103515625
2.6103515625
2.6135742187499997
2.6103515625
2.6103515625
2.6103515625
2.6103515625
2.6103515625
2.6103515625
2.6103515625
2.6103515625
2.6103515625
2.6103515625
2.6103515625
2.6103515625
2.6103515625
2.6103515625
2.6103515625
2.6103515625
2.6103515625
2.6103515625
2.6103515625
2.6103515625
2.6103515625
2.6103515625
2.6103515625
2.6103515625
2.6103515625
2.6103515625
2.6103515625
2.6103515625
2.6103515625
2.6103515625
2.6103515625
2.6135742187499997
2.6103515625
2.6103515625
2.6103515625
2.6103515625
2.6103515625
2.6103515625
2.6103515625
2.6103515625
2.6103515625
2.6103515625
2.6103515625
2.6103515625
2.6103515625
2.6103515625
2.6103515625
2.6103515625
2.6103515625
2.6103515625
2.6103515625
2.6103515625
2.6103515625
2.6103515625
2.6103515625
2.6103515625
2.6103515625
2.6103515625
2.6103515625
2.6103515625
2.6103515625
2.6103515625
2.6103515625
2.6103515625
2.6103515625
2.6103515625
2.6103515625
2.6135742187499997
2.6103515625
2.6103515625
2.6103515625
2.6103515625
2.6135742187499997
2.6103515625
2.6103515625
2.6103515625
2.6135742187499997
2.6103515625
2.6103515625
2.6103515625
2.6135742187499997
2.6103515625
2.6135742187499997
2.6103515625
2.6103515625
2.6103515625
2.6103515625
2.6103515625
2.6103515625
2.6135742187499997
2.6103515625
2.6103515625
2.6103515625
2.6103515625
2.6103515625
2.6103515625
2.6103515625
2.6103515625
2.6135742187499997
2.6103515625
2.6103515625
2.6103515625
2.6103515625
2.6103515625
2.6103515625
2.6103515625
2.6103515625
2.6103515625
2.6103515625
2.6103515625
2.6103515625
2.6103515625
2.6103515625
2.6103515625
2.6103515625
2.6103515625
2.6103515625
2.6103515625
2.6103515625
2.6103515625
2.6103515625
2.6103515625
2.6103515625
2.6103515625
2.6103515625
2.6103515625
2.6103515625
2.6103515625
2.6103515625
2.6103515625
2.6103515625
2.6103515625
2.6103515625
2.6103515625
2.6103515625
2.6103515625
2.6135742187499997
2.6103515625
2.6103515625
2.6103515625
2.6103515625
2.6103515625
2.6103515625
2.6103515625
2.6103515625
2.6103515625
2.6103515625
2.6103515625
2.6103515625
2.6103515625
2.6103515625
2.6103515625
2.6103515625
2.6103515625
2.6103515625
2.6103515625
2.6103515625
2.6103515625
2.6103515625
2.6103515625
2.6103515625
2.6103515625
2.6103515625
2.6103515625
2.6103515625
2.6103515625
2.6103515625
2.6135742187499997
2.6103515625
2.6103515625
2.6135742187499997
2.6103515625
2.6103515625
2.6103515625
2.6103515625
2.6103515625
2.6103515625
2.6103515625
2.6103515625
2.6103515625
2.6103515625
2.6103515625
2.6103515625
2.6103515625
2.6103515625
2.6103515625
2.6103515625
2.6103515625
2.6103515625
2.6103515625
2.6103515625
2.6103515625
2.6135742187499997
2.6103515625
2.6103515625
2.6103515625
2.6103515625
2.6103515625
2.6103515625
2.6103515625
2.6103515625
2.6103515625
2.6103515625
2.6103515625
2.6103515625
2.6103515625
2.6103515625
2.6103515625
2.6103515625
2.6103515625
2.6103515625
2.6103515625
2.6103515625
2.6103515625
2.6135742187499997
2.6103515625
2.6103515625
2.6103515625
2.6103515625
2.6135742187499997
2.6135742187499997
2.6103515625
2.6135742187499997
2.6135742187499997
2.6103515625
2.6103515625
2.6103515625
2.6103515625
2.6103515625
2.6103515625
2.6103515625
2.6103515625
2.6103515625
2.6103515625
2.6103515625
2.6103515625
2.6103515625
2.6103515625
2.6103515625
2.6103515625
2.6103515625
2.6103515625
2.6103515625
2.6103515625
2.6135742187499997
2.6103515625
2.6103515625
2.6103515625
2.6135742187499997
2.6103515625
2.6103515625
2.6103515625
2.6135742187499997
2.6103515625
2.6103515625
2.6103515625
2.6103515625
2.6103515625
2.6103515625
2.6103515625
2.6103515625
2.6135742187499997
2.6103515625
2.6135742187499997
2.6103515625
2.6103515625
2.6103515625
2.6103515625
2.6103515625
2.6103515625
2.6103515625
2.6103515625
2.6103515625
2.6103515625
2.6103515625
2.6103515625
2.6103515625
2.6103515625
2.6103515625
2.6103515625
2.6135742187499997
2.6103515625
2.6103515625
2.6135742187499997
2.6103515625
2.6135742187499997
2.6135742187499997
2.6103515625
2.6103515625
2.6135742187499997
2.6135742187499997
2.6103515625
2.6135742187499997
2.6135742187499997
2.6103515625
2.6103515625
2.6135742187499997
2.6135742187499997
2.6103515625
2.6103515625
2.6135742187499997
2.6103515625
2.6103515625
2.6103515625
2.6103515625
2.6103515625
2.6103515625
2.6103515625
2.6103515625
2.6135742187499997
2.6135742187499997
2.6103515625
2.6135742187499997
2.6103515625
2.6135742187499997
2.6103515625
2.6103515625
2.6103515625
2.6103515625
2.6103515625
2.6103515625
2.6135742187499997
2.6103515625
2.6103515625
2.6103515625
2.6103515625
2.6103515625
2.6103515625
2.6103515625
2.6103515625
2.6135742187499997
2.6103515625
2.6103515625
2.6103515625
2.6103515625
2.6103515625
2.6103515625
2.6103515625
2.6103515625
2.6103515625
2.6103515625
2.6103515625
2.6103515625
2.6103515625
2.6135742187499997
2.6135742187499997
2.6103515625
2.6103515625
2.6103515625
2.6103515625
2.6103515625
2.6103515625
2.6103515625
2.6103515625
2.6103515625
2.6103515625
2.6103515625
2.6135742187499997
2.6103515625
2.6135742187499997
2.6103515625
2.6135742187499997
2.6135742187499997
2.6103515625
2.6103515625
2.6103515625
2.6103515625
2.6103515625
2.6135742187499997
2.6103515625
2.6135742187499997
2.6103515625
2.6103515625
2.6103515625
2.6103515625
2.6103515625
2.6103515625
2.6103515625
2.6103515625
2.6103515625
2.6103515625
2.6135742187499997
2.6103515625
2.6135742187499997
2.6103515625
2.6103515625
2.6135742187499997
2.6103515625
2.6103515625
2.6135742187499997
2.6135742187499997
2.6135742187499997
2.6135742187499997
2.6135742187499997
2.6103515625
2.6135742187499997
2.6135742187499997
2.6135742187499997
2.6103515625
2.6103515625
2.6103515625
2.6135742187499997
2.6103515625
2.6103515625
2.6103515625
2.6103515625
2.6103515625
2.6103515625
2.6103515625
2.6103515625
2.6103515625
2.6103515625
2.6103515625
2.6103515625
2.6103515625
2.6103515625
2.6103515625
2.6103515625
2.6103515625
2.6103515625
2.6135742187499997
2.6103515625
2.6103515625
2.6103515625
2.6103515625
2.6103515625
2.6103515625
2.6103515625
2.6103515625
2.6103515625
2.6103515625
2.6103515625
2.6135742187499997
2.6103515625
2.6103515625
2.6103515625
2.6103515625
2.6103515625
2.6103515625
2.6135742187499997
2.6103515625
2.6103515625
2.6103515625
2.6103515625
2.6135742187499997
2.6103515625
2.6103515625
2.6135742187499997
2.6135742187499997
2.6103515625
2.6103515625
2.6135742187499997
2.6135742187499997
2.6135742187499997
2.6135742187499997
2.6103515625
2.6103515625
2.6103515625
2.6103515625
2.6103515625
2.6103515625
2.6135742187499997
2.6135742187499997
2.6103515625
2.6103515625
2.6103515625
2.6103515625
2.6135742187499997
2.6103515625
2.6103515625
2.6103515625
2.6135742187499997
2.6103515625
2.6135742187499997
2.6135742187499997
2.6103515625
2.6103515625
2.6103515625
2.6135742187499997
2.6103515625
2.6135742187499997
2.6135742187499997
2.6135742187499997
2.6103515625
2.6103515625
2.6103515625
2.6103515625
2.6135742187499997
2.6103515625
2.6103515625
2.6103515625
2.6103515625
2.6103515625
2.6135742187499997
2.6135742187499997
2.6103515625
2.6135742187499997
2.6103515625
2.6135742187499997
2.6103515625
2.6103515625
2.6103515625
2.6103515625
2.6103515625
2.6103515625
2.6103515625
2.6103515625
2.6135742187499997
2.6135742187499997
2.6103515625
2.6103515625
2.6135742187499997
2.6135742187499997
2.6103515625
2.6103515625
2.6103515625
2.6135742187499997
2.6103515625
2.6135742187499997
2.6103515625
2.6103515625
2.6103515625
2.6103515625
2.6103515625
2.6135742187499997
2.6103515625
2.6103515625
2.6103515625
2.6103515625
2.6103515625
2.6135742187499997
2.6135742187499997
2.6103515625
2.6103515625
2.6103515625
2.6103515625
2.6103515625
2.6103515625
2.6103515625
2.6103515625
2.6103515625
2.6103515625
2.6103515625
2.6103515625
2.6103515625
2.6103515625
2.6103515625
2.6103515625
2.6103515625
2.6103515625
2.6103515625
2.6103515625
2.6103515625
2.6103515625
2.6103515625
2.6103515625
2.6103515625
2.6103515625
2.6103515625
2.6103515625
2.6103515625
2.6135742187499997
2.6103515625
2.6103515625
2.6135742187499997
2.6135742187499997
2.6103515625
2.6103515625
2.6103515625
2.6103515625
2.6103515625
2.6103515625
2.6103515625
2.6103515625
2.6103515625
2.6103515625
2.6103515625
2.6103515625
2.6103515625
2.6135742187499997
2.6103515625
2.6135742187499997
2.6103515625
2.6103515625
2.6103515625
2.6135742187499997
2.6103515625
2.6135742187499997
2.6103515625
2.6135742187499997
2.6135742187499997
2.6103515625
2.6103515625
2.6103515625
2.6103515625
2.6103515625
2.6103515625
2.6135742187499997
2.6103515625
2.6103515625
2.6103515625
2.6103515625
2.6103515625
2.6103515625
2.6103515625
2.6103515625
2.6103515625
2.6135742187499997
2.6135742187499997
2.6103515625
2.6103515625
2.6103515625
2.6103515625
2.6103515625
2.6103515625
2.6103515625
2.6103515625
2.6103515625
2.6103515625
2.6103515625
2.6103515625
2.6103515625
2.6103515625
2.6135742187499997
2.6103515625
2.6135742187499997
2.6103515625
2.6103515625
2.6103515625
2.6103515625
2.6103515625
2.18818359375
1.56298828125
1.6951171875
1.93681640625
2.1301757812499997
2.165625
2.2107421874999997
2.281640625
2.333203125
2.3718749999999997
2.34931640625
2.34609375
2.333203125
2.32998046875
2.3009765625
2.28486328125
2.31064453125
2.3138671875
2.3138671875
2.3235351562499997
2.333203125
2.3138671875
2.28486328125
2.29775390625
2.29453125
2.30419921875
2.3009765625
2.30419921875
2.2880859375
2.2913085937499997
2.30419921875
2.28486328125
2.29453125
2.3074218749999997
2.29453125
2.3074218749999997
2.3009765625
2.2913085937499997
2.29775390625
2.30419921875
2.2913085937499997
2.31064453125
2.3009765625
2.3009765625
2.3009765625
2.29453125
2.30419921875
2.3009765625
2.30419921875
2.31064453125
2.2913085937499997
2.30419921875
2.3074218749999997
2.29453125
2.3074218749999997
2.30419921875
2.3009765625
2.31064453125
2.31064453125
2.3138671875
2.3074218749999997
2.30419921875
2.31064453125
2.30419921875
2.29775390625
2.3009765625
2.30419921875
2.3009765625
2.31064453125
2.3074218749999997
2.3074218749999997
2.3074218749999997
2.3009765625
2.31064453125
2.31064453125
2.31064453125
2.29775390625
2.29453125
1.98193359375
1.9948242187499998
2.11083984375
2.1140624999999997
2.0979492187499997
2.07861328125
2.07861328125
2.11083984375
2.11728515625
2.11728515625
2.1140624999999997
2.11083984375
2.11728515625
2.1076171875
2.1140624999999997
2.1140624999999997
2.1076171875
2.11083984375
2.11728515625
2.1076171875
2.1140624999999997
2.11728515625
2.1076171875
2.1140624999999997
2.1076171875
2.1076171875
2.11083984375
2.1140624999999997
2.1140624999999997
2.11083984375
2.11083984375
2.1301757812499997
2.1301757812499997
2.1140624999999997
2.11728515625
2.11728515625
2.1140624999999997
2.11083984375
2.1076171875
2.1140624999999997
2.1205078125
2.1076171875
2.1140624999999997
2.126953125
2.1301757812499997
2.11728515625
2.126953125
2.1140624999999997
2.11728515625
2.1140624999999997
2.1205078125
2.1205078125
2.11083984375
2.126953125
2.126953125
2.11728515625
2.126953125
2.1140624999999997
2.11728515625
2.126953125
2.126953125
2.11728515625
2.11083984375
2.1333984375
2.1301757812499997
2.1301757812499997
2.126953125
2.11728515625
2.126953125
2.1301757812499997
2.1301757812499997
2.126953125
2.3718749999999997
3.3
2.5555664062499996
1.8336914062499998
3.2162109374999996
2.7972656249999996
2.230078125
2.57490234375
2.5201171875
2.34609375
2.5072265624999996
2.6135742187499997
2.578125
2.6200195312499996
2.63291015625
2.5845703125
2.5555664062499996
2.5330078124999997
2.5233398437499996
2.5265625
2.5458984375
2.56845703125
2.5813476562499997
2.591015625
2.578125
2.5555664062499996
2.53623046875
2.5330078124999997
2.54267578125
2.55234375
2.56845703125
2.57490234375
2.5716796874999996
2.56201171875
2.55234375
2.5458984375
2.55234375
2.55234375
2.5587890625
2.5587890625
2.5587890625
2.5587890625
2.5587890625
2.5555664062499996
2.5555664062499996
2.5555664062499996
2.5587890625
2.5587890625
2.5555664062499996
2.5555664062499996
2.5587890625
2.5555664062499996
2.5555664062499996
2.5587890625
2.5555664062499996
2.5555664062499996
2.5555664062499996
2.5555664062499996
2.5555664062499996
2.5555664062499996
2.5587890625
2.5555664062499996
2.5555664062499996
2.5587890625
2.5555664062499996
2.5587890625
2.5555664062499996
2.5587890625
2.5587890625
2.5555664062499996
2.5555664062499996
2.5587890625
2.55234375
2.5555664062499996
2.5587890625
2.5587890625
2.5555664062499996
2.5587890625
2.5587890625
2.5555664062499996
2.5587890625
2.56201171875
2.5652343749999997
3.3
3.27744140625
1.98193359375
2.9841796874999997
3.2258789062499997
1.8884765625
2.5458984375
3.09375
2.02705078125
2.513671875
3.23876953125
2.333203125
2.4911132812499996
3.15498046875
2.3654296875
2.29775390625
2.98095703125
2.4524414062499997
2.29453125
2.9841796874999997
2.6361328124999996
2.36865234375
2.92294921875
2.65869140625
2.2880859375
2.76181640625
2.6683593749999996
2.3267578125
2.75537109375
2.7908203124999997
2.42666015625
2.7102539062499997
2.76826171875
2.40087890625
2.591015625
2.7392578125
2.4524414062499997
2.59423828125
2.7908203124999997
2.5330078124999997
2.578125
2.75537109375
2.52978515625
2.5201171875
2.7166992187499996
2.5652343749999997
2.52978515625
2.7263671874999997
2.616796875
2.54267578125
2.69736328125
2.616796875
2.5168945312499997
2.6522460937499996
2.6232421875
2.5330078124999997
2.65546875
2.65869140625
2.5587890625
2.63935546875
2.6522460937499996
2.5458984375
2.60712890625
2.6458007812499997
2.56845703125
2.6135742187499997
2.6683593749999996
2.591015625
2.60068359375
2.6490234375
2.5813476562499997
2.5813476562499997
2.63935546875
2.5974609374999997
2.591015625
2.6458007812499997
2.6135742187499997
2.591015625
2.6361328124999996
2.6103515625
2.5813476562499997
2.6232421875
2.616796875
2.591015625
2.6232421875
2.6232421875
2.59423828125
2.6200195312499996
2.6200195312499996
2.591015625
2.6103515625
2.6200195312499996
2.5974609374999997
2.6135742187499997
2.6296874999999997
2.6039062499999996
2.6103515625
2.6200195312499996
2.60068359375
2.6039062499999996
2.6200195312499996
2.6103515625
2.60712890625
2.6200195312499996
2.6103515625
2.6039062499999996
2.616796875
2.6103515625
2.60068359375
2.6135742187499997
2.6135742187499997
2.60712890625
2.616796875
2.6135742187499997
2.60712890625
2.6135742187499997
2.6135742187499997
2.6039062499999996
2.6103515625
2.6135742187499997
2.6103515625
2.6135742187499997
2.6135742187499997
2.6103515625
2.6103515625
2.6135742187499997
2.6103515625
2.6103515625
2.6135742187499997
2.6103515625
2.6103515625
2.6135742187499997
2.6103515625
2.6103515625
2.6135742187499997
2.6103515625
2.6103515625
2.6135742187499997
2.6135742187499997
2.6103515625
2.6135742187499997
2.6135742187499997
2.6103515625
2.6135742187499997
2.6135742187499997
2.6103515625
2.6135742187499997
2.6135742187499997
2.6103515625
2.6103515625
2.6135742187499997
2.6103515625
2.6103515625
2.6103515625
2.6103515625
2.6103515625
2.6135742187499997
2.6103515625
2.6103515625
2.6135742187499997
2.6135742187499997
2.6103515625
2.6103515625
2.6103515625
2.6103515625
2.6103515625
2.6103515625
2.6103515625
2.6135742187499997
2.6103515625
2.6103515625
2.6103515625
2.6103515625
2.6103515625
2.6103515625
2.6103515625
2.6103515625
2.6135742187499997
2.6103515625
2.6103515625
2.6103515625
2.6103515625
2.6103515625
2.6103515625
2.6103515625
2.6103515625
2.6103515625
2.6135742187499997
2.6103515625
2.6103515625
2.6135742187499997
2.6103515625
2.6103515625
2.6103515625
2.6135742187499997
2.6103515625
2.6103515625
2.6103515625
2.6103515625
2.6103515625
2.6103515625
2.6103515625
2.6103515625
2.6103515625
2.6103515625
2.6103515625
2.6103515625
2.6103515625
2.6135742187499997
2.6103515625
2.6103515625
2.6103515625
2.6135742187499997
2.6103515625
2.6103515625
2.6103515625
2.6103515625
2.6103515625
2.6103515625
2.6103515625
2.6103515625
2.6103515625
2.6103515625
2.6103515625
2.6103515625
2.6103515625
2.6103515625
2.6103515625
2.6103515625
2.6103515625
2.6135742187499997
2.6103515625
2.6103515625
2.6103515625
2.6135742187499997
2.6135742187499997
2.6103515625
2.6103515625
2.6103515625
2.6103515625
2.6103515625
2.6103515625
2.6103515625
2.6135742187499997
2.6103515625
2.6103515625
2.6103515625
2.6103515625
2.6103515625
2.6103515625
2.6103515625
2.6103515625
2.6103515625
2.6103515625
2.6103515625
2.6103515625
2.6103515625
2.6103515625
2.6103515625
2.6103515625
2.6103515625
2.6103515625
2.6103515625
2.6103515625
2.6103515625
2.6103515625
2.6103515625
2.6103515625
2.6103515625
2.6103515625
2.6103515625
2.6103515625
2.6103515625
2.6135742187499997
2.6103515625
2.6103515625
2.6103515625
2.6135742187499997
2.6135742187499997
2.6103515625
2.6103515625
2.6103515625
2.6135742187499997
2.6103515625
2.6135742187499997
2.6103515625
2.6103515625
2.6103515625
2.6103515625
2.6103515625
2.6103515625
2.6103515625
2.6103515625
2.6103515625
2.6103515625
2.6103515625
2.6103515625
2.6103515625
2.6135742187499997
2.6103515625
2.6103515625
2.6103515625
2.6103515625
2.6103515625
2.6103515625
2.6135742187499997
2.6103515625
2.6103515625
2.6103515625
2.6103515625
2.6103515625
2.6103515625
2.6103515625
2.6103515625
2.6103515625
2.6103515625
2.6103515625
2.6103515625
2.6135742187499997
2.6103515625
2.6103515625
2.6103515625
2.6103515625
2.6103515625
2.6103515625
2.6103515625
2.6135742187499997
2.6103515625
2.6135742187499997
2.6135742187499997
2.6103515625
2.6103515625
2.6103515625
2.6103515625
2.6103515625
2.6103515625
2.6103515625
2.6103515625
2.6135742187499997
2.6103515625
2.6103515625
2.6103515625
2.6135742187499997
2.6103515625
2.6103515625
2.6103515625
2.6103515625
2.6103515625
2.6135742187499997
2.6103515625
2.6103515625
2.6135742187499997
2.6103515625
2.6135742187499997
2.6103515625
2.6103515625
2.6103515625
2.6103515625
2.6135742187499997
2.6103515625
2.6103515625
2.6103515625
2.6103515625
2.6103515625
2.6103515625
2.6103515625
2.6103515625
2.6103515625
2.6103515625
2.6103515625
2.6103515625
2.6103515625
2.6103515625
2.6103515625
2.6103515625
2.6103515625
2.6103515625
2.6103515625
2.6103515625
2.6135742187499997
2.6103515625
2.6103515625
2.6103515625
2.6103515625
2.6135742187499997
2.6103515625
2.6103515625
2.6103515625
2.6103515625
2.6103515625
2.6103515625
2.6103515625
2.6103515625
2.6103515625
2.6103515625
2.6103515625
2.6103515625
2.6103515625
2.6103515625
2.6103515625
2.6135742187499997
2.6103515625
2.6103515625
2.6103515625
2.6103515625
2.6103515625
2.6103515625
2.6135742187499997
2.6103515625
2.6103515625
2.6103515625
2.6103515625
2.6103515625
2.6103515625
2.6103515625
2.6103515625
2.6103515625
2.6103515625
2.6103515625
2.6103515625
2.6103515625
2.6103515625
2.6103515625
2.6103515625
2.6103515625
2.6103515625
2.6103515625
2.6103515625
2.6135742187499997
2.6103515625
2.6103515625
2.6103515625
2.6103515625
2.6103515625
2.6103515625
2.6103515625
2.6103515625
2.6103515625
2.6103515625
2.6103515625
2.6103515625
2.6103515625
2.6103515625
2.6103515625
2.6103515625
2.6103515625
2.6103515625
2.6103515625
2.6103515625
2.6103515625
2.6103515625
2.6103515625
2.6103515625
2.6103515625
2.6103515625
2.6103515625
2.6103515625
2.6135742187499997
2.6135742187499997
2.6103515625
2.6103515625
2.6103515625
2.6103515625
2.6103515625
2.6103515625
2.6135742187499997
2.6103515625
2.6103515625
2.6103515625
2.6103515625
2.6103515625
2.6103515625
2.6103515625
2.6103515625
2.6103515625
2.6103515625
2.6103515625
2.6135742187499997
2.6103515625
2.6103515625
2.6103515625
2.6103515625
2.6103515625
2.6103515625
2.6103515625
2.6103515625
2.6103515625
2.6103515625
2.6103515625
2.6103515625
2.6103515625
2.6103515625
2.6103515625
2.6103515625
2.6135742187499997
2.6103515625
2.6103515625
2.6103515625
2.6103515625
2.6103515625
2.6103515625
2.6103515625
2.6103515625
2.6103515625
2.6103515625
2.6103515625
2.6103515625
2.6103515625
2.6103515625
2.6103515625
2.6135742187499997
2.6103515625
2.6103515625
2.6103515625
2.6103515625
2.6103515625
2.6103515625
2.6135742187499997
2.6135742187499997
2.6103515625
2.6103515625
2.6103515625
2.6103515625
2.6103515625
2.6103515625
2.6103515625
2.6103515625
2.6103515625
2.6103515625
2.6103515625
2.6103515625
2.6103515625
2.6103515625
2.6103515625
2.6135742187499997
2.6103515625
2.6103515625
2.6135742187499997
2.6135742187499997
2.6103515625
2.6103515625
2.6103515625
2.6103515625
2.6103515625
2.6103515625
2.6103515625
2.6103515625
2.6103515625
2.6103515625
2.6103515625
2.6103515625
2.6103515625
2.6103515625
2.6103515625
2.6103515625
2.6103515625
2.6103515625
2.6135742187499997
2.6103515625
2.6103515625
2.6103515625
2.6103515625
2.6103515625
2.6103515625
2.6135742187499997
2.6103515625
2.6103515625
2.6103515625
2.6103515625
2.6135742187499997
2.6103515625
2.6103515625
2.6103515625
2.6135742187499997
2.6103515625
2.6103515625
2.6103515625
2.6103515625
2.6135742187499997
2.6103515625
2.6103515625
2.6135742187499997
2.6103515625
2.6103515625
2.6103515625
2.6103515625
2.6103515625
2.6103515625
2.6103515625
2.6103515625
2.6103515625
2.6135742187499997
2.6103515625
2.6135742187499997
2.6103515625
2.6103515625
2.6103515625
2.6103515625
2.6103515625
2.6103515625
2.6103515625
2.6103515625
2.6103515625
2.6103515625
2.6135742187499997
2.6103515625
2.6103515625
2.6135742187499997
2.6103515625
2.6103515625
2.6103515625
2.6135742187499997
2.6103515625
2.6103515625
2.6103515625
2.6135742187499997
2.6103515625
2.6103515625
2.6103515625
2.6103515625
2.6103515625
2.6103515625
2.6103515625
2.6103515625
2.6103515625
2.6103515625
2.6103515625
2.6103515625
2.6103515625
2.6103515625
2.6103515625
2.6135742187499997
2.6103515625
2.6103515625
2.6103515625
2.6103515625
2.6103515625
2.6103515625
2.6103515625
2.6103515625
2.6103515625
2.6103515625
2.6103515625
2.6103515625
2.6103515625
2.6103515625
2.6103515625
2.6103515625
2.6103515625
2.6103515625
2.6103515625
2.6103515625
2.6103515625
2.6103515625
2.6103515625
2.6103515625
2.6103515625
2.6103515625
2.6103515625
2.6103515625
2.6103515625
2.6103515625
2.6135742187499997
2.6103515625
2.6103515625
2.6103515625
2.6135742187499997
2.6135742187499997
2.6103515625
2.6103515625
2.6103515625
2.6103515625
2.6103515625
2.6103515625
2.6103515625
2.6103515625
2.6103515625
2.6103515625
2.6103515625
2.6103515625
2.6135742187499997
2.6135742187499997
2.6103515625
2.6103515625
2.6135742187499997
2.6103515625
2.6103515625
2.6135742187499997
2.6103515625
2.6103515625
2.6103515625
2.6103515625
2.6103515625
2.6103515625
2.6103515625
2.6103515625
2.6103515625
2.6103515625
2.6103515625
2.6103515625
2.6103515625
2.6103515625
2.6103515625
2.6103515625
2.6103515625
2.6103515625
2.6103515625
2.6103515625
2.6135742187499997
2.6103515625
2.6103515625
2.6103515625
2.6103515625
2.6103515625
2.6103515625
2.6103515625
2.6135742187499997
2.6135742187499997
2.6103515625
2.6103515625
2.6103515625
2.6103515625
2.6103515625
2.6103515625
2.6103515625
2.6103515625
2.6103515625
2.6103515625
2.6135742187499997
2.6103515625
2.6103515625
2.6103515625
2.6103515625
2.6103515625
2.6103515625
2.6103515625
2.6103515625
2.6103515625
2.6103515625
2.6103515625
2.6103515625
2.6103515625
2.6103515625
2.6135742187499997
2.6103515625
2.6103515625
2.6103515625
2.6103515625
2.6103515625
2.6103515625
2.6103515625
2.6103515625
2.6103515625
2.6103515625
2.6103515625
2.6103515625
2.6103515625
2.6103515625
2.6103515625
2.6103515625
2.6103515625
2.6103515625
2.6103515625
2.6103515625
2.6103515625
2.6103515625
2.6103515625
2.6103515625
2.6103515625
2.6103515625
2.6103515625
2.6103515625
2.6135742187499997
2.6103515625
2.6103515625
2.6103515625
2.6103515625
2.6103515625
2.6103515625
2.6103515625
2.6103515625
2.6103515625
2.6103515625
2.6103515625
2.6103515625
2.6103515625
2.6103515625
2.6103515625
2.6103515625
2.6103515625
2.6103515625
2.6103515625
2.6103515625
2.6103515625
2.6103515625
2.6103515625
2.6103515625
2.6103515625
2.6135742187499997
2.6103515625
2.6103515625
2.6103515625
2.6103515625
2.6103515625
2.6103515625
2.6103515625
2.6103515625
2.6103515625
2.6103515625
2.6103515625
2.6103515625
2.6103515625
2.6103515625
2.6103515625
2.6103515625
2.6103515625
2.6103515625
2.6103515625
2.6103515625
2.6103515625
2.6103515625
2.6103515625
2.6103515625
2.6103515625
2.6103515625
2.6103515625
2.6135742187499997
2.6103515625
2.6103515625
2.6103515625
2.6103515625
2.6103515625
2.6103515625
2.6103515625
2.6103515625
2.6103515625
2.6103515625
2.6103515625
2.6103515625
2.6135742187499997
2.6103515625
2.6103515625
2.6103515625
2.6103515625
2.6103515625
2.6103515625
2.6103515625
2.6103515625
2.6103515625
2.6103515625
2.6103515625
2.6103515625
2.6103515625
2.6103515625
2.6103515625
2.6103515625
2.6103515625
2.6103515625
2.6103515625
2.6103515625
2.6103515625
2.6103515625
2.6103515625
2.6103515625
2.6135742187499997
2.6103515625
2.6103515625
2.6135742187499997
2.6103515625
2.6103515625
2.6103515625
2.6103515625
2.6103515625
2.6103515625
2.6103515625
2.6103515625
2.6103515625
2.6103515625
2.6103515625
2.6103515625
2.6103515625
2.6103515625
2.6135742187499997
2.6103515625
2.6103515625
2.6103515625
2.6103515625
2.6103515625
2.6103515625
2.6103515625
2.6103515625
2.6103515625
2.6103515625
2.6103515625
2.6103515625
2.6103515625
2.6103515625
2.6103515625
2.6103515625
2.6103515625
2.6103515625
2.6103515625
2.6103515625
2.6103515625
2.6103515625
2.6103515625
2.6103515625
2.6103515625
2.6135742187499997
2.6103515625
2.6103515625
2.6103515625
2.6103515625
2.6103515625
2.6103515625
2.6103515625
2.6103515625
2.6103515625
2.6135742187499997
2.6103515625
2.6135742187499997
2.6103515625
2.6103515625
2.6103515625
2.6103515625
2.6103515625
2.6103515625
2.6103515625
2.6103515625
2.6103515625
2.6103515625
2.6103515625
2.6103515625
2.6103515625
2.6103515625
2.6103515625
2.6103515625
2.6103515625
2.6103515625
2.6103515625
2.6103515625
2.6103515625
2.6103515625
2.6103515625
2.6103515625
2.6103515625
2.6103515625
2.6103515625
2.6103515625
2.6103515625
2.6103515625
2.6103515625
2.6103515625
2.6103515625
2.6103515625
2.6103515625
2.6103515625
2.6103515625
2.6103515625
2.6103515625
2.6103515625
2.6103515625
2.6103515625
2.6103515625
2.6103515625
2.6103515625
2.6103515625
2.6103515625
2.6103515625
2.6103515625
2.6103515625
2.6103515625
2.6103515625
2.6103515625
2.6103515625
2.6103515625
2.6103515625
2.6103515625
2.6103515625
2.6103515625
2.6103515625
2.6103515625
2.6103515625
2.6103515625
2.6135742187499997
2.6103515625
2.6103515625
2.6103515625
2.6103515625
2.6103515625
2.6103515625
2.6103515625
2.6103515625
2.6135742187499997
2.6103515625
2.6103515625
2.6103515625
2.6103515625
2.6103515625
2.6103515625
2.6103515625
2.6103515625
2.6103515625
2.6103515625
2.6103515625
2.6103515625
2.6103515625
2.6103515625
2.6103515625
2.6103515625
2.6103515625
2.6103515625
2.6103515625
2.6103515625
2.6103515625
2.6103515625
2.6103515625
2.6103515625
2.6103515625
2.6103515625
2.6103515625
2.6103515625
2.6103515625
2.6103515625
2.6103515625
2.6103515625
2.6103515625
2.6103515625
2.6135742187499997
2.6135742187499997
2.6103515625
2.6135742187499997
2.6103515625
2.6103515625
2.6103515625
2.6103515625
2.6103515625
2.6135742187499997
2.6103515625
2.6103515625
2.6135742187499997
2.6103515625
2.6103515625
2.6103515625
2.6103515625
2.6103515625
2.6135742187499997
2.6103515625
2.6103515625
2.6103515625
2.6103515625
2.6103515625
2.6103515625
2.6103515625
2.6103515625
2.6103515625
2.6103515625
2.6103515625
2.6103515625
2.6103515625
2.6103515625
2.6103515625
2.6103515625
2.6103515625
2.6103515625
2.6103515625
2.6103515625
2.6103515625
2.6103515625
2.6103515625
2.6103515625
2.6103515625
2.6103515625
2.6103515625
2.6103515625
2.6103515625
2.6103515625
2.6103515625
2.6103515625
2.6103515625
2.6103515625
2.6103515625
2.6103515625
2.6103515625
2.6103515625
2.6103515625
2.6103515625
2.6103515625
2.6103515625
2.6103515625
2.6103515625
2.6103515625
2.6103515625
2.6103515625
2.6103515625
2.6103515625
2.6103515625
2.6103515625
2.6103515625
2.6103515625
2.6103515625
2.6103515625
2.6103515625
2.6103515625
2.6103515625
2.6103515625
2.6103515625
2.6103515625
2.6103515625
2.6103515625
2.6103515625
2.6103515625
2.6103515625
2.6103515625
2.6103515625
2.6103515625
2.6103515625
2.6103515625
2.6103515625
2.6103515625
2.6103515625
2.6103515625
2.6103515625
2.6103515625
2.6103515625
2.6103515625
2.6103515625
2.6103515625
2.6103515625
2.6135742187499997
2.6103515625
2.6103515625
2.6103515625
2.6103515625
2.6103515625
2.6103515625
2.6103515625
2.6103515625
2.6103515625
2.6103515625
2.6103515625
2.6103515625
2.6103515625
2.6103515625
2.6103515625
2.6103515625
2.6103515625
2.6103515625
2.6103515625
2.6103515625
2.6103515625
2.6103515625
2.6135742187499997
2.6135742187499997
2.6103515625
2.6103515625
2.6135742187499997
2.6135742187499997
2.6135742187499997
2.6135742187499997
2.6103515625
2.6135742187499997
2.6103515625
2.6103515625
2.6103515625
2.6103515625
2.6103515625
2.6103515625
2.6103515625
2.6103515625
2.6103515625
2.6103515625
2.6103515625
2.6103515625
2.6103515625
2.6103515625
2.6103515625
2.6103515625
2.6103515625
2.6103515625
2.6103515625
2.6103515625
2.6103515625
2.6103515625
2.6103515625
2.6103515625
2.6135742187499997
2.6103515625
2.6103515625
2.6103515625
2.6103515625
2.6103515625
2.6103515625
2.6103515625
2.6103515625
2.6103515625
2.6103515625
2.6135742187499997
2.6103515625
2.6103515625
2.6103515625
2.6103515625
2.6103515625
2.6103515625
2.6103515625
2.6103515625
2.6103515625
2.6135742187499997
2.6103515625
2.6103515625
2.6103515625
2.6103515625
2.6103515625
2.6103515625
2.6103515625
2.6135742187499997
2.6135742187499997
2.6103515625
2.6103515625
2.6103515625
2.6103515625
2.6103515625
2.6103515625
2.6135742187499997
2.6103515625
2.6103515625
2.6103515625
2.6103515625
2.6103515625
2.6103515625
2.6103515625
2.6135742187499997
2.6103515625
2.6103515625
2.6135742187499997
2.6103515625
2.6103515625
2.6135742187499997
2.6103515625
2.6135742187499997
2.6135742187499997
2.6103515625
2.6135742187499997
2.6135742187499997
2.6103515625
2.6103515625
2.6103515625
2.6103515625
2.6135742187499997
2.6103515625
2.6103515625
2.6103515625
2.6103515625
2.6103515625
2.6135742187499997
2.6103515625
2.6135742187499997
2.6135742187499997
2.6135742187499997
2.6135742187499997
2.6103515625
2.6103515625
2.6135742187499997
2.0173828124999997
2.03994140625
2.73603515625
2.42666015625
2.3138671875
2.6232421875
2.6361328124999996
2.5813476562499997
2.642578125
2.6039062499999996
2.53623046875
2.5394531249999996
2.52978515625
2.5265625
2.55234375
2.578125
2.5845703125
2.591015625
2.5845703125
2.57490234375
2.5587890625
2.5458984375
2.5458984375
2.5555664062499996
2.5716796874999996
2.578125
2.5813476562499997
2.5813476562499997
2.5652343749999997
2.5587890625
2.5587890625
2.5555664062499996
2.5652343749999997
2.57490234375
2.578125
2.57490234375
2.56845703125
2.56845703125
2.5652343749999997
2.56845703125
2.56845703125
2.56201171875
2.5716796874999996
2.56845703125
2.5652343749999997
2.56845703125
2.57490234375
2.56845703125
2.5652343749999997
2.56845703125
2.56845703125
2.56845703125
2.56845703125
2.57490234375
2.56845703125
2.56845703125
2.56845703125
2.56845703125
2.5652343749999997
2.5652343749999997
2.56845703125
2.56845703125
2.57490234375
2.5652343749999997
2.56845703125
2.56845703125
2.56845703125
2.56845703125
2.5652343749999997
2.5652343749999997
2.56845703125
2.5652343749999997
2.5652343749999997
2.5652343749999997
2.56845703125
2.5652343749999997
2.4298828125
1.340625
1.64677734375
1.9916015624999999
2.08828125
2.07861328125
2.0657226562499997
2.11083984375
2.17529296875
2.18818359375
2.20751953125
2.2107421874999997
2.16884765625
2.15595703125
2.14306640625
2.13984375
2.14951171875
2.14951171875
2.14306640625
2.14951171875
2.14951171875
2.1462890624999997
2.13984375
2.1301757812499997
2.1462890624999997
2.13984375
2.1462890624999997
2.14306640625
2.13984375
2.1462890624999997
2.1462890624999997
2.14306640625
2.13984375
2.14306640625
2.1462890624999997
2.14951171875
2.13984375
2.14306640625
2.1462890624999997
2.14951171875
2.14951171875
2.15595703125
2.14951171875
2.15595703125
2.14951171875
2.14951171875
2.16884765625
2.1591796875
2.16884765625
2.1720703125
2.15595703125
2.1591796875
2.1591796875
2.1591796875
2.152734375
2.1591796875
2.16884765625
2.15595703125
2.1591796875
2.152734375
2.15595703125
2.165625
2.1591796875
2.152734375
2.152734375
2.152734375
2.14951171875
2.165625
2.165625
2.165625
2.152734375
2.1591796875
2.165625
2.16884765625
2.1591796875
2.165625
2.14951171875
2.15595703125
2.1591796875
2.152734375
2.15595703125
2.1591796875
2.1591796875
2.152734375
2.15595703125
2.14951171875
2.1591796875
2.15595703125
2.16884765625
2.1591796875
2.15595703125
2.14951171875
2.16884765625
2.1591796875
2.165625
2.152734375
2.1591796875
2.14951171875
2.16884765625
2.16884765625
2.1591796875
2.15595703125
2.1720703125
2.1720703125
2.165625
2.165625
2.16884765625
2.165625
2.165625
2.2107421874999997
2.7005859374999996
2.3396484374999997
2.32998046875
2.38154296875
2.39765625
2.3654296875
2.34609375
2.3235351562499997
2.3235351562499997
2.3203125
2.32998046875
2.34287109375
2.3396484374999997
2.34609375
2.36220703125
2.3396484374999997
2.34287109375
2.3396484374999997
2.34609375
2.34287109375
2.33642578125
2.3396484374999997
2.333203125
2.34287109375
2.3396484374999997
2.33642578125
2.33642578125
2.34609375
2.33642578125
2.34287109375
2.34609375
2.34287109375
2.34287109375
2.3396484374999997
2.3396484374999997
2.34287109375
2.34931640625
2.34287109375
2.34287109375
2.34287109375
2.3396484374999997
2.42666015625
3.3
3.3
0.863671875
3.3
3.3
0.7541015624999999
2.6780273437499997
3.3
1.1859374999999999
2.3654296875
3.3
1.8884765625
2.2590820312499997
3.3
2.0496093749999997
1.8304687499999999
3.3
2.2913085937499997
1.7595703125
3.3
2.7134765625
1.9271484374999999
3.3
2.8133789062499996
1.8111328125
2.9326171875
2.8391601562499997
1.9078125
2.85205078125
3.06796875
2.1462890624999997
2.76181640625
3.0357421875
2.13984375
2.5233398437499996
2.9680664062499997
2.27197265625
2.5007812499999997
3.0357421875
2.4524414062499997
2.4749999999999996
2.96162109375
2.4749999999999996
2.36865234375
2.8552734374999997
2.5458984375
2.384765625
2.85205078125
2.65546875
2.4202148437499997
2.7908203124999997
2.67158203125
2.384765625
2.6876953125
2.68125
2.42666015625
2.68125
2.7489257812499996
2.487890625
2.642578125
2.7263671874999997
2.4749999999999996
2.578125
2.7102539062499997
2.5233398437499996
2.5845703125
2.7328124999999996
2.56845703125
2.56845703125
2.70703125
2.56845703125
2.53623046875
2.68125
2.59423828125
2.55234375
2.6844726562499996
2.6232421875
2.5555664062499996
2.65869140625
2.6200195312499996
2.5458984375
2.6361328124999996
2.6361328124999996
2.5587890625
2.6361328124999996
2.6490234375
2.57490234375
2.6200195312499996
2.642578125
2.56845703125
2.60068359375
2.63935546875
2.5845703125
2.6103515625
2.6458007812499997
2.5974609374999997
2.5974609374999997
2.63935546875
2.5974609374999997
2.591015625
2.6296874999999997
2.6103515625
2.59423828125
2.6361328124999996
2.6135742187499997
2.59423828125
2.6232421875
2.6135742187499997
2.591015625
2.616796875
2.616796875
2.59423828125
2.616796875
2.6200195312499996
2.5974609374999997
2.6135742187499997
2.616796875
2.5974609374999997
2.6103515625
2.616796875
2.6039062499999996
2.6103515625
2.6200195312499996
2.6039062499999996
2.6039062499999996
2.616796875
2.6039062499999996
2.6039062499999996
2.616796875
2.6103515625
2.60712890625
2.616796875
2.6135742187499997
2.60712890625
2.6135742187499997
2.6103515625
2.6039062499999996
2.6135742187499997
2.6135742187499997
2.60712890625
2.6135742187499997
2.6135742187499997
2.6103515625
2.6103515625
2.6135742187499997
2.6103515625
2.6103515625
2.6135742187499997
2.6103515625
2.6103515625
2.6135742187499997
2.6103515625
2.6103515625
2.6135742187499997
2.6103515625
2.6103515625
2.6135742187499997
2.6103515625
2.6103515625
2.6135742187499997
2.6103515625
2.6103515625
2.6103515625
2.6103515625
2.6103515625
2.6103515625
2.6135742187499997
2.6103515625
2.6103515625
2.6103515625
2.6103515625
2.6103515625
2.6103515625
2.6103515625
2.6103515625
2.6103515625
2.6103515625
2.6103515625
2.6103515625
2.6103515625
2.6103515625
2.6103515625
2.6103515625
2.6103515625
2.6103515625
2.6103515625
2.6103515625
2.6103515625
2.6103515625
2.6103515625
2.6103515625
