10
Pressure
2.6103515625
2.6103515625
2.6103515625
2.6135742187499997
2.6103515625
2.6103515625
2.6103515625
2.6103515625
2.6103515625
2.6103515625
2.6103515625
2.6103515625
2.6103515625
2.6103515625
2.6103515625
2.6103515625
2.6103515625
2.6103515625
2.6103515625
2.6103515625
2.6103515625
2.6103515625
2.6103515625
2.6103515625
2.6103515625
2.6103515625
2.6103515625
2.6103515625
2.6135742187499997
2.6103515625
2.6103515625
2.6103515625
2.6103515625
2.6103515625
2.6103515625
2.6103515625
2.6103515625
2.6103515625
2.6103515625
2.6103515625
2.6103515625
2.6103515625
2.6103515625
2.6103515625
2.6103515625
2.6103515625
2.6103515625
2.6103515625
2.6103515625
2.6103515625
2.6103515625
2.6103515625
2.6103515625
2.6103515625
2.6103515625
2.6103515625
2.6103515625
2.6103515625
2.6103515625
2.6103515625
2.6103515625
2.6103515625
2.6103515625
2.6103515625
2.6103515625
2.6103515625
2.6103515625
2.6103515625
2.6103515625
2.6103515625
2.6103515625
1.61455078125
1.2568359375
1.9593749999999999
2.11083984375
2.1205078125
2.165625
2.27197265625
2.34609375
2.4041015624999997
2.4202148437499997
2.41376953125
2.3783203125
2.3525390625
2.3396484374999997
2.33642578125
2.33642578125
2.34287109375
2.3654296875
2.3718749999999997
2.36865234375
2.36865234375
2.358984375
2.33642578125
2.333203125
2.33642578125
2.34609375
2.34931640625
2.34609375
2.3525390625
2.34287109375
2.3396484374999997
2.33642578125
2.3396484374999997
2.34287109375
2.3396484374999997
2.3396484374999997
2.34287109375
2.34287109375
2.333203125
2.3396484374999997
2.3396484374999997
2.34609375
2.3396484374999997
2.333203125
2.3396484374999997
2.34287109375
2.3396484374999997
2.33642578125
2.3396484374999997
2.33642578125
2.3396484374999997
2.33642578125
2.33642578125
2.3396484374999997
2.33642578125
2.33642578125
2.34287109375
2.3396484374999997
2.32998046875
2.3396484374999997
2.3396484374999997
2.33642578125
2.3396484374999997
2.333203125
2.33642578125
2.34287109375
2.3235351562499997
2.34287109375
2.3396484374999997
2.32998046875
2.34287109375
2.3396484374999997
2.33642578125
2.33642578125
2.3396484374999997
2.333203125
2.3396484374999997
2.33642578125
2.33642578125
2.34609375
2.33642578125
2.333203125
2.3396484374999997
2.3396484374999997
2.3396484374999997
2.3396484374999997
2.33642578125
2.33642578125
2.33642578125
2.333203125
2.76181640625
3.3
3.3
1.3599609375
3.3
3.3
1.03125
2.7102539062499997
3.3
1.327734375
2.54267578125
3.3
1.9529296875
2.5007812499999997
3.3
2.0109375
2.0657226562499997
3.3
2.19140625
2.0044921875
3.3
2.6103515625
2.15595703125
3.27744140625
2.65869140625
1.9787109374999998
2.92294921875
2.68125
2.0334960937499997
2.9068359375
2.9326171875
2.2365234375
2.8294921874999996
2.900390625
2.1785156249999997
2.59423828125
2.85205078125
2.2880859375
2.59423828125
2.95517578125
2.44599609375
2.5652343749999997
2.89072265625
2.4427734375
2.4427734375
2.8133789062499996
2.50400390625
2.45888671875
2.83271484375
2.616796875
2.4846679687499997
2.784375
2.6135742187499997
2.42666015625
2.69736328125
2.63291015625
2.45888671875
2.70703125
2.70703125
2.50400390625
2.67158203125
2.68125
2.487890625
2.6039062499999996
2.6780273437499997
2.5233398437499996
2.616796875
2.7166992187499996
2.5652343749999997
2.5974609374999997
2.6844726562499996
2.5555664062499996
2.5587890625
2.67158203125
2.5813476562499997
2.57490234375
2.68125
2.6135742187499997
2.57490234375
2.65546875
2.6103515625
2.5587890625
2.6361328124999996
2.616796875
2.5716796874999996
2.642578125
2.63935546875
2.5813476562499997
2.6232421875
2.6296874999999997
2.5716796874999996
2.6103515625
2.6296874999999997
2.5845703125
2.616796875
2.642578125
2.5974609374999997
2.6103515625
2.6296874999999997
2.59423828125
2.59423828125
2.6232421875
2.6039062499999996
2.60068359375
2.6296874999999997
2.6103515625
2.5974609374999997
2.6200195312499996
2.60712890625
2.59423828125
2.616796875
2.6135742187499997
2.5974609374999997
2.6200195312499996
2.616796875
2.5974609374999997
2.6135742187499997
2.6135742187499997
2.5974609374999997
2.6103515625
2.6135742187499997
2.6039062499999996
2.6135742187499997
2.6200195312499996
2.6039062499999996
2.6103515625
2.6135742187499997
2.6039062499999996
2.60712890625
2.6135742187499997
2.6103515625
2.6103515625
2.616796875
2.6103515625
2.6103515625
2.6135742187499997
2.6103515625
2.60712890625
2.6135742187499997
2.6135742187499997
2.6103515625
2.6135742187499997
2.6135742187499997
2.6103515625
2.6103515625
2.6103515625
2.6103515625
2.6103515625
2.6135742187499997
2.6103515625
2.6135742187499997
2.6135742187499997
2.6103515625
2.6103515625
2.6103515625
2.6103515625
2.6103515625
2.6135742187499997
2.6103515625
2.6103515625
2.6135742187499997
2.6103515625
2.6103515625
2.6103515625
2.6103515625
2.6103515625
2.6135742187499997
2.6135742187499997
2.6103515625
2.6135742187499997
2.6103515625
2.6103515625
2.6103515625
2.6103515625
2.6103515625
2.6103515625
2.6103515625
2.6103515625
2.6103515625
2.6103515625
2.6103515625
2.6103515625
2.6103515625
1.53076171875
1.37607421875
1.9754882812499999
2.11728515625
2.13984375
2.17529296875
2.28486328125
2.3654296875
2.40087890625
2.9197265624999997
3.3
2.18818359375
1.1279296875
3.3
2.29453125
0.87978515625
1.30517578125
1.77890625
2.02705078125
3.3
3.3
1.18271484375
3.158203125
3.3
1.16337890625
1.2374999999999998
1.5114257812499998
1.8884765625
1.94970703125
3.3
3.3
1.2697265624999998
3.3
3.3
1.1859374999999999
1.1375976562499999
1.49853515625
1.8304687499999999
2.3525390625
3.3
2.2590820312499997
1.5919921874999998
3.3
2.1140624999999997
0.9087890624999999
1.5114257812499998
1.7982421874999999
3.3
3.3
0.8604492187499999
3.3
3.3
1.2310546875
2.63291015625
3.3
1.16337890625
1.90458984375
3.3
1.9529296875
2.11728515625
3.3
2.4234375
1.8820312499999998
3.3
2.3203125
1.5758789062499998
3.21943359375
2.73603515625
1.91748046875
3.3
3.01962890625
1.93359375
2.89072265625
2.8552734374999997
1.85625
2.6876953125
3.0325195312499997
2.17529296875
2.7521484375
3.132421875
2.2590820312499997
2.5168945312499997
2.95517578125
2.255859375
2.40732421875
2.977734375
2.4749999999999996
2.4846679687499997
2.9970703125
2.5555664062499996
2.3879882812499997
2.8391601562499997
2.53623046875
2.3396484374999997
2.7972656249999996
2.6619140624999997
2.43955078125
2.8069335937499997
2.719921875
2.41376953125
2.68125
2.6748046875
2.4041015624999997
2.642578125
2.73603515625
2.49755859375
2.65546875
2.75537109375
2.5007812499999997
2.578125
2.69736328125
2.50400390625
2.5587890625
2.72314453125
2.578125
2.5813476562499997
2.72314453125
2.5845703125
2.5394531249999996
2.67158203125
2.5813476562499997
2.53623046875
2.6748046875
2.6296874999999997
2.56845703125
2.67158203125
2.6361328124999996
2.55234375
2.6296874999999997
2.6200195312499996
2.55234375
2.6232421875
2.6490234375
2.5813476562499997
2.6232421875
2.6458007812499997
2.57490234375
2.5974609374999997
2.6361328124999996
2.578125
2.5974609374999997
2.6458007812499997
2.60068359375
2.6039062499999996
2.642578125
2.5974609374999997
2.591015625
2.6232421875
2.5974609374999997
2.591015625
2.6296874999999997
2.616796875
2.5974609374999997
2.6296874999999997
2.6135742187499997
2.591015625
2.6135742187499997
2.6135742187499997
2.59423828125
2.616796875
2.6232421875
2.6039062499999996
2.616796875
2.6200195312499996
2.5974609374999997
2.6103515625
2.616796875
2.60068359375
2.6103515625
2.6200195312499996
2.6103515625
2.6103515625
2.6200195312499996
2.60712890625
2.6039062499999996
2.6135742187499997
2.6103515625
2.6039062499999996
2.616796875
2.6135742187499997
2.6103515625
2.6135742187499997
2.6103515625
2.6039062499999996
2.6135742187499997
2.6103515625
2.60712890625
2.6135742187499997
2.6135742187499997
2.6103515625
2.6135742187499997
2.6135742187499997
2.6039062499999996
2.6103515625
2.6135742187499997
2.6103515625
2.6103515625
2.6135742187499997
2.6103515625
2.6103515625
2.6135742187499997
2.6103515625
2.6103515625
2.6103515625
2.6103515625
2.6103515625
2.6135742187499997
2.6103515625
2.6103515625
2.6135742187499997
2.6103515625
2.6103515625
2.6135742187499997
2.6135742187499997
2.6103515625
2.6103515625
2.6135742187499997
2.6103515625
2.6135742187499997
2.6103515625
2.6103515625
2.6103515625
2.6103515625
2.6103515625
2.6103515625
2.6103515625
2.6103515625
2.6103515625
2.6103515625
2.6103515625
2.6103515625
2.6103515625
2.6103515625
2.6103515625
2.6135742187499997
2.6103515625
2.6103515625
2.6135742187499997
2.5845703125
1.77890625
2.45888671875
2.6748046875
2.28486328125
2.47822265625
2.68125
2.6103515625
2.616796875
2.6458007812499997
2.57490234375
2.52978515625
2.5330078124999997
2.5233398437499996
2.53623046875
2.5652343749999997
2.578125
2.59423828125
2.5974609374999997
2.5813476562499997
2.5652343749999997
2.5555664062499996
2.54267578125
2.5458984375
2.5587890625
2.5716796874999996
2.5845703125
2.5813476562499997
2.578125
2.56845703125
2.5555664062499996
2.5555664062499996
2.5587890625
2.56845703125
2.57490234375
2.578125
2.57490234375
2.56845703125
2.5652343749999997
2.5652343749999997
2.56845703125
2.5652343749999997
2.56845703125
2.56845703125
2.56845703125
2.56845703125
2.56845703125
2.5652343749999997
2.5652343749999997
2.56845703125
2.5652343749999997
2.56845703125
2.56845703125
2.5652343749999997
2.56845703125
2.57490234375
2.5652343749999997
2.5652343749999997
2.56845703125
2.56845703125
2.5652343749999997
2.56845703125
2.56845703125
2.59423828125
3.02607421875
3.3
2.11728515625
2.70703125
3.3
2.03671875
2.29775390625
3.132421875
2.19140625
2.30419921875
3.2291015625
2.5233398437499996
2.34609375
3.10986328125
2.52978515625
2.18173828125
2.9100585937499996
2.591015625
2.2171875
2.8939453124999996
2.771484375
2.34287109375
2.8391601562499997
2.7747070312499997
2.2880859375
2.65869140625
2.7392578125
2.3396484374999997
2.65546875
2.848828125
2.46533203125
2.6361328124999996
2.8069335937499997
2.4427734375
2.5233398437499996
2.7521484375
2.4943359375
2.53623046875
2.79404296875
2.5845703125
2.53623046875
2.7521484375
2.57490234375
2.487890625
2.69091796875
2.60068359375
2.513671875
2.70703125
2.65546875
2.5330078124999997
2.6748046875
2.6458007812499997
2.513671875
2.6232421875
2.6458007812499997
2.53623046875
2.6361328124999996
2.68125
2.56845703125
2.616796875
2.65869140625
2.55234375
2.57490234375
2.6361328124999996
2.5652343749999997
2.5845703125
2.6683593749999996
2.6103515625
2.59423828125
2.6458007812499997
2.59423828125
2.56201171875
2.6200195312499996
2.5974609374999997
2.578125
2.63935546875
2.6296874999999997
2.591015625
2.6296874999999997
2.616796875
2.5716796874999996
2.6039062499999996
2.616796875
2.5845703125
2.616796875
2.6361328124999996
2.5974609374999997
2.6135742187499997
2.6232421875
2.591015625
2.5974609374999997
2.6200195312499996
2.5974609374999997
2.6039062499999996
2.6296874999999997
2.6103515625
2.6039062499999996
2.6200195312499996
2.6039062499999996
2.59423828125
2.6135742187499997
2.6103515625
2.6039062499999996
2.6200195312499996
2.616796875
2.6039062499999996
2.616796875
2.6135742187499997
2.5974609374999997
2.6103515625
2.6135742187499997
2.6039062499999996
2.6135742187499997
2.616796875
2.6103515625
2.6103515625
2.6135742187499997
2.6039062499999996
2.6103515625
2.6135742187499997
2.6103515625
2.6103515625
2.6135742187499997
2.6103515625
2.6103515625
2.6135742187499997
2.6103515625
2.60712890625
2.6135742187499997
2.6103515625
2.6103515625
2.6135742187499997
2.6135742187499997
2.6103515625
2.6135742187499997
2.6103515625
2.60712890625
2.6103515625
2.6103515625
2.6103515625
2.6135742187499997
2.6135742187499997
2.6103515625
2.6103515625
2.6103515625
2.6103515625
2.6103515625
2.6135742187499997
2.6103515625
2.6103515625
2.6103515625
2.6103515625
2.6103515625
2.6103515625
2.6103515625
2.6103515625
2.6135742187499997
2.6103515625
2.6103515625
2.6103515625
2.6103515625
2.6103515625
2.6103515625
2.6103515625
2.6103515625
2.6103515625
2.6103515625
2.6103515625
2.6103515625
2.6103515625
2.6103515625
2.6103515625
2.6103515625
2.6103515625
2.6103515625
2.6103515625
2.6103515625
2.6103515625
2.6103515625
2.6103515625
2.6103515625
2.6103515625
2.6103515625
2.6103515625
2.6103515625
2.6103515625
2.6103515625
2.6103515625
2.6103515625
2.6103515625
2.6103515625
2.6103515625
2.6103515625
2.6103515625
2.6103515625
2.6103515625
2.6103515625
2.6103515625
2.6103515625
2.6103515625
2.6103515625
2.6103515625
2.6103515625
2.6103515625
2.6135742187499997
2.6103515625
2.6103515625
2.6103515625
2.6103515625
2.6103515625
2.6103515625
2.6103515625
2.6103515625
2.6103515625
2.6103515625
2.6103515625
2.6103515625
2.6103515625
2.6103515625
2.6103515625
2.6103515625
2.6103515625
2.6103515625
2.6103515625
2.6103515625
2.6103515625
2.6103515625
2.6103515625
2.6103515625
2.6103515625
2.6103515625
2.6103515625
2.6103515625
2.6103515625
2.6103515625
2.6103515625
2.6103515625
2.6103515625
2.6103515625
2.6103515625
2.6103515625
2.6135742187499997
2.6103515625
2.6103515625
2.6103515625
2.6103515625
2.6103515625
2.6103515625
2.6103515625
2.6135742187499997
2.6103515625
2.6103515625
2.6103515625
2.6103515625
2.6103515625
2.6103515625
2.6103515625
2.6103515625
2.6103515625
2.6103515625
2.6103515625
2.6103515625
2.6103515625
2.6103515625
2.6103515625
2.6103515625
2.6103515625
2.6103515625
2.6103515625
2.6103515625
2.6103515625
2.6103515625
2.6103515625
2.6103515625
2.6103515625
2.6103515625
2.6103515625
2.6103515625
2.6103515625
2.6103515625
2.6103515625
2.6135742187499997
2.6103515625
2.6103515625
2.6103515625
2.6103515625
2.6103515625
2.6135742187499997
2.6103515625
2.6103515625
2.6135742187499997
2.6103515625
2.6103515625
2.6103515625
2.6103515625
2.6103515625
2.6103515625
2.6103515625
2.6103515625
2.6103515625
1.85625
2.2365234375
2.745703125
2.3396484374999997
2.5587890625
3.3
2.39765625
2.3783203125
3.3
1.64677734375
1.7499023437499999
2.8391601562499997
2.25263671875
2.1591796875
3.1839843749999996
3.3
2.08828125
2.95517578125
3.3
1.2665039062499999
1.9593749999999999
2.7908203124999997
2.0979492187499997
2.45888671875
3.3
2.40732421875
2.578125
3.3
1.60166015625
1.6951171875
2.78759765625
2.16884765625
2.10439453125
3.3
3.3
2.075390625
3.3
2.7392578125
1.24072265625
2.462109375
2.49755859375
1.95615234375
2.59423828125
3.3
2.4524414062499997
2.56201171875
3.3
1.6532226562499999
1.6081054687499998
2.75537109375
2.204296875
2.10439453125
3.3
3.3
2.07216796875
3.3
3.1904296875
1.63388671875
2.5813476562499997
2.96162109375
1.77890625
2.6039062499999996
3.3
2.3203125
2.68125
3.2581054687499997
2.19140625
2.26875
2.96162109375
2.28486328125
2.29775390625
3.106640625
2.63935546875
2.4298828125
3.02607421875
2.5813476562499997
2.2107421874999997
2.771484375
2.59423828125
2.2913085937499997
2.83271484375
2.8069335937499997
2.4298828125
2.7747070312499997
2.7521484375
2.33642578125
2.5974609374999997
2.719921875
2.40732421875
2.6361328124999996
2.82626953125
2.5265625
2.616796875
2.76826171875
2.487890625
2.513671875
2.7134765625
2.52978515625
2.54267578125
2.76181640625
2.616796875
2.5555664062499996
2.719921875
2.591015625
2.49755859375
2.65546875
2.6103515625
2.52978515625
2.68125
2.6619140624999997
2.5587890625
2.6522460937499996
2.63935546875
2.52978515625
2.6103515625
2.642578125
2.5587890625
2.6232421875
2.6748046875
2.5813476562499997
2.6103515625
2.6458007812499997
2.56845703125
2.5813476562499997
2.63935546875
2.591015625
2.5974609374999997
2.65546875
2.6103515625
2.59423828125
2.63935546875
2.5974609374999997
2.578125
2.6232421875
2.6135742187499997
2.59423828125
2.6361328124999996
2.6232421875
2.59423828125
2.6200195312499996
2.6135742187499997
2.5845703125
2.6135742187499997
2.6200195312499996
2.5974609374999997
2.6200195312499996
2.6296874999999997
2.60068359375
2.6103515625
2.6200195312499996
2.5974609374999997
2.6039062499999996
2.6200195312499996
2.60712890625
2.6103515625
2.6232421875
2.6103515625
2.6039062499999996
2.616796875
2.60712890625
2.60068359375
2.616796875
2.6135742187499997
2.6103515625
2.6200195312499996
2.6135742187499997
2.6039062499999996
2.6135742187499997
2.6103515625
2.6039062499999996
2.6135742187499997
2.6135742187499997
2.6103515625
2.6135742187499997
2.6135742187499997
2.6103515625
2.6103515625
2.6103515625
2.6039062499999996
2.6103515625
2.6135742187499997
2.6103515625
2.6135742187499997
2.6135742187499997
2.6103515625
2.6103515625
2.6103515625
2.6103515625
2.6103515625
2.6135742187499997
2.6135742187499997
2.6103515625
2.6135742187499997
2.6135742187499997
2.6103515625
2.6103515625
2.6103515625
2.6103515625
2.6103515625
2.6135742187499997
2.6103515625
2.6135742187499997
2.6135742187499997
2.6103515625
2.6103515625
2.6103515625
2.6103515625
2.6103515625
2.6103515625
2.6103515625
2.6103515625
2.6135742187499997
2.6103515625
2.6103515625
2.6103515625
2.6103515625
2.6103515625
2.6135742187499997
2.6135742187499997
2.6103515625
2.6135742187499997
2.6103515625
2.6103515625
2.6103515625
2.6103515625
2.6103515625
2.6135742187499997
2.6103515625
2.6103515625
2.6103515625
2.6103515625
2.6103515625
2.6103515625
2.6103515625
2.6103515625
2.6135742187499997
2.6103515625
2.6103515625
2.6103515625
2.6103515625
2.6103515625
2.6103515625
2.6103515625
2.59423828125
2.6103515625
2.56845703125
2.591015625
2.6039062499999996
2.6361328124999996
2.6361328124999996
2.63935546875
2.6232421875
2.5974609374999997
2.5813476562499997
2.5813476562499997
2.591015625
2.6135742187499997
2.6361328124999996
2.63935546875
2.6296874999999997
2.6135742187499997
2.59423828125
2.591015625
2.59423828125
2.6039062499999996
2.616796875
2.6232421875
2.6200195312499996
2.6135742187499997
2.6103515625
2.6039062499999996
2.5974609374999997
2.6039062499999996
2.6039062499999996
2.6103515625
2.616796875
2.616796875
2.616796875
2.6135742187499997
2.6103515625
2.6039062499999996
2.6039062499999996
2.60068359375
2.6103515625
2.6135742187499997
2.616796875
2.616796875
2.6135742187499997
2.6103515625
2.60712890625
2.6039062499999996
2.60712890625
2.6103515625
2.6135742187499997
2.616796875
2.6135742187499997
2.6135742187499997
2.6103515625
2.6103515625
2.6103515625
2.6103515625
2.6103515625
2.6135742187499997
2.6135742187499997
2.6135742187499997
2.6135742187499997
2.6103515625
2.6103515625
2.6103515625
2.6103515625
2.6103515625
2.6103515625
2.6103515625
2.6103515625
2.6039062499999996
2.6103515625
2.6039062499999996
2.6103515625
2.6103515625
2.6135742187499997
2.65869140625
2.578125
2.6876953125
2.616796875
2.616796875
2.5555664062499996
2.5652343749999997
2.591015625
2.6135742187499997
2.65546875
2.65869140625
2.6522460937499996
2.5974609374999997
2.5330078124999997
2.53623046875
2.55234375
2.6135742187499997
2.6522460937499996
2.6876953125
2.70703125
2.591015625
2.65546875
2.5587890625
2.578125
2.5233398437499996
2.6296874999999997
2.5974609374999997
2.6296874999999997
2.68125
2.65869140625
2.6522460937499996
2.6135742187499997
2.5587890625
2.5716796874999996
2.5652343749999997
2.56845703125
2.5974609374999997
2.642578125
2.6458007812499997
2.642578125
2.6296874999999997
2.5974609374999997
2.59423828125
2.57490234375
2.616796875
2.5813476562499997
2.65546875
2.63935546875
2.63935546875
2.6039062499999996
2.5845703125
2.57490234375
2.591015625
2.6039062499999996
2.6296874999999997
2.63935546875
2.642578125
2.6135742187499997
2.6039062499999996
2.591015625
2.591015625
2.5974609374999997
2.6135742187499997
2.6200195312499996
2.6232421875
2.6232421875
2.6135742187499997
2.6103515625
2.6039062499999996
2.60068359375
2.60068359375
2.6103515625
2.6135742187499997
2.616796875
2.6200195312499996
2.6200195312499996
2.6135742187499997
2.6103515625
2.60068359375
2.5974609374999997
2.60712890625
2.6135742187499997
2.616796875
2.6200195312499996
2.6200195312499996
2.6103515625
2.5974609374999997
2.591015625
2.591015625
2.5974609374999997
2.6200195312499996
2.6361328124999996
2.63935546875
2.6232421875
2.6039062499999996
2.5845703125
2.5813476562499997
2.59423828125
2.6135742187499997
2.6296874999999997
2.6296874999999997
2.6039062499999996
2.57490234375
2.5587890625
2.57490234375
2.616796875
2.65546875
2.67158203125
2.6458007812499997
2.59423828125
2.5587890625
2.5555664062499996
2.578125
2.6135742187499997
2.642578125
2.6458007812499997
2.6361328124999996
2.6135742187499997
2.59423828125
2.5845703125
2.591015625
2.5974609374999997
2.6135742187499997
2.6232421875
2.6296874999999997
2.6232421875
2.6135742187499997
2.6039062499999996
2.5974609374999997
2.5974609374999997
2.60068359375
2.6103515625
2.616796875
2.6232421875
2.6200195312499996
2.616796875
2.6103515625
2.60068359375
2.5974609374999997
2.6039062499999996
2.6103515625
2.6135742187499997
2.6200195312499996
2.616796875
2.6135742187499997
2.6103515625
2.6039062499999996
2.6039062499999996
2.6039062499999996
2.6103515625
2.6135742187499997
2.616796875
2.616796875
2.6135742187499997
2.6103515625
2.6103515625
2.6039062499999996
2.60712890625
2.6103515625
2.6103515625
2.6135742187499997
2.6135742187499997
2.6135742187499997
2.6103515625
2.6103515625
2.60712890625
2.6103515625
2.6103515625
1.6693359374999999
1.276171875
1.92392578125
2.10439453125
2.1301757812499997
2.165625
2.26875
2.34609375
2.40087890625
2.41376953125
2.40087890625
2.3783203125
2.34287109375
2.34287109375
2.33642578125
2.34287109375
2.34609375
2.3525390625
2.36220703125
2.3654296875
2.3525390625
2.34609375
2.34609375
2.34287109375
2.3396484374999997
2.34609375
2.33642578125
2.34287109375
2.34287109375
2.33642578125
2.3396484374999997
2.358984375
2.3396484374999997
2.34609375
2.3525390625
2.34287109375
2.34609375
2.34609375
2.3396484374999997
2.34609375
2.34609375
2.34609375
2.3396484374999997
2.34287109375
2.3396484374999997
2.34609375
2.34609375
2.3396484374999997
2.33642578125
2.34609375
2.3396484374999997
2.34287109375
2.33642578125
2.33642578125
2.3396484374999997
2.3396484374999997
2.33642578125
2.3396484374999997
2.333203125
2.3396484374999997
2.34287109375
2.333203125
2.33642578125
2.3396484374999997
2.33642578125
2.3396484374999997
2.1720703125
1.92392578125
2.1076171875
2.14306640625
2.126953125
2.11083984375
2.126953125
2.14306640625
2.165625
2.165625
2.16884765625
2.165625
2.15595703125
2.1462890624999997
2.1333984375
2.1333984375
2.1301757812499997
2.1301757812499997
2.126953125
2.1333984375
2.1333984375
2.1333984375
2.1333984375
2.1333984375
2.1333984375
2.1333984375
2.13984375
2.14306640625
2.1301757812499997
2.1301757812499997
2.1333984375
2.1333984375
2.13984375
2.1301757812499997
2.1333984375
2.13662109375
2.13984375
2.1301757812499997
2.1333984375
2.1333984375
2.1333984375
2.13984375
2.13984375
2.14306640625
2.14306640625
2.14306640625
2.13984375
2.13662109375
2.1333984375
2.13984375
2.14306640625
2.1333984375
2.1301757812499997
2.1333984375
2.13984375
2.1333984375
2.13984375
2.1333984375
2.13984375
2.1301757812499997
2.13984375
2.14306640625
2.13662109375
2.13984375
2.1333984375
2.13984375
2.1462890624999997
2.16884765625
2.56845703125
2.4524414062499997
2.29453125
2.3525390625
2.36865234375
2.36865234375
2.34609375
2.31064453125
2.30419921875
2.31064453125
2.3203125
2.31064453125
2.333203125
2.333203125
2.3235351562499997
2.3235351562499997
2.333203125
2.3267578125
2.3235351562499997
2.333203125
2.3235351562499997
2.3235351562499997
2.32998046875
2.32998046875
2.32998046875
2.333203125
2.333203125
2.3235351562499997
2.32998046875
2.333203125
2.3235351562499997
2.32998046875
2.32998046875
2.333203125
2.33642578125
2.3235351562499997
2.3203125
2.32998046875
2.333203125
2.3235351562499997
2.333203125
2.32998046875
2.3138671875
2.33642578125
2.333203125
2.3235351562499997
2.32998046875
2.33642578125
2.33642578125
2.3235351562499997
2.3235351562499997
2.3235351562499997
2.333203125
2.32998046875
2.32998046875
2.32998046875
2.333203125
2.3203125
2.32998046875
2.3396484374999997
2.32998046875
2.333203125
2.33642578125
2.32998046875
2.3396484374999997
2.333203125
2.333203125
2.333203125
2.32998046875
2.3203125
2.3235351562499997
3.3
3.3
1.0086914062499999
3.0969726562499997
3.3
1.01513671875
2.0334960937499997
3.3
1.51787109375
1.8111328125
3.3
2.2751953124999997
1.869140625
3.3
2.4041015624999997
1.533984375
3.3
2.616796875
1.60166015625
3.2935546875
3.0002929687499997
1.8369140625
3.0969726562499997
3.029296875
1.8046875
2.7521484375
3.0325195312499997
1.9625976562499998
2.6780273437499997
3.18720703125
2.1978515625
2.5813476562499997
3.10986328125
2.23330078125
2.39765625
3.0099609375
2.37509765625
2.3879882812499997
3.0486328124999997
2.5716796874999996
2.4298828125
2.9680664062499997
2.5555664062499996
2.25263671875
2.7521484375
2.5845703125
2.36220703125
2.8778320312499996
2.8133789062499996
2.4427734375
2.72314453125
2.65869140625
2.3235351562499997
2.6135742187499997
2.7392578125
2.4846679687499997
2.68125
2.80048828125
2.4943359375
2.578125
2.7166992187499996
2.4846679687499997
2.5458984375
2.7328124999999996
2.5587890625
2.56845703125
2.7392578125
2.591015625
2.55234375
2.7005859374999996
2.5845703125
2.5168945312499997
2.65869140625
2.6135742187499997
2.55234375
2.6844726562499996
2.65546875
2.5587890625
2.642578125
2.6232421875
2.52978515625
2.616796875
2.6458007812499997
2.57490234375
2.63935546875
2.6619140624999997
2.57490234375
2.5974609374999997
2.6361328124999996
2.56845703125
2.59423828125
2.6458007812499997
2.5974609374999997
2.6039062499999996
2.6458007812499997
2.6039062499999996
2.591015625
2.6361328124999996
2.5974609374999997
2.5845703125
2.6296874999999997
2.6135742187499997
2.59423828125
2.6361328124999996
2.6200195312499996
2.59423828125
2.616796875
2.6135742187499997
2.591015625
2.6135742187499997
2.6200195312499996
2.5974609374999997
2.6200195312499996
2.6232421875
2.5974609374999997
2.60712890625
2.616796875
2.5974609374999997
2.6103515625
2.6232421875
2.6103515625
2.6103515625
2.6200195312499996
2.60712890625
2.6039062499999996
2.6135742187499997
2.60712890625
2.6039062499999996
2.616796875
2.6135742187499997
2.6103515625
2.616796875
2.6135742187499997
2.6039062499999996
2.6135742187499997
2.6103515625
2.6039062499999996
2.6135742187499997
2.6135742187499997
2.6103515625
2.6135742187499997
2.6135742187499997
2.6103515625
2.6103515625
2.6135742187499997
2.60712890625
2.6103515625
2.6135742187499997
2.6103515625
2.6135742187499997
2.6135742187499997
2.6103515625
2.6103515625
2.6135742187499997
2.6103515625
2.6103515625
2.6135742187499997
2.6135742187499997
2.6103515625
2.6135742187499997
2.6103515625
2.6103515625
2.6103515625
2.6103515625
2.6103515625
2.6135742187499997
2.6135742187499997
2.6103515625
2.6135742187499997
2.6135742187499997
2.6103515625
2.6103515625
2.6103515625
2.6103515625
2.6103515625
2.6135742187499997
2.6103515625
2.6103515625
2.6103515625
2.6103515625
2.6103515625
2.6103515625
2.6103515625
2.6103515625
2.6135742187499997
2.6103515625
2.6103515625
2.6103515625
2.6103515625
2.6103515625
2.6103515625
2.6103515625
2.6103515625
2.6103515625
2.6103515625
2.6103515625
2.6103515625
2.6103515625
2.6103515625
2.6103515625
2.6103515625
2.6103515625
2.6135742187499997
2.6135742187499997
2.6103515625
2.6103515625
2.6103515625
2.6103515625
2.6103515625
1.63388671875
1.3599609375
1.93681640625
2.11728515625
2.1462890624999997
2.1720703125
2.27197265625
2.34609375
2.39765625
2.4202148437499997
2.40732421875
2.37509765625
2.3525390625
2.3396484374999997
2.33642578125
2.3396484374999997
2.34609375
2.3654296875
2.3654296875
2.36220703125
2.358984375
2.34609375
2.333203125
2.34609375
2.3396484374999997
2.3396484374999997
2.34609375
2.34609375
2.34287109375
2.3396484374999997
2.33642578125
2.33642578125
2.34287109375
2.34287109375
2.3525390625
2.3525390625
2.34287109375
2.333203125
2.34287109375
2.3396484374999997
2.3396484374999997
2.34609375
2.33642578125
2.3396484374999997
2.3396484374999997
2.333203125
2.3267578125
2.3396484374999997
2.34609375
2.37509765625
2.40087890625
2.4041015624999997
2.42666015625
2.4427734375
2.43955078125
2.44599609375
2.46533203125
2.4685546874999997
2.4943359375
2.4943359375
2.50400390625
2.5330078124999997
2.6232421875
2.578125
2.60712890625
2.6619140624999997
2.67158203125
2.642578125
2.6844726562499996
2.8037109375
2.85205078125
2.7908203124999997
2.7650390624999996
2.8230468749999997
2.7779296875
2.6361328124999996
2.6458007812499997
2.6296874999999997
2.54267578125
2.5974609374999997
2.642578125
2.591015625
2.6361328124999996
2.6748046875
2.5974609374999997
2.60068359375
2.6296874999999997
2.57490234375
2.578125
2.63291015625
2.6039062499999996
2.6103515625
2.6522460937499996
2.616796875
2.59423828125
2.6200195312499996
2.59423828125
2.578125
2.616796875
2.616796875
2.6039062499999996
2.6361328124999996
2.6296874999999997
2.5974609374999997
2.6135742187499997
2.6103515625
2.5845703125
2.6103515625
2.6200195312499996
2.6103515625
2.6200195312499996
2.6296874999999997
2.6039062499999996
2.6039062499999996
2.6135742187499997
2.5974609374999997
2.60068359375
2.616796875
2.6103515625
2.6135742187499997
2.6232421875
2.6135742187499997
2.6039062499999996
2.6135742187499997
2.6039062499999996
2.60068359375
2.6135742187499997
2.6135742187499997
2.6103515625
2.616796875
2.6135742187499997
2.6039062499999996
2.6103515625
2.6103515625
2.6039062499999996
2.6103515625
2.6135742187499997
2.6103515625
2.6135742187499997
2.6135742187499997
2.6103515625
2.6103515625
2.6103515625
2.60712890625
2.6103515625
2.6135742187499997
2.6135742187499997
2.6135742187499997
2.6135742187499997
2.6103515625
2.6103515625
2.6103515625
2.6103515625
2.6103515625
2.6135742187499997
2.6135742187499997
2.6103515625
2.6135742187499997
2.6103515625
2.6103515625
2.6103515625
2.6103515625
2.6103515625
2.6135742187499997
2.6135742187499997
2.6103515625
2.6135742187499997
2.6135742187499997
2.6103515625
2.6103515625
2.6103515625
2.6103515625
2.6103515625
2.6135742187499997
2.6103515625
2.6103515625
2.6103515625
2.6103515625
2.6103515625
2.6103515625
2.6103515625
2.6103515625
2.6135742187499997
2.6103515625
2.6103515625
2.6103515625
2.6103515625
2.6103515625
2.6103515625
2.6103515625
2.6103515625
2.6103515625
2.6103515625
2.6103515625
2.6103515625
2.6103515625
2.6103515625
2.6103515625
2.6103515625
2.6103515625
2.6135742187499997
2.6103515625
2.6103515625
2.6103515625
2.6103515625
2.6103515625
2.6103515625
2.6103515625
2.6103515625
2.6103515625
2.6103515625
2.6103515625
2.6103515625
2.6103515625
1.9787109374999998
2.03994140625
2.7328124999999996
2.40732421875
2.3203125
2.6200195312499996
2.6361328124999996
2.5845703125
2.63935546875
2.6039062499999996
2.5330078124999997
2.53623046875
2.5265625
2.5265625
2.55234375
2.56845703125
2.5845703125
2.59423828125
2.5845703125
2.56845703125
2.5555664062499996
2.55234375
2.54267578125
2.55234375
2.5652343749999997
2.5813476562499997
2.5813476562499997
2.578125
2.56845703125
2.5587890625
2.5555664062499996
2.5555664062499996
2.56201171875
2.5716796874999996
2.56845703125
2.57490234375
2.56845703125
2.56201171875
2.5652343749999997
2.5587890625
2.5652343749999997
2.5652343749999997
2.56845703125
2.56845703125
2.56845703125
2.57490234375
2.5652343749999997
2.5652343749999997
2.5845703125
2.5652343749999997
2.5555664062499996
2.578125
2.578125
2.56845703125
2.5813476562499997
2.5813476562499997
2.57490234375
2.57490234375
2.578125
2.57490234375
2.57490234375
2.578125
2.578125
2.578125
2.5845703125
2.5813476562499997
2.578125
2.591015625
2.5974609374999997
2.6103515625
2.6200195312499996
2.6296874999999997
2.65546875
2.69736328125
2.72314453125
2.7521484375
2.82626953125
2.771484375
2.6039062499999996
2.642578125
2.65546875
2.5168945312499997
2.5587890625
2.63935546875
2.5716796874999996
2.616796875
2.70703125
2.6200195312499996
2.5974609374999997
2.6522460937499996
2.57490234375
2.5555664062499996
2.6232421875
2.5974609374999997
2.591015625
2.6683593749999996
2.63935546875
2.5974609374999997
2.6361328124999996
2.6103515625
2.56201171875
2.60712890625
2.6135742187499997
2.591015625
2.6361328124999996
2.6458007812499997
2.60712890625
2.616796875
2.616796875
2.578125
2.59423828125
2.6200195312499996
2.6039062499999996
2.616796875
2.63935546875
2.6135742187499997
2.6039062499999996
2.616796875
2.59423828125
2.59423828125
2.616796875
2.6103515625
2.6103515625
2.6296874999999997
2.616796875
2.6039062499999996
2.6135742187499997
2.60712890625
2.59423828125
2.6103515625
2.6135742187499997
2.6103515625
2.6200195312499996
2.6200195312499996
2.60712890625
2.6103515625
2.6103515625
2.5974609374999997
2.60712890625
2.6135742187499997
2.6103515625
2.6135742187499997
2.6200195312499996
2.6103515625
2.6103515625
2.6103515625
2.6039062499999996
2.6039062499999996
2.6135742187499997
2.6103515625
2.6135742187499997
2.616796875
2.6135742187499997
2.6103515625
2.6103515625
2.6103515625
2.60712890625
2.6103515625
2.6135742187499997
2.6103515625
2.6135742187499997
2.6135742187499997
2.6103515625
2.6103515625
2.6103515625
2.6103515625
2.6103515625
2.6135742187499997
2.6103515625
2.6135742187499997
2.6135742187499997
2.6103515625
2.6103515625
2.6103515625
2.6103515625
2.6103515625
2.6135742187499997
2.6103515625
2.6135742187499997
2.6135742187499997
2.6103515625
2.6103515625
2.6103515625
2.6103515625
2.6103515625
2.6103515625
2.6103515625
2.6103515625
2.6103515625
2.6103515625
2.6103515625
2.6103515625
2.6103515625
2.6103515625
2.6103515625
2.6103515625
2.6103515625
2.6103515625
2.6103515625
2.6103515625
2.6103515625
2.6103515625
2.6103515625
2.6103515625
2.6103515625
2.6103515625
2.6103515625
2.6103515625
2.6103515625
2.6103515625
2.6103515625
2.6103515625
2.6103515625
2.6103515625
2.60712890625
2.591015625
2.55234375
2.5265625
2.4749999999999996
2.4846679687499997
2.5233398437499996
2.4234375
2.45888671875
2.52978515625
2.4685546874999997
2.5007812499999997
2.50400390625
2.462109375
2.47822265625
2.4911132812499996
2.46533203125
2.4556640625
2.462109375
2.4749999999999996
2.45888671875
2.4685546874999997
2.47822265625
2.45888671875
2.462109375
2.462109375
2.4556640625
2.462109375
2.462109375
2.462109375
2.44599609375
2.462109375
2.44921875
2.42666015625
2.43955078125
2.4363281249999997
2.42666015625
2.4298828125
2.410546875
2.37509765625
2.384765625
2.40732421875
2.41376953125
2.3654296875
2.36865234375
2.34609375
2.36865234375
2.3718749999999997
2.36220703125
2.34609375
2.3396484374999997
2.3396484374999997
2.34287109375
2.333203125
2.3203125
2.32998046875
2.3396484374999997
2.34609375
2.3654296875
2.36220703125
2.34931640625
2.333203125
2.3396484374999997
2.34609375
2.3396484374999997
2.333203125
2.36220703125
2.3396484374999997
2.333203125
2.3396484374999997
2.33642578125
2.34609375
2.33642578125
2.3396484374999997
2.3396484374999997
2.34287109375
2.34287109375
2.3396484374999997
2.34287109375
2.3235351562499997
2.333203125
2.3396484374999997
2.34287109375
2.3396484374999997
2.3396484374999997
2.34287109375
2.333203125
2.3396484374999997
2.3525390625
2.34287109375
2.33642578125
2.34287109375
2.33642578125
2.33642578125
2.33642578125
2.333203125
2.33642578125
2.34287109375
2.32998046875
2.3396484374999997
2.3396484374999997
2.3396484374999997
2.333203125
2.34287109375
2.33642578125
2.32998046875
2.33642578125
2.333203125
2.3396484374999997
2.3396484374999997
2.333203125
2.32998046875
2.32998046875
2.33642578125
2.3396484374999997
2.3235351562499997
2.333203125
2.333203125
2.333203125
2.3396484374999997
2.3267578125
2.3235351562499997
2.333203125
2.34287109375
2.333203125
2.3396484374999997
2.33642578125
2.3235351562499997
2.333203125
2.3235351562499997
2.333203125
2.3396484374999997
2.34287109375
2.3879882812499997
2.3718749999999997
2.36865234375
2.3783203125
2.40087890625
2.384765625
2.39765625
2.40087890625
2.4041015624999997
2.40087890625
2.40732421875
2.43955078125
2.4524414062499997
2.43955078125
2.42666015625
2.46533203125
2.49755859375
2.4911132812499996
2.49755859375
2.513671875
2.513671875
2.513671875
2.54267578125
2.5394531249999996
2.52978515625
2.55234375
2.578125
2.59423828125
2.6296874999999997
2.642578125
2.6780273437499997
2.73603515625
2.70703125
2.7392578125
2.8456054687499996
2.8037109375
2.7650390624999996
2.86494140625
2.6876953125
2.56201171875
2.68125
2.5974609374999997
2.4943359375
2.6361328124999996
2.6361328124999996
2.5555664062499996
2.6748046875
2.68125
2.5652343749999997
2.6232421875
2.63935546875
2.53623046875
2.59423828125
2.6458007812499997
2.578125
2.6200195312499996
2.6748046875
2.5974609374999997
2.5974609374999997
2.642578125
2.57490234375
2.5716796874999996
2.6361328124999996
2.5974609374999997
2.5974609374999997
2.6522460937499996
2.6200195312499996
2.591015625
2.6232421875
2.5974609374999997
2.57490234375
2.616796875
2.616796875
2.5974609374999997
2.6296874999999997
2.6296874999999997
2.59423828125
2.6135742187499997
2.6135742187499997
2.5845703125
2.60712890625
2.6200195312499996
2.6039062499999996
2.616796875
2.6296874999999997
2.6039062499999996
2.6039062499999996
2.616796875
2.5974609374999997
2.5974609374999997
2.6200195312499996
2.6103515625
2.6103515625
2.6232421875
2.6135742187499997
2.6039062499999996
2.6135742187499997
2.60712890625
2.5974609374999997
2.6135742187499997
2.6135742187499997
2.6103515625
2.616796875
2.616796875
2.60712890625
2.6103515625
2.6103515625
2.6039062499999996
2.6103515625
2.6135742187499997
2.6103515625
2.6135742187499997
2.6135742187499997
2.6103515625
2.6103515625
2.6135742187499997
2.6103515625
2.6103515625
2.6135742187499997
2.6135742187499997
2.6103515625
2.6135742187499997
2.6103515625
2.6103515625
2.6103515625
2.6103515625
2.6103515625
2.6103515625
2.6135742187499997
2.6103515625
2.6135742187499997
2.6135742187499997
2.6103515625
2.6103515625
2.6103515625
2.6103515625
2.6103515625
2.6103515625
2.6103515625
2.6103515625
2.6103515625
2.6103515625
2.6103515625
2.6103515625
2.6103515625
2.6103515625
2.6103515625
2.6103515625
2.6103515625
2.6103515625
2.6103515625
2.6103515625
2.6103515625
2.6103515625
2.6103515625
2.6103515625
2.6103515625
2.6103515625
2.6103515625
2.6103515625
2.6103515625
2.6103515625
2.6103515625
2.6103515625
2.6103515625
2.6103515625
2.6103515625
2.6103515625
2.6103515625
2.6103515625
2.6103515625
2.6103515625
2.6103515625
2.6103515625
2.6103515625
2.6103515625
2.6103515625
2.6103515625
2.6103515625
2.6103515625
2.6103515625
2.6103515625
2.6103515625
2.6103515625
2.6103515625
2.6103515625
2.6103515625
2.6103515625
2.6103515625
2.6103515625
2.6103515625
2.6103515625
2.6103515625
2.6103515625
2.6103515625
2.6103515625
2.6103515625
2.6103515625
2.6103515625
2.6103515625
2.6103515625
2.6103515625
2.6103515625
2.6103515625
2.6103515625
2.6103515625
2.6103515625
2.6103515625
2.6103515625
2.6103515625
2.6103515625
2.6103515625
2.6103515625
2.6103515625
2.6103515625
2.6103515625
2.6103515625
2.6103515625
2.6103515625
2.6103515625
2.6103515625
2.6103515625
2.6103515625
2.6103515625
2.6103515625
2.6103515625
2.6103515625
2.6103515625
2.6103515625
2.6103515625
2.6103515625
2.6103515625
2.6103515625
2.6103515625
2.6103515625
2.6103515625
2.6103515625
2.6103515625
2.6103515625
2.6103515625
2.6103515625
2.6103515625
2.6103515625
2.6103515625
2.6103515625
2.6103515625
2.6103515625
2.6103515625
2.6103515625
2.6103515625
2.6103515625
2.6103515625
2.6103515625
2.6103515625
2.6103515625
2.6103515625
2.6103515625
2.6103515625
2.03671875
2.0657226562499997
2.6683593749999996
2.43955078125
2.33642578125
2.5974609374999997
2.6296874999999997
2.591015625
2.63935546875
2.6039062499999996
2.54267578125
2.53623046875
2.5265625
2.5265625
2.54267578125
2.57490234375
2.5813476562499997
2.591015625
2.591015625
2.57490234375
2.5555664062499996
2.5458984375
2.54267578125
2.5555664062499996
2.56845703125
2.578125
2.578125
2.5813476562499997
2.56845703125
2.5587890625
2.55234375
2.5587890625
2.5587890625
2.56845703125
2.56845703125
2.57490234375
2.56845703125
2.5587890625
2.56845703125
2.5587890625
2.5587890625
2.578125
2.6490234375
2.9970703125
3.3
2.2365234375
2.6876953125
3.2548828125
2.14306640625
2.3138671875
3.0325195312499997
2.281640625
2.34287109375
3.1259765625
2.5652343749999997
2.3912109375
3.0325195312499997
2.5555664062499996
2.23330078125
2.8456054687499996
2.5974609374999997
2.28486328125
2.848828125
2.7650390624999996
2.39765625
2.7972656249999996
2.75537109375
2.33642578125
2.6361328124999996
2.72314453125
2.38154296875
2.642578125
2.8166015625
2.49755859375
2.6232421875
2.7779296875
2.4685546874999997
2.5233398437499996
2.7263671874999997
2.5168945312499997
2.5458984375
2.76826171875
2.5974609374999997
2.55234375
2.7263671874999997
2.5813476562499997
2.49755859375
2.6748046875
2.60712890625
2.5265625
2.6876953125
2.65546875
2.5458984375
2.65869140625
2.642578125
2.5265625
2.616796875
2.642578125
2.55234375
2.6232421875
2.6748046875
2.578125
2.6135742187499997
2.6522460937499996
2.5652343749999997
2.5813476562499997
2.642578125
2.5845703125
2.59423828125
2.65546875
2.6103515625
2.59423828125
2.63935546875
2.5974609374999997
2.578125
2.6296874999999997
2.6103515625
2.591015625
2.63935546875
2.6232421875
2.59423828125
2.6232421875
2.616796875
2.5845703125
2.6135742187499997
2.6200195312499996
2.59423828125
2.6200195312499996
2.6296874999999997
2.5974609374999997
2.6135742187499997
2.6200195312499996
2.59423828125
2.6039062499999996
2.6200195312499996
2.6039062499999996
2.6103515625
2.6232421875
2.6103515625
2.6039062499999996
2.6200195312499996
2.6039062499999996
2.5974609374999997
2.616796875
2.6103515625
2.6039062499999996
2.616796875
2.6135742187499997
2.6039062499999996
2.6135742187499997
2.6103515625
2.60068359375
2.6103515625
2.6135742187499997
2.60712890625
2.6135742187499997
2.6135742187499997
2.60712890625
2.6103515625
2.6135742187499997
2.6039062499999996
2.6103515625
2.6135742187499997
2.6103515625
2.6103515625
2.6135742187499997
2.6103515625
2.6103515625
2.6103515625
2.52978515625
2.50400390625
2.5330078124999997
2.46533203125
2.50400390625
2.55234375
2.487890625
2.5555664062499996
2.5813476562499997
2.513671875
2.5652343749999997
2.5974609374999997
2.5330078124999997
2.5330078124999997
2.578125
2.5652343749999997
2.53623046875
2.5716796874999996
2.578125
2.5652343749999997
2.56845703125
2.5716796874999996
2.5652343749999997
2.56201171875
2.5652343749999997
2.56845703125
2.56845703125
2.57490234375
2.56845703125
2.56845703125
2.56845703125
2.5652343749999997
2.5652343749999997
2.56845703125
2.56845703125
2.5652343749999997
2.5652343749999997
2.56845703125
2.5652343749999997
2.5652343749999997
2.56845703125
2.5652343749999997
2.5587890625
2.5652343749999997
2.5652343749999997
2.56201171875
2.5652343749999997
2.5652343749999997
2.5652343749999997
2.5652343749999997
2.56845703125
2.56845703125
2.5652343749999997
2.56845703125
2.56845703125
2.56845703125
2.5652343749999997
2.5652343749999997
2.57490234375
2.5652343749999997
2.5652343749999997
2.5652343749999997
2.56845703125
2.5652343749999997
2.56845703125
2.56845703125
2.5652343749999997
2.5587890625
2.5652343749999997
2.56845703125
2.5652343749999997
2.5587890625
2.56845703125
2.56845703125
2.5652343749999997
2.56201171875
2.5652343749999997
2.56845703125
2.5652343749999997
2.56201171875
2.56201171875
2.5652343749999997
2.56845703125
2.5652343749999997
2.5587890625
2.56845703125
2.5652343749999997
2.5652343749999997
2.56201171875
2.5587890625
2.56845703125
2.56201171875
2.5652343749999997
2.5587890625
2.5652343749999997
2.5652343749999997
2.5652343749999997
2.5587890625
2.5652343749999997
2.56845703125
2.56201171875
2.5587890625
2.5652343749999997
2.5652343749999997
2.5587890625
2.5587890625
2.56845703125
2.56201171875
2.56845703125
2.5652343749999997
2.5587890625
2.56845703125
2.5652343749999997
2.56845703125
2.57490234375
2.5587890625
2.56201171875
2.56845703125
2.56845703125
2.56845703125
2.56845703125
2.5716796874999996
2.57490234375
2.57490234375
2.578125
2.578125
2.56845703125
2.57490234375
2.578125
2.57490234375
2.57490234375
2.5845703125
2.578125
2.5813476562499997
2.5974609374999997
2.6039062499999996
2.6039062499999996
2.6232421875
2.6232421875
2.642578125
2.6361328124999996
2.6683593749999996
2.6844726562499996
2.65869140625
2.6844726562499996
2.7328124999999996
2.7005859374999996
2.69091796875
2.70703125
2.616796875
2.59423828125
2.6361328124999996
2.578125
2.5652343749999997
2.63291015625
2.616796875
2.60068359375
2.6522460937499996
2.6296874999999997
2.591015625
2.6200195312499996
2.60712890625
2.57490234375
2.6135742187499997
2.6232421875
2.5974609374999997
2.6296874999999997
2.6361328124999996
2.5974609374999997
2.6103515625
2.616796875
2.5845703125
2.60068359375
2.6232421875
2.6103515625
2.616796875
2.63291015625
2.6103515625
2.60068359375
2.6135742187499997
2.5974609374999997
2.5974609374999997
2.616796875
2.6135742187499997
2.6103515625
2.6232421875
2.6135742187499997
2.60068359375
2.6103515625
2.60712890625
2.5974609374999997
2.6135742187499997
2.6135742187499997
2.6103515625
2.616796875
2.616796875
2.6039062499999996
2.6103515625
2.6103515625
2.60068359375
2.6103515625
2.6135742187499997
2.6103515625
2.6135742187499997
2.616796875
2.6103515625
2.60712890625
2.6103515625
2.60712890625
2.6103515625
2.6135742187499997
2.6135742187499997
2.6103515625
2.6135742187499997
2.6103515625
2.6103515625
2.6103515625
2.6103515625
2.6103515625
2.6135742187499997
2.6135742187499997
2.6103515625
2.6135742187499997
2.6135742187499997
2.6103515625
2.6103515625
2.6103515625
2.6103515625
2.6103515625
2.6135742187499997
2.6103515625
2.6135742187499997
2.6135742187499997
2.6103515625
2.6103515625
2.6103515625
2.6103515625
2.6103515625
2.6103515625
2.6103515625
2.6103515625
2.6103515625
2.6103515625
2.6103515625
2.6103515625
2.6103515625
2.6103515625
2.6103515625
2.6135742187499997
2.6103515625
2.6103515625
2.6103515625
2.6103515625
2.6103515625
2.6103515625
2.6103515625
2.6103515625
2.6103515625
2.6103515625
2.6103515625
2.6103515625
2.6103515625
2.6103515625
2.6103515625
2.6103515625
2.6103515625
2.6103515625
2.6103515625
2.6103515625
2.6103515625
2.6103515625
2.6103515625
2.6103515625
2.6103515625
2.6103515625
2.6103515625
2.6103515625
2.6103515625
2.6103515625
2.6103515625
2.6103515625
2.6103515625
2.6103515625
2.6103515625
2.6103515625
2.6103515625
2.6103515625
2.6103515625
2.6103515625
2.6103515625
2.6103515625
2.6103515625
2.6103515625
2.6103515625
2.6103515625
2.6103515625
2.6103515625
2.6103515625
2.6103515625
2.6103515625
2.6103515625
2.6103515625
2.6103515625
2.6103515625
2.6103515625
2.6103515625
2.6103515625
2.6103515625
2.6103515625
2.6103515625
2.6103515625
2.6103515625
2.6103515625
2.6103515625
2.6103515625
2.6103515625
2.6103515625
2.6103515625
2.6103515625
2.6103515625
2.6103515625
2.6103515625
2.6103515625
2.6103515625
2.6103515625
2.6103515625
2.6103515625
2.6103515625
2.6103515625
2.6103515625
2.6103515625
2.6103515625
2.6103515625
2.6103515625
2.6103515625
2.6103515625
2.6103515625
2.6103515625
2.6103515625
2.6103515625
2.6103515625
2.6103515625
2.6103515625
2.6103515625
2.6103515625
2.6103515625
2.6103515625
2.6103515625
