2.6103515625
2.6103515625
2.6103515625
2.6103515625
2.6103515625
2.6103515625
2.6103515625
2.6103515625
2.6103515625
2.6103515625
2.6103515625
2.6103515625
2.6103515625
2.6103515625
2.6103515625
2.6103515625
2.6103515625
2.6103515625
2.6103515625
2.6103515625
2.6103515625
2.6103515625
2.6103515625
2.6103515625
2.6103515625
2.6103515625
2.6103515625
2.6103515625
2.6103515625
2.6103515625
2.6103515625
2.6103515625
2.6103515625
2.6103515625
2.6103515625
2.6103515625
2.6103515625
2.6103515625
2.6103515625
2.6103515625
2.6103515625
2.6103515625
2.6103515625
2.6103515625
2.6103515625
2.6103515625
2.6103515625
2.6103515625
2.6103515625
2.6103515625
2.6103515625
2.6103515625
2.6103515625
2.6103515625
2.6103515625
2.6103515625
2.6103515625
2.6103515625
2.6103515625
2.6103515625
2.6103515625
2.6103515625
2.6103515625
2.6103515625
2.6103515625
2.6103515625
2.6103515625
2.6103515625
2.6103515625
2.6103515625
2.6103515625
2.6103515625
2.6103515625
2.6103515625
2.6103515625
2.6103515625
2.6103515625
2.6103515625
2.6103515625
2.6103515625
2.6103515625
2.6103515625
2.6103515625
2.6103515625
2.6103515625
2.6103515625
2.6103515625
2.6135742187499997
2.6103515625
1.90458984375
2.1076171875
2.75537109375
2.3718749999999997
2.34287109375
2.642578125
2.6296874999999997
2.591015625
2.5330078124999997
2.4234375
2.29453125
2.126953125
2.3718749999999997
2.42666015625
2.384765625
2.4556640625
2.513671875
2.5330078124999997
2.5845703125
2.78759765625
3.2291015625
2.45888671875
2.56845703125
2.82626953125
2.5458984375
2.5007812499999997
3.0228515624999996
3.2419921874999997
2.281640625
2.5974609374999997
3.2097656249999997
2.2880859375
2.34287109375
2.98740234375
2.3525390625
2.3203125
3.0228515624999996
2.59423828125
2.39765625
2.9841796874999997
2.6458007812499997
2.3203125
2.8133789062499996
2.6296874999999997
2.29775390625
2.76181640625
2.7521484375
2.4202148437499997
2.771484375
2.7908203124999997
2.4041015624999997
2.616796875
2.7102539062499997
2.4041015624999997
2.59423828125
2.78759765625
2.5265625
2.616796875
2.784375
2.5168945312499997
2.5265625
2.70703125
2.5330078124999997
2.52978515625
2.73603515625
2.6135742187499997
2.55234375
2.7166992187499996
2.6103515625
2.5168945312499997
2.65869140625
2.6135742187499997
2.5233398437499996
2.65869140625
2.6522460937499996
2.5587890625
2.6522460937499996
2.6522460937499996
2.5458984375
2.6103515625
2.63935546875
2.55234375
2.6135742187499997
2.65869140625
2.5845703125
2.6135742187499997
2.65546875
2.578125
2.5813476562499997
2.6361328124999996
2.591015625
2.591015625
2.6458007812499997
2.6135742187499997
2.59423828125
2.63935546875
2.6103515625
2.5813476562499997
2.6232421875
2.6135742187499997
2.591015625
2.6296874999999997
2.6232421875
2.59423828125
2.6232421875
2.6200195312499996
2.591015625
2.6103515625
2.616796875
2.59423828125
2.6135742187499997
2.6296874999999997
2.6039062499999996
2.6135742187499997
2.6232421875
2.5974609374999997
2.60068359375
2.6200195312499996
2.6039062499999996
2.60712890625
2.6232421875
2.6135742187499997
2.60712890625
2.6200195312499996
2.6103515625
2.5974609374999997
2.6135742187499997
2.6103515625
2.6039062499999996
2.616796875
2.616796875
2.60712890625
2.6135742187499997
2.6135742187499997
2.6039062499999996
2.6103515625
2.6135742187499997
2.60712890625
2.6103515625
2.616796875
2.6103515625
2.6103515625
2.6135742187499997
2.6039062499999996
2.60712890625
2.6135742187499997
2.6103515625
2.6103515625
2.6135742187499997
2.6103515625
2.6103515625
2.6135742187499997
2.6103515625
2.6103515625
2.6103515625
2.6103515625
2.6103515625
2.6135742187499997
2.6135742187499997
2.6103515625
2.6135742187499997
2.6103515625
2.6103515625
2.6103515625
2.6103515625
2.6103515625
2.6103515625
2.6135742187499997
2.6103515625
2.6135742187499997
2.6135742187499997
2.6103515625
2.6103515625
2.6103515625
2.6103515625
2.6103515625
2.6135742187499997
2.6103515625
2.6103515625
2.6135742187499997
2.6103515625
2.6103515625
2.6103515625
2.6103515625
2.6103515625
2.6103515625
2.6103515625
2.6103515625
2.6103515625
2.6103515625
2.6103515625
2.6103515625
2.6103515625
2.6103515625
2.6103515625
2.6103515625
2.6103515625
2.6103515625
2.6103515625
2.6103515625
2.6103515625
2.6103515625
2.6103515625
2.6103515625
2.6103515625
2.6103515625
2.6103515625
2.6103515625
2.6103515625
2.6103515625
2.6103515625
2.6103515625
2.6103515625
2.6103515625
2.6103515625
2.6103515625
2.6103515625
2.6103515625
2.6103515625
2.6103515625
2.6103515625
2.6103515625
2.6103515625
2.6103515625
2.6103515625
2.6103515625
2.6103515625
2.6103515625
2.6103515625
2.6103515625
2.6103515625
2.6103515625
2.6103515625
2.6103515625
2.6103515625
2.6103515625
2.6103515625
2.6103515625
2.6103515625
2.6103515625
2.6103515625
2.6103515625
2.6103515625
2.6103515625
2.6103515625
2.6103515625
2.6103515625
2.6103515625
2.6103515625
2.6103515625
2.6103515625
2.6103515625
2.6103515625
2.6103515625
2.6103515625
2.6103515625
2.6103515625
2.6103515625
2.6103515625
2.6103515625
2.6103515625
2.6103515625
2.6103515625
2.6103515625
2.6103515625
2.6103515625
2.6103515625
2.6103515625
2.6103515625
2.6103515625
2.6103515625
2.6103515625
2.6103515625
2.6103515625
2.6103515625
2.6103515625
2.6103515625
2.6103515625
2.6103515625
2.6103515625
2.6135742187499997
2.6103515625
2.6103515625
2.6135742187499997
2.6103515625
2.6103515625
2.6103515625
2.6103515625
2.6135742187499997
2.6103515625
2.6103515625
2.6135742187499997
2.6103515625
2.6103515625
2.6103515625
2.6103515625
2.6103515625
2.6135742187499997
2.6103515625
2.6103515625
2.6103515625
2.6135742187499997
2.6103515625
2.6103515625
2.6103515625
2.6103515625
2.6103515625
2.6103515625
2.6103515625
2.6103515625
2.5007812499999997
1.3309570312499999
1.59521484375
2.023828125
2.1333984375
2.1591796875
2.1978515625
2.29453125
2.38154296875
2.3203125
2.0012695312499997
2.13662109375
2.17529296875
2.1591796875
2.1333984375
2.1333984375
2.14951171875
2.17529296875
2.18818359375
2.1946289062499997
2.1946289062499997
2.17529296875
2.16884765625
2.152734375
2.152734375
2.1591796875
2.1591796875
2.15595703125
2.16884765625
2.165625
2.14951171875
2.14951171875
2.152734375
2.152734375
2.1462890624999997
2.16884765625
2.16884765625
2.165625
2.152734375
2.14951171875
2.1591796875
2.1591796875
2.1591796875
2.1462890624999997
2.15595703125
2.165625
2.16884765625
2.2429687499999997
2.2751953124999997
2.33642578125
2.8294921874999996
3.3
2.92939453125
2.8037109375
3.3
2.9036132812499997
1.9787109374999998
3.2806640624999996
2.6200195312499996
1.6532226562499999
2.9068359375
2.8552734374999997
1.98837890625
3.0228515624999996
3.1614257812499997
2.1462890624999997
2.75537109375
2.96484375
2.03994140625
2.49755859375
2.977734375
2.28486328125
2.578125
3.106640625
2.46533203125
2.487890625
2.9326171875
2.40087890625
2.3203125
2.848828125
2.5458984375
2.4298828125
2.92294921875
2.68125
2.41376953125
2.771484375
2.6135742187499997
2.3396484374999997
2.6876953125
2.69091796875
2.4524414062499997
2.7328124999999996
2.7650390624999996
2.4685546874999997
2.63291015625
2.69736328125
2.44599609375
2.578125
2.72314453125
2.52978515625
2.6103515625
2.75537109375
2.5652343749999997
2.5652343749999997
2.6876953125
2.54267578125
2.52978515625
2.68125
2.5974609374999997
2.56845703125
2.70703125
2.6296874999999997
2.55234375
2.6522460937499996
2.60712890625
2.5330078124999997
2.63935546875
2.63935546875
2.5716796874999996
2.6522460937499996
2.65546875
2.56845703125
2.6135742187499997
2.63291015625
2.56201171875
2.6039062499999996
2.6458007812499997
2.59423828125
2.616796875
2.6522460937499996
2.59423828125
2.59423828125
2.63291015625
2.591015625
2.591015625
2.6361328124999996
2.6135742187499997
2.5974609374999997
2.63935546875
2.6135742187499997
2.591015625
2.6200195312499996
2.6103515625
2.591015625
2.6200195312499996
2.6200195312499996
2.5974609374999997
2.6200195312499996
2.6200195312499996
2.59423828125
2.6103515625
2.6135742187499997
2.59423828125
2.6103515625
2.6200195312499996
2.6039062499999996
2.6135742187499997
2.6200195312499996
2.6039062499999996
2.6039062499999996
2.6135742187499997
2.6039062499999996
2.6039062499999996
2.616796875
2.6103515625
2.6103515625
2.6200195312499996
2.6103515625
2.6039062499999996
2.6135742187499997
2.6103515625
2.6039062499999996
2.6135742187499997
2.6135742187499997
2.6103515625
2.6135742187499997
2.6135742187499997
2.6039062499999996
2.6103515625
2.6103515625
2.60712890625
2.6135742187499997
2.6135742187499997
2.6103515625
2.6135742187499997
2.6135742187499997
2.6103515625
2.6103515625
2.6135742187499997
2.6103515625
2.6103515625
2.6135742187499997
2.6135742187499997
2.6103515625
2.6135742187499997
2.6103515625
2.6103515625
2.6135742187499997
2.6103515625
2.6103515625
2.6135742187499997
2.6135742187499997
2.6103515625
2.6135742187499997
2.6103515625
2.6103515625
2.6103515625
2.6103515625
2.6103515625
2.6103515625
2.6135742187499997
2.6103515625
2.6103515625
2.6103515625
2.6103515625
2.6103515625
2.6103515625
2.6103515625
2.6103515625
2.6135742187499997
2.6135742187499997
2.6103515625
2.6103515625
2.6103515625
2.6103515625
2.6103515625
2.6103515625
2.6103515625
2.6103515625
2.6103515625
2.6103515625
2.6103515625
2.6103515625
2.6103515625
2.6103515625
2.6103515625
2.6103515625
2.6103515625
2.6135742187499997
2.6103515625
2.6103515625
2.6103515625
2.6103515625
2.6103515625
2.6103515625
2.6103515625
2.6103515625
2.6103515625
2.6103515625
2.6103515625
2.6135742187499997
2.6103515625
2.6103515625
2.6103515625
2.6135742187499997
2.6103515625
2.6135742187499997
2.6103515625
2.6103515625
2.6103515625
2.6103515625
2.6103515625
2.6103515625
2.6103515625
2.6103515625
2.6103515625
2.6103515625
2.6103515625
2.6103515625
2.6103515625
2.6103515625
2.6103515625
2.6103515625
2.6103515625
2.6135742187499997
2.6103515625
2.6103515625
2.6103515625
2.6103515625
2.6103515625
2.6103515625
2.6103515625
2.6103515625
2.6103515625
2.6103515625
2.6103515625
2.6103515625
2.6103515625
2.6103515625
2.6103515625
2.6103515625
2.6103515625
2.6103515625
2.6103515625
2.6103515625
2.6103515625
2.6103515625
2.6103515625
2.6103515625
2.6103515625
2.6103515625
2.6103515625
2.6103515625
2.6103515625
2.6103515625
2.6103515625
2.2880859375
1.44052734375
1.6403320312499998
1.9754882812499999
2.14951171875
2.17529296875
2.22041015625
2.31064453125
2.40087890625
2.4298828125
2.4363281249999997
2.40732421875
2.384765625
2.36220703125
2.34609375
2.34609375
2.3525390625
2.3718749999999997
2.3718749999999997
2.3879882812499997
2.384765625
2.3654296875
2.36220703125
2.34609375
2.36220703125
2.3525390625
2.36865234375
2.36865234375
2.36865234375
2.3525390625
2.3525390625
2.36220703125
2.3525390625
2.34931640625
2.3654296875
2.3525390625
2.3654296875
2.36865234375
2.36220703125
2.36220703125
2.3525390625
2.3654296875
2.36865234375
2.36220703125
2.3525390625
2.3525390625
2.3525390625
2.3525390625
2.36220703125
2.3525390625
2.358984375
2.3525390625
2.36220703125
2.3654296875
2.3525390625
2.34609375
2.3525390625
2.36220703125
2.3525390625
2.3525390625
2.34609375
2.3525390625
2.34609375
2.36220703125
2.36220703125
2.34931640625
2.3525390625
2.3525390625
2.3525390625
2.34287109375
2.3525390625
2.3525390625
2.34931640625
2.34931640625
2.37509765625
2.92294921875
3.3
2.6844726562499996
1.4501953125
3.3
2.7263671874999997
0.93779296875
3.3
2.9455078125
1.1279296875
3.2033203125
3.3
1.64677734375
3.01962890625
3.3
1.6532226562499999
2.50400390625
3.3
1.843359375
2.3783203125
3.3
2.27197265625
2.40732421875
3.3
2.333203125
2.1140624999999997
3.0873046874999996
2.4234375
2.126953125
3.10986328125
2.72314453125
2.255859375
3.0002929687499997
2.7166992187499996
2.13662109375
2.771484375
2.73603515625
2.2236328125
2.76826171875
2.88427734375
2.36220703125
2.6941406249999997
2.8456054687499996
2.3396484374999997
2.5587890625
2.8069335937499997
2.410546875
2.5555664062499996
2.8552734374999997
2.5233398437499996
2.54267578125
2.8133789062499996
2.5265625
2.46533203125
2.7392578125
2.5652343749999997
2.487890625
2.76181640625
2.642578125
2.513671875
2.7166992187499996
2.6361328124999996
2.4685546874999997
2.65546875
2.6458007812499997
2.50400390625
2.6619140624999997
2.6876953125
2.53623046875
2.63291015625
2.67158203125
2.5265625
2.59423828125
2.6683593749999996
2.5587890625
2.6039062499999996
2.6844726562499996
2.5845703125
2.591015625
2.6683593749999996
2.5813476562499997
2.56845703125
2.6490234375
2.5974609374999997
2.5813476562499997
2.65546875
2.6200195312499996
2.5813476562499997
2.63935546875
2.6135742187499997
2.56845703125
2.6232421875
2.6200195312499996
2.5813476562499997
2.6296874999999997
2.6361328124999996
2.591015625
2.616796875
2.6232421875
2.5845703125
2.6103515625
2.6296874999999997
2.5974609374999997
2.6135742187499997
2.6361328124999996
2.6039062499999996
2.6039062499999996
2.6232421875
2.5974609374999997
2.5974609374999997
2.6200195312499996
2.6103515625
2.6039062499999996
2.6232421875
2.6135742187499997
2.5974609374999997
2.616796875
2.6103515625
2.59423828125
2.6135742187499997
2.6135742187499997
2.6039062499999996
2.616796875
2.616796875
2.6039062499999996
2.6135742187499997
2.6135742187499997
2.60068359375
2.6103515625
2.616796875
2.6103515625
2.6103515625
2.616796875
2.6103515625
2.6103515625
2.6135742187499997
2.60712890625
2.60712890625
2.6135742187499997
2.6103515625
2.6103515625
2.6135742187499997
2.6103515625
2.6103515625
2.6135742187499997
2.6103515625
2.6103515625
2.6103515625
2.6135742187499997
2.6103515625
2.6135742187499997
2.6135742187499997
2.6103515625
2.6103515625
2.6103515625
2.6103515625
2.6103515625
2.6135742187499997
2.6103515625
2.6103515625
2.6135742187499997
2.6103515625
2.6103515625
2.6135742187499997
2.6103515625
2.6103515625
2.6135742187499997
2.6103515625
2.6103515625
2.6135742187499997
2.6135742187499997
2.6103515625
2.6103515625
2.6103515625
2.6103515625
2.6103515625
2.6103515625
2.6103515625
2.6103515625
2.6135742187499997
2.6103515625
2.6103515625
2.6103515625
2.6103515625
2.6103515625
2.6103515625
2.6103515625
2.6103515625
2.6103515625
2.6103515625
2.6103515625
2.6103515625
2.6103515625
2.6103515625
2.6103515625
2.6103515625
2.6103515625
2.6103515625
2.6103515625
2.6103515625
2.6103515625
2.6103515625
2.6103515625
2.6103515625
2.6103515625
2.6103515625
2.6103515625
2.6103515625
2.6103515625
2.6103515625
2.6103515625
2.6103515625
2.6103515625
2.6103515625
2.6103515625
2.4685546874999997
1.2955078125
1.78857421875
2.255859375
2.2171875
2.23330078125
2.2171875
2.1720703125
2.3879882812499997
2.42666015625
2.4041015624999997
2.3718749999999997
2.3654296875
2.34287109375
2.3525390625
3.3
3.3
2.0979492187499997
2.0979492187499997
3.3
2.08828125
1.2890625
3.3
2.36865234375
1.2987304687499999
3.3
3.04541015625
1.6854492187499999
3.3
3.0647460937499997
1.546875
2.8552734374999997
3.0550781249999996
1.7015624999999999
2.7489257812499996
3.3
2.0818359374999997
2.69736328125
3.2903320312499997
2.0979492187499997
2.36865234375
3.08408203125
2.2107421874999997
2.34287109375
3.18076171875
2.5233398437499996
2.3879882812499997
3.0711914062499996
2.5233398437499996
2.21396484375
2.874609375
2.5813476562499997
2.2751953124999997
2.8939453124999996
2.76181640625
2.3654296875
2.8069335937499997
2.73603515625
2.31064453125
2.6619140624999997
2.7392578125
2.37509765625
2.6619140624999997
2.8166015625
2.46533203125
2.6232421875
2.78759765625
2.4556640625
2.5330078124999997
2.7392578125
2.50400390625
2.5458984375
2.7779296875
2.5845703125
2.5458984375
2.73603515625
2.578125
2.49755859375
2.6844726562499996
2.6039062499999996
2.5233398437499996
2.69736328125
2.6522460937499996
2.53623046875
2.6619140624999997
2.63935546875
2.5233398437499996
2.6232421875
2.6458007812499997
2.5458984375
2.6361328124999996
2.6748046875
2.5716796874999996
2.6135742187499997
2.65546875
2.5652343749999997
2.591015625
2.6458007812499997
2.5813476562499997
2.5974609374999997
2.65869140625
2.6039062499999996
2.591015625
2.642578125
2.5974609374999997
2.578125
2.63291015625
2.6103515625
2.591015625
2.63935546875
2.6232421875
2.591015625
2.6232421875
2.616796875
2.5845703125
2.616796875
2.6200195312499996
2.59423828125
2.6200195312499996
2.6296874999999997
2.5974609374999997
2.6135742187499997
2.6200195312499996
2.59423828125
2.6039062499999996
2.6200195312499996
2.6039062499999996
2.6103515625
2.6232421875
2.6103515625
2.6039062499999996
2.6200195312499996
2.6039062499999996
2.5974609374999997
2.616796875
2.6103515625
2.6039062499999996
2.616796875
2.6135742187499997
2.6039062499999996
2.6135742187499997
2.6103515625
2.60068359375
2.6135742187499997
2.6135742187499997
2.6039062499999996
2.6135742187499997
2.616796875
2.60712890625
2.6103515625
2.6135742187499997
2.6039062499999996
2.6103515625
2.6135742187499997
2.6103515625
2.6103515625
2.6135742187499997
2.6103515625
2.6103515625
2.6135742187499997
2.6103515625
2.6103515625
2.6135742187499997
2.6103515625
2.6103515625
2.6135742187499997
2.6135742187499997
2.6103515625
2.6103515625
2.6103515625
2.6103515625
2.6135742187499997
2.6135742187499997
2.6103515625
2.6135742187499997
2.6135742187499997
2.6103515625
2.6103515625
2.6103515625
2.6103515625
2.6103515625
2.6103515625
2.6103515625
2.6103515625
2.6103515625
2.6103515625
2.6103515625
2.6103515625
2.6103515625
2.6103515625
2.6103515625
2.6103515625
2.6103515625
2.6103515625
2.6103515625
2.6103515625
2.6103515625
2.6103515625
2.6103515625
2.6103515625
2.6103515625
2.6103515625
2.6103515625
2.6103515625
2.6103515625
2.6103515625
2.6103515625
2.6103515625
2.6103515625
2.6103515625
2.6103515625
2.6103515625
2.6103515625
2.6103515625
2.6103515625
2.6103515625
2.6103515625
2.6103515625
2.6103515625
2.6103515625
2.6103515625
2.6103515625
2.6103515625
2.6103515625
2.6103515625
2.6103515625
2.6103515625
2.6103515625
2.6103515625
2.6103515625
2.6103515625
2.6103515625
2.6103515625
2.6103515625
2.6103515625
2.6103515625
2.6103515625
2.6103515625
2.6103515625
2.6103515625
2.6103515625
2.6103515625
2.6103515625
2.6103515625
2.6103515625
2.6103515625
2.6103515625
2.6103515625
2.6103515625
2.6103515625
2.6103515625
2.6103515625
2.6103515625
2.6103515625
2.6103515625
2.6103515625
2.6103515625
2.6103515625
2.6103515625
2.6103515625
2.6103515625
2.6103515625
2.6103515625
2.6103515625
2.6103515625
2.6103515625
2.6103515625
2.6103515625
2.6103515625
2.6103515625
2.6103515625
2.6103515625
2.6103515625
2.6103515625
2.6103515625
2.6103515625
2.6103515625
2.6103515625
2.6103515625
2.6103515625
2.6103515625
2.6103515625
2.6103515625
2.6103515625
2.6103515625
2.6103515625
2.6103515625
2.6103515625
2.6103515625
2.6103515625
2.6103515625
2.6103515625
2.6103515625
2.6103515625
2.6103515625
2.6103515625
2.6103515625
2.6103515625
2.6103515625
2.6103515625
2.6103515625
2.6103515625
2.6103515625
2.6103515625
