20
Pressure firstOrder secondOrder thirdOrder fallPulse risePulse tapCount 
2779 2698 2710 0 1 255  

2800 2779 2725 2789 0 1 255  

2867 2797 2730 2709 0 1 255  

2768 2785 2807 2709 0 1 255  

2807 2790 2736 2718 0 1 255  

2815 2774 2719 2706 0 1 255  

2835 2763 2725 2766 0 1 255  

2805 2770 2783 2691 0 1 255  

2800 2781 2730 2727 0 1 255  

2805 2816 2727 2691 0 1 255  

2801 2779 2770 2713 0 1 255  

2795 2770 2736 2702 0 1 255  

2812 2787 2723 2721 0 1 255  

2845 2755 2722 2716 0 1 255  

2800 2827 2734 2631 0 0 255  

2819 2794 2734 2733 0 0 255  

2804 2791 2750 2715 0 0 255  

2778 2774 2724 2736 0 0 255  

2809 2782 2721 2734 0 0 255  

2814 2779 2780 2713 0 0 255  

2811 2791 2725 2711 0 0 255  

2806 2791 2739 2815 0 0 255  

2792 2787 2736 2717 0 0 255  

2811 2793 2715 2718 0 0 255  

2814 2748 2711 2717 0 0 255  

2826 2795 2739 2640 0 0 255  

2803 2789 2768 2731 0 0 255  

2809 2795 2734 2721 0 0 255  

2770 2787 2730 2737 0 0 255  

2831 2787 2713 2746 0 0 255  

2794 2779 2790 2741 0 0 255  

2811 2794 2723 2736 0 0 255  

2814 2790 2752 2713 0 0 255  

2819 2781 2678 2752 0 0 255  

2815 2787 2751 2736 0 0 255  

2817 2691 2747 2752 0 0 255  

2811 2799 2747 2727 0 0 255  

2813 2782 2757 2717 0 0 255  

2816 2791 2746 2727 0 0 255  

2810 2762 2752 2752 0 0 255  

2813 2827 2733 2707 0 0 255  

2794 2784 2693 2732 0 0 255  

2814 2787 2731 2735 0 0 255  

2813 2777 2746 2735 0 0 255  

2804 2802 2738 2810 0 0 255  

2800 2798 2801 2741 0 0 255  

2813 2791 2759 2747 0 0 255  

2795 2759 2761 2688 0 0 255  

2826 2796 2768 2762 0 0 255  

2810 2800 2729 2734 0 0 255  

2815 2836 2736 2732 0 0 255  

2814 2796 2753 2768 0 0 255  

2802 2798 2848 2749 0 0 255  

2808 2805 2754 2749 0 0 255  

2859 2775 2751 2736 0 0 255  

2829 2793 2722 2750 0 0 255  

2801 2799 2678 2747 0 0 255  

2801 2794 2761 2752 0 0 255  

2785 2830 2743 2621 0 0 255  

2822 2798 2768 2735 0 0 255  

2800 2786 2740 2739 0 0 255  

2882 2775 2805 2738 0 0 255  

2865 2785 2752 2704 0 0 255  

2807 2800 2723 2745 0 0 255  

2805 2805 2739 2756 0 0 255  

2822 2795 2759 2750 0 0 255  

2823 2811 2765 2750 0 0 255  

2818 2805 2797 2768 0 0 255  

2210 2796 2787 2759 0 0 255  

2252 2762 2758 2769 0 0 255  

2223 2640 2741 2723 0 0 255  

2215 2641 2768 2753 0 0 255  

2202 2601 2731 2766 0 0 255  

2193 2577 2739 2741 0 0 255  

2257 2559 2707 2751 0 0 255  

2219 2516 2735 2737 0 0 255  

2208 2500 2729 2745 1 0 000  

2195 2497 2672 2755 1 0 000  

2217 2480 2610 2729 1 0 000  

2218 2463 2690 2722 1 0 000  

2179 2397 2656 2736 1 0 000  

2202 2466 2675 2722 1 0 000  

2213 2446 2635 2725 1 0 000  

2213 2431 2635 2690 1 0 000  

2199 2448 2661 2784 1 0 000  

2205 2429 2661 2711 1 0 000  

2221 2406 2624 2704 1 0 000  

2207 2438 2640 2678 1 0 000  

2259 2411 2638 2690 1 0 000  

2224 2406 2633 2645 1 0 000  

2192 2403 2618 2700 1 0 000  

2161 2393 2619 2690 1 0 000  

2207 2385 2610 2711 1 0 000  

2205 2421 2593 2661 1 0 000  

2217 2387 2582 2672 1 0 000  

2212 2390 2587 2637 1 0 000  

2223 2372 2604 2650 1 0 000  

2221 2384 2555 2646 1 0 000  

2210 2393 2606 2631 1 0 000  

2246 2405 2588 2643 1 0 000  

2216 2371 2527 2646 1 0 000  

2223 2369 2576 2635 1 0 000  

2206 2388 2571 2611 1 0 000  

2203 2357 2559 2646 1 0 000  

2229 2364 2544 2627 1 0 000  

2223 2352 2544 2613 1 0 000  

2126 2383 2557 2606 1 0 000  

2243 2365 2545 2616 1 0 000  

2825 2358 2549 2609 1 0 000  

2809 2427 2524 2608 1 0 000  

2755 2454 2541 2641 1 0 000  

2807 2493 2557 2603 1 0 000  

2809 2539 2551 2599 1 0 000  

2796 2576 2541 2571 1 0 000  

2850 2579 2544 2598 1 0 000  

2812 2618 2496 2579 1 0 000  

2779 2624 2577 2591 1 0 000  

2801 2672 2581 2585 1 0 000  

2855 2672 2578 2621 1 0 000  

2816 2663 2582 2586 1 0 000  

2805 2674 2577 2587 1 0 000  

2784 2683 2587 2559 1 0 000  

2797 2695 2609 2592 1 0 000  

2798 2696 2614 2608 1 0 000  

2805 2704 2580 2596 1 0 000  

2810 2756 2603 2541 1 0 000  

2815 2719 2621 2602 1 0 000  

2813 2722 2627 2576 0 0 000  

2821 2779 2619 2587 0 0 000  

2738 2723 2630 2578 0 1 255  

2813 2723 2689 2591 0 1 255  

2803 2718 2619 2601 0 1 255  

2805 2713 2623 2599 0 1 255  

2808 2735 2630 2585 0 1 255  

2800 2741 2649 2592 0 1 255  

2815 2743 2615 2599 0 1 255  

2841 2779 2640 2609 0 1 255  

2807 2750 2620 2610 0 1 255  

2814 2743 2672 2613 0 1 255  

2803 2736 2652 2603 0 1 255  

2796 2771 2624 2594 0 1 255  

2814 2740 2626 2637 0 1 255  

2802 2732 2631 2603 0 1 255  

2816 2766 2630 2618 0 1 255  

2862 2747 2634 2625 0 1 255  

2796 2742 2613 2637 0 1 255  

2813 2755 2631 2607 0 1 255  

2799 2728 2640 2629 0 1 255  

2813 2739 2642 2614 0 1 255  

2807 2757 2575 2633 0 1 255  

2795 2750 2646 2621 0 1 255  

2841 2751 2650 2640 0 1 255  

2806 2752 2670 2645 0 1 255  

2815 2753 2661 2641 0 1 255  

2807 2754 2661 2631 0 1 255  

2800 2756 2657 2578 0 1 255  

2826 2750 2694 2651 0 1 255  

2767 2753 2672 2640 0 1 255  

2815 2749 2655 2649 0 1 255  

2800 2760 2655 2667 0 1 255  

2804 2758 2683 2642 0 1 255  

2805 2762 2676 2641 0 1 255  

2815 2755 2645 2641 0 1 255  

2801 2761 2658 2651 0 1 255  

2807 2761 2673 2658 0 1 255  

2800 2765 2659 2658 0 1 255  

2842 2733 2695 2638 0 1 255  

2809 2755 2666 2630 0 1 255  

2809 2766 2646 2636 0 1 255  

2814 2762 2657 2646 0 1 255  

2813 2756 2662 2640 0 1 255  

2826 2770 2665 2649 0 1 255  

2816 2769 2672 2659 0 1 255  

2822 2807 2702 2672 0 1 255  

2817 2769 2688 2655 0 1 255  

2815 2764 2751 2649 0 1 255  

2806 2767 2684 2683 0 1 255  

2800 2757 2687 2674 0 1 255  

2806 2771 2683 2706 0 1 255  

2807 2770 2672 2682 0 1 255  

2815 2775 2672 2673 0 1 255  

2800 2786 2701 2662 0 1 255  

2811 2768 2714 2679 0 1 255  

2803 2769 2599 2676 0 1 255  

2810 2775 2709 2697 0 1 255  

2794 2770 2693 2754 0 1 255  

2834 2772 2703 2687 0 1 255  

2825 2763 2689 2688 0 1 255  

2811 2785 2703 2683 0 1 255  

2829 2775 2709 2672 0 1 255  

2814 2773 2683 2692 0 1 255  

2823 2771 2707 2674 0 1 255  

2798 2833 2704 2695 0 1 255  

2810 2781 2716 2763 0 1 255  

2803 2775 2728 2679 0 1 255  

2804 2779 2699 2685 0 1 255  

2807 2761 2722 2679 0 1 255  

2778 2781 2710 2691 0 1 255  

2807 2775 2633 2701 0 1 255  

2802 2779 2702 2693 0 1 255  

2774 2773 2704 2743 0 1 255  

2811 2768 2742 2697 0 1 255  

2803 2781 2703 2698 0 1 255  

2816 2823 2703 2709 0 1 255  

2806 2784 2651 2689 0 1 255  

2807 2786 2701 2704 0 1 255  

2822 2781 2738 2704 0 1 255  

2774 2770 2710 2725 0 1 255  

2806 2773 2719 2736 0 1 255  

2800 2786 2755 2709 0 1 255  

2805 2781 2719 2709 0 1 255  

2818 2828 2703 2716 0 1 255  

2800 2773 2716 2704 0 1 255  

2821 2791 2627 2729 0 1 255  

2815 2780 2717 2704 0 0 255  

2799 2768 2714 2753 0 0 255  

2801 2785 2691 2713 0 0 255  

2815 2782 2711 2713 0 0 255  

2804 2856 2704 2702 0 0 255  

2803 2785 2733 2687 0 0 255  

2800 2782 2734 2718 0 0 255  

2815 2783 2704 2733 0 0 255  

2803 2796 2704 2719 0 0 255  

2807 2758 2734 2727 0 0 255  

2801 2787 2763 2733 0 0 255  

2817 2790 2751 2725 0 0 255  

2826 2799 2725 2725 0 0 255  

2771 2787 2738 2705 0 0 255  

2811 2794 2739 2718 0 0 255  

2817 2859 2725 2736 0 0 255  

2739 2788 2735 2731 0 0 255  

2818 2789 2722 2711 0 0 255  

2815 2797 2731 2733 0 0 255  

2795 2841 2722 2721 0 0 255  

2801 2787 2745 2797 0 0 255  

2804 2791 2717 2736 0 0 255  

2795 2786 2720 2642 0 0 255  

2814 2717 2741 2730 0 0 255  

2813 2800 2721 2704 0 0 255  

2805 2797 2691 2720 0 0 255  

2799 2790 2743 2734 0 0 255  

2807 2716 2738 2812 0 0 255  

2801 2783 2736 2745 0 0 255  

2827 2787 2725 2737 0 0 255  

2825 2701 2740 2715 0 0 255  

2821 2781 2757 2725 0 0 255  

2827 2783 2755 2738 0 0 255  

2821 2799 2790 2751 0 0 255  

2801 2790 2739 2736 0 0 255  

2812 2797 2733 2768 0 0 255  

2805 2791 2659 2729 0 0 255  

2797 2790 2741 2755 0 0 255  

2813 2791 2769 2758 0 0 255  

2813 2795 2749 2752 0 0 255  

2814 2787 2805 2724 0 0 255  

2807 2809 2730 2745 0 0 255  

2815 2790 2751 2719 0 0 255  

2813 2794 2718 2752 0 0 255  

2805 2797 2733 2726 0 0 255  

2815 2813 2756 2761 0 0 255  

2815 2815 2753 2764 0 0 255  

2823 2793 2799 2746 0 0 255  

2800 2797 2749 2743 0 0 255  

2797 2795 2751 2753 0 0 255  

2802 2765 2746 2768 0 0 255  

2802 2801 2703 2738 0 0 255  

2812 2799 2743 2743 0 0 255  

2817 2793 2759 2729 0 0 255  

2214 2797 2784 2763 0 0 255  

2223 2727 2758 2743 0 0 255  

2221 2672 2738 2714 0 0 255  

2226 2640 2731 2759 0 0 255  

2229 2610 2757 2753 0 0 255  

2229 2567 2709 2758 0 0 255  

2212 2543 2721 2730 0 0 255  

2212 2512 2695 2736 0 0 255  

2214 2509 2704 2735 1 0 000  

2209 2485 2704 2747 1 0 000  

2224 2465 2685 2736 1 0 000  

2273 2461 2683 2651 1 0 000  

2228 2451 2739 2713 1 0 000  

2206 2435 2661 2725 1 0 000  

2215 2439 2640 2833 1 0 000  

2223 2432 2661 2709 1 0 000  

2160 2419 2640 2705 1 0 000  

2095 2410 2668 2715 1 0 000  

2224 2413 2633 2675 1 0 000  

2247 2401 2676 2672 1 0 000  

2214 2401 2609 2689 1 0 000  

2199 2398 2598 2673 1 0 000  

2197 2407 2594 2730 1 0 000  

2215 2399 2687 2671 1 0 000  

2205 2398 2593 2686 1 0 000  

2211 2382 2583 2675 1 0 000  

2175 2384 2608 2658 1 0 000  

2205 2369 2592 2655 1 0 000  

2222 2381 2593 2640 1 0 000  

2210 2375 2585 2677 1 0 000  

2141 2387 2577 2635 1 0 000  

2203 2377 2576 2638 1 0 000  

2203 2372 2556 2647 1 0 000  

2203 2381 2594 2643 1 0 000  

2225 2371 2554 2631 1 0 000  

2199 2368 2573 2618 1 0 000  

2203 2366 2555 2613 1 0 000  

2295 2367 2567 2624 1 0 000  

2224 2365 2557 2598 1 0 000  

2203 2365 2547 2599 1 0 000  

2806 2368 2537 2602 1 0 000  

2841 2471 2535 2602 1 0 000  

2821 2477 2539 2592 1 0 000  

2800 2501 2555 2578 1 0 000  

2818 2503 2549 2662 1 0 000  

2804 2559 2558 2576 1 0 000  

2813 2597 2548 2571 1 0 000  

2812 2620 2547 2597 1 0 000  

2801 2541 2574 2581 1 0 000  

2737 2645 2559 2576 1 0 000  

2803 2663 2559 2581 1 0 000  

2807 2676 2577 2574 1 0 000  

2783 2694 2576 2533 1 0 000  

2811 2722 2580 2586 1 0 000  

2814 2697 2583 2603 1 0 000  

2818 2705 2606 2579 1 0 000  

2815 2661 2603 2539 1 0 000  

2802 2705 2597 2592 1 0 000  

2803 2716 2608 2609 0 0 000  

2811 2690 2608 2554 0 0 000  

2833 2727 2590 2576 0 0 000  

2768 2715 2630 2583 0 1 255  

2736 2735 2621 2577 0 1 255  

2806 2710 2617 2588 0 1 255  

2863 2727 2608 2589 0 1 255  

2809 2738 2638 2597 0 1 255  

2813 2732 2631 2599 0 1 255  

2855 2754 2619 2608 0 1 255  

2815 2733 2650 2618 0 1 255  

2807 2745 2638 2608 0 1 255  

2803 2735 2627 2613 0 1 255  

2810 2729 2631 2610 0 1 255  

2802 2736 2611 2607 0 1 255  

2806 2746 2627 2631 0 1 255  

2810 2733 2631 2624 0 1 255  

2737 2738 2630 2606 0 1 255  

2800 2752 2583 2624 0 1 255  

2831 2745 2672 2617 0 1 255  

2802 2736 2642 2619 0 1 255  

2807 2753 2641 2634 0 1 255  

2805 2743 2610 2610 0 1 255  

2809 2739 2633 2622 0 1 255  

2773 2750 2650 2624 0 1 255  

2800 2751 2650 2612 0 1 255  

2818 2753 2676 2625 0 1 255  

2823 2764 2640 2623 0 1 255  

2852 2768 2658 2637 0 1 255  

2811 2758 2658 2645 0 1 255  

2800 2749 2683 2647 0 1 255  

2800 2753 2655 2625 0 1 255  

2795 2755 2671 2624 0 1 255  

2807 2757 2676 2640 0 1 255  

2774 2785 2651 2639 0 1 255  

2793 2764 2672 2650 0 1 255  

2800 2800 2675 2653 0 1 255  

2810 2762 2672 2650 0 1 255  

2802 2765 2661 2661 0 1 255  

2777 2714 2658 2654 0 1 255  

2810 2758 2675 2646 0 1 255  

2807 2768 2653 2654 0 1 255  

2806 2755 2672 2654 0 1 255  

2821 2785 2697 2653 0 1 255  

2795 2755 2706 2678 0 1 255  

2815 2768 2675 2671 0 1 255  

2800 2827 2668 2658 0 1 255  

2795 2772 2672 2679 0 1 255  

2806 2768 2687 2646 0 1 255  

2732 2811 2672 2662 0 1 255  

2823 2729 2666 2672 0 1 255  

2810 2767 2693 2628 0 1 255  

2805 2761 2690 2688 0 1 255  

2816 2768 2687 2682 0 1 255  

2818 2807 2694 2661 0 1 255  

2795 2759 2697 2622 0 1 255  

2806 2769 2670 2667 0 1 255  

2803 2763 2682 2677 0 1 255  

2835 2768 2685 2695 0 1 255  

2823 2777 2719 2669 0 1 255  

2821 2777 2698 2686 0 1 255  

2813 2812 2702 2694 0 1 255  

2780 2773 2679 2704 0 1 255  

2807 2785 2721 2687 0 1 255  

2803 2773 2697 2686 0 1 255  

2783 2717 2688 2699 0 1 255  

2811 2781 2679 2708 0 1 255  

2818 2786 2688 2694 0 1 255  

2816 2773 2701 2683 0 1 255  

2800 2768 2710 2719 0 1 255  

2822 2781 2692 2711 0 1 255  

2816 2775 2738 2715 0 1 255  

2798 2757 2726 2679 0 1 255  

2814 2781 2694 2693 0 1 255  

2811 2786 2678 2691 0 1 255  

2805 2778 2702 2700 0 1 255  

2821 2717 2695 2698 0 1 255  

2799 2785 2706 2690 0 1 255  

2818 2775 2733 2709 0 1 255  

2816 2770 2723 2689 0 1 255  

2864 2772 2699 2710 0 1 255  

2818 2743 2723 2659 0 1 255  

2802 2774 2773 2717 0 1 255  

2815 2797 2721 2705 0 1 255  

2829 2831 2741 2698 0 1 255  

2801 2781 2704 2694 0 1 255  

2806 2788 2615 2714 0 1 255  

2811 2781 2704 2704 0 1 255  

2829 2785 2741 2689 0 1 255  

2802 2792 2725 2697 0 0 255  

2820 2782 2714 2719 0 0 255  

2807 2825 2724 2698 0 0 255  

2823 2787 2716 2743 0 0 255  

2799 2790 2706 2692 0 0 255  

2812 2739 2705 2671 0 0 255  

2832 2691 2725 2720 0 0 255  

2811 2786 2749 2665 0 0 255  

2815 2785 2810 2736 0 0 255  

2810 2775 2719 2719 0 0 255  

2768 2779 2759 2654 0 0 255  

2786 2786 2759 2736 0 0 255  

2814 2785 2704 2732 0 0 255  

2816 2738 2731 2724 0 0 255  

2849 2791 2736 2718 0 0 255  

2804 2791 2689 2734 0 0 255  

2816 2787 2736 2723 0 0 255  

2810 2849 2730 2735 0 0 255  

2806 2787 2733 2737 0 0 255  

2813 2794 2635 2737 0 0 255  

2813 2774 2750 2725 0 0 255  

2872 2810 2722 2731 0 0 255  

2805 2791 2791 2736 0 0 255  

2823 2798 2727 2717 0 0 255  

2811 2798 2737 2746 0 0 255  

2786 2734 2707 2715 0 0 255  

2822 2797 2763 2736 0 0 255  

2817 2794 2737 2741 0 0 255  

2806 2823 2738 2725 0 0 255  

2802 2795 2736 2761 0 0 255  

2807 2794 2736 2736 0 0 255  

2817 2786 2743 2757 0 0 255  

2806 2793 2747 2737 0 0 255  

2830 2802 2751 2787 0 0 255  

2804 2794 2739 2738 0 0 255  

2815 2803 2785 2734 0 0 255  

2788 2832 2752 2734 0 0 255  

2815 2790 2747 2713 0 0 255  

2818 2791 2714 2737 0 0 255  

2811 2802 2746 2745 0 0 255  

2845 2843 2759 2795 0 0 255  

2812 2795 2705 2762 0 0 255  

2801 2801 2766 2757 0 0 255  

2815 2799 2744 2723 0 0 255  

2863 2795 2747 2757 0 0 255  

2815 2799 2821 2732 0 0 255  

2816 2799 2753 2734 0 0 255  

2882 2830 2748 2751 0 0 255  

2819 2799 2749 2750 0 0 255  

2813 2799 2689 2735 0 0 255  

2816 2800 2762 2746 0 0 255  

2827 2790 2773 2753 0 0 255  

2815 2798 2754 2738 0 0 255  

2227 2789 2765 2743 0 0 255  

2224 2737 2740 2759 0 0 255  

2255 2705 2755 2733 0 0 255  

2224 2639 2719 2739 0 0 255  

2211 2611 2723 2741 0 0 255  

2224 2547 2707 2753 0 0 255  

2224 2544 2727 2768 0 0 255  

2207 2524 2777 2737 0 0 255  

2214 2510 2682 2728 1 0 000  

2219 2530 2700 2724 1 0 000  

2209 2465 2706 2723 1 0 000  

2223 2470 2723 2706 1 0 000  

2221 2453 2667 2725 1 0 000  

2287 2439 2671 2736 1 0 000  

2221 2430 2667 2721 1 0 000  

2223 2430 2640 2730 1 0 000  

2215 2430 2644 2714 1 0 000  

2211 2434 2639 2672 1 0 000  

2207 2414 2635 2711 1 0 000  

2221 2411 2625 2706 1 0 000  

2214 2480 2650 2683 1 0 000  

2198 2402 2630 2670 1 0 000  

2204 2402 2653 2685 1 0 000  

2205 2394 2634 2690 1 0 000  

2193 2378 2624 2678 1 0 000  

2205 2400 2606 2675 1 0 000  

2224 2387 2546 2650 1 0 000  

2193 2352 2618 2623 1 0 000  

2213 2396 2581 2631 1 0 000  

2225 2373 2614 2655 1 0 000  

2227 2381 2576 2642 1 0 000  

2211 2369 2589 2629 1 0 000  

2273 2326 2559 2624 1 0 000  

2204 2355 2496 2640 1 0 000  

2206 2367 2549 2608 1 0 000  

2224 2362 2573 2619 1 0 000  

2208 2357 2581 2630 1 0 000  

2215 2368 2589 2622 1 0 000  

2221 2363 2519 2588 1 0 000  

2225 2352 2550 2604 1 0 000  

2800 2354 2543 2588 1 0 000  

2812 2423 2607 2583 1 0 000  

2816 2466 2512 2611 1 0 000  

2791 2496 2553 2580 1 0 000  

2810 2551 2544 2591 1 0 000  

2803 2572 2544 2578 1 0 000  

2800 2512 2540 2585 1 0 000  

2823 2624 2594 2545 1 0 000  

2805 2638 2595 2575 1 0 000  

2807 2650 2592 2585 1 0 000  

2811 2689 2576 2598 1 0 000  

2791 2667 2591 2591 1 0 000  

2817 2687 2621 2555 1 0 000  

2816 2689 2661 2573 1 0 000  

2794 2704 2576 2608 1 0 000  

2807 2693 2591 2591 1 0 000  

2817 2697 2574 2555 1 0 000  

2812 2703 2608 2590 1 0 000  

2800 2719 2608 2522 0 0 000  

2818 2717 2599 2554 0 0 000  

2816 2721 2575 2613 0 0 000  

2818 2768 2625 2598 0 1 255  

2753 2736 2602 2530 0 1 255  

2813 2726 2584 2583 0 1 255  

2818 2723 2624 2592 0 1 255  

2818 2736 2607 2591 0 1 255  

2800 2752 2627 2604 0 1 255  

2822 2734 2608 2589 0 1 255  

2814 2735 2606 2614 0 1 255  

2783 2765 2611 2597 0 1 255  

2806 2731 2633 2576 0 1 255  

2806 2741 2658 2589 0 1 255  

2801 2747 2626 2615 0 1 255  

2787 2736 2635 2624 0 1 255  

2811 2747 2675 2615 0 1 255  

2825 2750 2635 2630 0 1 255  

2800 2797 2634 2621 0 1 255  

2800 2739 2649 2671 0 1 255  

2815 2750 2608 2624 0 1 255  

2821 2754 2640 2627 0 1 255  

2819 2746 2645 2625 0 1 255  

2805 2758 2671 2654 0 1 255  

2801 2747 2669 2628 0 1 255  

2816 2749 2655 2649 0 1 255  

2849 2770 2652 2624 0 1 255  

2816 2752 2576 2635 0 1 255  

2810 2752 2640 2634 0 1 255  

2801 2753 2660 2634 0 1 255  

2819 2762 2657 2633 0 1 255  

2807 2752 2725 2637 0 1 255  

2810 2761 2665 2653 0 1 255  

2815 2769 2655 2626 0 1 255  

2807 2757 2666 2602 0 1 255  

2822 2758 2660 2643 0 1 255  

2832 2759 2670 2654 0 1 255  

2877 2787 2674 2645 0 1 255  

2818 2757 2652 2688 0 1 255  

2812 2766 2718 2657 0 1 255  

2795 2762 2655 2637 0 1 255  

2875 2747 2685 2671 0 1 255  

2815 2759 2680 2659 0 1 255  

2805 2765 2682 2672 0 1 255  

2821 2757 2675 2651 0 1 255  

2805 2769 2676 2663 0 1 255  

2802 2773 2673 2670 0 1 255  

2807 2773 2690 2661 0 1 255  

2821 2771 2689 2657 0 1 255  

2863 2769 2689 2665 0 1 255  

2817 2769 2688 2672 0 1 255  

2820 2774 2704 2674 0 1 255  

2828 2799 2694 2677 0 1 255  

2800 2768 2693 2653 0 1 255  

2807 2769 2574 2672 0 1 255  

2801 2768 2680 2690 0 1 255  

2834 2758 2673 2674 0 1 255  

2841 2765 2704 2678 0 1 255  

2814 2775 2717 2702 0 1 255  

2803 2769 2700 2672 0 1 255  

2773 2769 2694 2687 0 1 255  

2800 2776 2698 2682 0 1 255  

2805 2778 2704 2685 0 1 255  

2810 2775 2704 2697 0 1 255  

2839 2772 2704 2690 0 1 255  

2813 2786 2720 2674 0 1 255  

2816 2777 2694 2701 0 1 255  

2816 2799 2707 2691 0 1 255  

2814 2775 2699 2623 0 1 255  

2810 2778 2686 2691 0 1 255  

2818 2776 2698 2721 0 1 255  

2851 2781 2711 2709 0 1 255  

2806 2772 2704 2702 0 1 255  

2816 2777 2719 2693 0 1 255  

2820 2759 2699 2688 0 1 255  

2736 2778 2713 2651 0 1 255  

2810 2782 2708 2702 0 1 255  

2816 2783 2719 2703 0 1 255  

2811 2768 2717 2703 0 1 255  

2811 2777 2707 2683 0 1 255  

2814 2793 2771 2688 0 1 255  

2800 2778 2723 2719 0 1 255  

2768 2767 2712 2715 0 1 255  

2817 2787 2721 2710 0 1 255  

2813 2791 2634 2710 0 1 255  

2814 2777 2733 2707 0 1 255  

2848 2822 2719 2717 0 1 255  

2800 2779 2718 2709 0 1 255  

2797 2784 2736 2713 0 1 255  

2805 2779 2708 2717 0 0 255  

2863 2768 2722 2731 0 0 255  

2812 2783 2683 2702 0 0 255  

2811 2780 2734 2714 0 0 255  

2816 2793 2733 2639 0 0 255  

2781 2788 2729 2740 0 0 255  

2799 2793 2688 2757 0 0 255  

2803 2781 2735 2727 0 0 255  

2873 2796 2733 2717 0 0 255  

2807 2785 2750 2741 0 0 255  

2810 2787 2635 2731 0 0 255  

2828 2809 2733 2721 0 0 255  

2768 2827 2739 2683 0 0 255  

2800 2787 2674 2723 0 0 255  

2814 2798 2720 2723 0 0 255  

2819 2773 2748 2723 0 0 255  

2863 2786 2747 2749 0 0 255  

2810 2786 2781 2721 0 0 255  

2800 2800 2749 2735 0 0 255  

2810 2818 2727 2734 0 0 255  

2811 2771 2736 2685 0 0 255  

2803 2789 2739 2742 0 0 255  

2820 2791 2751 2714 0 0 255  

2762 2800 2749 2731 0 0 255  

2811 2788 2763 2714 0 0 255  

2823 2793 2751 2737 0 0 255  

2815 2786 2754 2752 0 0 255  

2838 2802 2731 2670 0 0 255  

2815 2777 2825 2736 0 0 255  

2807 2797 2719 2717 0 0 255  

2807 2717 2727 2727 0 0 255  

2810 2783 2749 2771 0 0 255  

2811 2791 2785 2720 0 0 255  

2811 2791 2736 2737 0 0 255  

2827 2793 2736 2747 0 0 255  

2800 2795 2755 2720 0 0 255  

2800 2790 2736 2738 0 0 255  

2811 2802 2747 2734 0 0 255  

2852 2795 2759 2736 0 0 255  

2801 2803 2733 2745 0 0 255  

2816 2801 2729 2738 0 0 255  

2804 2790 2761 2769 0 0 255  

2810 2795 2753 2755 0 0 255  

2813 2794 2801 2751 0 0 255  

2819 2800 2763 2742 0 0 255  

2818 2773 2761 2736 0 0 255  

2809 2798 2754 2711 0 0 255  

2805 2795 2741 2765 0 0 255  

2806 2797 2737 2754 0 0 255  

2715 2780 2766 2751 0 0 255  

2829 2803 2757 2725 0 0 255  

2805 2813 2761 2761 0 0 255  

2817 2800 2768 2750 0 0 255  

2215 2736 2750 2741 0 0 255  

2239 2731 2741 2747 0 0 255  

2222 2676 2803 2758 0 0 255  

2220 2631 2758 2764 0 0 255  

2233 2606 2746 2746 0 0 255  

2219 2572 2699 2737 0 0 255  

2205 2551 2719 2738 0 0 255  

2210 2530 2704 2747 0 0 255  

2229 2512 2691 2733 1 0 000  

2224 2481 2686 2747 1 0 000  

2213 2471 2704 2736 1 0 000  

2210 2463 2731 2733 1 0 000  

2229 2449 2661 2736 1 0 000  

2197 2448 2555 2732 1 0 000  

2224 2435 2673 2741 1 0 000  

2202 2357 2657 2686 1 0 000  

2199 2418 2787 2698 1 0 000  

2221 2427 2559 2695 1 0 000  

2219 2423 2640 2688 1 0 000  

2239 2405 2640 2719 1 0 000  

2201 2407 2651 2709 1 0 000  

2217 2409 2629 2693 1 0 000  

2224 2384 2630 2674 1 0 000  

2192 2396 2614 2691 1 0 000  

2205 2394 2601 2670 1 0 000  

2215 2389 2595 2659 1 0 000  

2205 2438 2608 2675 1 0 000  

2199 2361 2603 2663 1 0 000  

2205 2374 2576 2618 1 0 000  

2223 2384 2589 2642 1 0 000  

2203 2341 2590 2658 1 0 000  

2204 2367 2576 2654 1 0 000  

2220 2366 2589 2638 1 0 000  

2224 2303 2548 2640 1 0 000  

2257 2405 2559 2579 1 0 000  

2201 2359 2669 2621 1 0 000  

2223 2365 2558 2622 1 0 000  

2218 2324 2582 2605 1 0 000  

2229 2355 2559 2677 1 0 000  

2208 2360 2559 2615 1 0 000  

2797 2370 2540 2607 1 0 000  

2774 2431 2527 2585 1 0 000  

2816 2470 2515 2578 1 0 000  

2806 2506 2607 2581 1 0 000  

2818 2537 2534 2575 1 0 000  

2826 2575 2495 2567 1 0 000  

2809 2604 2659 2574 1 0 000  

2814 2611 2571 2587 1 0 000  

2817 2603 2549 2590 1 0 000  

2820 2647 2569 2609 1 0 000  

2801 2663 2505 2558 1 0 000  

2813 2673 2578 2585 1 0 000  

2813 2686 2591 2573 1 0 000  

2813 2722 2594 2558 1 0 000  

2803 2695 2608 2588 1 0 000  

2801 2703 2609 2603 1 0 000  

2813 2735 2594 2571 1 0 000  

2804 2707 2597 2567 1 0 000  

2823 2726 2495 2585 0 0 000  

2799 2720 2612 2586 0 0 000  

2814 2726 2624 2574 0 0 000  

2802 2726 2517 2582 0 1 255  

2806 2735 2611 2599 0 1 255  

2804 2747 2623 2599 0 1 255  

2839 2736 2630 2541 0 1 255  

2805 2733 2612 2593 0 1 255  

2802 2730 2627 2597 0 1 255  

2809 2725 2635 2600 0 1 255  

2799 2736 2624 2605 0 1 255  

2811 2736 2677 2613 0 1 255  

2815 2739 2637 2613 0 1 255  

2814 2725 2637 2588 0 1 255  

2797 2738 2640 2641 0 1 255  

2830 2752 2663 2617 0 1 255  

2800 2746 2643 2624 0 1 255  

2805 2746 2643 2551 0 1 255  

2805 2751 2608 2608 0 1 255  

2811 2853 2640 2626 0 1 255  

2806 2697 2643 2622 0 1 255  

2788 2753 2629 2623 0 1 255  

2809 2748 2640 2596 0 1 255  

2815 2750 2645 2627 0 1 255  

2771 2741 2649 2621 0 1 255  

2810 2774 2651 2640 0 1 255  

2806 2756 2695 2628 0 1 255  

2806 2754 2642 2640 0 1 255  

2815 2777 2647 2662 0 1 255  

2829 2753 2641 2635 0 1 255  

2817 2763 2704 2643 0 1 255  

2825 2763 2653 2651 0 1 255  

2835 2768 2674 2628 0 1 255  

2816 2768 2718 2641 0 1 255  

2813 2640 2675 2654 0 1 255  

2817 2826 2640 2645 0 1 255  

2849 2762 2669 2645 0 1 255  

2815 2766 2647 2656 0 1 255  

2815 2765 2675 2667 0 1 255  

2843 2768 2674 2668 0 1 255  

2810 2761 2669 2647 0 1 255  

2813 2764 2671 2647 0 1 255  

2810 2758 2689 2665 0 1 255  

2816 2800 2675 2671 0 1 255  

2767 2768 2678 2672 0 1 255  

2815 2769 2657 2672 0 1 255  

2806 2774 2687 2658 0 1 255  

2789 2771 2685 2657 0 1 255  

2806 2773 2722 2672 0 1 255  

2770 2751 2685 2683 0 1 255  

2816 2754 2688 2669 0 1 255  

2808 2775 2692 2625 0 1 255  

2807 2777 2687 2675 0 1 255  

2816 2771 2630 2670 0 1 255  

2797 2756 2711 2681 0 1 255  

2816 2769 2682 2700 0 1 255  

2797 2783 2688 2695 0 1 255  

2803 2768 2686 2675 0 1 255  

2816 2807 2681 2643 0 1 255  

2791 2770 2681 2669 0 1 255  

2807 2769 2688 2689 0 1 255  

2805 2657 2715 2672 0 1 255  

2811 2768 2704 2734 0 1 255  

2818 2773 2731 2675 0 1 255  

2807 2768 2687 2687 0 1 255  

2820 2775 2714 2691 0 1 255  

2813 2773 2682 2691 0 1 255  

2828 2773 2695 2711 0 1 255  

2819 2778 2705 2714 0 1 255  

2818 2785 2709 2704 0 1 255  

2815 2773 2705 2675 0 1 255  

2818 2786 2701 2705 0 1 255  

2802 2781 2706 2693 0 1 255  

2805 2757 2713 2637 0 1 255  

2800 2772 2752 2704 0 1 255  

2818 2774 2727 2703 0 1 255  

2807 2707 2719 2707 0 1 255  

2807 2775 2710 2653 0 1 255  

2822 2783 2669 2685 0 1 255  

2815 2784 2718 2716 0 1 255  

2800 2814 2730 2708 0 1 255  

2815 2771 2704 2701 0 1 255  

2799 2779 2802 2718 0 1 255  

2805 2781 2704 2701 0 1 255  

2816 2785 2745 2724 0 1 255  

2800 2784 2706 2640 0 1 255  

2805 2777 2663 2707 0 1 255  

2809 2783 2721 2724 0 1 255  

2810 2784 2729 2720 0 1 255  

2826 2782 2695 2719 0 0 255  

2825 2791 2719 2707 0 0 255  

2804 2777 2721 2695 0 0 255  

2806 2773 2737 2727 0 0 255  

2807 2775 2704 2704 0 0 255  

2809 2778 2741 2724 0 0 255  

2811 2786 2736 2725 0 0 255  

2821 2785 2762 2723 0 0 255  

2816 2797 2798 2716 0 0 255  

2809 2798 2745 2705 0 0 255  

2819 2784 2736 2711 0 0 255  

2811 2791 2727 2747 0 0 255  

2803 2789 2686 2720 0 0 255  

2819 2789 2750 2718 0 0 255  

2814 2797 2727 2645 0 0 255  

2785 2797 2782 2727 0 0 255  

2814 2786 2723 2722 0 0 255  

2829 2795 2733 2736 0 0 255  

2806 2787 2734 2757 0 0 255  

2757 2799 2759 2691 0 0 255  

2762 2799 2731 2749 0 0 255  

2800 2790 2739 2727 0 0 255  

2828 2792 2758 2778 0 0 255  

2755 2797 2690 2736 0 0 255  

2819 2799 2754 2736 0 0 255  

2810 2797 2747 2736 0 0 255  

2732 2800 2724 2763 0 0 255  

2811 2788 2734 2724 0 0 255  

2804 2791 2739 2747 0 0 255  

2825 2801 2731 2739 0 0 255  

2861 2789 2741 2737 0 0 255  

2811 2799 2734 2736 0 0 255  

2815 2794 2753 2747 0 0 255  

2815 2787 2752 2800 0 0 255  

2816 2788 2737 2743 0 0 255  

2813 2787 2730 2734 0 0 255  

2816 2789 2762 2751 0 0 255  

2816 2800 2746 2761 0 0 255  

2736 2800 2746 2743 0 0 255  

2814 2799 2739 2733 0 0 255  

2807 2799 2755 2823 0 0 255  

2784 2791 2747 2750 0 0 255  

2816 2807 2727 2753 0 0 255  

2813 2795 2731 2757 0 0 255  

2819 2795 2750 2759 0 0 255  

2790 2735 2747 2747 0 0 255  

2743 2805 2770 2747 0 0 255  

2802 2799 2743 2761 0 0 255  

2803 2786 2773 2743 0 0 255  

2782 2805 2763 2753 0 0 255  

2817 2800 2759 2751 0 0 255  

2816 2801 2751 2754 0 0 255  

2810 2873 2754 2741 0 0 255  

2222 2800 2765 2750 0 0 255  

2219 2736 2762 2765 0 0 255  

2215 2686 2742 2736 0 0 255  

2273 2622 2739 2741 0 0 255  

2233 2608 2747 2756 0 0 255  

2209 2572 2733 2761 0 0 255  

2222 2554 2718 2713 0 0 255  

2191 2458 2705 2763 0 0 255  

2208 2512 2702 2742 1 0 000  

2224 2496 2705 2737 1 0 000  

2198 2512 2683 2720 1 0 000  

2222 2453 2687 2721 1 0 000  

2195 2453 2647 2736 1 0 000  

2207 2439 2672 2722 1 0 000  

2209 2407 2688 2716 1 0 000  

2205 2432 2643 2722 1 0 000  

2229 2428 2668 2705 1 0 000  

2207 2416 2659 2703 1 0 000  

2175 2480 2630 2689 1 0 000  

2211 2431 2637 2701 1 0 000  

2224 2415 2592 2697 1 0 000  

2210 2401 2623 2677 1 0 000  

2218 2342 2624 2690 1 0 000  

2200 2384 2618 2689 1 0 000  

2208 2385 2623 2687 1 0 000  

2217 2383 2603 2661 1 0 000  

2243 2385 2597 2679 1 0 000  

2202 2370 2558 2661 1 0 000  

2207 2379 2553 2646 1 0 000  

2210 2384 2602 2653 1 0 000  

2211 2375 2590 2623 1 0 000  

2203 2377 2640 2639 1 0 000  

2194 2383 2583 2637 1 0 000  

2139 2381 2571 2619 1 0 000  

2203 2367 2590 2638 1 0 000  

2213 2372 2578 2610 1 0 000  

2223 2357 2544 2626 1 0 000  

2235 2367 2525 2598 1 0 000  

2208 2352 2558 2602 1 0 000  

2203 2366 2525 2587 1 0 000  

2815 2366 2521 2609 1 0 000  

2855 2428 2539 2576 1 0 000  

2817 2467 2515 2603 1 0 000  

2817 2502 2550 2579 1 0 000  

2816 2549 2523 2570 1 0 000  

2819 2571 2551 2559 1 0 000  

2824 2593 2628 2603 1 0 000  

2814 2626 2531 2585 1 0 000  

2832 2553 2558 2570 1 0 000  

2821 2643 2576 2557 1 0 000  

2815 2660 2573 2580 1 0 000  

2817 2676 2583 2549 1 0 000  

2872 2683 2580 2515 1 0 000  

2818 2687 2579 2571 1 0 000  

2826 2694 2589 2608 1 0 000  

2809 2691 2589 2605 1 0 000  

2799 2706 2599 2599 1 0 000  

2827 2715 2610 2544 1 0 000  

2807 2713 2592 2591 0 0 000  

2816 2717 2610 2597 0 0 000  

2818 2730 2608 2633 0 0 000  

2822 2736 2608 2602 0 1 255  

2815 2727 2615 2595 0 1 255  

2803 2749 2608 2602 0 1 255  

2829 2734 2618 2590 0 1 255  

2817 2739 2622 2619 0 1 255  

2813 2737 2631 2610 0 1 255  

2803 2738 2639 2595 0 1 255  

2857 2751 2619 2609 0 1 255  

2814 2754 2629 2614 0 1 255  

2817 2785 2627 2615 0 1 255  

2763 2747 2629 2592 0 1 255  

2806 2741 2639 2559 0 1 255  

2813 2752 2629 2639 0 1 255  

2765 2767 2627 2608 0 1 255  

2819 2752 2630 2631 0 1 255  

2832 2742 2611 2623 0 1 255  

2817 2747 2622 2624 0 1 255  

2818 2729 2670 2647 0 1 255  

2809 2759 2643 2591 0 1 255  

2819 2752 2638 2638 0 1 255  

2814 2751 2642 2631 0 1 255  

2865 2773 2641 2738 0 1 255  

2812 2749 2551 2640 0 1 255  

2813 2752 2655 2624 0 1 255  

2812 2767 2667 2637 0 1 255  

2811 2758 2660 2624 0 1 255  

2805 2753 2663 2641 0 1 255  

2800 2752 2672 2656 0 1 255  

2864 2759 2682 2651 0 1 255  

2830 2763 2658 2650 0 1 255  

2830 2768 2694 2640 0 1 255  

2803 2771 2709 2668 0 1 255  

2829 2800 2673 2658 0 1 255  

2818 2766 2668 2667 0 1 255  

2832 2760 2724 2645 0 1 255  

2822 2769 2693 2642 0 1 255  

2814 2763 2687 2597 0 1 255  

2773 2765 2688 2658 0 1 255  

2813 2768 2685 2654 0 1 255  

2818 2800 2676 2644 0 1 255  

2815 2762 2665 2663 0 1 255  

2821 2781 2688 2651 0 1 255  

2827 2765 2689 2672 0 1 255  

2879 2775 2690 2672 0 1 255  

2816 2799 2678 2733 0 1 255  

2813 2750 2691 2724 0 1 255  

2815 2767 2675 2672 0 1 255  

2826 2766 2698 2703 0 1 255  

2825 2781 2682 2705 0 1 255  

2817 2768 2649 2667 0 1 255  

2803 2717 2691 2682 0 1 255  

2806 2773 2686 2672 0 1 255  

2815 2782 2655 2666 0 1 255  

2832 2773 2677 2679 0 1 255  

2827 2768 2701 2674 0 1 255  

2814 2780 2702 2711 0 1 255  

2817 2773 2747 2672 0 1 255  

2822 2773 2718 2697 0 1 255  

2823 2725 2709 2689 0 1 255  

2827 2721 2685 2702 0 1 255  

2827 2778 2663 2700 0 1 255  

2823 2779 2745 2672 0 1 255  

2822 2777 2698 2683 0 1 255  

2826 2782 2678 2703 0 1 255  

2822 2783 2713 2693 0 1 255  

2827 2779 2683 2697 0 1 255  

2800 2722 2707 2737 0 1 255  

2813 2790 2747 2683 0 1 255  

2816 2775 2703 2705 0 1 255  

2830 2834 2718 2719 0 1 255  

2805 2773 2719 2689 0 1 255  

2813 2786 2739 2681 0 1 255  

2811 2787 2777 2691 0 1 255  

2815 2823 2718 2579 0 1 255  

2819 2786 2711 2697 0 1 255  

2822 2789 2711 2706 0 1 255  

2815 2785 2725 2704 0 1 255  

2800 2800 2721 2717 0 1 255  

2810 2790 2718 2719 0 1 255  

2819 2791 2704 2704 0 1 255  

2816 2800 2708 2701 0 1 255  

2812 2783 2731 2738 0 1 255  

2821 2781 2656 2704 0 1 255  

2815 2781 2715 2727 0 1 255  

2789 2811 2720 2704 0 1 255  

2812 2795 2731 2693 0 1 255  

2811 2785 2731 2702 0 1 255  

2825 2794 2730 2709 0 0 255  

2801 2803 2722 2731 0 0 255  

2817 2784 2711 2710 0 0 255  

2752 2788 2729 2715 0 0 255  

2820 2782 2736 2733 0 0 255  

2814 2730 2736 2719 0 0 255  

2818 2783 2735 2723 0 0 255  

2822 2784 2708 2707 0 0 255  

2806 2799 2747 2725 0 0 255  

2859 2784 2719 2751 0 0 255  

2821 2793 2766 2704 0 0 255  

2815 2791 2704 2720 0 0 255  

2817 2768 2746 2748 0 0 255  

2800 2790 2723 2801 0 0 255  

2822 2797 2727 2737 0 0 255  

2810 2785 2733 2728 0 0 255  

2857 2781 2741 2742 0 0 255  

