20
Pressure firstOrder secondOrder thirdOrder fallPulse risePulse tapCount 
2759 2719 2612 2640 0 1 255  

2784 2724 2658 2695 0 1 255  

2767 2715 2645 2620 0 1 255  

2736 2727 2668 2608 0 1 255  

2687 2686 2629 2655 0 1 255  

2770 2711 2634 2701 0 1 255  

2773 2725 2659 2663 0 1 255  

2745 2722 2644 2640 0 1 255  

2743 2707 2654 2711 0 1 255  

2750 2713 2640 2640 0 1 255  

2756 2721 2651 2640 0 1 255  

2721 2718 2651 2641 0 1 255  

2751 2726 2651 2608 0 1 255  

2755 2726 2665 2655 0 1 255  

2734 2723 2637 2635 0 1 255  

2739 2752 2651 2640 0 1 255  

2770 2723 2643 2659 0 1 255  

2754 2719 2603 2650 0 1 255  

2736 2717 2683 2656 0 1 255  

2678 2721 2647 2642 0 1 255  

2746 2720 2643 2633 0 1 255  

2752 2734 2606 2665 0 1 255  

2752 2731 2653 2645 0 1 255  

2758 2705 2688 2638 0 1 255  

2737 2727 2646 2658 0 0 255  

2752 2727 2673 2659 0 0 255  

2736 2725 2650 2665 0 0 255  

2754 2729 2689 2719 0 0 255  

2752 2726 2695 2672 0 0 255  

2768 2726 2654 2673 0 0 255  

2755 2673 2663 2655 0 0 255  

2747 2725 2687 2710 0 0 255  

2748 2734 2699 2672 0 0 255  

2754 2729 2671 2665 0 0 255  

2801 2802 2679 2535 0 0 255  

2745 2727 2650 2646 0 0 255  

2768 2723 2695 2666 0 0 255  

2739 2731 2656 2670 0 0 255  

2801 2727 2657 2624 0 0 255  

2768 2736 2678 2667 0 0 255  

2760 2735 2691 2644 0 0 255  

2750 2733 2688 2704 0 0 255  

2751 2736 2683 2571 0 0 255  

2753 2732 2613 2684 0 0 255  

2757 2724 2640 2669 0 0 255  

2790 2727 2673 2688 0 0 255  

2752 2736 2672 2637 0 0 255  

2749 2738 2699 2675 0 0 255  

2759 2730 2663 2700 0 0 255  

2751 2737 2681 2678 0 0 255  

2719 2720 2662 2699 0 0 255  

2751 2736 2678 2672 0 0 255  

2743 2768 2704 2701 0 0 255  

2768 2742 2691 2690 0 0 255  

2769 2743 2688 2670 0 0 255  

2749 2734 2704 2667 0 0 255  

2759 2754 2678 2737 0 0 255  

2767 2769 2686 2709 0 0 255  

2751 2731 2713 2663 0 0 255  

2742 2718 2687 2702 0 0 255  

2722 2751 2693 2826 0 0 255  

2748 2743 2591 2689 0 0 255  

2758 2747 2693 2691 0 0 255  

2750 2795 2703 2670 0 0 255  

2673 2737 2691 2673 0 0 255  

2756 2733 2747 2687 0 0 255  

2757 2736 2711 2689 0 0 255  

2800 2752 2673 2693 0 0 255  

2751 2739 2710 2720 0 0 255  

2761 2725 2646 2669 0 0 255  

2761 2750 2713 2675 0 0 255  

2764 2736 2609 2686 0 0 255  

2753 2738 2752 2688 0 0 255  

2738 2736 2686 2721 0 0 255  

2759 2722 2692 2683 0 0 255  

2762 2757 2694 2629 0 0 255  

2762 2743 2621 2690 0 0 255  

2765 2739 2686 2683 0 0 255  

2758 2760 2693 2697 0 0 255  

2790 2746 2709 2714 0 0 255  

2762 2738 2753 2694 0 0 255  

2745 2746 2716 2679 0 0 255  

2761 2699 2701 2694 0 0 255  

2752 2736 2692 2737 0 0 255  

2755 2739 2708 2718 0 0 255  

2755 2736 2715 2711 0 0 255  

2747 2742 2674 2688 0 0 255  

2754 2734 2770 2700 0 0 255  

2758 2731 2694 2717 0 0 255  

2745 2763 2704 2693 0 0 255  

2757 2739 2684 2613 0 0 255  

2763 2735 2693 2705 0 0 255  

2743 2741 2705 2695 0 0 255  

2798 2768 2679 2704 0 0 255  

2739 2741 2701 2691 0 0 255  

2758 2742 2661 2709 0 0 255  

2757 2735 2721 2722 0 0 255  

2736 2723 2707 2698 0 0 255  

2708 2733 2763 2726 0 0 255  

2768 2749 2714 2691 0 0 255  

2747 2846 2694 2686 0 0 255  

2753 2746 2791 2711 0 0 255  

2757 2741 2672 2703 0 0 255  

2752 2749 2722 2685 0 0 255  

2762 2711 2694 2690 0 0 255  

2759 2768 2719 2615 0 0 255  

2742 2748 2695 2693 0 0 255  

2739 2743 2694 2711 0 0 255  

2739 2757 2728 2686 0 0 255  

2748 2745 2704 2713 0 0 255  

2745 2738 2736 2701 0 0 255  

2753 2769 2694 2703 0 0 255  

2748 2727 2688 2701 0 0 255  

2759 2736 2653 2720 0 0 255  

2752 2737 2720 2713 0 0 255  

2765 2725 2687 2704 0 0 255  

2783 2737 2694 2694 0 0 255  

2747 2740 2790 2735 0 0 255  

2766 2747 2705 2717 0 0 255  

2714 2723 2709 2699 0 0 255  

2754 2790 2697 2725 0 0 255  

2766 2738 2695 2687 0 0 255  

2751 2731 2694 2705 0 0 255  

2770 2757 2727 2761 0 0 255  

2751 2739 2625 2691 0 0 255  

2753 2743 2718 2695 0 0 255  

2747 2756 2706 2697 0 0 255  

2769 2738 2710 2707 0 0 255  

2754 2752 2719 2679 0 0 255  

2778 2751 2700 2737 0 0 255  

2720 2725 2720 2721 0 0 255  

2768 2752 2688 2713 0 0 255  

2764 2751 2815 2713 0 0 255  

2754 2751 2713 2734 0 0 255  

2718 2751 2695 2674 0 0 255  

2736 2752 2723 2785 0 0 255  

2765 2757 2721 2704 0 0 255  

2763 2721 2714 2711 0 0 255  

2781 2753 2685 2667 0 0 255  

2749 2751 2729 2727 0 0 255  

2739 2741 2732 2704 0 0 255  

2758 2749 2714 2710 0 0 255  

2789 2739 2730 2755 0 0 255  

2754 2741 2713 2732 0 0 255  

2773 2765 2732 2658 0 0 255  

2742 2752 2707 2704 0 0 255  

2754 2746 2737 2697 0 0 255  

2745 2752 2733 2719 0 0 255  

2753 2742 2715 2705 0 0 255  

2814 2739 2736 2712 0 0 255  

2800 2746 2626 2700 0 0 255  

2750 2745 2719 2714 0 0 255  

2739 2804 2736 2730 0 0 255  

2711 2741 2718 2810 0 0 255  

2740 2746 2695 2768 0 0 255  

2743 2749 2720 2702 0 0 255  

2690 2729 2698 2705 0 0 255  

2748 2704 2733 2801 0 0 255  

2750 2752 2771 2736 0 0 255  

2762 2759 2688 2704 0 0 255  

2755 2718 2690 2749 0 0 255  

2736 2747 2718 2691 0 0 255  

2747 2756 2737 2717 0 0 255  

2754 2754 2703 2735 0 0 255  

2742 2746 2736 2726 0 0 255  

2751 2737 2704 2714 0 0 255  

2759 2741 2717 2722 0 0 255  

2743 2755 2706 2693 0 0 255  

2759 2752 2717 2705 0 0 255  

2759 2752 2700 2718 0 0 255  

2752 2743 2714 2719 0 0 255  

2769 2765 2716 2704 0 0 255  

2751 2751 2719 2727 0 0 255  

2758 2748 2704 2703 0 0 255  

2739 2747 2735 2735 0 0 255  

2741 2707 2714 2652 0 0 255  

2751 2743 2730 2701 0 0 255  

2748 2752 2722 2711 0 0 255  

2753 2763 2704 2731 0 0 255  

2750 2757 2721 2727 0 0 255  

2752 2751 2753 2745 0 0 255  

2754 2750 2704 2747 0 0 255  

2735 2758 2714 2731 0 0 255  

2759 2752 2704 2782 0 0 255  

2751 2757 2721 2747 0 0 255  

2746 2756 2727 2734 0 0 255  

2752 2786 2736 2729 0 0 255  

2811 2757 2670 2731 0 0 255  

2745 2741 2728 2725 0 0 255  

2758 2777 2711 2733 0 0 255  

2747 2755 2730 2727 0 0 255  

2747 2741 2719 2704 0 0 255  

2756 2751 2723 2706 0 0 255  

2684 2771 2736 2707 0 0 255  

2755 2797 2735 2714 0 0 255  

2759 2743 2705 2713 0 0 255  

2751 2753 2721 2743 0 0 255  

2834 2776 2726 2735 0 0 255  

2759 2754 2703 2726 0 0 255  

2761 2749 2736 2735 0 0 255  

2749 2818 2722 2708 0 0 255  

2743 2754 2715 2663 0 0 255  

2739 2759 2716 2715 0 0 255  

2763 2757 2717 2751 0 0 255  

2757 2739 2710 2751 0 0 255  

2750 2762 2729 2698 0 0 255  

2766 2757 2736 2713 0 0 255  

2745 2751 2746 2739 0 0 255  

2765 2802 2721 2711 0 0 255  

2752 2758 2730 2714 0 0 255  

2752 2751 2643 2742 0 0 255  

2750 2745 2718 2736 0 0 255  

2755 2689 2734 2817 0 0 255  

2766 2753 2671 2752 0 0 255  

2755 2754 2709 2746 0 0 255  

2742 2704 2715 2706 0 0 255  

2734 2743 2726 2704 0 0 255  

2752 2754 2750 2749 0 0 255  

2741 2755 2717 2734 0 0 255  

2832 2829 2732 2717 0 0 255  

2742 2762 2714 2770 0 0 255  

2741 2767 2734 2737 0 0 255  

2757 2750 2725 2749 0 0 255  

2765 2791 2726 2734 0 0 255  

2725 2752 2721 2741 0 0 255  

2764 2750 2709 2737 0 0 255  

2747 2772 2724 2726 0 0 255  

2703 2748 2707 2708 0 0 255  

2761 2751 2697 2736 0 0 255  

2751 2753 2718 2751 0 0 255  

2743 2768 2736 2736 0 0 255  

2800 2739 2727 2765 0 0 255  

2746 2750 2736 2723 0 0 255  

2757 2749 2731 2736 0 0 255  

2752 2723 2706 2741 0 0 255  

2752 2770 2737 2711 0 0 255  

2753 2749 2721 2711 0 0 255  

2747 2749 2725 2727 0 0 255  

2747 2762 2738 2722 0 0 255  

2753 2762 2737 2757 0 0 255  

2752 2758 2710 2722 0 0 255  

2741 2769 2725 2721 0 0 255  

2753 2757 2741 2743 0 0 255  

2754 2755 2762 2713 0 0 255  

2749 2749 2713 2723 0 0 255  

2753 2747 2738 2706 0 0 255  

2748 2804 2715 2800 0 0 255  

2763 2754 2672 2734 0 0 255  

2759 2759 2736 2751 0 0 255  

2763 2679 2706 2783 0 0 255  

2759 2752 2749 2745 0 0 255  

2743 2756 2736 2736 0 0 255  

2753 2790 2736 2707 0 0 255  

2754 2770 2799 2750 0 0 255  

2741 2754 2779 2743 0 0 255  

2739 2754 2740 2726 0 0 255  

2765 2735 2722 2733 0 0 255  

2751 2739 2711 2699 0 0 255  

2752 2755 2736 2736 0 0 255  

2766 2754 2736 2731 0 0 255  

2748 2768 2726 2722 0 0 255  

2765 2749 2739 2736 0 0 255  

2745 2751 2687 2733 0 0 255  

2757 2759 2743 2731 0 0 255  

2736 2749 2740 2710 0 0 255  

2766 2762 2686 2715 0 0 255  

2747 2757 2746 2710 0 0 255  

2754 2751 2719 2736 0 0 255  

2751 2754 2766 2721 0 0 255  

2757 2766 2738 2723 0 0 255  

2746 2754 2731 2729 0 0 255  

2739 2751 2739 2751 0 0 255  

2749 2736 2727 2739 0 0 255  

2754 2758 2707 2736 0 0 255  

2741 2752 2732 2749 0 0 255  

2757 2751 2723 2687 0 0 255  

2817 2758 2736 2707 0 0 255  

2746 2758 2736 2722 0 0 255  

2758 2752 2738 2737 0 0 255  

2768 2747 2752 2698 0 0 255  

2765 2752 2719 2721 0 0 255  

2746 2746 2731 2730 0 0 255  

2736 2749 2714 2708 0 0 255  

2816 2753 2719 2746 0 0 255  

2730 2760 2724 2736 0 0 255  

2769 2754 2738 2711 0 0 255  

2757 2764 2742 2687 0 0 255  

2749 2766 2722 2736 0 0 255  

2753 2755 2661 2723 0 0 255  

2761 2755 2721 2710 0 0 255  

2755 2753 2734 2735 0 0 255  

2747 2753 2793 2727 0 0 255  

2743 2750 2715 2736 0 0 255  

2751 2751 2730 2723 0 0 255  

2767 2751 2741 2689 0 0 255  

2699 2752 2754 2756 0 0 255  

2755 2752 2750 2755 0 0 255  

2755 2755 2758 2714 0 0 255  

2751 2762 2743 2738 0 0 255  

2785 2754 2734 2717 0 0 255  

2751 2749 2731 2742 0 0 255  

2756 2752 2736 2660 0 0 255  

2747 2754 2749 2719 0 0 255  

2751 2750 2726 2726 0 0 255  

2746 2756 2725 2757 0 0 255  

2758 2752 2732 2672 0 0 255  

2755 2704 2749 2753 0 0 255  

2747 2754 2735 2735 0 0 255  

2763 2759 2736 2736 0 0 255  

2749 2735 2730 2736 0 0 255  

2661 2752 2736 2730 0 0 255  

2773 2752 2723 2720 0 0 255  

2752 2753 2720 2736 0 0 255  

2755 2735 2736 2731 0 0 255  

2736 2755 2722 2716 0 0 255  

2759 2756 2721 2739 0 0 255  

2749 2758 2724 2730 0 0 255  

2710 2703 2738 2721 0 0 255  

2755 2757 2722 2742 0 0 255  

2757 2754 2721 2723 0 0 255  

2753 2754 2721 2731 0 0 255  

2736 2768 2721 2736 0 0 255  

2751 2762 2740 2739 0 0 255  

2762 2759 2736 2730 0 0 255  

2764 2782 2721 2768 0 0 255  

2671 2752 2749 2752 0 0 255  

2752 2751 2714 2745 0 0 255  

2753 2763 2739 2736 0 0 255  

2736 2759 2721 2743 0 0 255  

2757 2757 2747 2752 0 0 255  

2749 2753 2739 2736 0 0 255  

2743 2752 2724 2732 0 0 255  

2768 2751 2722 2745 0 0 255  

2736 2755 2717 2736 0 0 255  

2750 2755 2736 2730 0 0 255  

2742 2809 2736 2737 0 0 255  

2752 2761 2735 2743 0 0 255  

2767 2752 2726 2742 0 0 255  

2763 2755 2737 2736 0 0 255  

2749 2716 2736 2723 0 0 255  

2745 2815 2736 2738 0 0 255  

2751 2753 2752 2747 0 0 255  

2759 2758 2736 2719 0 0 255  

2751 2687 2736 2736 0 0 255  

2757 2757 2741 2733 0 0 255  

2743 2757 2797 2729 0 0 255  

2756 2758 2747 2753 0 0 255  

2741 2752 2736 2721 0 0 255  

2750 2754 2729 2751 0 0 255  

2751 2764 2735 2736 0 0 255  

2752 2656 2736 2737 0 0 255  

2790 2735 2725 2752 0 0 255  

2756 2750 2731 2735 0 0 255  

2754 2756 2739 2739 0 0 255  

2714 2818 2725 2742 0 0 255  

2754 2769 2737 2745 0 0 255  

2746 2758 2734 2736 0 0 255  

2757 2754 2752 2720 0 0 255  

2771 2754 2745 2747 0 0 255  

2753 2753 2726 2753 0 0 255  

2746 2755 2663 2752 0 0 255  

2765 2732 2726 2739 0 0 255  

2751 2752 2736 2731 0 0 255  

2766 2753 2810 2738 0 0 255  

2759 2751 2727 2723 0 0 255  

2752 2764 2739 2720 0 0 255  

2763 2750 2864 2730 0 0 255  

2754 2750 2768 2720 0 0 255  

2754 2750 2733 2722 0 0 255  

2752 2800 2716 2753 0 0 255  

2750 2759 2728 2672 0 0 255  

2750 2751 2736 2745 0 0 255  

2752 2770 2731 2741 0 0 255  

2750 2796 2733 2795 0 0 255  

2707 2753 2769 2744 0 0 255  

2746 2752 2730 2741 0 0 255  

2737 2763 2737 2738 0 0 255  

2768 2752 2723 2673 0 0 255  

2763 2755 2723 2726 0 0 255  

2741 2734 2745 2750 0 0 255  

2695 2763 2719 2728 0 0 255  

2639 2723 2749 2717 0 0 255  

2513 2721 2784 2762 0 0 255  

2397 2699 2738 2739 0 0 255  

2272 2645 2719 2799 0 0 255  

2246 2627 2749 2751 0 0 255  

2272 2608 2704 2725 0 0 255  

2270 2545 2713 2750 0 0 255  

2329 2554 2707 2669 0 0 255  

2156 2531 2623 2719 0 0 255  

2163 2503 2688 2705 1 0 000  

2211 2465 2699 2725 1 0 000  

2258 2465 2667 2731 1 0 000  

2283 2475 2640 2717 1 0 000  

2183 2457 2663 2726 1 0 000  

2206 2417 2671 2695 1 0 000  

2161 2449 2659 2713 1 0 000  

2158 2416 2645 2707 1 0 000  

2151 2410 2622 2685 1 0 000  

2139 2394 2638 2742 1 0 000  

2145 2393 2667 2671 1 0 000  

2160 2384 2630 2666 1 0 000  

2160 2405 2614 2693 1 0 000  

2148 2368 2603 2679 1 0 000  

2160 2368 2642 2674 1 0 000  

2158 2357 2598 2661 1 0 000  

2173 2377 2603 2666 1 0 000  

2151 2354 2587 2610 1 0 000  

2150 2345 2594 2641 1 0 000  

2148 2371 2576 2637 1 0 000  

2149 2325 2571 2655 1 0 000  

2160 2347 2625 2635 1 0 000  

2158 2339 2502 2641 1 0 000  

2160 2341 2544 2624 1 0 000  

2148 2336 2567 2633 1 0 000  

2155 2318 2573 2614 1 0 000  

2161 2324 2551 2611 1 0 000  

2159 2307 2522 2621 1 0 000  

2147 2325 2547 2619 1 0 000  

2161 2312 2530 2586 1 0 000  

2151 2313 2518 2574 1 0 000  

2002 2323 2518 2598 1 0 000  

2037 2306 2517 2576 1 0 000  

2030 2288 2497 2553 1 0 000  

2039 2283 2495 2577 1 0 000  

2026 2266 2496 2559 1 0 000  

2037 2266 2499 2544 1 0 000  

2033 2256 2503 2542 1 0 000  

2047 2317 2469 2550 1 0 000  

2052 2250 2486 2480 1 0 000  

2035 2241 2473 2534 1 0 000  

2039 2243 2465 2513 1 0 000  

2038 2221 2437 2512 1 0 000  

2034 2225 2453 2523 1 0 000  

2034 2225 2475 2511 1 0 000  

2047 2217 2434 2529 1 0 000  

2000 2160 2456 2544 1 0 000  

2061 2223 2446 2506 1 0 000  

2027 2220 2418 2492 1 0 000  

2044 2219 2415 2502 1 0 000  

2059 2215 2416 2503 1 0 000  

2039 2211 2432 2482 1 0 000  

2034 2211 2422 2473 1 0 000  

1982 2224 2404 2480 1 0 000  

2034 2194 2415 2448 1 0 000  

2032 2194 2401 2475 1 0 000  

2031 2198 2413 2480 1 0 000  

2080 2224 2379 2455 1 0 000  

2036 2192 2384 2485 1 0 000  

2038 2192 2385 2459 1 0 000  

2033 2194 2396 2428 1 0 000  

2074 2193 2379 2417 1 0 000  

2033 2179 2444 2427 1 0 000  

2035 2192 2368 2439 1 0 000  

2055 2148 2385 2411 1 0 000  

2081 2189 2377 2435 1 0 000  

2030 2187 2368 2375 1 0 000  

2032 2179 2348 2416 1 0 000  

2009 2192 2346 2397 1 0 000  

2032 2171 2352 2370 1 0 000  

2032 2172 2349 2380 1 0 000  

2037 2183 2342 2387 1 0 000  

2029 2160 2334 2392 1 0 000  

2043 2169 2365 2386 1 0 000  

2033 2170 2335 2391 1 0 000  

2041 2155 2311 2370 1 0 000  

2025 2171 2317 2407 1 0 000  

2020 2171 2319 2373 1 0 000  

2031 2173 2337 2378 1 0 000  

2051 2189 2320 2354 1 0 000  

2058 2172 2305 2421 1 0 000  

2041 2160 2307 2359 1 0 000  

2032 2158 2287 2367 1 0 000  

2021 2178 2299 2338 1 0 000  

2016 2161 2310 2338 1 0 000  

2032 2155 2225 2352 1 0 000  

2033 2073 2310 2347 1 0 000  

2000 2159 2279 2304 1 0 000  

2022 2149 2263 2333 1 0 000  

2032 2147 2308 2324 1 0 000  

2011 2162 2284 2339 1 0 000  

2083 2147 2288 2314 1 0 000  

2028 2150 2300 2335 1 0 000  

2038 2147 2281 2337 1 0 000  

2107 2155 2257 2288 1 0 000  

2167 2144 2266 2292 1 0 000  

2382 2175 2231 2318 1 0 000  

2512 2209 2256 2305 1 0 000  

2631 2230 2251 2336 1 0 000  

2747 2304 2289 2300 1 0 000  

2880 2352 2283 2284 1 0 000  

2895 2427 2286 2333 1 0 000  

2736 2446 2294 2299 1 0 000  

2635 2454 2327 2304 1 0 000  

2507 2457 2311 2314 1 0 000  

2551 2459 2320 2256 1 0 000  

2395 2448 2271 2299 1 0 000  

2383 2423 2315 2291 1 0 000  

2482 2366 2332 2308 1 0 000  

2635 2434 2330 2262 1 0 000  

2750 2457 2303 2321 1 1 255  

2759 2455 2301 2295 0 1 255  

2845 2510 2339 2304 0 1 255  

2890 2521 2353 2338 0 1 255  

2880 2551 2385 2341 0 1 255  

2880 2559 2354 2326 0 1 255  

2741 2594 2355 2307 0 1 255  

2755 2589 2263 2310 0 1 255  

2745 2590 2365 2329 0 1 255  

2755 2608 2393 2322 0 1 255  

2741 2599 2381 2354 0 1 255  

2647 2608 2370 2352 0 1 255  

2630 2598 2374 2337 0 1 255  

2619 2642 2415 2335 0 1 255  

2629 2591 2389 2288 0 1 255  

2640 2576 2433 2352 0 1 255  

2631 2567 2401 2352 0 1 255  

2631 2573 2417 2382 0 1 255  

2631 2559 2398 2375 0 1 255  

2640 2558 2427 2375 0 1 255  

2640 2559 2405 2367 0 1 255  

2643 2559 2417 2365 0 1 255  

2627 2559 2416 2370 0 1 255  

2619 2559 2425 2383 0 1 255  

2637 2549 2423 2387 0 1 255  

2649 2559 2416 2401 0 1 255  

2640 2558 2454 2357 0 1 255  

2641 2549 2445 2385 0 1 255  

2702 2583 2416 2389 0 1 255  

2637 2570 2423 2416 0 1 255  

2630 2549 2415 2395 0 1 255  

2677 2569 2432 2431 0 1 255  

2643 2543 2417 2379 0 1 255  

2635 2557 2392 2406 0 1 255  

2634 2559 2447 2429 0 1 255  

2624 2591 2441 2417 0 1 255  

2640 2559 2448 2386 0 1 255  

2626 2572 2416 2430 0 1 255  

2637 2556 2441 2396 0 1 255  

2629 2559 2445 2407 0 1 255  

2631 2595 2447 2466 0 1 255  

2636 2557 2421 2422 0 1 255  

2642 2559 2462 2429 0 1 255  

2659 2567 2463 2443 0 1 255  

2640 2573 2459 2432 0 1 255  

2640 2559 2512 2419 0 1 255  

2619 2557 2447 2427 0 1 255  

2656 2573 2465 2399 0 1 255  

2640 2576 2458 2442 0 1 255  

2629 2574 2478 2436 0 1 255  

2629 2589 2448 2437 0 1 255  

2651 2575 2453 2512 0 1 255  

2640 2573 2486 2453 0 1 255  

2625 2572 2455 2455 0 1 255  

2669 2579 2482 2448 0 1 255  

2638 2541 2475 2494 0 1 255  

2639 2578 2367 2458 0 1 255  

2625 2573 2480 2448 0 1 255  

2626 2599 2480 2507 0 1 255  

2624 2586 2480 2447 0 1 255  

2627 2576 2471 2443 0 1 255  

2635 2624 2481 2458 0 1 255  

2693 2581 2473 2496 0 1 255  

2637 2551 2481 2479 0 1 255  

2638 2588 2482 2444 0 1 255  

2634 2557 2475 2449 0 1 255  

2631 2579 2491 2475 0 1 255  

2643 2590 2467 2457 0 1 255  

2640 2589 2483 2473 0 1 255  

2628 2640 2494 2473 0 1 255  

2581 2586 2491 2481 0 1 255  

2640 2581 2485 2459 0 1 255  

2629 2586 2497 2480 0 1 255  

2550 2577 2495 2485 0 1 255  

2627 2583 2502 2543 0 1 255  

2628 2589 2576 2465 0 1 255  

2624 2589 2496 2475 0 1 255  

2704 2576 2512 2496 0 1 255  

2606 2590 2501 2480 0 1 255  

2633 2582 2590 2483 0 1 255  

2624 2639 2499 2494 0 1 255  

2647 2585 2503 2583 0 1 255  

2640 2590 2522 2495 0 1 255  

2630 2599 2512 2483 0 1 255  

2624 2575 2511 2508 0 1 255  

2620 2601 2496 2486 0 1 255  

2638 2595 2543 2497 0 1 255  

2621 2595 2496 2494 0 1 255  

2598 2559 2510 2512 0 1 255  

2629 2585 2497 2453 0 1 255  

2634 2591 2518 2497 0 1 255  

2633 2615 2535 2513 0 1 255  

2625 2606 2511 2455 0 1 255  

2626 2602 2499 2513 0 1 255  

2629 2586 2515 2510 0 1 255  

2645 2596 2535 2491 0 1 255  

2624 2595 2528 2489 0 1 255  

2626 2598 2518 2512 0 1 255  

2637 2596 2512 2522 0 1 255  

2640 2571 2515 2507 0 1 255  

2619 2610 2517 2551 0 1 255  

2633 2599 2499 2493 0 1 255  

2626 2587 2515 2496 0 1 255  

2619 2589 2533 2531 0 1 255  

2633 2598 2531 2545 0 1 255  

2640 2596 2542 2517 0 1 255  

2629 2678 2518 2531 0 1 255  

2670 2608 2539 2518 0 1 255  

2620 2593 2559 2515 0 1 255  

2625 2602 2534 2535 0 1 255  

2639 2624 2526 2505 0 1 255  

2629 2585 2526 2512 0 1 255  

2606 2618 2582 2537 0 1 255  

2633 2602 2544 2511 0 1 255  

2622 2609 2521 2543 0 1 255  

2653 2602 2518 2527 0 1 255  

2633 2609 2532 2530 0 1 255  

2633 2595 2542 2539 0 1 255  

2649 2606 2538 2533 0 1 255  

2637 2608 2537 2523 0 1 255  

2627 2603 2542 2516 0 1 255  

2640 2643 2521 2544 0 0 255  

2666 2608 2526 2591 0 0 255  

2640 2610 2539 2533 0 0 255  

2625 2614 2540 2527 0 0 255  

2622 2644 2559 2550 0 0 255  

2624 2611 2550 2624 0 0 255  

2634 2607 2558 2557 0 0 255  

2624 2609 2545 2529 0 0 255  

2555 2633 2535 2523 0 0 255  

2624 2614 2439 2547 0 0 255  

2625 2613 2550 2531 0 0 255  

2634 2605 2570 2543 0 0 255  

2691 2603 2529 2514 0 0 255  

2638 2610 2535 2539 0 0 255  

2629 2602 2550 2533 0 0 255  

2577 2634 2559 2541 0 0 255  

2626 2621 2557 2577 0 0 255  

2624 2607 2614 2542 0 0 255  

2630 2606 2555 2549 0 0 255  

2644 2615 2541 2544 0 0 255  

2608 2608 2575 2526 0 0 255  

2638 2591 2556 2528 0 0 255  

2634 2611 2550 2559 0 0 255  

2694 2610 2549 2480 0 0 255  

2627 2615 2630 2542 0 0 255  

2634 2602 2543 2557 0 0 255  

2640 2624 2545 2575 0 0 255  

2633 2618 2577 2581 0 0 255  

2640 2607 2524 2551 0 0 255  

2627 2615 2519 2549 0 0 255  

2611 2537 2572 2651 0 0 255  

2624 2608 2499 2549 0 0 255  

2636 2613 2582 2577 0 0 255  

2630 2604 2546 2539 0 0 255  

2630 2617 2572 2559 0 0 255  

2624 2609 2544 2559 0 0 255  

2576 2559 2574 2617 0 0 255  

2715 2576 2576 2554 0 0 255  

2640 2609 2571 2576 0 0 255  

2639 2614 2543 2544 0 0 255  

2628 2624 2550 2553 0 0 255  

2671 2592 2578 2559 0 0 255  

2623 2622 2599 2581 0 0 255  

2625 2623 2599 2547 0 0 255  

2630 2614 2559 2571 0 0 255  

2618 2620 2570 2557 0 0 255  

2626 2621 2521 2581 0 0 255  

2643 2619 2577 2559 0 0 255  

2621 2615 2590 2582 0 0 255  

2625 2595 2581 2551 0 0 255  

2635 2613 2663 2571 0 0 255  

2628 2589 2571 2553 0 0 255  

2653 2637 2581 2567 0 0 255  

2630 2624 2581 2559 0 0 255  

2625 2624 2505 2559 0 0 255  

2638 2624 2576 2594 0 0 255  

2649 2650 2590 2542 0 0 255  

2627 2621 2621 2559 0 0 255  

2634 2627 2573 2589 0 0 255  

2637 2619 2579 2559 0 0 255  

2610 2617 2597 2582 0 0 255  

2629 2624 2559 2559 0 0 255  

2638 2611 2544 2581 0 0 255  

2630 2640 2595 2571 0 0 255  

2640 2637 2573 2589 0 0 255  

2626 2626 2517 2583 0 0 255  

2642 2615 2576 2576 0 0 255  

2634 2555 2597 2559 0 0 255  

2650 2615 2599 2597 0 0 255  

2620 2619 2551 2583 0 0 255  

2669 2619 2578 2645 0 0 255  

2635 2626 2593 2608 0 0 255  

2631 2624 2571 2568 0 0 255  

2640 2622 2593 2580 0 0 255  

2640 2613 2588 2572 0 0 255  

2641 2623 2579 2641 0 0 255  

2630 2624 2619 2576 0 0 255  

2649 2640 2606 2579 0 0 255  

2703 2613 2573 2594 0 0 255  

2626 2640 2603 2604 0 0 255  

2635 2621 2557 2576 0 0 255  

2626 2624 2582 2583 0 0 255  

2614 2541 2596 2505 0 0 255  

2608 2621 2669 2582 0 0 255  

2637 2623 2595 2576 0 0 255  

2635 2626 2589 2590 0 0 255  

2677 2619 2597 2639 0 0 255  

2629 2625 2576 2590 0 0 255  

2630 2624 2608 2603 0 0 255  

2595 2637 2599 2601 0 0 255  

2501 2628 2594 2593 0 0 255  

2400 2605 2653 2583 0 0 255  

2279 2567 2579 2577 0 0 255  

2269 2599 2596 2611 0 0 255  

2157 2512 2571 2572 0 0 255  

2022 2467 2576 2599 0 0 255  

2023 2434 2571 2603 0 0 255  

2018 2405 2542 2592 0 0 255  

2028 2375 2577 2572 0 0 255  

2032 2359 2549 2576 0 0 255  

2055 2337 2526 2576 1 0 000  

2059 2320 2527 2570 1 0 000  

2046 2315 2449 2559 1 0 000  

2045 2289 2519 2546 1 0 000  

2001 2263 2509 2541 1 0 000  

2038 2253 2502 2568 1 0 000  

2032 2263 2483 2531 1 0 000  

2032 2255 2484 2545 1 0 000  

1965 2240 2459 2589 1 0 000  

1999 2254 2445 2529 1 0 000  

2032 2245 2468 2533 1 0 000  

2033 2224 2454 2535 1 0 000  

1970 2235 2452 2512 1 0 000  

2031 2239 2448 2464 1 0 000  

2026 2241 2444 2517 1 0 000  

2054 2234 2439 2483 1 0 000  

2036 2224 2439 2444 1 0 000  

2034 2219 2416 2499 1 0 000  

2041 2211 2423 2493 1 0 000  

2021 2224 2402 2491 1 0 000  

2036 2210 2427 2475 1 0 000  

2029 2199 2366 2464 1 0 000  

2027 2213 2398 2480 1 0 000  

2054 2210 2393 2475 1 0 000  

2031 2193 2448 2461 1 0 000  

2037 2195 2384 2452 1 0 000  

2037 2234 2387 2454 1 0 000  

2056 2179 2388 2465 1 0 000  

2039 2193 2438 2435 1 0 000  

2037 2202 2386 2426 1 0 000  

2021 2188 2384 2419 1 0 000  

2023 2191 2376 2373 1 0 000  

2028 2189 2434 2401 1 0 000  

2043 2192 2372 2418 1 0 000  

2055 2178 2359 2438 1 0 000  

2039 2187 2395 2401 1 0 000  

2033 2175 2359 2422 1 0 000  

2030 2186 2370 2417 1 0 000  

1976 2183 2339 2383 1 0 000  

2022 2180 2282 2411 1 0 000  

2028 2173 2347 2379 1 0 000  

2045 2189 2337 2395 1 0 000  

2041 2182 2322 2281 1 0 000  

2032 2174 2219 2390 1 0 000  

2044 2165 2320 2381 1 0 000  

2065 2096 2330 2384 1 0 000  

2032 2161 2320 2353 1 0 000  

2035 2201 2327 2358 1 0 000  

2034 2223 2323 2357 1 0 000  

2061 2177 2331 2338 1 0 000  

2082 2159 2275 2370 1 0 000  

2028 2165 2306 2340 1 0 000  

2025 2160 2307 2346 1 0 000  

2039 2157 2302 2313 1 0 000  

2027 2160 2304 2373 1 0 000  

2033 2157 2301 2334 1 0 000  

2038 2139 2302 2335 1 0 000  

2037 2159 2275 2318 1 0 000  

2021 2148 2289 2309 1 0 000  

2034 2144 2286 2336 1 0 000  

2031 2065 2263 2308 1 0 000  

2032 2150 2206 2339 1 0 000  

2038 2149 2283 2331 1 0 000  

2037 2113 2273 2304 1 0 000  

2033 2143 2267 2303 1 0 000  

2037 2138 2256 2301 1 0 000  

2032 2143 2247 2304 1 0 000  

2032 2118 2254 2301 1 0 000  

2031 2134 2254 2256 1 0 000  

2033 2143 2294 2318 1 0 000  

2045 2135 2258 2297 1 0 000  

2031 2182 2246 2287 1 0 000  

2032 2139 2267 2278 1 0 000  

2039 2130 2218 2261 1 0 000  

2029 2128 2250 2288 1 0 000  

2032 2128 2240 2289 1 0 000  

2032 2129 2261 2283 1 0 000  

2043 2146 2241 2274 1 0 000  

2032 2123 2227 2277 1 0 000  

2030 2128 2252 2240 1 0 000  

2032 2127 2219 2260 1 0 000  

2033 2130 2246 2246 1 0 000  

2037 2122 2224 2271 1 0 000  

2034 2096 2237 2263 1 0 000  

2031 2113 2240 2271 1 0 000  

2029 2124 2207 2255 1 0 000  

2030 2133 2239 2282 1 0 000  

2041 2123 2176 2242 1 0 000  

2027 2116 2215 2266 1 0 000  

2033 2122 2213 2257 1 0 000  

2030 2122 2193 2286 1 0 000  

2032 2112 2256 2272 1 0 000  

2034 2112 2205 2227 1 0 000  

2032 2118 2194 2224 1 0 000  

2031 2113 2210 2231 1 0 000  

2027 2124 2193 2222 1 0 000  

2027 2112 2191 2239 1 0 000  

2039 2114 2205 2224 1 0 000  

2082 2114 2193 2221 1 0 000  

2026 2110 2223 2230 1 0 000  

2029 2114 2195 2214 1 0 000  

2032 2117 2193 2246 1 0 000  

1973 2112 2186 2213 1 0 000  

2031 2111 2185 2230 1 0 000  

2030 2109 2196 2230 1 0 000  

2037 2112 2192 2215 1 0 000  

2027 2115 2239 2184 1 0 000  

2042 2112 2180 2198 1 0 000  

2038 2109 2174 2205 1 0 000  

2032 2101 2176 2207 1 0 000  

2030 2112 2085 2206 1 0 000  

2037 2100 2166 2192 1 0 000  

2032 2099 2187 2165 1 0 000  

1994 2107 2160 2195 1 0 000  

1989 2105 2162 2192 1 0 000  

2063 2107 2160 2188 1 0 000  

2026 2089 2177 2206 1 0 000  

2017 2105 2170 2182 1 0 000  

2042 2098 2166 2199 1 0 000  

2030 2103 2151 2192 1 0 000  

2021 2096 2146 2126 1 0 000  

2033 2110 2171 2161 1 0 000  

2031 2096 2158 2175 1 0 000  

2032 2098 2151 2157 1 0 000  

2034 2096 2138 2177 1 0 000  

2023 2096 2158 2175 1 0 000  

2027 2096 2156 2192 1 0 000  

2026 2149 2150 2198 1 0 000  

1874 2094 2149 2171 1 0 000  

1680 2068 2149 2178 1 0 000  

1581 2033 2159 2179 1 0 000  

1554 2066 2146 2186 1 0 000  

1558 1943 2112 2161 1 0 000  

1430 1926 2125 2174 1 0 000  

1441 1895 2121 2157 1 0 000  

1437 1785 2110 2087 1 0 000  

1425 1840 2087 2145 1 0 000  

1435 1818 2074 2142 1 0 000  

1439 1790 2078 2151 1 0 000  

1435 1782 2089 2128 1 0 000  

1450 1775 2054 2129 1 0 000  

1441 1751 2053 2119 1 0 000  

1428 1738 2047 2064 1 0 000  

1358 1731 2033 2064 1 0 000  

1435 1728 2014 2096 1 0 000  

1445 1712 1998 2115 1 0 000  

1443 1777 2027 2080 1 0 000  

1440 1681 2007 2087 1 0 000  

1443 1702 2001 2073 1 0 000  

1317 1695 2010 2065 1 0 000  

1283 1663 1990 2094 1 0 000  

1332 1661 1968 2058 1 0 000  

1331 1648 1969 2029 1 0 000  

1326 1598 1949 2053 1 0 000  

1328 1630 1959 2057 1 0 000  

1306 1619 1952 2055 1 0 000  

1317 1607 1923 2021 1 0 000  

1328 1613 1929 2030 1 0 000  

1321 1609 1936 2034 1 0 000  

1323 1593 1918 2018 1 0 000  

1319 1591 1921 2003 1 0 000  

1296 1591 1906 1971 1 0 000  

1317 1610 1886 1968 1 0 000  

1309 1585 1823 2000 1 0 000  

1314 1584 1877 1979 1 0 000  

1374 1520 1889 1953 1 0 000  

1342 1570 1866 1961 1 0 000  

1325 1564 1885 1939 1 0 000  

1323 1506 1847 1931 1 0 000  

1317 1555 1842 1952 1 0 000  

1325 1563 1838 1922 1 0 000  

1318 1552 1856 1947 1 0 000  

1385 1492 1839 1923 1 0 000  

1305 1552 1840 1893 1 0 000  

1318 1552 1809 1899 1 0 000  

1328 1535 1811 1920 1 0 000  

1333 1550 1827 1884 1 0 000  

1323 1535 1809 1903 1 0 000  

1311 1526 1808 1904 1 0 000  

1328 1605 1792 1864 1 0 000  

1328 1517 1809 1866 1 0 000  

1309 1523 1782 1855 1 0 000  

1311 1518 1799 1853 1 0 000  

1326 1590 1762 1871 1 0 000  

1297 1526 1771 1856 1 0 000  

1313 1514 1733 1854 1 0 000  

1389 1515 1764 1826 1 0 000  

1296 1548 1751 1847 1 0 000  

1312 1508 1761 1840 1 0 000  

1311 1501 1735 1840 1 0 000  

1323 1505 1748 1838 1 0 000  

1269 1551 1744 1841 1 0 000  

1330 1501 1769 1806 1 0 000  

1319 1495 1727 1790 1 0 000  

1315 1513 1718 1787 1 0 000  

1349 1502 1724 1776 1 0 000  

1315 1488 1660 1782 1 0 000  

1328 1488 1721 1757 1 0 000  

1275 1482 1702 1773 1 0 000  

1328 1472 1697 1809 1 0 000  

1321 1483 1743 1762 1 0 000  

1307 1488 1708 1757 1 0 000  

1328 1533 1686 1693 1 0 000  

1313 1482 1683 1743 1 0 000  

1309 1487 1616 1735 1 0 000  

1319 1602 1695 1738 1 0 000  

1346 1477 1675 1709 1 0 000  

1309 1470 1641 1744 1 0 000  

1328 1472 1680 1713 1 0 000  

1322 1526 1680 1739 1 0 000  

1312 1475 1661 1711 1 0 000  

1438 1474 1599 1729 1 0 000  

1549 1489 1659 1723 1 0 000  

1858 1491 1634 1701 1 0 000  

1920 1568 1666 1668 1 0 000  

2030 1635 1633 1718 1 0 000  

2087 1655 1626 1687 1 0 000  

2043 1712 1663 1712 1 0 000  

1984 1737 1685 1710 1 0 000  

2032 1775 1664 1680 1 0 000  

2042 1781 1696 1683 1 0 000  

1923 1808 1703 1715 1 0 000  

1907 1810 1666 1661 1 0 000  

1911 1813 1721 1691 1 0 000  

1905 1837 1707 1681 1 0 000  

1919 1794 1712 1725 1 0 000  

1926 1827 1724 1697 1 0 000  

1921 1831 1698 1713 1 0 000  

1919 1852 1727 1703 1 0 000  

1921 1813 1703 1763 1 0 000  

1923 1840 1664 1722 1 0 000  

1918 1840 1743 1630 0 1 255  

1925 1840 1733 1713 0 1 255  

1926 1840 1710 1694 0 1 255  

1917 1845 1719 1706 0 1 255  

1923 1808 1735 1707 0 1 255  

1914 1852 1738 1728 0 1 255  

1912 1850 1741 1712 0 1 255  

1920 1849 1746 1717 0 1 255  

1891 1869 1744 1727 0 1 255  

1910 1855 1728 1694 0 1 255  

1925 1856 1733 1738 0 1 255  

1911 1853 1759 1744 0 1 255  

1930 1870 1745 1679 0 1 255  

1915 1860 1723 1729 0 1 255  

1919 1856 1755 1718 0 1 255  

1878 1856 1739 1717 0 1 255  

1903 1859 1766 1699 0 1 255  

1921 1869 1755 1716 0 1 255  

1917 1858 1775 1723 0 1 255  

1919 1834 1765 1737 0 1 255  

1879 1867 1767 1767 0 1 255  

1909 1869 1787 1741 0 1 255  

1929 1865 1770 1755 0 1 255  

1939 1872 1750 1721 0 1 255  

1915 1872 1763 1747 0 1 255  

2036 1877 1709 1744 0 1 255  

3523 1931 1755 1731 0 1 255  

4095 2458 1763 1771 0 1 255  

4095 2853 1794 1735 0 1 255  

4095 3190 1840 1754 0 1 255  

4095 3519 1899 1787 0 1 255  

4095 3877 1966 1818 0 1 255  

4095 4095 1984 1807 0 1 255  

4095 4095 2063 1815 0 1 255  

4095 4095 2139 1818 0 1 255  

4095 4095 2153 1847 0 1 255  

4095 4095 2203 1869 0 1 255  

4095 4095 2258 1934 0 1 255  

4095 4095 2288 1939 0 1 255  

4095 4095 2323 1986 0 1 255  

4095 4095 2361 1999 0 1 255  

4095 4095 2416 2041 0 1 255  

4095 4095 2445 2086 0 1 255  

4095 4095 2474 2110 0 1 255  

4095 4095 2496 2114 0 1 255  

4095 4095 2515 2160 0 1 255  

4095 4095 2522 2195 0 1 255  

4095 4095 2586 2196 0 1 255  

4095 4095 2608 2242 0 1 255  

4095 4095 2627 2270 0 1 255  

4095 4095 2637 2305 0 1 255  

4095 4095 2630 2332 0 1 255  

4095 4095 2704 2351 0 1 255  

4095 4095 2703 2379 0 1 255  

4095 4095 2661 2393 0 1 255  

4095 4095 2747 2415 0 1 255  

4095 4095 2757 2423 0 1 255  

4095 4095 2798 2487 0 1 255  

4095 4095 2787 2480 0 1 255  

4095 4095 2827 2544 0 1 255  

4095 4095 2845 2519 0 1 255  

4095 4095 2845 2589 0 1 255  

4095 4095 2821 2589 0 1 255  

4095 4095 2852 2630 0 1 255  

4095 4095 2877 2635 0 1 255  

4095 3989 2881 2621 0 1 255  

3760 3915 2869 2669 0 1 255  

3537 3783 2865 2683 0 1 255  

3438 3693 2879 2706 0 1 255  

3534 3621 2918 2722 0 1 255  

3531 3555 2878 2732 0 1 255  

3520 3506 2885 2752 0 1 255  

3503 3455 2891 2674 0 1 255  

3536 3411 2846 2751 0 1 255  

3543 3392 2890 2773 0 1 255  

3546 3376 2887 2822 0 1 255  

3539 3359 2893 2799 0 1 255  

3537 3335 2925 2801 0 1 255  

3537 3340 2917 2811 0 1 255  

3502 3408 2909 2773 0 1 255  

3340 3297 2928 2831 0 1 255  

3350 3266 2913 2822 0 1 255  

3330 3272 2896 2815 0 1 255  

3307 3237 2911 2865 0 1 255  

3156 3228 2934 2833 0 1 255  

3161 3191 2897 2846 0 1 255  

3203 3249 2918 2846 0 1 255  

3157 3178 2926 2842 0 1 255  

3164 3152 2925 2864 0 1 255  

3162 3138 2926 2873 0 1 255  

2979 3066 2915 2883 0 1 255  

3023 3102 2928 2928 0 1 255  

3011 3091 2917 2890 0 1 255  

3019 2953 2929 2883 0 1 255  

3024 3052 2921 2851 0 1 255  

3009 3042 2919 2896 0 1 255  

3017 3031 2923 2903 0 1 255  

3013 3035 2910 2882 0 1 255  

3055 3022 2928 2908 0 1 255  

3009 3011 2960 2897 0 1 255  

2887 3005 2922 2897 0 1 255  

2876 2990 2937 2896 0 1 255  

2870 2967 2939 2908 0 1 255  

2851 2985 2927 2875 0 1 255  

2879 2961 2919 2894 0 1 255  

2835 2957 2928 2901 0 1 255  

2896 2935 2907 2918 0 1 255  

2873 2934 2917 2914 0 1 255  

2883 2981 2913 2890 0 1 255  

2933 2925 2912 2873 0 1 255  

2883 2928 2899 2891 0 1 255  

2752 2913 2904 2913 0 1 255  

2753 2843 2913 2811 0 1 255  

2754 2894 2912 2944 0 1 255  

2751 2880 2918 2911 0 1 255  

2752 2871 2969 2915 0 0 255  

2757 2908 2903 2902 0 0 255  

2702 2853 2897 2911 0 0 255  

2773 2882 2895 2865 0 0 255  

2750 2846 2899 2893 0 0 255  

2761 2837 2880 2870 0 0 255  

2758 2841 2912 2886 0 0 255  

2752 2835 2896 2902 0 0 255  

2762 2835 2891 2885 0 0 255  

2711 2832 2869 2901 0 0 255  

2745 2823 2909 2880 0 0 255  

2762 2821 2885 2903 0 0 255  

2803 2877 2882 2881 1 0 000  

2759 2816 2853 2918 1 0 000  

2765 2812 2816 2887 1 0 000  

2753 2815 2882 2866 1 0 000  

2768 2817 2857 2896 1 0 000  

2738 2805 2892 2901 1 0 000  

2704 2747 2861 2896 1 0 000  

2754 2769 2871 2882 1 0 000  

2770 2811 2866 2893 1 0 000  

2750 2806 2855 2880 1 0 000  

2746 2809 2892 2889 1 0 000  

2723 2819 2864 2880 1 0 000  

2752 2814 2839 2870 1 0 000  

2746 2804 2922 2858 1 0 000  

2755 2801 2852 2855 1 0 000  

2759 2800 2847 2878 1 0 000  

2757 2800 2837 2934 1 0 000  

2757 2800 2897 2866 1 0 000  

2757 2809 2832 2864 1 0 000  

2793 2807 2832 2885 1 0 000  

2752 2799 2915 2864 1 0 000  

2694 2832 2849 2864 1 0 000  

2757 2790 2843 2867 1 0 000  

2735 2798 2844 2831 1 0 000  

2763 2802 2837 2874 1 0 000  

2763 2805 2834 2867 1 0 000  

2753 2807 2816 2832 1 0 000  

2741 2795 2828 2868 1 0 000  

2759 2800 2822 2846 1 0 000  

2753 2800 2824 2858 1 0 000  

2775 2769 2836 2870 1 0 000  

2752 2794 2864 2843 1 0 000  

2758 2799 2828 2832 1 0 000  

2749 2698 2814 2859 1 0 000  

2813 2782 2828 2870 1 0 000  

2763 2789 2847 2838 1 0 000  

2762 2795 2807 2862 1 0 000  

2707 2828 2823 2854 1 0 000  

2750 2755 2832 2809 1 0 000  

2765 2800 2791 2832 1 0 000  

2758 2797 2833 2839 1 0 000  

2708 2760 2831 2857 1 0 000  

2743 2795 2830 2837 1 0 000  

2757 2785 2751 2850 1 0 000  

2750 2773 2826 2821 1 0 000  

2768 2829 2832 2769 1 0 000  

2744 2792 2897 2843 1 0 000  

2755 2791 2816 2851 1 0 000  

2743 2819 2821 2826 1 0 000  

2768 2784 2816 2768 1 0 000  

2754 2797 2896 2823 1 0 000  

2733 2800 2798 2855 1 0 000  

2713 2734 2833 2833 1 0 000  

2753 2790 2811 2819 1 0 000  

2756 2785 2880 2823 1 0 000  

2747 2781 2796 2815 1 0 000  

2758 2821 2798 2816 1 0 000  

2766 2799 2806 2814 1 0 000  

2753 2797 2821 2832 1 0 000  

2750 2780 2813 2800 1 0 000  

2724 2783 2802 2838 1 0 000  

2766 2793 2771 2801 1 0 000  

2767 2768 2795 2815 1 0 000  

2769 2786 2797 2830 1 0 000  

2767 2784 2807 2902 0 0 000  

2754 2782 2780 2816 0 0 000  

2766 2768 2800 2822 0 0 000  

2768 2799 2812 2810 0 0 000  

2765 2787 2817 2835 0 0 000  

2752 2786 2768 2813 0 0 000  

2748 2779 2811 2813 0 0 000  

2764 2772 2795 2731 0 0 000  

2749 2782 2871 2817 0 0 000  

2751 2780 2797 2811 0 0 000  

2752 2768 2814 2793 0 0 000  

2737 2783 2800 2791 0 0 000  

2752 2784 2789 2832 0 0 000  

2768 2786 2800 2797 0 0 000  

2763 2811 2791 2789 0 0 000  

2756 2785 2809 2779 0 0 000  

2752 2779 2769 2795 0 0 000  

2739 2755 2792 2814 0 0 000  

2803 2844 2790 2879 0 0 000  

2757 2783 2783 2802 0 0 000  

2757 2772 2778 2791 0 0 000  

2750 2827 2780 2789 0 0 000  

2788 2785 2780 2800 0 0 000  

2749 2769 2849 2820 0 0 000  

2753 2773 2810 2800 0 0 000  

2743 2753 2799 2793 0 0 000  

2768 2775 2779 2717 0 0 000  

2763 2768 2837 2810 0 0 000  

2765 2778 2789 2807 0 0 000  

2781 2768 2788 2799 0 0 000  

2759 2768 2789 2865 0 0 000  

2752 2770 2697 2799 0 0 000  

2756 2842 2805 2799 0 0 000  

2738 2823 2785 2897 0 0 000  

2719 2775 2768 2795 0 0 000  

2764 2775 2799 2789 0 0 000  

2752 2786 2788 2787 0 0 000  

2686 2786 2778 2786 0 0 000  

2752 2771 2721 2768 0 0 000  

2752 2777 2774 2783 0 0 000  

2723 2787 2800 2797 0 0 000  

2755 2773 2789 2807 0 0 000  

2758 2768 2799 2781 0 0 000  

2765 2774 2789 2800 0 0 000  

2619 2793 2791 2751 0 0 000  

2514 2751 2800 2777 0 0 000  

2281 2710 2777 2768 0 0 000  

0987 2605 2761 2779 0 0 000  

0883 2449 2756 2759 0 0 000  

0829 2309 2734 2762 1 0 001  

0832 2192 2704 2769 1 0 001  

0816 2054 2683 2767 1 0 001  

0830 1995 2657 2737 1 0 001  

1072 1939 2633 2810 1 0 001  

1911 1963 2608 2730 1 0 001  

2059 2007 2576 2745 1 0 001  

2037 2057 2588 2768 1 0 001  

2270 2096 2512 2695 1 0 001  

2388 2160 2557 2683 1 0 001  

2343 2199 2569 2672 1 0 001  

2391 2245 2618 2670 1 0 001  

2315 2287 2544 2656 1 0 001  

2171 2222 2570 2658 1 0 001  

2099 2303 2576 2608 1 0 001  

1919 2288 2559 2641 1 0 001  

1796 2256 2541 2634 1 0 001  

1680 2256 2537 2630 1 0 001  

1680 2187 2525 2689 1 0 001  

1683 2170 2589 2637 1 0 001  

1732 2141 2507 2614 1 0 001  

1945 2174 2515 2672 1 0 001  

1931 2145 2634 2585 1 0 001  

1918 2140 2466 2578 1 0 001  

2027 2179 2486 2597 1 0 001  

2032 2159 2469 2576 1 0 001  

2155 2177 2487 2544 1 0 001  

2157 2194 2454 2545 1 0 001  

2160 2250 2480 2549 1 0 001  

2076 2220 2453 2513 1 0 001  

1918 2196 2466 2512 1 0 001  

1926 2192 2459 2533 1 0 001  

1870 2179 2438 2515 1 0 001  

1919 2191 2448 2473 1 0 001  

1910 2172 2476 2525 1 0 001  

1906 2161 2438 2507 1 0 001  

1904 2113 2427 2483 1 0 001  

1872 2160 2454 2498 1 0 001  

1909 2159 2413 2480 1 0 001  

1919 2146 2410 2468 1 0 001  

1932 2141 2410 2447 1 0 001  

1927 2128 2379 2453 1 0 001  

1920 2134 2391 2479 1 0 001  

1921 2194 2368 2471 1 0 001  

1936 2117 2370 2435 1 0 001  

1911 2123 2369 2473 1 0 001  

1912 2128 2386 2448 1 0 001  

1913 2118 2365 2464 1 0 001  

1920 2117 2352 2413 1 0 001  

1920 2112 2359 2431 1 0 001  

1915 2107 2368 2412 1 0 001  

1930 2122 2345 2439 1 0 001  

1923 2099 2350 2413 1 0 001  

1917 2102 2337 2412 1 0 001  

1905 2102 2333 2401 1 0 001  

1927 2107 2318 2447 1 0 001  

1909 2106 2383 2384 1 0 001  

1918 2091 2342 2373 1 0 001  

1923 2097 2326 2380 1 0 001  

1920 2100 2297 2377 1 0 001  

1920 2097 2365 2369 1 0 001  

1915 2096 2302 2366 1 0 001  

1906 2119 2299 2261 1 0 001  

1901 2087 2302 2371 1 0 001  

1919 2075 2269 2348 1 0 001  

1913 2080 2297 2345 1 0 001  

1949 2086 2288 2354 1 0 001  

1923 2083 2285 2361 1 0 001  

1922 2083 2253 2315 1 0 001  

1922 2059 2278 2321 1 0 001  

1907 2093 2285 2323 1 0 001  

1909 2082 2191 2318 1 0 001  

1918 2071 2254 2338 1 0 001  

1922 1997 2270 2336 1 0 001  

1909 2073 2214 2320 1 0 001  

1995 2064 2251 2289 1 0 001  

1914 2073 2246 2306 1 0 001  

1916 2064 2241 2295 1 0 001  

1915 2063 2241 2267 1 0 001  

1924 2052 2237 2287 1 0 001  

1910 2079 2233 2274 1 0 001  

1840 2063 2234 2291 1 0 001  

1919 2047 2199 2315 1 0 001  

1911 2053 2225 2274 1 0 001  

1941 2025 2233 2288 1 0 001  

1913 2036 2218 2260 1 0 001  

1906 2043 2203 2262 1 0 001  

1920 2051 2208 2265 1 0 001  

1904 1970 2196 2224 1 0 001  

1907 2047 2190 2256 1 0 001  

1919 2037 2199 2247 1 0 001  

1922 1968 2177 2258 1 0 001  

1910 2052 2162 2233 1 0 001  

1915 2043 2179 2209 1 0 001  

1921 2036 2183 2219 1 0 001  

1869 2016 2181 2246 1 0 001  

1903 2037 2169 2173 1 0 001  

2022 2032 2162 2224 1 0 001  

2154 2064 2187 2193 1 0 001  

2391 2045 2176 2214 1 0 001  

2623 2151 2205 2211 1 0 001  

2752 2203 2215 2185 1 0 001  

2752 2288 2182 2215 1 0 001  

2802 2288 2192 2227 1 0 001  

2768 2346 2166 2193 1 0 001  

2750 2375 2210 2225 1 0 001  

2765 2371 2223 2209 1 0 001  

3083 2446 2224 2271 1 0 001  

3168 2491 2239 2192 1 0 001  

3337 2539 2256 2195 1 0 001  

3239 2636 2257 2198 1 1 000  

3344 2610 2288 2239 1 1 000  

3339 2679 2266 2245 1 1 000  

3339 2706 2303 2227 0 1 000  

3357 2704 2318 2262 0 1 000  

3171 2759 2338 2262 0 1 000  

3009 2768 2339 2249 0 1 000  

2881 2810 2323 2265 0 1 000  

2773 2741 2348 2234 0 1 000  

2635 2717 2357 2275 0 1 000  

2642 2682 2340 2288 0 1 000  

2501 2624 2352 2270 0 1 000  

2515 2630 2352 2303 0 1 000  

2508 2599 2345 2288 0 1 000  

2623 2577 2358 2304 0 1 000  

2752 2573 2359 2349 0 1 000  

2763 2589 2377 2298 0 1 000  

2753 2601 2405 2315 0 1 000  

2871 2608 2395 2339 0 1 000  

2875 2623 2377 2285 0 1 000  

2881 2627 2323 2321 0 1 000  

2884 2645 2393 2337 0 1 000  

2773 2635 2384 2323 0 1 000  

2758 2639 2405 2368 0 1 000  

2751 2647 2434 2350 0 1 000  

2755 2646 2373 2334 0 1 000  

2754 2599 2416 2359 0 1 000  

2757 2640 2423 2306 0 1 000  

2757 2630 2383 2379 0 1 000  

2754 2638 2431 2359 0 1 000  

2761 2576 2421 2370 0 1 000  

2759 2629 2431 2381 0 1 000  

2758 2639 2438 2394 0 1 000  

2752 2527 2417 2395 0 1 000  

2742 2639 2432 2401 0 1 000  

2764 2640 2387 2401 0 1 000  

2759 2639 2420 2399 0 1 000  

2759 2663 2454 2401 0 1 000  

2752 2640 2451 2432 0 1 000  

2754 2637 2443 2386 0 1 000  

2745 2639 2451 2416 0 1 000  

2762 2616 2459 2434 0 1 000  

2752 2645 2466 2433 0 1 000  

2747 2641 2460 2448 0 1 000  

2754 2645 2485 2402 0 1 000  

2758 2642 2480 2375 0 1 000  

2753 2642 2451 2427 0 1 000  

2749 2647 2466 2432 0 1 000  

2745 2641 2460 2427 0 1 000  

2762 2650 2491 2479 0 1 000  

2757 2648 2535 2448 0 1 000  

2759 2656 2482 2458 0 1 000  

2749 2654 2473 2439 0 1 000  

2751 2657 2489 2430 0 1 000  

2757 2659 2509 2448 0 1 000  

2747 2662 2496 2475 0 1 000  

2760 2658 2485 2450 0 1 000  

2753 2656 2510 2463 0 1 000  

2759 2662 2533 2476 0 1 000  

2752 2663 2500 2491 0 1 000  

2753 2658 2497 2428 0 1 000  

2759 2663 2494 2465 0 1 000  

2752 2661 2503 2480 0 1 000  

2742 2658 2500 2461 0 1 000  

2741 2660 2524 2418 0 1 000  

2770 2669 2523 2482 0 1 000  

2758 2668 2514 2478 0 1 000  

2761 2673 2511 2480 0 1 000  

2745 2672 2528 2546 0 1 000  

2739 2679 2553 2504 0 1 000  

2755 2672 2530 2507 0 1 000  

2762 2674 2517 2490 0 1 000  

2749 2677 2544 2510 0 1 000  

2751 2672 2528 2511 0 1 000  

2756 2669 2525 2513 0 1 000  

2758 2672 2544 2546 0 1 000  

2751 2674 2559 2558 0 1 000  

2752 2678 2545 2527 0 1 000  

2755 2680 2545 2516 0 1 000  

2752 2679 2546 2480 0 1 000  

2747 2685 2556 2511 0 1 000  

2763 2682 2546 2512 0 1 000  

2753 2687 2550 2515 0 1 000  

2666 2686 2576 2502 0 1 000  

2757 2682 2555 2519 0 1 000  

2755 2685 2553 2557 0 1 000  

2752 2689 2574 2571 0 1 000  

2693 2689 2571 2528 0 1 000  

2761 2685 2569 2536 0 1 000  

2753 2684 2572 2535 0 1 000  

2762 2700 2586 2522 0 1 000  

2769 2688 2576 2541 0 1 000  

2751 2689 2575 2544 0 1 000  

2758 2695 2592 2548 0 1 000  

2723 2715 2575 2547 0 1 000  

2750 2694 2582 2539 0 1 000  

2762 2692 2586 2549 0 1 000  

2753 2692 2583 2667 0 1 000  

2734 2646 2582 2544 0 1 000  

2750 2690 2576 2576 0 1 000  

2752 2693 2585 2548 0 1 000  

2737 2693 2599 2589 0 1 000  

2767 2702 2586 2557 0 1 000  

2768 2699 2591 2550 0 1 000  

2749 2699 2608 2578 0 1 000  

2752 2642 2593 2480 0 1 000  

2760 2697 2592 2567 0 1 000  

2754 2698 2597 2559 0 1 000  

2750 2692 2609 2596 0 1 000  

2761 2719 2587 2583 0 1 000  

2767 2703 2598 2573 0 1 000  

2755 2710 2611 2591 0 1 000  

2738 2707 2625 2608 0 1 000  

2809 2750 2620 2555 0 1 000  

2749 2705 2619 2592 0 1 000  

2763 2705 2610 2589 0 1 000  

2761 2720 2608 2587 0 1 000  

2753 2707 2623 2591 0 1 000  

2767 2703 2611 2593 0 1 000  

2752 2707 2619 2610 0 1 000  

2742 2681 2608 2613 0 1 000  

2780 2715 2603 2615 0 1 000  

2749 2704 2525 2590 0 1 000  

2761 2705 2625 2619 0 1 000  

2725 2691 2609 2604 0 1 000  

2748 2714 2617 2594 0 1 000  

2747 2705 2675 2608 0 1 000  

2738 2703 2607 2615 0 1 000  

2762 2635 2640 2618 0 1 000  

2753 2704 2623 2595 0 1 000  

2749 2704 2620 2611 0 1 000  

2749 2700 2626 2627 0 1 000  

2752 2718 2653 2602 0 1 000  

2749 2709 2645 2623 0 1 000  

2751 2713 2627 2622 0 1 000  

2757 2755 2638 2607 0 1 000  

2752 2710 2639 2618 0 1 000  

2750 2711 2595 2613 0 1 000  

2755 2717 2647 2640 0 1 000  

2736 2695 2639 2618 0 1 000  

2737 2715 2645 2606 0 1 000  

2748 2723 2662 2622 0 1 000  

2759 2719 2634 2625 0 1 000  

2767 2716 2639 2631 0 1 000  

2752 2718 2594 2649 0 1 000  

2763 2717 2645 2640 0 1 000  

2761 2705 2645 2628 0 1 000  

2765 2726 2645 2624 0 1 000  

2766 2720 2705 2623 0 1 000  

2756 2719 2667 2629 0 1 000  

2765 2725 2629 2628 0 1 000  

2763 2723 2667 2639 0 1 000  

2755 2720 2656 2639 0 1 000  

2753 2723 2671 2655 0 1 000  

2736 2722 2653 2635 0 1 000  

2763 2720 2753 2655 0 1 000  

2754 2730 2671 2633 0 1 000  

2763 2672 2649 2649 0 1 000  

2710 2726 2650 2629 0 1 000  

2768 2725 2672 2585 0 1 000  

2755 2730 2672 2655 0 1 000  

2752 2725 2672 2644 0 1 000  

2752 2719 2709 2670 0 1 000  

2751 2727 2635 2644 0 1 000  

2762 2721 2660 2649 0 1 000  

2748 2747 2667 2654 0 1 000  

2779 2718 2630 2640 0 1 000  

2749 2719 2667 2640 0 1 000  

2763 2674 2678 2651 0 1 000  

2765 2637 2667 2749 0 1 000  

2758 2719 2672 2655 0 0 000  

2752 2731 2654 2657 0 0 000  

2763 2734 2673 2650 0 0 000  

2777 2735 2673 2623 0 0 000  

2765 2724 2627 2655 0 0 000  

2753 2736 2657 2655 0 0 000  

2774 2761 2685 2659 0 0 000  

2747 2734 2666 2660 0 0 000  

2761 2733 2690 2665 0 0 000  

2751 2737 2679 2640 0 0 000  

2802 2709 2666 2685 0 0 000  

2747 2723 2726 2686 0 0 000  

2743 2726 2677 2667 0 0 000  

2759 2731 2655 2658 0 0 000  

2799 2735 2663 2673 0 0 000  

2751 2730 2654 2631 0 0 000  

2752 2733 2671 2671 0 0 000  

2757 2721 2670 2675 0 0 000  

2753 2688 2666 2703 0 0 000  

2748 2736 2715 2663 0 0 000  

2751 2734 2679 2675 0 0 000  

2730 2718 2674 2769 0 0 000  

2750 2730 2701 2672 0 0 000  

2763 2735 2647 2647 0 0 000  

2745 2736 2685 2678 0 0 000  

2821 2736 2686 2624 0 0 000  

2763 2733 2722 2655 0 0 000  

2757 2727 2679 2695 0 0 000  

2757 2736 2698 2670 0 0 000  

2749 2730 2689 2624 0 0 000  

2769 2747 2681 2672 0 0 000  

2757 2736 2705 2692 0 0 000  

2667 2773 2683 2680 0 0 000  

2750 2733 2688 2753 0 0 000  

2767 2737 2658 2671 0 0 000  

2757 2773 2685 2679 0 0 000  

2694 2753 2683 2663 0 0 000  

2748 2738 2695 2689 0 0 000  

2753 2737 2682 2698 0 0 000  

2751 2735 2656 2695 0 0 000  

2661 2765 2695 2645 0 0 000  

2755 2739 2655 2670 0 0 000  

2762 2736 2667 2686 0 0 000  

2736 2764 2691 2675 0 0 000  

2762 2730 2704 2666 0 0 000  

2751 2736 2707 2686 0 0 000  

2747 2736 2694 2702 0 0 000  

2763 2657 2698 2722 0 0 000  

2699 2734 2674 2695 0 0 000  

2754 2735 2674 2706 0 0 000  

2750 2752 2715 2695 0 0 000  

2779 2741 2688 2636 0 0 000  

2758 2738 2695 2734 0 0 000  

2757 2745 2701 2669 0 0 000  

2762 2743 2677 2690 0 0 000  

2797 2742 2704 2681 0 0 000  

2757 2743 2675 2677 0 0 000  

2750 2735 2703 2692 0 0 000  

2799 2736 2714 2677 0 0 000  

2742 2744 2698 2698 0 0 000  

2762 2750 2591 2688 0 0 000  

2753 2739 2677 2688 0 0 000  

2730 2715 2689 2722 0 0 000  

2741 2740 2574 2707 0 0 000  

2749 2746 2714 2681 0 0 000  

2743 2731 2685 2698 0 0 000  

2762 2755 2704 2699 0 0 000  

2750 2748 2694 2714 0 0 000  

2755 2752 2686 2691 0 0 000  

2751 2738 2688 2689 0 0 000  

2757 2736 2704 2640 0 0 000  

2759 2750 2729 2695 0 0 000  

2761 2737 2715 2698 0 0 000  

2752 2739 2693 2704 0 0 000  

2771 2749 2701 2709 0 0 000  

2751 2749 2719 2706 0 0 000  

2763 2785 2711 2700 0 0 000  

2714 2769 2705 2639 0 0 000  

2744 2745 2733 2694 0 0 000  

2746 2742 2703 2717 0 0 000  

2754 2633 2705 2706 0 0 000  

2752 2742 2707 2672 0 0 000  

2759 2739 2711 2705 0 0 000  

2755 2740 2714 2700 0 0 000  

2789 2765 2721 2741 0 0 000  

2755 2737 2689 2747 0 0 000  

2753 2651 2695 2730 0 0 000  

2755 2749 2708 2731 0 0 000  

2768 2754 2694 2701 0 0 000  

2758 2742 2710 2711 0 0 000  

2757 2749 2717 2698 0 0 000  

2749 2660 2710 2718 0 0 000  

2675 2751 2713 2612 0 0 000  

2761 2741 2670 2714 0 0 000  

2754 2752 2701 2693 0 0 000  

2706 2820 2707 2691 0 0 000  

2752 2767 2722 2731 0 0 000  

2755 2739 2657 2705 0 0 000  

2755 2742 2704 2702 0 0 000  

2769 2687 2727 2713 0 0 000  

2752 2712 2720 2736 0 0 000  

2758 2718 2695 2703 0 0 000  

2749 2745 2733 2699 0 0 000  

2764 2745 2719 2791 0 0 000  

2749 2743 2743 2707 0 0 000  

2766 2737 2699 2711 0 0 000  

2761 2746 2704 2726 0 0 000  

2752 2748 2734 2693 0 0 000  

2757 2749 2711 2667 0 0 000  

2753 2743 2719 2695 0 0 000  

2837 2762 2715 2735 0 0 000  

2762 2738 2714 2705 0 0 000  

2754 2750 2771 2703 0 0 000  

2754 2749 2725 2697 0 0 000  

2704 2724 2727 2717 0 0 000  

2722 2742 2804 2718 0 0 000  

2761 2753 2736 2735 0 0 000  

2762 2833 2720 2719 0 0 000  

2753 2733 2707 2682 0 0 000  

2751 2748 2646 2720 0 0 000  

2761 2747 2720 2714 0 0 000  

2771 2749 2705 2701 0 0 000  

2755 2775 2722 2678 0 0 000  

2763 2754 2774 2719 0 0 000  

2749 2742 2744 2718 0 0 000  

2725 2767 2736 2711 0 0 000  

2746 2746 2731 2705 0 0 000  

2752 2746 2737 2715 0 0 000  

2761 2745 2706 2736 0 0 000  

2789 2750 2711 2672 0 0 000  

2701 2755 2697 2701 0 0 000  

2753 2739 2730 2709 0 0 000  

2750 2734 2718 2717 0 0 000  

2709 2750 2710 2669 0 0 000  

2752 2753 2690 2714 0 0 000  

2757 2751 2713 2736 0 0 000  

2758 2730 2736 2715 0 0 000  

2746 2724 2712 2676 0 0 000  

2761 2746 2816 2723 0 0 000  

2755 2755 2719 2721 0 0 000  

2750 2756 2719 2784 0 0 000  

2755 2747 2717 2736 0 0 000  

2751 2754 2705 2736 0 0 000  

2749 2761 2715 2711 0 0 000  

2800 2747 2704 2736 0 0 000  

2752 2756 2773 2715 0 0 000  

2733 2741 2721 2714 0 0 000  

2746 2761 2717 2737 0 0 000  

2757 2749 2729 2720 0 0 000  

2756 2752 2809 2733 0 0 000  

2759 2746 2737 2708 0 0 000  

2784 2765 2725 2710 0 0 000  

2753 2705 2721 2704 0 0 000  

2750 2749 2768 2731 0 0 000  

2759 2749 2731 2731 0 0 000  

2731 2806 2711 2683 0 0 000  

2757 2755 2760 2725 0 0 000  

2759 2755 2749 2728 0 0 000  

2753 2720 2704 2722 0 0 000  

2763 2752 2737 2693 0 0 000  

2763 2731 2706 2704 0 0 000  

2763 2753 2718 2716 0 0 000  

2736 2754 2721 2725 0 0 000  

2771 2740 2711 2720 0 0 000  

2758 2752 2767 2715 0 0 000  

2754 2759 2750 2728 0 0 000  

2735 2685 2726 2731 0 0 000  

2627 2748 2723 2661 0 0 000  

2499 2736 2788 2731 0 0 000  

1552 2675 2716 2745 0 0 000  

0996 2511 2715 2703 0 0 000  

0973 2374 2768 2711 0 0 000  

0960 2259 2678 2728 0 0 000  

0967 2154 2669 2711 1 0 001  

0971 2071 2621 2753 1 0 001  

0967 1999 2631 2691 1 0 001  

0991 1939 2586 2697 1 0 001  

1019 1929 2547 2707 1 0 001  

1006 1840 2528 2685 1 0 001  

1007 1815 2559 2656 1 0 001  

1022 1774 2507 2670 1 0 001  

1023 1741 2485 2646 1 0 001  

1106 1739 2514 2623 1 0 001  

1056 1708 2429 2597 1 0 001  

1078 1694 2415 2590 1 0 001  

1098 1679 2406 2575 1 0 001  

1073 1673 2384 2590 1 0 001  

1196 1662 2355 2541 1 0 001  

1317 1641 2342 2527 1 0 001  

1447 1691 2355 2499 1 0 001  

1575 1723 2391 2497 1 0 001  

1554 1754 2321 2414 1 0 001  

1551 1770 2315 2491 1 0 001  

1561 1778 2303 2481 1 0 001  

1559 1799 2291 2432 1 0 001  

1679 1819 2300 2437 1 0 001  

1658 1885 2295 2432 1 0 001  

1671 1836 2209 2419 1 0 001  

1686 1863 2263 2402 1 0 001  

1679 1901 2279 2399 1 0 001  

1661 1869 2259 2352 1 0 001  

1574 1888 2267 2356 1 0 001  

1565 1873 2263 2366 1 0 001  

1517 1874 2258 2352 1 0 001  

1428 1858 2254 2327 1 0 001  

1443 1855 2226 2325 1 0 001  

1358 1824 2250 2402 1 0 001  

1458 1819 2217 2315 1 0 001  

1443 1808 2208 2317 1 0 001  

1443 1798 2215 2325 1 0 001  

1519 1779 2191 2301 1 0 001  

1573 1797 2188 2341 1 0 001  

1552 1798 2210 2270 1 0 001  

1567 1801 2174 2283 1 0 001  

1569 1785 2166 2256 1 0 001  

1675 1809 2164 2279 1 0 001  

1677 1823 2160 2244 1 0 001  

1679 1825 2161 2257 1 0 001  

1660 1856 2128 2224 1 0 001  

1567 1840 2139 2263 1 0 001  

1567 1830 2135 2224 1 0 001  

1558 1819 2127 2231 1 0 001  

1535 1799 2119 2240 1 0 001  

1565 1817 2109 2239 1 0 001  

1558 1799 2150 2194 1 0 001  

1562 1872 2123 2175 1 0 001  

1552 1831 2097 2245 1 0 001  

1559 1799 2112 2171 1 0 001  

1569 1792 2047 2160 1 0 001  

1522 1856 2065 2161 1 0 001  

1558 1781 2080 2189 1 0 001  

1569 1783 2081 2175 1 0 001  

1563 1786 2035 2143 1 0 001  

1586 1799 2063 2143 1 0 001  

1563 1766 2037 2160 1 0 001  

1546 1776 2045 2122 1 0 001  

1457 1761 2032 2066 1 0 001  

1437 1755 2029 2107 1 0 001  

1435 1744 2077 2117 1 0 001  

1435 1725 2001 2093 1 0 001  

1440 1730 2023 2103 1 0 001  

1436 1707 1988 2123 1 0 001  

1437 1703 1991 2088 1 0 001  

1450 1697 1984 2094 1 0 001  

1402 1645 1984 2083 1 0 001  

1443 1700 1964 1984 1 0 001  

1431 1687 2000 2055 1 0 001  

1430 1683 1970 2047 1 0 001  

1436 1617 1981 2053 1 0 001  

1433 1677 2017 2035 1 0 001  

1434 1673 1968 2033 1 0 001  

1438 1665 1941 2045 1 0 001  

1444 1669 1946 2031 1 0 001  

1429 1658 1905 2003 1 0 001  

1447 1663 1930 2022 1 0 001  

1532 1650 1925 1998 1 0 001  

1440 1656 1911 1961 1 0 001  

1427 1658 1923 2012 1 0 001  

1434 1639 1948 2000 1 0 001  

1427 1664 1910 1970 1 0 001  

1433 1647 1877 1946 1 0 001  

1435 1646 1891 1969 1 0 001  

1444 1642 1893 1977 1 0 001  

1495 1619 1875 1929 1 0 001  

1447 1637 1919 1969 1 0 001  

1439 1634 1863 1931 1 0 001  

1453 1636 1887 2010 1 0 001  

1445 1629 1846 1909 1 0 001  

1445 1635 1904 1942 1 0 001  

1437 1633 1887 1936 1 0 001  

1424 1597 1855 1910 1 0 001  

1427 1631 1847 1967 1 0 001  

1451 1616 1823 1911 1 0 001  

1429 1622 1841 1922 1 0 001  

1408 1555 1819 1909 1 0 001  

1430 1616 1821 1916 1 0 001  

1427 1613 1834 1889 1 0 001  

1439 1533 1819 1865 1 0 001  

1425 1607 1814 1907 1 0 001  

1437 1611 1791 1879 1 0 001  

1445 1606 1825 1872 1 0 001  

1447 1601 1821 1883 1 0 001  

1434 1598 1793 1776 1 0 001  

1686 1625 1848 1854 1 0 001  

1844 1642 1808 1857 1 0 001  

1967 1715 1790 1862 1 0 001  

2142 1742 1799 1858 1 0 001  

2273 1786 1793 1856 1 0 001  

2397 1842 1799 1826 1 0 001  

2401 1885 1825 1826 1 0 001  

2399 1947 1777 1840 1 0 001  

2512 1985 1835 1849 1 0 001  

2630 2101 1841 1835 1 0 001  

2698 2112 1872 1827 1 0 001  

2886 2159 1889 1886 1 0 001  

3011 2213 1868 1827 1 0 001  

3017 2271 1923 1825 1 1 000  

3018 2277 1907 1808 1 1 000  

3021 2369 1899 1874 1 1 000  

3183 2416 1950 1865 1 1 000  

3101 2442 1945 1820 1 1 000  

2875 2471 1968 1872 1 1 000  

2391 2455 1950 1879 0 1 000  

2275 2311 2001 1899 0 1 000  

2224 2374 2007 1905 0 1 000  

2167 2341 1984 1910 0 1 000  

2158 2299 1998 1903 0 1 000  

2155 2273 2023 1915 0 1 000  

2378 2217 2000 1979 0 1 000  

2496 2254 2003 1936 0 1 000  

2633 2277 2014 1931 0 1 000  

2608 2303 2031 1946 0 1 000  

2753 2322 2015 1895 0 1 000  

2875 2345 2029 1969 0 1 000  

2881 2406 2033 1975 0 1 000  

2896 2431 2032 1925 0 1 000  

2880 2437 2032 1961 0 1 000  

2631 2446 2054 1968 0 1 000  

2505 2418 2073 1981 0 1 000  

2499 2418 2075 2042 0 1 000  

2508 2405 2037 2005 0 1 000  

2518 2399 2099 1991 0 1 000  

2569 2400 2092 2016 0 1 000  

2505 2380 2099 2100 0 1 000  

2512 2379 2112 2026 0 1 000  

2621 2387 2112 2018 0 1 000  

2701 2418 2122 2087 0 1 000  

2652 2393 2113 2047 0 1 000  

2750 2426 2121 2032 0 1 000  

2741 2490 2123 2041 0 1 000  

2746 2448 2132 2069 0 1 000  

2738 2450 2163 2064 0 1 000  

2758 2462 2146 2075 0 1 000  

2758 2471 2134 2079 0 1 000  

2747 2480 2149 2109 0 1 000  

2753 2491 2211 2075 0 1 000  

2759 2496 2181 2106 0 1 000  

2771 2553 2187 2102 0 1 000  

2757 2511 2183 2139 0 1 000  

2764 2506 2219 2135 0 1 000  

2758 2512 2213 2119 0 1 000  

2737 2511 2223 2101 0 1 000  

2756 2530 2288 2141 0 1 000  

2636 2525 2206 2127 0 1 000  

2634 2534 2232 2157 0 1 000  

2587 2508 2218 2134 0 1 000  

2631 2503 2233 2165 0 1 000  

2629 2503 2220 2173 0 1 000  

2641 2495 2233 2176 0 1 000  

2634 2467 2225 2167 0 1 000  

2626 2497 2147 2160 0 1 000  

2624 2491 2223 2161 0 1 000  

2621 2513 2259 2173 0 1 000  

2636 2496 2245 2206 0 1 000  

2630 2487 2177 2199 0 1 000  

2637 2503 2274 2199 0 1 000  

2624 2506 2270 2195 0 1 000  

2624 2495 2207 2208 0 1 000  

2614 2465 2256 2224 0 1 000  

2641 2559 2272 2213 0 1 000  

2598 2497 2288 2246 0 1 000  

2633 2498 2294 2225 0 1 000  

2637 2497 2300 2221 0 1 000  

2582 2507 2299 2249 0 1 000  

2625 2497 2273 2267 0 1 000  

2640 2499 2187 2251 0 1 000  

2624 2499 2305 2266 0 1 000  

2612 2484 2320 2256 0 1 000  

2643 2507 2319 2267 0 1 000  

2626 2513 2317 2259 0 1 000  

2624 2573 2298 2269 0 1 000  

2670 2500 2319 2269 0 1 000  

2634 2507 2384 2264 0 1 000  

2635 2512 2291 2256 0 1 000  

2559 2506 2329 2289 0 1 000  

2640 2512 2318 2306 0 1 000  

2636 2515 2334 2308 0 1 000  

2643 2517 2335 2302 0 1 000  

2616 2464 2320 2287 0 1 000  

2628 2519 2349 2306 0 1 000  

2635 2519 2377 2288 0 1 000  

2628 2527 2350 2288 0 1 000  

2643 2515 2363 2302 0 1 000  

2635 2524 2389 2309 0 1 000  

2625 2531 2343 2305 0 1 000  

2639 2453 2352 2301 0 1 000  

2550 2518 2355 2274 0 1 000  

2637 2521 2368 2319 0 1 000  

2629 2529 2366 2333 0 1 000  

2593 2479 2365 2349 0 1 000  

2632 2512 2358 2294 0 1 000  

2642 2525 2420 2320 0 1 000  

2626 2529 2381 2346 0 1 000  

2629 2549 2368 2352 0 1 000  

2625 2529 2362 2338 0 1 000  

2634 2530 2362 2352 0 1 000  

2635 2512 2394 2335 0 1 000  

2624 2529 2369 2305 0 1 000  

2627 2540 2337 2378 0 1 000  

2632 2543 2369 2349 0 1 000  

2640 2508 2397 2362 0 1 000  

2627 2540 2333 2350 0 1 000  

2640 2535 2473 2341 0 1 000  

2634 2545 2384 2352 0 1 000  

2635 2518 2403 2368 0 1 000  

2642 2545 2411 2323 0 1 000  

2630 2545 2369 2382 0 1 000  

2624 2545 2416 2382 0 1 000  

2633 2576 2396 2401 0 1 000  

2631 2544 2475 2367 0 1 000  

2636 2559 2425 2367 0 1 000  

2627 2585 2417 2384 0 1 000  

2633 2550 2431 2402 0 1 000  

2623 2553 2407 2346 0 1 000  

2630 2548 2448 2384 0 1 000  

2631 2554 2416 2394 0 1 000  

2624 2544 2413 2321 0 1 000  

2640 2557 2439 2405 0 1 000  

2634 2547 2426 2378 0 1 000  

2635 2559 2446 2407 0 1 000  

2635 2554 2435 2455 0 1 000  

2625 2555 2436 2403 0 1 000  

2639 2553 2435 2429 0 1 000  

2623 2558 2432 2417 0 1 000  

2631 2549 2361 2397 0 1 000  

2627 2569 2445 2416 0 1 000  

2625 2557 2448 2419 0 1 000  

2630 2559 2443 2448 0 1 000  

2634 2571 2437 2423 0 1 000  

2630 2570 2422 2442 0 1 000  

2631 2559 2469 2439 0 1 000  

2640 2575 2464 2431 0 1 000  

2636 2577 2479 2448 0 1 000  

2639 2570 2458 2451 0 1 000  

2639 2567 2442 2339 0 1 000  

2625 2569 2443 2427 0 1 000  

2631 2558 2455 2445 0 1 000  

2636 2576 2447 2446 0 1 000  

2624 2576 2447 2426 0 1 000  

2614 2575 2487 2497 0 1 000  

2624 2569 2478 2458 0 1 000  

2630 2574 2457 2448 0 1 000  

2635 2576 2479 2467 0 1 000  

2597 2576 2451 2462 0 1 000  

2626 2581 2489 2475 0 1 000  

2635 2578 2465 2397 0 1 000  

2638 2577 2464 2455 0 1 000  

2636 2578 2468 2449 0 1 000  

2625 2574 2462 2480 0 1 000  

2622 2578 2475 2480 0 1 000  

2659 2578 2569 2460 0 1 000  

2640 2581 2478 2469 0 1 000  

2631 2587 2486 2471 0 1 000  

2637 2582 2501 2480 0 1 000  

2656 2576 2480 2448 0 1 000  

2639 2583 2531 2473 0 1 000  

2625 2579 2479 2481 0 1 000  

2637 2586 2497 2517 0 1 000  

2610 2584 2480 2463 0 1 000  

2640 2581 2491 2502 0 1 000  

2631 2593 2509 2432 0 1 000  

2623 2589 2480 2480 0 1 000  

2623 2582 2508 2493 0 1 000  

2623 2594 2503 2510 0 1 000  

2626 2596 2487 2466 0 1 000  

2595 2591 2511 2485 0 1 000  

2630 2586 2499 2480 0 1 000  

2628 2588 2510 2473 0 1 000  

2654 2582 2507 2505 0 1 000  

2684 2589 2517 2463 0 1 000  

2640 2585 2514 2491 0 1 000  

2635 2597 2499 2479 0 1 000  

2577 2603 2494 2513 0 1 000  

2610 2589 2524 2494 0 1 000  

2639 2588 2511 2489 0 1 000  

2625 2599 2512 2514 0 1 000  

2641 2609 2503 2495 0 1 000  

2624 2595 2522 2505 0 1 000  

2630 2589 2526 2495 0 1 000  

2624 2594 2499 2445 0 1 000  

2599 2602 2511 2507 0 1 000  

2665 2605 2518 2509 0 1 000  

2637 2595 2517 2507 0 1 000  

2631 2659 2518 2513 0 1 000  

2663 2598 2531 2510 0 1 000  

2631 2607 2521 2539 0 1 000  

2623 2595 2512 2509 0 1 000  

2671 2577 2521 2527 0 1 000  

2631 2608 2533 2510 0 1 000  

2633 2603 2527 2511 0 1 000  

2629 2590 2527 2514 0 1 000  

2623 2579 2531 2494 0 1 000  

2625 2598 2511 2515 0 1 000  

2625 2605 2538 2519 0 1 000  

2635 2597 2533 2496 0 1 000  

2597 2608 2530 2512 0 1 000  

2627 2602 2455 2496 0 1 000  

2625 2599 2519 2512 0 1 000  

2626 2634 2542 2517 0 1 000  

2614 2606 2516 2497 0 1 000  

2639 2605 2544 2522 0 1 000  

2630 2607 2519 2506 0 1 000  

2652 2646 2549 2502 0 1 000  

2636 2608 2537 2529 0 1 000  

2637 2609 2515 2534 0 1 000  

2638 2607 2541 2524 0 1 000  

2643 2606 2532 2529 0 1 000  

2630 2601 2581 2540 0 1 000  

2639 2608 2546 2518 0 1 000  

2630 2707 2544 2530 0 0 000  

2646 2604 2523 2524 0 0 000  

2638 2604 2609 2543 0 0 000  

2624 2608 2545 2545 0 0 000  

2648 2602 2554 2543 0 0 000  

2686 2599 2544 2519 0 0 000  

2640 2608 2640 2525 0 0 000  

2639 2606 2570 2541 0 0 000  

2669 2631 2559 2515 0 0 000  

2626 2628 2559 2543 0 0 000  

2638 2606 2505 2533 0 0 000  

2635 2590 2548 2535 0 0 000  

2625 2610 2535 2544 0 0 000  

2638 2608 2461 2531 0 0 000  

2624 2606 2541 2535 0 0 000  

2635 2608 2549 2533 0 0 000  

2635 2612 2595 2530 0 0 000  

2630 2615 2543 2541 0 0 000  

2633 2614 2530 2532 0 0 000  

2678 2608 2574 2572 0 0 000  

2625 2606 2559 2501 0 0 000  

2639 2610 2510 2559 0 0 000  

2512 2610 2524 2547 0 0 000  

2397 2512 2558 2569 0 0 000  

2281 2577 2559 2571 0 0 000  

2157 2535 2555 2542 0 0 000  

2036 2451 2541 2550 0 0 000  

2013 2450 2544 2519 0 0 000  

2032 2416 2522 2573 0 0 000  

2032 2384 2545 2555 0 0 000  

2037 2416 2506 2546 0 0 000  

2031 2347 2501 2543 0 0 000  

1923 2317 2481 2605 0 0 000  

1917 2293 2507 2537 1 0 001  

1738 2272 2498 2518 1 0 001  

1778 2240 2495 2533 1 0 001  

1798 2205 2436 2524 1 0 001  

1795 2193 2480 2531 1 0 001  

1771 2193 2466 2458 1 0 001  

1827 2164 2448 2485 1 0 001  

1799 2133 2422 2490 1 0 001  

1786 2057 2415 2500 1 0 001  

1830 2115 2416 2517 1 0 001  

1808 2101 2454 2498 1 0 001  

1799 2096 2416 2499 1 0 001  

1803 2073 2400 2467 1 0 001  

1803 2089 2323 2462 1 0 001  

1912 2086 2320 2448 1 0 001  

1904 2096 2376 2461 1 0 001  

1912 2070 2368 2434 1 0 001  

2032 2096 2346 2512 1 0 001  

2032 2108 2423 2448 1 0 001  

2034 2127 2352 2447 1 0 001  

2059 2112 2330 2439 1 0 001  

2026 2128 2429 2416 1 0 001  

1916 2133 2338 2420 1 0 001  

1917 2144 2342 2414 1 0 001  

1974 2128 2346 2392 1 0 001  

1908 2124 2327 2400 1 0 001  

1920 2124 2330 2410 1 0 001  

1930 2129 2323 2374 1 0 001  

1912 2111 2330 2381 1 0 001  

1917 2102 2307 2391 1 0 001  

1919 2109 2311 2374 1 0 001  

1962 2111 2295 2393 1 0 001  

1921 2106 2309 2370 1 0 001  

1903 2096 2288 2357 1 0 001  

1915 2109 2304 2377 1 0 001  

1914 2091 2286 2374 1 0 001  

1911 2094 2287 2330 1 0 001  

1911 2079 2295 2353 1 0 001  

1926 2021 2283 2351 1 0 001  

1911 2090 2275 2253 1 0 001  

1913 2079 2249 2314 1 0 001  

1906 2085 2255 2315 1 0 001  

1920 2119 2275 2337 1 0 001  

1917 2074 2269 2256 1 0 001  

1926 2067 2160 2304 1 0 001  

1808 2061 2258 2291 1 0 001  

1503 2032 2243 2329 1 0 001  

1447 2000 2143 2301 1 0 001  

1314 1953 2239 2290 1 0 001  

1200 1852 2228 2273 1 0 001  

1195 1844 2211 2288 1 0 001  

1200 1819 2202 2290 1 0 001  

1199 1778 2183 2274 1 0 001  

1243 1767 2190 2266 1 0 001  

1200 1727 2159 2330 1 0 001  

1317 1711 2211 2258 1 0 001  

1312 1696 2145 2259 1 0 001  

1346 1690 2125 2237 1 0 001  

1301 1680 2113 2217 1 0 001  

1325 1685 2108 2225 1 0 001  

1314 1674 2099 2226 1 0 001  

1232 1669 2076 2225 1 0 001  

1307 1658 1997 2198 1 0 001  

1312 1651 2064 2177 1 0 001  

1316 1611 2078 2171 1 0 001  

1322 1643 2037 2173 1 0 001  

1312 1648 2045 2135 1 0 001  

1323 1636 2032 2128 1 0 001  

1200 1635 2026 2118 1 0 001  

1201 1612 2029 2109 1 0 001  

1200 1606 2067 2102 1 0 001  

1204 1587 2017 2113 1 0 001  

1251 1587 1985 2152 1 0 001  

1232 1578 1987 2103 1 0 001  

1198 1566 1978 2087 1 0 001  

1194 1568 1952 2096 1 0 001  

1202 1543 1956 2030 1 0 001  

1185 1527 1949 2036 1 0 001  

1205 1531 1959 2032 1 0 001  

1233 1531 1929 2047 1 0 001  

1200 1521 1931 2001 1 0 001  

1191 1517 1894 2022 1 0 001  

1205 1509 1914 2003 1 0 001  

1179 1445 1883 2000 1 0 001  

1195 1499 1959 2007 1 0 001  

1201 1495 1879 1988 1 0 001  

1191 1471 1879 1971 1 0 001  

1261 1515 1863 1903 1 0 001  

1201 1477 1845 1967 1 0 001  

1327 1491 1840 1951 1 0 001  

1520 1456 1834 1941 1 0 001  

1680 1521 1840 1983 1 0 001  

1797 1583 1773 1952 1 0 001  

1919 1621 1861 1909 1 0 001  

2031 1696 1835 1922 1 0 001  

2139 1740 1851 1999 1 0 001  

2158 1789 1919 1898 1 0 001  

2145 1835 1846 1923 1 0 001  

2288 1873 1842 1874 1 0 001  

2374 1920 1888 1886 1 0 001  

2373 1962 1873 1915 1 0 001  

2384 1983 1870 1892 1 0 001  

2307 2029 1875 1921 1 0 001  

2371 2066 1911 1907 1 0 001  

2400 2087 1917 1878 1 0 001  

2381 2142 1919 1919 1 0 001  

2385 2119 1925 1961 1 0 001  

2281 2138 2000 1903 1 0 001  

2270 2137 1936 1901 1 0 001  

2150 2160 1943 1907 1 1 000  

2154 2133 1938 1906 1 1 000  

2031 2117 1965 1904 1 1 000  

1910 2102 1954 1915 1 1 000  

1977 2075 1956 1925 1 1 000  

1798 2059 1967 1910 1 1 000  

1808 2018 1934 1936 1 1 000  

1680 2041 1954 1925 0 1 000  

1733 1947 1954 1920 0 1 000  

1670 1935 1946 1937 0 1 000  

1904 1918 1949 1938 0 1 000  

2096 1947 1926 1951 0 1 000  

2023 1950 1939 1904 0 1 000  

2160 1953 1958 1911 0 1 000  

2163 1969 1934 1936 0 1 000  

2145 2020 1949 1941 0 0 000  

2262 2010 1891 1918 0 0 000  

2273 2033 1943 1929 0 0 000  

2283 2105 1933 1941 0 0 000  

2342 2080 1936 1920 0 0 000  

2164 2089 1873 1932 0 0 000  

2151 2077 1940 1934 0 0 000  

1970 2075 1955 1938 0 1 255  

2027 2057 1974 1981 0 1 255  

1914 2055 1936 1966 0 1 255  

1921 2031 1935 1957 0 1 255  

1915 1979 1965 1930 0 1 255  

1915 2000 1968 2017 0 1 255  

1901 1990 1955 1961 0 1 255  

1914 1984 1954 1945 0 1 255  

1931 1997 1964 1875 0 1 255  

1904 1970 1936 1954 0 1 255  

1919 1968 1931 1938 0 0 255  

1914 2013 1947 1933 0 0 255  

1904 1958 1958 1936 0 0 255  

1915 1952 1918 1967 0 0 255  

1925 1955 1947 1940 0 0 255  

2029 1932 1962 1936 0 0 255  

1921 1951 1943 1887 0 0 255  

1914 1952 1971 1951 0 0 255  

1918 1950 1938 1954 0 0 255  

1907 1926 1936 1954 0 0 255  

1919 1942 1953 2001 0 0 255  

1910 1936 1895 1962 0 0 255  

2033 1989 1939 1957 0 0 255  

2185 1957 1945 1965 0 0 255  

2370 1984 1903 1943 0 0 255  

2503 2030 1943 1963 0 0 255  

2613 2078 1953 1941 0 0 255  

2807 2128 1963 1981 0 0 255  

2756 2190 1955 1925 0 0 255  

2878 2233 1979 1946 0 0 255  

2962 2299 1993 1949 0 0 255  

2998 2330 1987 1942 0 1 254  

3017 2368 2001 1954 0 1 254  

3019 2415 2023 1973 0 1 254  

3013 2474 2055 1931 0 1 254  

3005 2475 2073 1969 0 1 254  

3019 2512 2067 1969 0 1 254  

3014 2451 2080 1998 0 1 254  

2806 2537 2077 2005 0 1 254  

2755 2529 2099 2008 0 1 254  

2753 2524 2102 2010 0 1 254  

2748 2513 2128 2027 0 1 254  

2757 2529 2126 2016 0 1 254  

2636 2513 2116 2035 0 1 254  

2631 2499 2135 2043 0 1 254  

2631 2512 2145 2058 0 1 254  

2630 2486 2138 2065 0 1 254  

2741 2463 2141 2061 0 1 254  

2890 2494 2155 2080 0 1 254  

2896 2506 2159 2121 0 1 254  

3021 2539 2151 2142 0 1 254  

3021 2551 2176 2096 0 1 254  

3187 2622 2162 2113 0 1 254  

3163 2615 2183 2147 0 1 254  

3166 2649 2224 2117 0 1 254  

3184 2673 2223 2131 0 1 254  

3205 2747 2238 2128 0 1 254  

3022 2689 2224 2112 0 1 254  

2871 2683 2303 2147 0 1 254  

2753 2670 2286 2148 0 1 254  

2545 2640 2257 2195 0 1 254  

2645 2625 2281 2177 0 1 254  

2541 2608 2272 2176 0 1 254  

2513 2540 2263 2194 0 1 254  

2332 2539 2282 2181 0 1 254  

2384 2503 2229 2213 0 1 254  

2385 2478 2275 2225 0 1 254  

2448 2447 2270 2209 0 1 254  

2496 2462 2270 2230 0 1 254  

2509 2448 2271 2171 0 1 254  

2635 2442 2282 2226 0 1 254  

2625 2431 2275 2231 0 1 254  

2637 2471 2273 2244 0 1 254  

2758 2478 2214 2231 0 1 254  

2749 2494 2302 2231 0 1 254  

2755 2449 2292 2227 0 1 254  

2752 2512 2255 2250 0 1 254  

2764 2519 2303 2256 0 1 254  

2761 2592 2306 2260 0 1 254  

2752 2541 2316 2304 0 1 254  

2752 2555 2304 2238 0 1 254  

2747 2559 2309 2257 0 1 254  

2710 2519 2335 2256 0 1 254  

2759 2583 2331 2265 0 1 254  

2755 2583 2342 2276 0 1 254  

2751 2575 2352 2277 0 1 254  

2759 2580 2321 2273 0 1 254  

2763 2592 2413 2304 0 1 254  

2750 2593 2290 2318 0 1 254  

2764 2507 2363 2303 0 1 254  

2763 2597 2294 2288 0 1 254  

2765 2602 2375 2330 0 1 254  

2751 2595 2373 2318 0 1 254  

2751 2596 2358 2327 0 1 254  

2742 2597 2377 2395 0 1 254  

2755 2612 2416 2334 0 1 254  

2759 2602 2403 2317 0 1 254  

2784 2637 2393 2327 0 1 254  

2753 2607 2384 2365 0 1 254  

2762 2617 2385 2353 0 1 254  

2749 2615 2395 2338 0 1 254  

2672 2611 2391 2387 0 1 254  

2736 2613 2379 2352 0 1 254  

2761 2607 2386 2375 0 1 254  

2757 2615 2411 2365 0 1 254  

2777 2615 2416 2378 0 1 254  

2745 2610 2467 2386 0 1 254  

2753 2629 2405 2353 0 1 254  

2774 2609 2432 2381 0 1 254  

2747 2637 2413 2371 0 1 254  

2753 2626 2442 2385 0 1 254  

2750 2630 2419 2380 0 1 254  

2761 2617 2448 2388 0 1 254  

2762 2630 2413 2383 0 1 254  

2743 2637 2431 2401 0 1 254  

2752 2635 2452 2402 0 1 254  

2791 2636 2449 2439 0 1 254  

2765 2639 2479 2423 0 1 254  

2763 2636 2475 2416 0 1 254  

2756 2671 2438 2410 0 1 254  

2746 2643 2467 2411 0 1 254  

2762 2640 2496 2480 0 1 254  

2764 2643 2467 2426 0 1 254  

2734 2655 2473 2432 0 1 254  

2753 2706 2481 2387 0 1 254  

2755 2654 2473 2427 0 1 254  

2765 2649 2452 2433 0 1 254  

2709 2703 2459 2467 0 1 254  

2745 2659 2481 2423 0 1 254  

2763 2641 2503 2431 0 1 254  

2755 2718 2475 2443 0 1 254  

2821 2657 2477 2448 0 1 254  

2750 2659 2469 2454 0 1 254  

2754 2659 2512 2464 0 1 254  

2832 2661 2479 2464 0 1 254  

2749 2658 2496 2446 0 1 254  

2743 2660 2480 2474 0 1 254  

2742 2665 2511 2485 0 1 254  

2705 2672 2497 2448 0 1 254  

2738 2653 2522 2499 0 1 254  

2753 2663 2575 2496 0 1 254  

2759 2669 2520 2481 0 1 254  

2751 2672 2509 2461 0 1 254  

2753 2663 2549 2485 0 1 254  

2764 2667 2509 2477 0 1 254  

2755 2733 2530 2471 0 1 254  

2786 2666 2526 2514 0 1 254  

2760 2679 2527 2493 0 1 254  

2755 2667 2522 2496 0 1 254  

2763 2640 2528 2487 0 1 254  

2747 2672 2500 2499 0 1 254  

2742 2672 2519 2506 0 1 254  

2759 2667 2497 2526 0 1 254  

2752 2650 2559 2506 0 1 254  

2747 2685 2534 2496 0 1 254  

2759 2672 2551 2519 0 1 254  

2753 2688 2544 2517 0 1 254  

2800 2672 2558 2475 0 1 254  

2755 2672 2525 2512 0 1 254  

2765 2673 2539 2506 0 1 254  

2762 2678 2547 2522 0 1 254  

2754 2676 2544 2599 0 1 254  

2749 2688 2539 2521 0 1 254  

2761 2689 2587 2538 0 1 254  

2821 2663 2551 2551 0 1 254  

2757 2690 2574 2558 0 1 254  

2752 2687 2559 2539 0 1 254  

2750 2678 2576 2523 0 1 254  

2729 2673 2582 2544 0 1 254  

2751 2683 2523 2541 0 1 254  

2755 2688 2555 2543 0 1 254  

2758 2673 2573 2534 0 1 254  

2801 2687 2559 2573 0 1 254  

2743 2681 2544 2538 0 1 254  

2748 2693 2545 2558 0 1 254  

2797 2749 2559 2544 0 1 254  

2757 2673 2573 2527 0 1 254  

2752 2694 2634 2576 0 1 254  

2748 2690 2576 2576 0 1 254  

2765 2702 2577 2545 0 1 254  

2750 2688 2624 2570 0 1 254  

2761 2693 2583 2572 0 1 254  

2752 2704 2605 2555 0 1 254  

2768 2699 2610 2601 0 1 254  

2752 2703 2531 2571 0 1 254  

2756 2702 2595 2593 0 1 254  

2768 2761 2605 2593 0 1 254  

2799 2701 2599 2576 0 1 254  

2742 2697 2670 2586 0 1 254  

2751 2704 2603 2583 0 1 254  

2736 2719 2622 2582 0 1 254  

2755 2706 2593 2541 0 1 254  

2758 2703 2606 2571 0 1 254  

2761 2701 2598 2588 0 1 254  

2736 2663 2608 2506 0 1 254  

2751 2700 2606 2609 0 1 254  

2757 2703 2592 2592 0 1 254  

2749 2804 2625 2578 0 1 254  

2754 2710 2622 2571 0 1 254  

2760 2707 2539 2608 0 1 254  

2759 2704 2602 2608 0 1 254  

2838 2704 2618 2610 0 1 254  

2770 2714 2615 2634 0 1 254  

2755 2710 2518 2599 0 1 254  

2757 2707 2578 2608 0 1 254  

2757 2711 2627 2597 0 1 254  

2768 2706 2612 2621 0 1 254  

2758 2707 2633 2606 0 1 254  

2753 2715 2640 2620 0 1 254  

2800 2725 2615 2582 0 1 254  

2764 2710 2631 2601 0 1 254  

2752 2714 2631 2620 0 1 254  

2758 2717 2637 2613 0 1 254  

2768 2706 2642 2617 0 1 254  

2752 2717 2635 2640 0 1 254  

2751 2720 2630 2619 0 1 254  

2768 2681 2619 2627 0 1 254  

2752 2721 2641 2645 0 1 254  

2757 2717 2677 2624 0 1 254  

2752 2718 2659 2639 0 1 254  

2763 2746 2635 2662 0 1 254  

2754 2715 2659 2614 0 1 254  

2749 2727 2627 2640 0 1 254  

2750 2755 2638 2626 0 1 254  

2770 2741 2649 2617 0 1 254  

2751 2717 2661 2635 0 1 254  

2764 2721 2630 2609 0 1 254  

2765 2710 2635 2620 0 1 254  

2741 2713 2638 2611 0 1 254  

2751 2711 2718 2634 0 1 254  

2752 2719 2655 2634 0 1 254  

2745 2675 2653 2621 0 1 254  

2754 2738 2656 2607 0 1 254  

2764 2723 2531 2657 0 1 254  

2755 2722 2640 2625 0 1 254  

2721 2750 2651 2651 0 1 254  

2797 2731 2659 2639 0 1 254  

2766 2720 2674 2669 0 1 254  

2741 2657 2666 2661 0 1 254  

2800 2727 2661 2599 0 1 254  

2741 2730 2656 2642 0 1 254  

2741 2726 2665 2651 0 1 254  

2731 2741 2657 2662 0 1 254  

2753 2735 2667 2658 0 1 254  

2753 2714 2597 2672 0 1 254  

2758 2721 2679 2631 0 1 254  

2757 2725 2679 2655 0 1 254  

2754 2730 2672 2647 0 1 254  

2746 2720 2661 2665 0 1 254  

2750 2722 2677 2649 0 0 254  

2741 2688 2659 2615 0 0 254  

2756 2720 2684 2676 0 0 254  

2751 2726 2655 2639 0 0 254  

2751 2761 2658 2655 0 0 254  

2779 2736 2666 2594 0 0 254  

2758 2733 2661 2639 0 0 254  

2762 2735 2695 2673 0 0 254  

2803 2738 2650 2643 0 0 254  

2752 2727 2689 2699 0 0 254  

2754 2736 2576 2689 0 0 254  

2773 2736 2650 2669 0 0 254  

2733 2740 2657 2764 0 0 254  

2763 2729 2713 2662 0 0 254  

2752 2735 2683 2664 0 0 254  

2755 2741 2702 2672 0 0 254  

2756 2735 2694 2649 0 0 254  

2752 2733 2688 2679 0 0 254  

2756 2733 2677 2690 0 0 254  

2751 2703 2675 2669 0 0 254  

2768 2730 2673 2669 0 0 254  

2762 2733 2664 2707 0 0 254  

2753 2733 2693 2667 0 0 254  

2755 2745 2608 2683 0 0 254  

2748 2731 2672 2731 0 0 254  

2742 2737 2717 2691 0 0 254  

2747 2736 2701 2657 0 0 254  

2753 2697 2688 2753 0 0 254  

2757 2727 2751 2655 0 0 254  

2753 2736 2683 2659 0 0 254  

2759 2739 2685 2675 0 0 254  

2753 2736 2691 2669 0 0 254  

2761 2736 2640 2690 0 0 254  

2767 2736 2701 2683 0 0 254  

2758 2686 2677 2701 0 0 254  

2766 2739 2671 2765 0 0 254  

2762 2739 2739 2687 0 0 254  

2768 2737 2670 2686 0 0 254  

2737 2727 2688 2669 0 0 254  

2763 2734 2701 2665 0 0 254  

2755 2734 2690 2683 0 0 254  

2749 2773 2678 2679 0 0 254  

2746 2736 2678 2683 0 0 254  

2762 2742 2731 2695 0 0 254  

2752 2736 2689 2704 0 0 254  

2741 2743 2698 2672 0 0 254  

2755 2724 2715 2637 0 0 254  

2763 2752 2679 2676 0 0 254  

2755 2736 2704 2675 0 0 254  

2755 2733 2683 2719 0 0 254  

2768 2736 2688 2593 0 0 254  

2764 2735 2734 2678 0 0 254  

2750 2746 2693 2686 0 0 254  

2739 2741 2682 2677 0 0 254  

2749 2739 2736 2717 0 0 254  

2754 2738 2703 2702 0 0 254  

2766 2736 2696 2710 0 0 254  

2751 2739 2693 2730 0 0 254  

2742 2739 2690 2683 0 0 254  

2734 2733 2688 2695 0 0 254  

2754 2747 2693 2719 0 0 254  

2753 2741 2700 2714 0 0 254  

2765 2741 2642 2701 0 0 254  

2757 2736 2704 2703 0 0 254  

2749 2738 2695 2689 0 0 254  

2749 2747 2706 2720 0 0 254  

2704 2737 2677 2692 0 0 254  

2750 2734 2716 2702 0 0 254  

2757 2745 2688 2667 0 0 254  

2831 2749 2659 2725 0 0 254  

2751 2741 2650 2725 0 0 254  

2765 2737 2714 2711 0 0 254  

2814 2741 2717 2672 0 0 254  

