1
Pressure
175

175

176

175

175

175

175

175

175

175

175

175

175

175

175

176

176

176

175

13

13

13

10

14

13

1024

1024

14

13

10

10

10

12

14

176

175

175

176

176

176

176

175

177

176

176

175

175

175

174

175

175

174

174

174

174

176

174

174

175

175

174

174

174

174

174

175

175

174

174

175

174

174

175

175

174

175

174

175

175

174

180

175

174

177

175

174

175

175

175

175

175

176

175

175

181

176

175

177

175

175

175

175

175

175

175

175

175

175

176

175

176

175

175

175

174

175

175

176

175

175

183

176

175

178

175

183

175

175

175

180

174

176

175

175

176

175

177

178

175

14

14

14

14

21

14

14

14

29

22

16

21

104

178

13

13

13

13

13

13

13

13

13

13

13

13

13

13

29

301

14

14

13

13

13

13

13

13

13

13

13

13

13

13

13

15

14

13

14

13

14

13

13

14

13

13

14

127

13

14

13

18

12

17

10

13

15

13

13

14

13

10

10

175

175

176

175

175

174

175

175

175

175

175

175

175

175

175

175

176

174

176

175

175

175

176

175

176

176

175

176

175

176

175

175

175

175

176

175

176

174

174

192

197

199

173

174

193

173

173

173

173

173

173

174

173

173

174

173

174

173

174

174

173

175

174

174

174

174

174

173

174

174

174

173

174

174

174

174

174

174

174

174

174

174

174

174

175

175

175

175

174

174

175

175

174

174

174

175

175

176

174

174

175

174

174

175

175

175

175

175

177

175

175

176

175

175

175

175

175

175

176

175

177

176

175

175

175

175

175

175

175

176

175

174

175

175

175

175

176

176

175

175

175

176

175

175

176

175

176

175

175

176

176

176

176

176

175

176

175

175

175

175

176

174

175

175

174

175

175

175

175

175

175

175

175

175

175

174

175

175

175

175

176

175

175

174

175

175

175

176

175

175

175

175

175

174

175

174

175

175

176

175

176

175

175

174

175

175

177

175

176

175

175

176

175

175

175

175

176

176

175

175

175

175

175

174

175

174

175

176

175

175

175

175

175

174

175

175

175

176

175

176

175

175

175

175

175

176

176

176

176

175

175

175

175

172

176

175

175

176

176

175

175

176

176

175

175

175

175

175

175

175

175

176

175

175

175

174

175

176

174

175

177

175

176

174

175

175

175

170

176

175

174

176

175

175

173

175

175

175

175

175

175

175

175

175

175

175

174

175

175

175

175

176

175

175

175

175

175

175

175

175

175

176

175

175

