40
Pressure
32153210.0
3229.0
3209.0
3226.0
3216.0
3231.0
3184.0
3219.0
3214.0
3222.0
3217.0
3216.0
3169.0
3216.0
3216.0
3229.0
3230.0
3222.0
3218.0
3217.0
3105.0
3211.0
3216.0
3230.0
3218.0
3235.0
3213.0
3156.0
3217.0
3282.0
3216.0
3217.0
3213.0
3221.0
3207.0
3216.0
3219.0
3216.0
3216.0
3211.0
3216.0
3216.0
3216.0
3219.0
3249.0
3214.0
3217.0
3216.0
3221.0
3214.0
3221.0
3219.0
3214.0
3152.0
3255.0
3216.0
3222.0
3212.0
3211.0
3232.0
3312.0
3217.0
3206.0
3225.0
3216.0
3221.0
3222.0
3152.0
3207.0
3229.0
3281.0
3216.0
3226.0
3211.0
3217.0
3210.0
3216.0
3217.0
3222.0
3237.0
3220.0
3214.0
3213.0
3219.0
3222.0
3216.0
3216.0
3237.0
3216.0
3229.0
3186.0
3221.0
3220.0
3213.0
3152.0
3217.0
3229.0
3211.0
3221.0
3207.0
3216.0
3203.0
3219.0
3229.0
3224.0
3207.0
3218.0
3216.0
3226.0
3245.0
3215.0
3218.0
3211.0
3216.0
3216.0
3215.0
3215.0
3213.0
3211.0
3219.0
3221.0
3221.0
3212.0
3216.0
3215.0
3220.0
3216.0
3219.0
3215.0
3218.0
3214.0
3223.0
3254.0
3222.0
3244.0
3201.0
3216.0
3211.0
3217.0
3216.0
3238.0
3201.0
3151.0
3207.0
3214.0
3226.0
3216.0
3218.0
3220.0
3229.0
3150.0
3230.0
3231.0
3209.0
3203.0
3210.0
3214.0
3205.0
3225.0
3217.0
3229.0
3212.0
3226.0
3207.0
3216.0
3292.0
3216.0
3216.0
3210.0
3222.0
3218.0
3222.0
3219.0
3222.0
3225.0
3213.0
3214.0
3215.0
3218.0
3223.0
3221.0
3167.0
3216.0
3216.0
3225.0
3229.0
3216.0
3209.0
3217.0
3145.0
3226.0
3215.0
3216.0
3219.0
3219.0
3216.0
3218.0
3217.0
3210.0
3216.0
3216.0
3218.0
3217.0
3223.0
3218.0
3282.0
3277.0
3223.0
3204.0
3216.0
3226.0
3219.0
3219.0
3218.0
3216.0
3155.0
3216.0
3226.0
3216.0
3216.0
3264.0
3217.0
3145.0
3212.0
3218.0
3235.0
3219.0
3216.0
3213.0
3199.0
3213.0
3217.0
3267.0
3227.0
3213.0
3227.0
3222.0
3217.0
3220.0
3223.0
3222.0
3216.0
3223.0
3211.0
3218.0
3178.0
3218.0
3227.0
3215.0
3211.0
3214.0
3221.0
3221.0
3254.0
3218.0
3216.0
3213.0
3217.0
3216.0
3217.0
3311.0
3228.0
3222.0
3209.0
3248.0
3219.0
3219.0
3216.0
3217.0
3201.0
3217.0
3216.0
3216.0
3211.0
3219.0
3219.0
3216.0
3225.0
3226.0
3214.0
3219.0
3206.0
3216.0
3207.0
3214.0
3226.0
3346.0
3225.0
3223.0
3214.0
3216.0
3216.0
3216.0
3184.0
3229.0
3216.0
3226.0
3228.0
3228.0
3223.0
3211.0
3214.0
3215.0
3199.0
3216.0
3216.0
3235.0
3213.0
3261.0
3217.0
3312.0
3219.0
3197.0
3221.0
3216.0
3223.0
3216.0
3222.0
3209.0
3295.0
3224.0
3215.0
3215.0
3121.0
3230.0
3269.0
3216.0
3216.0
3217.0
3217.0
3217.0
3219.0
3205.0
3217.0
3216.0
3218.0
3206.0
3209.0
3239.0
3216.0
3175.0
3200.0
3158.0
3216.0
3216.0
3218.0
3216.0
3233.0
3217.0
3346.0
3216.0
3224.0
3219.0
3222.0
3211.0
3216.0
3180.0
3230.0
3218.0
3230.0
3222.0
3223.0
3216.0
3216.0
3216.0
3216.0
3258.0
3209.0
3231.0
3218.0
3217.0
3223.0
3261.0
3215.0
3220.0
3216.0
3215.0
3227.0
3219.0
3221.0
3279.0
3227.0
3227.0
3216.0
3220.0
3216.0
3216.0
3219.0
3356.0
3125.0
3217.0
3215.0
3211.0
3218.0
3217.0
3218.0
3211.0
3223.0
3222.0
3216.0
3210.0
3216.0
3218.0
3186.0
3216.0
3206.0
3248.0
3222.0
3216.0
3216.0
3215.0
3214.0
3200.0
3163.0
3219.0
3218.0
3221.0
3216.0
3227.0
3215.0
3162.0
3234.0
3215.0
3210.0
3217.0
3216.0
3227.0
3217.0
3205.0
3216.0
3233.0
3218.0
3211.0
3221.0
3223.0
3217.0
3219.0
3175.0
3250.0
3217.0
3225.0
3214.0
3216.0
3228.0
3230.0
3318.0
3207.0
3216.0
3216.0
3215.0
3215.0
3230.0
3227.0
3220.0
3267.0
3219.0
3216.0
3220.0
3220.0
3227.0
3131.0
3259.0
3206.0
3224.0
3206.0
3215.0
3216.0
3219.0
3216.0
3222.0
3219.0
3147.0
3216.0
3215.0
3203.0
3221.0
3305.0
3217.0
3219.0
3217.0
3273.0
3217.0
3216.0
3216.0
3213.0
3217.0
3222.0
3218.0
3215.0
3216.0
3205.0
3218.0
3219.0
3293.0
3312.0
3217.0
3210.0
3221.0
3229.0
3217.0
3206.0
3195.0
3219.0
3217.0
3229.0
3218.0
3216.0
3210.0
3290.0
3216.0
3167.0
3213.0
3184.0
3221.0
3216.0
3233.0
3216.0
3119.0
3220.0
3215.0
3216.0
3182.0
3219.0
3217.0
3217.0
3231.0
3217.0
3216.0
3230.0
3227.0
3218.0
3215.0
3218.0
3209.0
3154.0
3227.0
3222.0
3211.0
3221.0
3225.0
3216.0
3173.0
3216.0
3216.0
3203.0
3199.0
3216.0
3224.0
3216.0
3231.0
3216.0
3226.0
3216.0
3229.0
3200.0
3214.0
3207.0
3213.0
3310.0
3210.0
3277.0
3216.0
3219.0
3217.0
3221.0
3216.0
3223.0
3215.0
3264.0
3216.0
3203.0
3220.0
3218.0
3204.0
3217.0
3212.0
3202.0
3216.0
3243.0
3216.0
3180.0
3229.0
3265.0
3218.0
3217.0
3213.0
3213.0
3158.0
3229.0
3212.0
3228.0
3226.0
3199.0
3218.0
3221.0
3216.0
3216.0
3222.0
3229.0
3216.0
3217.0
3221.0
3233.0
3227.0
3209.0
3245.0
3271.0
3222.0
3228.0
3215.0
3216.0
3189.0
3217.0
3185.0
3165.0
3216.0
3215.0
3215.0
3222.0
3230.0
3218.0
3251.0
3215.0
3216.0
3230.0
3216.0
3216.0
3200.0
3265.0
3229.0
3219.0
3227.0
3221.0
3216.0
3223.0
3219.0
3229.0
3219.0
3248.0
3214.0
3219.0
3229.0
3216.0
3214.0
3227.0
3205.0
3216.0
3233.0
3281.0
3216.0
3216.0
3222.0
3228.0
3216.0
3126.0
3216.0
3218.0
3207.0
3219.0
3219.0
3221.0
3327.0
3223.0
3222.0
3215.0
3223.0
3220.0
3216.0
3248.0
3217.0
3218.0
3218.0
3221.0
3205.0
3215.0
3227.0
3219.0
3148.0
3120.0
3217.0
3216.0
3200.0
3205.0
3214.0
3216.0
3162.0
3218.0
3226.0
3222.0
3215.0
3150.0
3218.0
3216.0
3257.0
3216.0
3218.0
3194.0
3211.0
3220.0
3203.0
3184.0
3161.0
3276.0
3232.0
3216.0
3255.0
3231.0
3211.0
3231.0
3218.0
3219.0
3222.0
3217.0
3216.0
3226.0
3222.0
3216.0
3223.0
3216.0
3216.0
3221.0
3216.0
3219.0
3217.0
3229.0
3216.0
3215.0
3216.0
3213.0
3219.0
3215.0
3211.0
3216.0
3218.0
3216.0
3217.0
3211.0
3216.0
3213.0
3215.0
3213.0
3216.0
3216.0
3215.0
3211.0
3219.0
3223.0
3222.0
3225.0
3213.0
3216.0
3230.0
3217.0
3222.0
3209.0
3213.0
3219.0
3216.0
3214.0
3219.0
3214.0
3231.0
3223.0
3219.0
3214.0
3215.0
3216.0
3212.0
3218.0
3229.0
3216.0
3220.0
3217.0
3215.0
3217.0
3216.0
3219.0
3216.0
3218.0
3219.0
3209.0
3215.0
3207.0
3216.0
3221.0
3217.0
3216.0
3214.0
3221.0
3218.0
3216.0
3209.0
3215.0
3218.0
3219.0
3218.0
3215.0
3226.0
3221.0
3216.0
3216.0
3213.0
3217.0
3221.0
3215.0
3220.0
3194.0
3222.0
3247.0
3203.0
3222.0
3216.0
3217.0
3219.0
3227.0
3211.0
3229.0
3218.0
3215.0
3222.0
3218.0
3215.0
3223.0
3279.0
3219.0
3221.0
3213.0
3290.0
3214.0
3221.0
3214.0
3157.0
3226.0
3232.0
3225.0
3211.0
3216.0
3214.0
3215.0
3215.0
3253.0
3217.0
3121.0
3213.0
3217.0
3214.0
3213.0
3216.0
3224.0
3223.0
3222.0
3216.0
3219.0
3217.0
3216.0
3223.0
3217.0
3215.0
3216.0
3267.0
3232.0
3218.0
3216.0
3275.0
3120.0
3218.0
3251.0
3213.0
3227.0
3211.0
3229.0
3226.0
3221.0
3216.0
3216.0
3165.0
3215.0
3230.0
3218.0
3172.0
3216.0
3216.0
3216.0
3201.0
3219.0
3218.0
3205.0
3215.0
3215.0
3211.0
3223.0
3221.0
3180.0
3200.0
3219.0
3223.0
3223.0
3216.0
3214.0
3215.0
3217.0
3215.0
3249.0
3213.0
3230.0
3216.0
3215.0
3207.0
3216.0
3216.0
3220.0
3219.0
3327.0
3218.0
3241.0
3221.0
3216.0
3222.0
3318.0
3226.0
3187.0
3223.0
3226.0
3217.0
3219.0
3248.0
3219.0
3221.0
3216.0
3215.0
3207.0
3216.0
3219.0
3211.0
3213.0
3161.0
3202.0
3231.0
3190.0
3216.0
3216.0
3205.0
3214.0
3218.0
3200.0
3215.0
3219.0
3219.0
3216.0
3184.0
3217.0
3269.0
3202.0
3217.0
3214.0
3214.0
3219.0
3222.0
3280.0
3209.0
3196.0
3223.0
3231.0
3217.0
3253.0
3226.0
3229.0
3219.0
3216.0
3227.0
3216.0
3231.0
3227.0
3217.0
3226.0
3229.0
3219.0
3231.0
3190.0
3217.0
3187.0
3191.0
3216.0
3206.0
3215.0
3216.0
3221.0
3213.0
3211.0
3214.0
3330.0
3212.0
3226.0
3216.0
3221.0
3215.0
3219.0
3213.0
3280.0
3210.0
3297.0
3216.0
3228.0
3219.0
3223.0
3211.0
3216.0
3289.0
3217.0
3221.0
3222.0
3218.0
3222.0
3216.0
3392.0
3230.0
3152.0
3248.0
3229.0
3216.0
3216.0
3219.0
3273.0
3141.0
3226.0
3216.0
3214.0
3218.0
3221.0
3218.0
3222.0
3215.0
3218.0
3223.0
3221.0
3222.0
3217.0
3221.0
3213.0
3298.0
3165.0
3215.0
3213.0
3209.0
3212.0
3223.0
3211.0
3175.0
3235.0
3216.0
3235.0
3216.0
3221.0
3218.0
3213.0
3250.0
3220.0
3241.0
3287.0
3213.0
3218.0
3229.0
3223.0
3216.0
3147.0
2989.0
2838.0
2671.0
2482.0
2339.0
2159.0
2125.0
2148.0
1989.0
1943.0
1919.0
1900.0
1883.0
1878.0
1863.0
1986.0
1922.0
1941.0
1970.0
2021.0
2074.0
2128.0
2183.0
2199.0
2315.0
2370.0
2427.0
2473.0
2524.0
2581.0
2617.0
2672.0
2703.0
2745.0
2786.0
2811.0
2855.0
2886.0
2891.0
2929.0
2928.0
2957.0
2951.0
2959.0
2949.0
2935.0
2960.0
2845.0
2886.0
2891.0
2870.0
2859.0
2862.0
2877.0
2833.0
2769.0
2812.0
2799.0
2785.0
2781.0
2761.0
2751.0
2745.0
2734.0
2717.0
2731.0
2666.0
2715.0
2723.0
2731.0
2736.0
2730.0
2732.0
2757.0
2714.0
2719.0
2718.0
2717.0
2714.0
2721.0
2761.0
2727.0
2726.0
2726.0
2730.0
2727.0
2731.0
2738.0
2736.0
2725.0
2730.0
2729.0
2723.0
2721.0
2721.0
2729.0
2727.0
2721.0
2719.0
2729.0
2736.0
2731.0
2691.0
2719.0
2714.0
2715.0
2711.0
2716.0
2714.0
2720.0
2719.0
2715.0
2715.0
2712.0
2715.0
2816.0
2713.0
2723.0
2717.0
2722.0
2725.0
2719.0
2731.0
2719.0
2725.0
2723.0
2733.0
2736.0
2735.0
2732.0
2689.0
2731.0
2730.0
2731.0
2683.0
2733.0
2741.0
2727.0
2727.0
2718.0
2731.0
2752.0
2736.0
2737.0
2736.0
2736.0
2729.0
2731.0
2785.0
2733.0
2766.0
2733.0
2775.0
2736.0
2729.0
2729.0
2734.0
2731.0
2723.0
2678.0
2731.0
2769.0
2711.0
2724.0
2721.0
2720.0
2727.0
2729.0
2731.0
2722.0
2735.0
2724.0
2734.0
2722.0
2730.0
2715.0
2725.0
2721.0
2721.0
2719.0
2807.0
2714.0
2704.0
2718.0
2743.0
2725.0
2729.0
2729.0
2726.0
2739.0
2753.0
2752.0
2738.0
2725.0
2723.0
2726.0
2733.0
2726.0
2736.0
2718.0
2740.0
2733.0
2733.0
2733.0
2736.0
2734.0
2736.0
2731.0
2726.0
2731.0
2723.0
2721.0
2731.0
2722.0
2761.0
2733.0
2733.0
2735.0
2729.0
2720.0
2723.0
2722.0
2642.0
2730.0
2736.0
2714.0
2729.0
2717.0
2715.0
2717.0
2709.0
2715.0
2730.0
2716.0
2718.0
2717.0
2719.0
2661.0
2715.0
2779.0
2725.0
2721.0
2725.0
2733.0
2725.0
2738.0
2723.0
2734.0
2783.0
2685.0
2717.0
2737.0
2730.0
2736.0
2737.0
2774.0
2736.0
2737.0
2734.0
2739.0
2737.0
2735.0
2730.0
2740.0
2737.0
2737.0
2733.0
2734.0
2731.0
2742.0
2794.0
3057.0
3363.0
3774.0
4095.0
4095.0
4095.0
4095.0
4095.0
4095.0
4095.0
4095.0
4095.0
4095.0
4095.0
4095.0
4095.0
4095.0
4095.0
4095.0
4095.0
4095.0
4070.0
3683.0
3390.0
3152.0
2975.0
2833.0
2719.0
2615.0
2534.0
2477.0
2409.0
2391.0
2301.0
2321.0
2306.0
2304.0
2201.0
2295.0
2315.0
2304.0
2370.0
2386.0
2473.0
2529.0
2611.0
2698.0
2815.0
2877.0
2991.0
3105.0
3207.0
3333.0
3462.0
3605.0
3734.0
3770.0
4095.0
4095.0
4095.0
4095.0
4095.0
4095.0
4095.0
4095.0
4095.0
4095.0
4095.0
4095.0
4031.0
3886.0
3751.0
3634.0
3491.0
3390.0
3280.0
3209.0
3131.0
3048.0
2983.0
2925.0
2872.0
2832.0
2837.0
2763.0
2737.0
2720.0
2717.0
2736.0
2719.0
2735.0
2751.0
2768.0
2804.0
2841.0
2882.0
2891.0
2955.0
3005.0
3055.0
3115.0
3167.0
3226.0
3255.0
3367.0
3540.0
3513.0
3566.0
3643.0
3711.0
3749.0
3795.0
3773.0
3801.0
3787.0
3776.0
3893.0
3709.0
3683.0
3634.0
3563.0
3524.0
3478.0
3410.0
3358.0
3221.0
3248.0
3210.0
3136.0
3023.0
3030.0
3020.0
2970.0
2960.0
2896.0
2960.0
2919.0
2898.0
2896.0
2901.0
2922.0
2923.0
2929.0
2938.0
2945.0
2959.0
3047.0
3045.0
3056.0
3103.0
3135.0
3173.0
3212.0
3239.0
3303.0
3353.0
3383.0
3406.0
3443.0
3491.0
3502.0
3511.0
3543.0
3539.0
3555.0
3551.0
3435.0
3617.0
3467.0
3505.0
3472.0
3450.0
3415.0
3382.0
3344.0
3302.0
3303.0
3198.0
3200.0
3163.0
3137.0
3130.0
3093.0
3087.0
3047.0
2987.0
3024.0
3024.0
3005.0
3010.0
3042.0
3011.0
3047.0
3021.0
3027.0
3042.0
3056.0
3071.0
3103.0
3030.0
3155.0
3179.0
3174.0
3206.0
3227.0
3252.0
3279.0
3291.0
3306.0
3337.0
3357.0
3376.0
3396.0
3407.0
3389.0
3326.0
3420.0
3406.0
3407.0
3387.0
3376.0
3361.0
3349.0
3273.0
3254.0
3292.0
3265.0
3239.0
3211.0
3199.0
3187.0
3166.0
3150.0
3055.0
3057.0
3093.0
3071.0
3063.0
3060.0
3079.0
3024.0
3050.0
3056.0
3056.0
3055.0
3071.0
3079.0
3091.0
3136.0
3044.0
3120.0
3133.0
3140.0
3152.0
3171.0
3184.0
3212.0
3215.0
3233.0
3233.0
3258.0
3277.0
3280.0
3291.0
3314.0
3308.0
3300.0
3301.0
3319.0
3312.0
3295.0
3269.0
3278.0
3297.0
3273.0
3266.0
3270.0
3248.0
3222.0
3239.0
3202.0
3126.0
3216.0
3171.0
3160.0
3166.0
3143.0
3136.0
3162.0
3121.0
3126.0
3120.0
3120.0
3118.0
3125.0
3141.0
3154.0
3175.0
3119.0
3136.0
3136.0
3135.0
3143.0
3156.0
3102.0
3165.0
3169.0
3190.0
3199.0
3200.0
3207.0
3201.0
3218.0
3203.0
3242.0
3234.0
3247.0
3241.0
3249.0
3248.0
3226.0
3248.0
3223.0
3243.0
3223.0
3233.0
3230.0
3217.0
3218.0
3211.0
3211.0
3217.0
3189.0
3193.0
3184.0
3165.0
3182.0
3171.0
3155.0
3154.0
3158.0
3152.0
3135.0
3139.0
3033.0
3154.0
3151.0
3141.0
3152.0
3149.0
3168.0
3165.0
3167.0
3183.0
3174.0
3173.0
3183.0
3195.0
3200.0
3085.0
3337.0
3210.0
3221.0
3230.0
3217.0
3226.0
3225.0
3241.0
3233.0
3229.0
3226.0
3224.0
3226.0
3222.0
3223.0
3210.0
3229.0
3209.0
3203.0
3210.0
3202.0
3206.0
3200.0
3200.0
3235.0
3185.0
3181.0
3171.0
3184.0
3182.0
3185.0
3159.0
3163.0
3089.0
3197.0
3165.0
3136.0
3153.0
3156.0
3174.0
3184.0
3169.0
3166.0
3173.0
3183.0
3270.0
3184.0
3184.0
3183.0
3197.0
3197.0
3206.0
3206.0
3214.0
3206.0
3211.0
3221.0
3207.0
3221.0
3216.0
3229.0
3234.0
3234.0
3225.0
3225.0
3216.0
3237.0
3222.0
3215.0
3197.0
3221.0
3218.0
3214.0
3209.0
3211.0
3213.0
3205.0
3204.0
3175.0
3203.0
3183.0
3187.0
3158.0
3182.0
3183.0
3191.0
3181.0
3179.0
3150.0
3188.0
3159.0
3175.0
3175.0
3093.0
3179.0
3136.0
3184.0
3191.0
3184.0
3178.0
3184.0
3187.0
3200.0
3190.0
3194.0
3184.0
3194.0
3213.0
3197.0
3200.0
3187.0
3206.0
3248.0
3211.0
3182.0
3211.0
3183.0
3209.0
3214.0
3199.0
3210.0
3151.0
3200.0
3213.0
3216.0
3205.0
3199.0
3206.0
3303.0
3199.0
3206.0
3199.0
3205.0
3200.0
3104.0
3287.0
3218.0
3184.0
3200.0
3200.0
3198.0
3201.0
3200.0
3202.0
3199.0
3191.0
3200.0
3197.0
3200.0
3199.0
3200.0
3199.0
3185.0
3193.0
3195.0
3205.0
3200.0
3199.0
3199.0
3207.0
3197.0
3209.0
3206.0
3190.0
3184.0
3199.0
3264.0
3238.0
3250.0
3181.0
3203.0
3193.0
3152.0
3199.0
3189.0
3182.0
3207.0
3190.0
3229.0
3197.0
3185.0
3187.0
3238.0
3195.0
3198.0
3187.0
3197.0
3198.0
3201.0
3202.0
3202.0
3205.0
3214.0
3209.0
3216.0
3217.0
3213.0
3213.0
3216.0
3212.0
3224.0
3223.0
3219.0
3222.0
3225.0
3224.0
3237.0
3213.0
3217.0
3217.0
3216.0
3217.0
3219.0
3227.0
3215.0
3222.0
3211.0
3205.0
3203.0
3206.0
3201.0
3204.0
3198.0
3205.0
3194.0
3187.0
3194.0
3188.0
3184.0
3184.0
3187.0
3186.0
3186.0
3184.0
3181.0
3183.0
3186.0
3190.0
3187.0
3185.0
3195.0
3190.0
3187.0
3198.0
3201.0
3200.0
3200.0
3207.0
3200.0
3219.0
3214.0
3216.0
3201.0
3214.0
3213.0
3218.0
3221.0
3230.0
3231.0
3222.0
3237.0
3230.0
3235.0
3236.0
3233.0
3236.0
3239.0
3243.0
3230.0
3233.0
3243.0
3227.0
3230.0
3232.0
3221.0
3221.0
3216.0
3214.0
3216.0
3215.0
3205.0
3206.0
3207.0
3205.0
3197.0
3115.0
3202.0
3198.0
3187.0
3188.0
3182.0
3184.0
3147.0
3186.0
3193.0
3195.0
3181.0
3279.0
3190.0
3103.0
3197.0
3191.0
3189.0
3184.0
3213.0
3211.0
3138.0
3202.0
3207.0
3222.0
3248.0
3217.0
3233.0
3217.0
3232.0
3226.0
3217.0
3263.0
3233.0
3234.0
3241.0
3258.0
3248.0
3280.0
3237.0
3169.0
3246.0
3237.0
3232.0
3241.0
3235.0
3231.0
3237.0
3237.0
3223.0
3230.0
3231.0
3227.0
3230.0
3229.0
3221.0
3209.0
3209.0
3217.0
3216.0
3184.0
3212.0
3185.0
3205.0
3187.0
3205.0
3198.0
3203.0
3195.0
3307.0
3199.0
3197.0
3189.0
3141.0
3199.0
3187.0
3201.0
3198.0
3203.0
3295.0
3251.0
3213.0
3202.0
3213.0
3211.0
3212.0
3123.0
3228.0
3265.0
3221.0
3239.0
3227.0
3223.0
3143.0
3227.0
3235.0
3248.0
3191.0
3245.0
3226.0
3107.0
2946.0
2903.0
2848.0
2814.0
2766.0
2694.0
2688.0
2578.0
2624.0
2672.0
2630.0
2618.0
2629.0
2657.0
2677.0
2718.0
2768.0
2774.0
2802.0
2842.0
2881.0
2915.0
2953.0
2971.0
3046.0
3107.0
3162.0
3213.0
3256.0
3295.0
3357.0
3433.0
3428.0
3386.0
3469.0
3472.0
3467.0
3471.0
3456.0
3351.0
3431.0
3414.0
3391.0
3373.0
3331.0
3309.0
3287.0
3253.0
3300.0
3185.0
3153.0
3120.0
3101.0
3152.0
3056.0
3041.0
3025.0
2935.0
3011.0
2997.0
3011.0
2994.0
3003.0
2997.0
2993.0
3003.0
2999.0
3023.0
3024.0
3023.0
3046.0
2953.0
3071.0
3088.0
3115.0
3116.0
3133.0
3150.0
3181.0
3174.0
3129.0
3191.0
3187.0
3185.0
3198.0
3205.0
3205.0
3191.0
3153.0
3205.0
3199.0
3211.0
3201.0
3197.0
3187.0
3133.0
3234.0
3071.0
3143.0
3130.0
3131.0
3127.0
3120.0
3117.0
3071.0
3107.0
3104.0
3097.0
3101.0
3098.0
3098.0
3115.0
3106.0
3084.0
3093.0
3090.0
3095.0
3088.0
3103.0
3169.0
3199.0
3209.0
3131.0
3135.0
3131.0
3139.0
3137.0
3135.0
3194.0
3143.0
3161.0
3152.0
3158.0
3164.0
3179.0
3160.0
3206.0
3180.0
3182.0
3166.0
3173.0
3153.0
3170.0
3158.0
3152.0
3152.0
3114.0
3133.0
3139.0
3141.0
3134.0
3133.0
3043.0
3122.0
3133.0
3120.0
3119.0
3111.0
3117.0
3037.0
3056.0
3133.0
3111.0
3159.0
3115.0
3115.0
3104.0
3118.0
3210.0
3124.0
3122.0
3120.0
3120.0
3131.0
3126.0
3121.0
3138.0
3147.0
3231.0
3152.0
3139.0
3135.0
3152.0
3136.0
3145.0
3197.0
3153.0
3150.0
3149.0
3141.0
3147.0
3146.0
3107.0
3149.0
3137.0
3147.0
3118.0
3137.0
3142.0
3139.0
3125.0
3135.0
3102.0
3141.0
3129.0
3127.0
3121.0
3174.0
3131.0
3211.0
3151.0
3161.0
3128.0
3123.0
3120.0
3122.0
3124.0
3121.0
3123.0
3124.0
3127.0
3126.0
3122.0
3128.0
3136.0
3126.0
3111.0
3094.0
3130.0
3123.0
3130.0
3131.0
3130.0
3123.0
3133.0
3131.0
3134.0
3135.0
3139.0
3058.0
3131.0
3190.0
3136.0
3082.0
3138.0
3140.0
3140.0
3141.0
3121.0
3133.0
3131.0
3136.0
3177.0
3127.0
3136.0
3143.0
3148.0
3139.0
3137.0
3136.0
3133.0
3141.0
3133.0
3114.0
3135.0
3038.0
3136.0
3125.0
3137.0
3120.0
3127.0
3126.0
3065.0
3131.0
3131.0
3138.0
3154.0
3131.0
3124.0
3130.0
3177.0
3135.0
3121.0
3124.0
3136.0
3101.0
3134.0
3265.0
3125.0
3187.0
3120.0
3121.0
3148.0
3125.0
3120.0
3123.0
3139.0
3125.0
3136.0
3127.0
3183.0
3131.0
3136.0
3136.0
3053.0
3134.0
3132.0
3127.0
3134.0
3136.0
3134.0
3134.0
3132.0
3126.0
3129.0
3138.0
3140.0
3229.0
3120.0
3024.0
3121.0
3038.0
3129.0
3126.0
3132.0
3119.0
3138.0
3123.0
3119.0
3139.0
3134.0
3131.0
3124.0
3120.0
3133.0
3115.0
3233.0
3130.0
3136.0
3124.0
3120.0
3270.0
3130.0
3161.0
3137.0
3111.0
3123.0
3138.0
3123.0
3120.0
3152.0
3133.0
3095.0
3125.0
3122.0
3134.0
3123.0
3131.0
3120.0
3152.0
3131.0
3127.0
3134.0
3123.0
3136.0
3122.0
3129.0
3021.0
3101.0
3343.0
3466.0
3572.0
3683.0
3765.0
3898.0
4016.0
4082.0
4095.0
4095.0
4095.0
4095.0
4095.0
4095.0
4095.0
4039.0
3919.0
3825.0
3740.0
3643.0
3543.0
3430.0
3362.0
3285.0
3193.0
3044.0
3056.0
3004.0
2939.0
2895.0
2859.0
2869.0
2791.0
2783.0
2783.0
2775.0
2773.0
2789.0
2798.0
2838.0
2821.0
2852.0
2875.0
2899.0
2940.0
2974.0
3013.0
3035.0
3120.0
3172.0
3237.0
3294.0
3341.0
3395.0
3462.0
3523.0
3472.0
3674.0
3607.0
3636.0
3671.0
3667.0
3664.0
3643.0
3525.0
3629.0
3630.0
3570.0
3527.0
3473.0
3446.0
3399.0
3348.0
3411.0
3251.0
3201.0
3181.0
3135.0
3098.0
3055.0
3014.0
3024.0
3008.0
2997.0
2982.0
2986.0
2991.0
3045.0
2915.0
2969.0
2978.0
2987.0
3009.0
3036.0
3053.0
3066.0
3108.0
3120.0
3173.0
3200.0
3217.0
3333.0
3280.0
3306.0
3341.0
3344.0
3312.0
3405.0
3418.0
3431.0
3444.0
3519.0
3451.0
3449.0
3453.0
3441.0
3415.0
3391.0
3376.0
3424.0
3332.0
3235.0
3284.0
3249.0
3230.0
3207.0
3183.0
3174.0
3087.0
3146.0
3071.0
3114.0
3090.0
3088.0
3069.0
2967.0
3056.0
3056.0
3061.0
3050.0
3079.0
3084.0
3089.0
3133.0
3125.0
3139.0
3168.0
3163.0
3185.0
3209.0
3219.0
3233.0
3270.0
3286.0
3283.0
3314.0
3330.0
3338.0
3345.0
3346.0
3367.0
3379.0
3360.0
3387.0
3376.0
3355.0
3354.0
3344.0
3313.0
3311.0
3290.0
3275.0
3205.0
3261.0
3135.0
3219.0
3329.0
3185.0
3168.0
3155.0
3142.0
3153.0
3124.0
3120.0
3117.0
3114.0
3058.0
3108.0
3118.0
3114.0
3117.0
3082.0
3130.0
3145.0
3127.0
3154.0
3165.0
3169.0
3186.0
3201.0
3259.0
3235.0
3238.0
3255.0
3263.0
3358.0
3287.0
3306.0
3312.0
3322.0
3322.0
3321.0
3312.0
3319.0
3319.0
3524.0
3322.0
3301.0
3310.0
3302.0
3258.0
3282.0
3270.0
3261.0
3154.0
3223.0
3216.0
3218.0
3211.0
3124.0
3182.0
3067.0
3169.0
3165.0
3162.0
3155.0
3148.0
3149.0
3200.0
3141.0
3184.0
3151.0
3172.0
3146.0
3165.0
3189.0
3182.0
3145.0
3186.0
3199.0
3207.0
3206.0
3216.0
3216.0
3266.0
3248.0
3241.0
3248.0
3259.0
3263.0
3269.0
3271.0
3264.0
3285.0
3248.0
3286.0
3163.0
3280.0
3279.0
3269.0
3266.0
3258.0
3261.0
3278.0
3238.0
3233.0
3238.0
3227.0
3210.0
3199.0
3210.0
3203.0
3187.0
3199.0
3189.0
3186.0
3164.0
3169.0
3216.0
3173.0
3176.0
3183.0
3190.0
3181.0
3184.0
3174.0
3184.0
3195.0
3204.0
3215.0
3195.0
3206.0
3194.0
3200.0
3216.0
3233.0
3235.0
3239.0
3231.0
3246.0
3281.0
3235.0
3271.0
3245.0
3248.0
3248.0
3253.0
3248.0
3245.0
3216.0
3219.0
3239.0
3237.0
3227.0
3230.0
3220.0
3221.0
3191.0
3216.0
3214.0
3216.0
3211.0
3215.0
3210.0
3247.0
3231.0
3093.0
3193.0
3194.0
3190.0
3201.0
3189.0
3197.0
3107.0
3209.0
3202.0
3200.0
3210.0
3204.0
3211.0
3225.0
3217.0
3223.0
3223.0
3234.0
3219.0
3227.0
3230.0
3227.0
3155.0
3261.0
3237.0
3239.0
3249.0
3231.0
3231.0
3237.0
3171.0
3233.0
3218.0
3244.0
3237.0
3216.0
3218.0
3101.0
3223.0
3179.0
3210.0
3143.0
3215.0
3214.0
3203.0
3207.0
3280.0
3213.0
3201.0
3189.0
3216.0
3206.0
3201.0
3190.0
3216.0
3205.0
3210.0
3202.0
3213.0
3207.0
3206.0
3253.0
3210.0
3199.0
3219.0
3215.0
3225.0
3216.0
3230.0
3219.0
3227.0
3233.0
3222.0
3214.0
3233.0
3232.0
3230.0
3245.0
3231.0
3231.0
3225.0
3239.0
3239.0
3226.0
3223.0
3250.0
3221.0
3232.0
3223.0
3138.0
3216.0
3227.0
3219.0
3216.0
3213.0
3216.0
3247.0
3277.0
3213.0
3197.0
3215.0
3206.0
3131.0
3216.0
3216.0
3245.0
3216.0
3193.0
3215.0
3215.0
3159.0
3223.0
3216.0
3216.0
3295.0
3225.0
3219.0
3216.0
3227.0
3221.0
3219.0
3227.0
3232.0
3223.0
3227.0
3306.0
3229.0
3205.0
3210.0
3229.0
3216.0
3232.0
3232.0
3258.0
3265.0
3225.0
3221.0
3229.0
3216.0
3216.0
3218.0
3216.0
3251.0
3211.0
3218.0
3216.0
3219.0
3213.0
3210.0
3231.0
3222.0
3181.0
3216.0
3220.0
3213.0
3217.0
3264.0
3207.0
3228.0
3218.0
3216.0
3200.0
3216.0
3204.0
3216.0
3235.0
3297.0
3220.0
3216.0
3231.0
3221.0
3222.0
3219.0
3261.0
3226.0
3159.0
3239.0
3263.0
3227.0
3233.0
3231.0
3205.0
3223.0
3219.0
3191.0
3223.0
3218.0
3217.0
3225.0
3257.0
3216.0
3248.0
3226.0
3223.0
3216.0
3219.0
3310.0
3211.0
3172.0
3207.0
3216.0
3218.0
3220.0
3222.0
3216.0
3209.0
3263.0
3220.0
3216.0
3216.0
3216.0
3216.0
3233.0
3236.0
3342.0
3155.0
3223.0
3216.0
3225.0
3215.0
3222.0
3216.0
3217.0
3229.0
3218.0
3216.0
3230.0
3221.0
3223.0
3170.0
3218.0
3223.0
3235.0
3227.0
3218.0
3217.0
3215.0
3269.0
3312.0
3216.0
3226.0
3215.0
3210.0
3227.0
3219.0
3253.0
3283.0
3126.0
3184.0
3214.0
3216.0
3314.0
3214.0
3215.0
3165.0
3222.0
3233.0
3280.0
3222.0
3216.0
3216.0
3215.0
3206.0
3219.0
3226.0
3147.0
3230.0
3216.0
3227.0
3210.0
3209.0
3221.0
3215.0
3218.0
3217.0
3222.0
3225.0
3230.0
3219.0
3222.0
3221.0
3218.0
3223.0
3221.0
3235.0
3226.0
3222.0
3222.0
3214.0
3218.0
3216.0
3215.0
3221.0
3211.0
3222.0
3206.0
3216.0
3201.0
3199.0
3186.0
3171.0
3147.0
3132.0
3106.0
3076.0
3035.0
3011.0
2977.0
2947.0
2918.0
2889.0
2864.0
2850.0
2820.0
2811.0
2799.0
2779.0
2774.0
2767.0
2758.0
2768.0
2771.0
2768.0
2768.0
2782.0
2789.0
2802.0
2813.0
2816.0
2832.0
2851.0
2863.0
2870.0
2881.0
2895.0
2911.0
2929.0
2943.0
2955.0
2974.0
2990.0
2994.0
3002.0
3019.0
3033.0
3038.0
3039.0
3043.0
3051.0
3024.0
3021.0
3011.0
3002.0
2999.0
2995.0
2990.0
2981.0
2967.0
2958.0
2960.0
2943.0
2944.0
2923.0
2919.0
2896.0
2886.0
2874.0
2851.0
2887.0
2827.0
2763.0
2798.0
2786.0
2768.0
2766.0
2749.0
2736.0
2747.0
2699.0
2731.0
2731.0
2743.0
2731.0
2703.0
2749.0
2736.0
2746.0
2752.0
2774.0
2779.0
2772.0
2777.0
2781.0
2790.0
2757.0
2787.0
2771.0
2782.0
2775.0
2768.0
2763.0
2671.0
2762.0
2746.0
2754.0
2753.0
2739.0
2736.0
2737.0
2732.0
2733.0
2862.0
2718.0
2705.0
2694.0
2683.0
2676.0
2682.0
2640.0
2659.0
2628.0
2639.0
2642.0
2634.0
2626.0
2613.0
2609.0
2608.0
2605.0
2599.0
2609.0
2599.0
2586.0
2608.0
2589.0
2597.0
2592.0
2588.0
2593.0
2595.0
2497.0
2597.0
2615.0
2602.0
2613.0
2602.0
2595.0
2608.0
2608.0
2606.0
2608.0
2608.0
2622.0
2627.0
2622.0
2618.0
2624.0
2571.0
2621.0
2608.0
2615.0
2609.0
2615.0
2609.0
2543.0
2619.0
2614.0
2619.0
2618.0
2608.0
2615.0
2610.0
2614.0
2643.0
2610.0
2607.0
2613.0
2621.0
2608.0
2608.0
2608.0
2607.0
2604.0
2608.0
2608.0
2608.0
2595.0
2608.0
2631.0
2615.0
2622.0
2601.0
2618.0
2607.0
2614.0
2608.0
2646.0
2544.0
2615.0
2611.0
2607.0
2606.0
2615.0
2610.0
2608.0
2618.0
2608.0
2613.0
2661.0
2611.0
2609.0
2598.0
2610.0
2603.0
2603.0
2609.0
2608.0
2610.0
2610.0
2591.0
2604.0
2613.0
2593.0
2608.0
2609.0
2609.0
2608.0
2608.0
2607.0
2544.0
2610.0
2608.0
2608.0
2603.0
2605.0
2607.0
2605.0
2611.0
2650.0
2609.0
2611.0
2615.0
2614.0
2621.0
2611.0
2679.0
2615.0
2662.0
2611.0
2614.0
2621.0
2611.0
2613.0
2578.0
2609.0
2613.0
2608.0
2611.0
2608.0
2611.0
2608.0
2609.0
2623.0
2614.0
2609.0
2608.0
2614.0
2615.0
2609.0
2625.0
2634.0
2611.0
2611.0
2613.0
2618.0
2613.0
2567.0
2608.0
2618.0
2613.0
2609.0
2608.0
2611.0
2597.0
2604.0
2607.0
2607.0
2608.0
2602.0
2605.0
2613.0
2603.0
2615.0
2610.0
2613.0
2611.0
2533.0
2613.0
2617.0
2614.0
2610.0
2615.0
2622.0
2624.0
2627.0
2615.0
2626.0
2624.0
2704.0
2577.0
2632.0
2624.0
2613.0
2625.0
2625.0
2614.0
2624.0
2608.0
2627.0
2607.0
2615.0
2624.0
2615.0
2615.0
2618.0
2662.0
2598.0
2626.0
2615.0
2629.0
2608.0
2618.0
2617.0
2627.0
2624.0
2585.0
2621.0
2621.0
2619.0
2623.0
2611.0
2618.0
2622.0
2623.0
2610.0
2617.0
2611.0
2602.0
2599.0
2576.0
2661.0
2602.0
2597.0
2593.0
2607.0
2601.0
2608.0
2608.0
2608.0
2597.0
2608.0
2614.0
2625.0
2641.0
2650.0
2661.0
2666.0
2674.0
2685.0
2694.0
2705.0
2719.0
2754.0
2768.0
2757.0
2768.0
2768.0
2781.0
2797.0
2800.0
2802.0
2816.0
2778.0
2810.0
2815.0
2826.0
2819.0
2816.0
2799.0
2739.0
2823.0
2829.0
2826.0
2827.0
2829.0
2817.0
2819.0
2830.0
2827.0
2829.0
2829.0
2818.0
2829.0
2833.0
2827.0
2839.0
2847.0
2862.0
2869.0
2874.0
2889.0
2903.0
2913.0
2866.0
2939.0
2959.0
2982.0
3039.0
3018.0
3040.0
3039.0
3026.0
3099.0
3117.0
3150.0
3179.0
3211.0
3264.0
3330.0
3344.0
3504.0
3403.0
3411.0
3442.0
3462.0
3492.0
3489.0
3663.0
3518.0
3516.0
3520.0
3542.0
3548.0
3538.0
3559.0
3536.0
3566.0
3566.0
3581.0
3573.0
3583.0
3569.0
3559.0
3679.0
3545.0
3537.0
3530.0
3513.0
3495.0
3503.0
3503.0
3491.0
3479.0
3357.0
3494.0
3447.0
3422.0
3403.0
3399.0
3440.0
3346.0
3326.0
3298.0
3281.0
3251.0
3234.0
3215.0
3185.0
3173.0
3152.0
3127.0
3104.0
3047.0
3088.0
3089.0
3071.0
3013.0
3061.0
3069.0
3086.0
3071.0
3086.0
3056.0
3069.0
3107.0
3121.0
3136.0
3152.0
3168.0
3183.0
3191.0
3222.0
3227.0
3250.0
3280.0
3287.0
3312.0
3306.0
3322.0
3327.0
3358.0
3344.0
3344.0
3368.0
3344.0
3339.0
3359.0
3376.0
3327.0
3317.0
3312.0
3301.0
3285.0
3280.0
3206.0
3239.0
3245.0
3226.0
3198.0
3199.0
3183.0
3173.0
3167.0
3147.0
3097.0
3149.0
3137.0
3138.0
3137.0
3141.0
3145.0
3140.0
3135.0
3069.0
3139.0
3154.0
3166.0
3182.0
3190.0
3198.0
3216.0
3136.0
3215.0
3223.0
3242.0
3244.0
3262.0
3258.0
3356.0
3280.0
3280.0
3276.0
3277.0
3280.0
3279.0
3209.0
3282.0
3275.0
3274.0
3276.0
3259.0
3263.0
3327.0
3203.0
3226.0
3219.0
3217.0
3217.0
3214.0
3196.0
3152.0
3213.0
3118.0
3183.0
3181.0
3184.0
3170.0
3169.0
3177.0
3162.0
3163.0
3169.0
3177.0
3195.0
3200.0
3184.0
3197.0
3184.0
3207.0
3199.0
3216.0
3225.0
3223.0
3232.0
3243.0
3241.0
3327.0
3245.0
3269.0
3267.0
3262.0
3270.0
3277.0
3301.0
3502.0
3268.0
3275.0
3250.0
3263.0
3250.0
3247.0
3241.0
3233.0
3171.0
3216.0
3231.0
3214.0
3214.0
3211.0
3207.0
3200.0
3191.0
3147.0
3193.0
3178.0
3175.0
3174.0
3133.0
3179.0
3183.0
3185.0
3184.0
3193.0
3184.0
3188.0
3232.0
3200.0
3285.0
3197.0
3211.0
3204.0
3220.0
3265.0
3215.0
3203.0
3221.0
3338.0
3239.0
3248.0
3267.0
3258.0
3222.0
3262.0
3258.0
3251.0
3264.0
3251.0
3249.0
3254.0
3248.0
3246.0
3228.0
3235.0
3225.0
3217.0
3222.0
3207.0
3217.0
3209.0
3212.0
3202.0
3209.0
3203.0
3190.0
3187.0
3120.0
3198.0
3188.0
3185.0
3184.0
3186.0
3189.0
3181.0
3136.0
3185.0
3197.0
3196.0
3195.0
3210.0
3210.0
3210.0
3214.0
3175.0
3216.0
3235.0
3234.0
3216.0
3225.0
3232.0
3243.0
3241.0
3260.0
3263.0
3227.0
3246.0
3231.0
3232.0
3228.0
3322.0
3244.0
3235.0
3225.0
3224.0
3232.0
3218.0
3242.0
3223.0
3217.0
3213.0
3216.0
3213.0
3204.0
3218.0
3132.0
3205.0
3202.0
3205.0
3195.0
3210.0
3194.0
3159.0
3183.0
3243.0
3198.0
3206.0
3203.0
3198.0
3313.0
3219.0
3212.0
3214.0
3212.0
3213.0
3220.0
3216.0
3223.0
3223.0
3170.0
3233.0
3221.0
3232.0
3234.0
3185.0
3227.0
3275.0
3263.0
3222.0
3224.0
3216.0
3216.0
3210.0
3255.0
3210.0
3184.0
3211.0
3216.0
3217.0
3206.0
3193.0
3210.0
3312.0
3191.0
3215.0
3210.0
3211.0
3204.0
3205.0
3197.0
3245.0
3213.0
3209.0
3211.0
3217.0
3218.0
3215.0
3203.0
3216.0
3217.0
3155.0
3214.0
3227.0
3232.0
3231.0
3232.0
3223.0
3184.0
3230.0
3222.0
3227.0
3223.0
3245.0
3225.0
3190.0
3253.0
3231.0
3226.0
3222.0
3220.0
3235.0
3225.0
3200.0
3189.0
3226.0
3173.0
3216.0
3216.0
3216.0
3226.0
3216.0
3245.0
3200.0
3214.0
3207.0
3195.0
3215.0
3206.0
3209.0
3205.0
3203.0
3203.0
3187.0
3203.0
3207.0
3207.0
3265.0
3214.0
3190.0
3217.0
3215.0
3203.0
3210.0
3210.0
3253.0
3227.0
3178.0
3227.0
3216.0
3216.0
3235.0
3231.0
3227.0
3229.0
3225.0
3234.0
3237.0
3231.0
3228.0
3173.0
3225.0
3226.0
3229.0
3156.0
3214.0
3225.0
3223.0
3216.0
3221.0
3230.0
3219.0
3291.0
3216.0
3216.0
3218.0
3214.0
3234.0
3209.0
3274.0
3216.0
3209.0
3210.0
3230.0
3206.0
3217.0
3216.0
3202.0
3213.0
3214.0
3209.0
3203.0
3217.0
3216.0
3141.0
3213.0
3152.0
3216.0
3219.0
3213.0
3220.0
3200.0
3213.0
3191.0
3219.0
3115.0
3219.0
3214.0
3212.0
3222.0
3207.0
3223.0
3219.0
3215.0
3217.0
3226.0
3222.0
3226.0
3211.0
3234.0
3232.0
3229.0
3216.0
3255.0
3223.0
3115.0
3226.0
3327.0
3243.0
3216.0
3216.0
3219.0
3206.0
3216.0
3199.0
3218.0
3214.0
3216.0
3205.0
3216.0
3213.0
3235.0
3216.0
3221.0
3211.0
3215.0
3216.0
3209.0
3223.0
3211.0
3153.0
3225.0
3178.0
3184.0
3214.0
3219.0
3216.0
3217.0
3216.0
3219.0
3229.0
3270.0
3217.0
3235.0
3216.0
3217.0
3148.0
3215.0
3223.0
3211.0
3225.0
3218.0
3216.0
3217.0
3264.0
3219.0
3218.0
3216.0
3223.0
3230.0
3223.0
3229.0
3223.0
3246.0
3209.0
3215.0
3221.0
3227.0
3221.0
3216.0
3233.0
3234.0
3216.0
3218.0
3222.0
3217.0
3227.0
3223.0
3216.0
3219.0
3226.0
3209.0
3217.0
3228.0
3211.0
3143.0
3230.0
3278.0
3211.0
3223.0
3220.0
3219.0
3328.0
3213.0
3150.0
3216.0
3218.0
3225.0
3219.0
3221.0
3210.0
3216.0
3312.0
3216.0
3218.0
3216.0
3210.0
3227.0
3216.0
3136.0
3213.0
3248.0
3215.0
3229.0
3214.0
3216.0
3225.0
3229.0
3216.0
3216.0
3216.0
3157.0
3211.0
3216.0
3220.0
3264.0
3216.0
3231.0
3216.0
3223.0
3229.0
3206.0
3170.0
3218.0
3226.0
3222.0
3221.0
3216.0
3214.0
3211.0
3218.0
3219.0
3281.0
3248.0
3219.0
3226.0
3205.0
3216.0
3222.0
3221.0
3177.0
3217.0
3217.0
3222.0
3214.0
3213.0
3214.0
3243.0
3122.0
3217.0
3216.0
3214.0
3210.0
3218.0
3211.0
3229.0
3167.0
3190.0
3193.0
3218.0
3222.0
3232.0
3223.0
3203.0
3166.0
3284.0
3209.0
3215.0
3222.0
3219.0
3216.0
3220.0
3213.0
3216.0
3213.0
3216.0
3218.0
3237.0
3221.0
3207.0
3265.0
3181.0
3212.0
3217.0
3121.0
3216.0
3218.0
3198.0
3206.0
3209.0
3152.0
3146.0
3217.0
3216.0
3216.0
3216.0
3227.0
3229.0
3216.0
3214.0
3216.0
3219.0
3213.0
3223.0
3213.0
3209.0
3225.0
3215.0
3217.0
3229.0
3216.0
3227.0
3223.0
3216.0
3216.0
3215.0
3222.0
3223.0
3216.0
3211.0
3221.0
3221.0
3218.0
3216.0
3216.0
3213.0
3214.0
3211.0
3216.0
3220.0
3222.0
3222.0
3223.0
3225.0
3223.0
3213.0
3204.0
3223.0
3220.0
3216.0
3218.0
3221.0
3222.0
3226.0
3225.0
3219.0
3225.0
3219.0
3219.0
3219.0
3221.0
3216.0
3219.0
3234.0
3221.0
3210.0
3215.0
3214.0
3221.0
3216.0
3220.0
3221.0
3220.0
3231.0
3214.0
3229.0
3226.0
3216.0
3216.0
3219.0
3229.0
3217.0
3233.0
3215.0
3216.0
3217.0
3225.0
3229.0
3217.0
3226.0
3223.0
3222.0
3216.0
3215.0
3225.0
3230.0
3225.0
3222.0
3217.0
3223.0
3218.0
3209.0
3216.0
3220.0
3218.0
3248.0
3217.0
3216.0
3207.0
3215.0
3214.0
3222.0
3219.0
3127.0
3216.0
3187.0
3232.0
3223.0
3222.0
3211.0
3264.0
3218.0
3183.0
3216.0
3216.0
3226.0
3221.0
3217.0
3219.0
3270.0
3310.0
3217.0
3216.0
3226.0
3217.0
3228.0
3233.0
3270.0
3216.0
3210.0
3221.0
3227.0
3230.0
3219.0
3199.0
3218.0
3262.0
3181.0
3194.0
3219.0
3234.0
3216.0
3214.0
3274.0
3221.0
3225.0
3217.0
3213.0
3216.0
3213.0
3216.0
3158.0
3216.0
3245.0
3214.0
3222.0
3207.0
3208.0
3217.0
3216.0
3215.0
3217.0
3219.0
3226.0
3226.0
3217.0
3221.0
3216.0
3217.0
3217.0
3151.0
3216.0
3208.0
3222.0
3224.0
3223.0
3209.0
3220.0
3218.0
3280.0
3216.0
3219.0
3213.0
3217.0
3216.0
3220.0
3216.0
3218.0
3213.0
3232.0
3198.0
3215.0
3219.0
3216.0
3221.0
3221.0
3235.0
3210.0
3217.0
3263.0
3216.0
3211.0
3216.0
3216.0
3217.0
3216.0
3216.0
3182.0
3216.0
3221.0
3219.0
3223.0
3233.0
3212.0
3285.0
3216.0
3253.0
3214.0
3215.0
3209.0
3216.0
3213.0
3213.0
3203.0
3215.0
3214.0
3211.0
3226.0
3216.0
3219.0
3219.0
3301.0
3214.0
3237.0
3219.0
3225.0
3216.0
3224.0
3216.0
3216.0
3220.0
3190.0
3216.0
3225.0
3231.0
3153.0
3217.0
3219.0
3217.0
3216.0
3222.0
3222.0
3213.0
3225.0
3222.0
3136.0
3210.0
3223.0
3210.0
3216.0
3227.0
3224.0
3216.0
3217.0
3231.0
3190.0
3207.0
3218.0
3219.0
3293.0
3216.0
3159.0
3205.0
3211.0
3216.0
3219.0
3213.0
3219.0
3248.0
3215.0
3210.0
3214.0
3216.0
3211.0
3226.0
3219.0
3238.0
3225.0
3195.0
3215.0
3213.0
3212.0
3226.0
3222.0
3218.0
3218.0
3309.0
3217.0
3239.0
3219.0
3220.0
3231.0
3216.0
3104.0
3132.0
3252.0
3222.0
3222.0
3214.0
3216.0
3219.0
3253.0
3221.0
3222.0
3217.0
3216.0
3219.0
3213.0
3222.0
3223.0
3219.0
3225.0
3216.0
3217.0
3216.0
3213.0
3210.0
3223.0
3223.0
3216.0
3216.0
3216.0
3234.0
3207.0
3199.0
3215.0
3263.0
3211.0
3218.0
3210.0
3225.0
3227.0
3222.0
3198.0
3219.0
3217.0
3227.0
3218.0
3232.0
3222.0
3227.0
3337.0
3310.0
3250.0
3200.0
3219.0
3216.0
3217.0
3344.0
3217.0
3190.0
3222.0
3215.0
3216.0
3215.0
3219.0
3216.0
3193.0
3251.0
3209.0
3219.0
3216.0
3222.0
3226.0
3216.0
3228.0
3210.0
3222.0
3218.0
3233.0
3215.0
3216.0
3294.0
3221.0
3216.0
3207.0
3226.0
3216.0
3216.0
3216.0
3230.0
3150.0
3051.0
2825.0
2624.0
2448.0
2311.0
2188.0
2096.0
2032.0
1983.0
1876.0
1942.0
1829.0
1795.0
1756.0
1749.0
1729.0
1737.0
1749.0
1757.0
1778.0
1840.0
1852.0
1883.0
1933.0
1978.0
2020.0
2075.0
2113.0
2130.0
2174.0
2192.0
2287.0
2249.0
2273.0
2301.0
2312.0
2344.0
2364.0
2381.0
2438.0
2414.0
2419.0
2425.0
2427.0
2431.0
2434.0
2417.0
2416.0
2384.0
2404.0
2377.0
2399.0
2400.0
2399.0
2401.0
2427.0
2401.0
2391.0
2397.0
2383.0
2385.0
2384.0
2380.0
2364.0
2407.0
2368.0
2369.0
2368.0
2375.0
2363.0
2372.0
2368.0
2362.0
2362.0
2367.0
2361.0
2363.0
2358.0
2432.0
2310.0
2352.0
2387.0
2350.0
2286.0
2345.0
2353.0
2346.0
2349.0
2350.0
2301.0
2343.0
2338.0
2347.0
2337.0
2335.0
2373.0
2333.0
2337.0
2341.0
2339.0
2351.0
2337.0
2317.0
2325.0
2330.0
2342.0
2334.0
2334.0
2330.0
2304.0
2329.0
2325.0
2340.0
2331.0
2331.0
2327.0
2331.0
2334.0
2335.0
2320.0
2281.0
2339.0
2347.0
2334.0
2330.0
2342.0
2451.0
2341.0
2352.0
2343.0
2339.0
2339.0
2341.0
2323.0
2329.0
2334.0
2343.0
2380.0
2323.0
2335.0
2333.0
2340.0
2323.0
2352.0
2403.0
2335.0
2317.0
2337.0
2334.0
2343.0
2335.0
2331.0
2342.0
2337.0
2330.0
2342.0
2342.0
2341.0
2331.0
2335.0
2337.0
2340.0
2338.0
2340.0
2340.0
2348.0
2362.0
2347.0
2374.0
2334.0
2346.0
2339.0
2352.0
2333.0
2341.0
2343.0
2336.0
2348.0
2340.0
2277.0
2339.0
2350.0
2346.0
2327.0
2351.0
2353.0
2347.0
2340.0
2345.0
2341.0
2354.0
2342.0
2434.0
2350.0
2342.0
2351.0
2335.0
2327.0
2340.0
2347.0
2338.0
2337.0
2339.0
2345.0
2336.0
2339.0
2331.0
2352.0
2370.0
2337.0
2343.0
2343.0
2341.0
2342.0
2346.0
2302.0
2379.0
2339.0
2343.0
2336.0
2338.0
2341.0
2335.0
2333.0
2307.0
2336.0
2346.0
2337.0
2341.0
2335.0
2342.0
2343.0
2341.0
2339.0
2342.0
2339.0
2343.0
2339.0
2341.0
2319.0
2288.0
2320.0
2330.0
2336.0
2337.0
2339.0
2304.0
2336.0
2304.0
2342.0
2335.0
2335.0
2351.0
2335.0
2331.0
2340.0
2338.0
2398.0
2374.0
2345.0
2336.0
2346.0
2347.0
2351.0
2347.0
2299.0
2409.0
2335.0
2357.0
2345.0
2343.0
2373.0
2368.0
2384.0
2621.0
2807.0
3008.0
3201.0
3429.0
3641.0
3888.0
4067.0
4095.0
4095.0
4095.0
4095.0
4095.0
4095.0
4095.0
4095.0
4095.0
4095.0
4095.0
4095.0
4003.0
3883.0
3649.0
3479.0
3346.0
3305.0
3127.0
3033.0
2959.0
2910.0
2800.0
2799.0
2751.0
2718.0
2690.0
2678.0
2650.0
2646.0
2649.0
2629.0
2722.0
2644.0
2661.0
2682.0
2711.0
2752.0
2795.0
2891.0
2882.0
2953.0
2971.0
3008.0
3046.0
3056.0
3121.0
3163.0
3231.0
3235.0
3280.0
3286.0
3344.0
3382.0
3388.0
3399.0
3399.0
3392.0
3403.0
3377.0
3355.0
3339.0
3308.0
3280.0
3305.0
3167.0
3216.0
3183.0
3173.0
3103.0
3120.0
3106.0
3094.0
3056.0
3039.0
3034.0
3022.0
2939.0
2997.0
2989.0
2986.0
2993.0
2992.0
2992.0
2996.0
3019.0
3037.0
3025.0
3031.0
3047.0
3047.0
3055.0
3077.0
3091.0
3099.0
3146.0
3120.0
3133.0
3141.0
3162.0
3168.0
3179.0
3182.0
3185.0
3184.0
3184.0
3173.0
3182.0
3217.0
3215.0
3364.0
3504.0
3613.0
3696.0
3805.0
3917.0
4094.0
4095.0
4095.0
4095.0
4095.0
4095.0
4095.0
4059.0
3953.0
3878.0
3808.0
3719.0
3632.0
3551.0
3447.0
3417.0
3298.0
3237.0
3159.0
3042.0
3023.0
2978.0
2929.0
2891.0
2864.0
2831.0
2811.0
2801.0
2832.0
2826.0
2800.0
2736.0
2830.0
2830.0
2871.0
2963.0
2928.0
2960.0
2993.0
3037.0
3007.0
3159.0
3153.0
3261.0
3303.0
3375.0
3428.0
3472.0
3539.0
3597.0
3517.0
3638.0
3642.0
3664.0
3658.0
3668.0
3638.0
3607.0
3614.0
3579.0
3543.0
3520.0
3469.0
3406.0
3362.0
3309.0
3163.0
3209.0
3171.0
3147.0
3093.0
3063.0
3037.0
3013.0
2987.0
2988.0
2973.0
2971.0
2960.0
2959.0
2956.0
2962.0
2905.0
3015.0
2991.0
3018.0
3042.0
3063.0
3094.0
3120.0
3098.0
3088.0
3225.0
3264.0
3292.0
3325.0
3354.0
3382.0
3396.0
3419.0
3431.0
3439.0
3476.0
3479.0
3509.0
3495.0
3487.0
3467.0
3437.0
3443.0
3405.0
3386.0
3344.0
3312.0
3319.0
3214.0
3214.0
3185.0
3166.0
3142.0
3127.0
3103.0
3083.0
3063.0
3047.0
3030.0
3025.0
3010.0
3008.0
3051.0
3007.0
3002.0
3024.0
3026.0
3045.0
3040.0
3066.0
3090.0
3023.0
3123.0
3151.0
3166.0
3189.0
3212.0
3219.0
3263.0
3318.0
3282.0
3300.0
3326.0
3358.0
3357.0
3376.0
3376.0
3376.0
3473.0
3378.0
3281.0
3345.0
3345.0
3324.0
3353.0
3309.0
3198.0
3266.0
3253.0
3216.0
3215.0
3190.0
3181.0
3171.0
3135.0
3120.0
3102.0
3099.0
3101.0
3136.0
3078.0
3067.0
3058.0
3077.0
3069.0
3081.0
3088.0
3098.0
3091.0
3109.0
3116.0
3119.0
3157.0
3135.0
3165.0
3182.0
3189.0
3162.0
3222.0
3235.0
3264.0
3296.0
3276.0
3280.0
3290.0
3330.0
3293.0
3303.0
3299.0
3298.0
3299.0
3280.0
3328.0
3279.0
3279.0
3268.0
3273.0
3249.0
3229.0
3217.0
3211.0
3178.0
3183.0
3164.0
3167.0
3146.0
3141.0
3142.0
3120.0
3122.0
3119.0
3113.0
3120.0
3122.0
3110.0
3121.0
3118.0
3121.0
3097.0
3120.0
3134.0
3139.0
3149.0
3157.0
3182.0
3115.0
3184.0
3187.0
3204.0
3312.0
3210.0
3216.0
3238.0
3241.0
3249.0
3243.0
3263.0
3250.0
3219.0
3255.0
3254.0
3266.0
3257.0
3248.0
3242.0
3251.0
3226.0
3267.0
3213.0
3165.0
3211.0
3179.0
3241.0
3193.0
3182.0
3178.0
3182.0
3165.0
3173.0
3162.0
3158.0
3149.0
3151.0
3152.0
3147.0
3152.0
3184.0
3158.0
3173.0
3163.0
3173.0
3169.0
3183.0
3205.0
3200.0
3189.0
3201.0
3216.0
3222.0
3213.0
3153.0
3088.0
3233.0
3243.0
3231.0
3238.0
3251.0
3239.0
3280.0
3245.0
3154.0
3234.0
3243.0
3227.0
3219.0
3159.0
3216.0
3296.0
3187.0
3198.0
3196.0
3189.0
3195.0
3185.0
3199.0
3266.0
3158.0
3169.0
3166.0
3168.0
3158.0
3168.0
3182.0
3152.0
3182.0
3164.0
3166.0
3172.0
3171.0
3184.0
3138.0
3136.0
3200.0
3197.0
3197.0
3200.0
3212.0
3212.0
3322.0
3227.0
3225.0
3326.0
3199.0
3237.0
3226.0
3246.0
3251.0
3245.0
3248.0
3172.0
3170.0
3230.0
3249.0
3222.0
3259.0
3205.0
3187.0
3223.0
3216.0
3174.0
3219.0
3212.0
3259.0
3098.0
3187.0
3183.0
3184.0
3186.0
3184.0
3183.0
3177.0
3177.0
3167.0
3178.0
3111.0
3180.0
3181.0
3175.0
3173.0
3185.0
3183.0
3178.0
3184.0
3191.0
3196.0
3189.0
3202.0
3202.0
3194.0
3202.0
3216.0
3214.0
3222.0
3231.0
3216.0
3237.0
3231.0
3222.0
3222.0
3239.0
3228.0
3231.0
3233.0
3244.0
3227.0
3216.0
3226.0
3221.0
3221.0
3215.0
3212.0
3211.0
3207.0
3211.0
3207.0
3211.0
3199.0
3199.0
3199.0
3197.0
3196.0
3194.0
3191.0
3191.0
3186.0
3185.0
3181.0
3184.0
3199.0
3191.0
3195.0
3194.0
3200.0
3185.0
3190.0
3184.0
3197.0
3200.0
3199.0
3207.0
3202.0
3205.0
3203.0
3215.0
3214.0
3213.0
3210.0
3216.0
3213.0
3220.0
3210.0
3215.0
3212.0
3207.0
3211.0
3206.0
3207.0
3216.0
3217.0
3219.0
3216.0
3212.0
3209.0
3206.0
3204.0
3205.0
3211.0
3208.0
3211.0
3264.0
3203.0
3105.0
3222.0
3207.0
3216.0
3194.0
3210.0
3203.0
3195.0
3213.0
3209.0
3207.0
3212.0
3215.0
3213.0
3203.0
3157.0
3221.0
3259.0
3233.0
3209.0
3221.0
3229.0
3253.0
3215.0
3232.0
3226.0
3219.0
3218.0
3217.0
3217.0
3213.0
3203.0
3184.0
3237.0
3252.0
3205.0
3203.0
3210.0
3196.0
3211.0
3202.0
3207.0
3193.0
3193.0
3189.0
3200.0
3193.0
3195.0
3199.0
3211.0
3184.0
3207.0
3207.0
3203.0
3151.0
3200.0
3312.0
3200.0
3182.0
3202.0
3207.0
3216.0
3223.0
3152.0
3226.0
3215.0
3214.0
3226.0
3231.0
3234.0
3239.0
3228.0
3193.0
3221.0
3229.0
3232.0
3226.0
3230.0
3233.0
3266.0
3231.0
3222.0
3237.0
3344.0
3231.0
3227.0
3216.0
3225.0
3221.0
3220.0
3227.0
3225.0
3215.0
3216.0
3281.0
3216.0
3203.0
3221.0
3197.0
3204.0
3192.0
3197.0
3209.0
3266.0
3209.0
3205.0
3214.0
3195.0
3193.0
3201.0
3203.0
3186.0
3213.0
3151.0
3166.0
3215.0
3213.0
3208.0
3199.0
3213.0
3216.0
3226.0
3233.0
3184.0
3222.0
3239.0
3223.0
3217.0
3235.0
3233.0
3250.0
3225.0
3264.0
3248.0
3231.0
3229.0
3216.0
3232.0
3231.0
3230.0
3222.0
3270.0
3222.0
3198.0
3216.0
3216.0
3219.0
3220.0
3216.0
3220.0
3219.0
3221.0
3217.0
3210.0
3226.0
3210.0
3216.0
3214.0
3169.0
3187.0
3157.0
3203.0
3204.0
3209.0
3207.0
3229.0
3216.0
3216.0
3205.0
3216.0
3226.0
3216.0
3215.0
3221.0
3213.0
3199.0
3213.0
3207.0
3227.0
3238.0
3222.0
3205.0
3207.0
3216.0
3202.0
3217.0
3228.0
3234.0
3211.0
3231.0
3219.0
3200.0
3216.0
3225.0
3225.0
3222.0
3225.0
3223.0
3230.0
3217.0
3218.0
3213.0
3229.0
3219.0
3217.0
3217.0
3221.0
3394.0
3219.0
3216.0
3217.0
3227.0
3222.0
3217.0
3165.0
3175.0
3223.0
3216.0
3221.0
3226.0
3219.0
3217.0
3216.0
3216.0
3216.0
3221.0
3219.0
3216.0
3215.0
3218.0
3203.0
3215.0
3237.0
3289.0
3216.0
3207.0
3220.0
3222.0
3183.0
3186.0
3258.0
3207.0
3214.0
3219.0
3221.0
3218.0
3222.0
3213.0
3136.0
3220.0
3216.0
3230.0
3218.0
3222.0
3213.0
3163.0
3218.0
3221.0
3215.0
3219.0
3222.0
3219.0
3201.0
3223.0
3105.0
3215.0
3213.0
3216.0
3216.0
3230.0
3222.0
3205.0
3267.0
3230.0
3219.0
3219.0
3218.0
3229.0
3221.0
3210.0
3227.0
3222.0
3263.0
3226.0
3219.0
3225.0
3232.0
3200.0
3216.0
3209.0
3214.0
3218.0
3226.0
3217.0
3222.0
3225.0
3227.0
3211.0
3216.0
3218.0
3216.0
3223.0
3194.0
3220.0
3213.0
3217.0
3216.0
3211.0
3206.0
3216.0
3216.0
3190.0
3215.0
3214.0
3223.0
3215.0
3219.0
3216.0
3216.0
3233.0
3216.0
3237.0
3226.0
3225.0
3221.0
3222.0
3199.0
3216.0
3351.0
3216.0
3216.0
3217.0
3217.0
3233.0
3216.0
3264.0
3222.0
3223.0
3226.0
3205.0
3223.0
3216.0
3219.0
3215.0
3211.0
3216.0
3223.0
3219.0
3225.0
3216.0
3159.0
3216.0
3219.0
3214.0
3238.0
3216.0
3223.0
3218.0
3217.0
3226.0
3216.0
3219.0
3263.0
3219.0
3216.0
3216.0
3247.0
3222.0
3118.0
3222.0
3218.0
3221.0
3227.0
3218.0
3217.0
3195.0
3217.0
3216.0
3223.0
3159.0
3221.0
3217.0
3204.0
3218.0
3216.0
3221.0
3219.0
3235.0
3249.0
3237.0
3212.0
3217.0
3195.0
3221.0
3221.0
3215.0
3226.0
3191.0
3229.0
3184.0
3229.0
3222.0
3218.0
3216.0
3216.0
3221.0
3215.0
3283.0
3220.0
3215.0
3183.0
3216.0
3252.0
3227.0
3213.0
3214.0
3217.0
3232.0
3211.0
3219.0
3223.0
3266.0
3216.0
3141.0
3219.0
3216.0
3215.0
3216.0
3213.0
3216.0
3216.0
3216.0
3230.0
3220.0
3219.0
3199.0
3216.0
3221.0
3211.0
3217.0
3218.0
3221.0
3223.0
3217.0
3254.0
3217.0
3153.0
3212.0
3228.0
3220.0
3216.0
3216.0
3223.0
3216.0
3195.0
3216.0
3185.0
3214.0
3221.0
3216.0
3234.0
3151.0
3241.0
3247.0
3219.0
3216.0
3221.0
3203.0
3219.0
3221.0
3183.0
3247.0
3216.0
3216.0
3218.0
3215.0
3215.0
3216.0
3255.0
3234.0
3341.0
3250.0
3217.0
3216.0
3214.0
3213.0
3208.0
3171.0
3227.0
3217.0
3227.0
3216.0
3214.0
3225.0
3233.0
3199.0
3143.0
3216.0
3217.0
3217.0
3210.0
3216.0
3216.0
3270.0
3215.0
3231.0
3226.0
3214.0
3216.0
3217.0
3215.0
3262.0
3215.0
3223.0
3216.0
3218.0
3229.0
3155.0
3217.0
3139.0
3232.0
3213.0
3155.0
3136.0
3210.0
3222.0
3225.0
3215.0
3216.0
3119.0
3137.0
3217.0
3216.0
3221.0
3222.0
3217.0
3347.0
3216.0
3222.0
3225.0
3216.0
3212.0
3221.0
3201.0
3152.0
3215.0
3222.0
3219.0
3223.0
3216.0
3205.0
3218.0
3233.0
3250.0
3220.0
3216.0
3218.0
3215.0
3136.0
3230.0
3219.0
3218.0
3213.0
3215.0
3226.0
3213.0
3213.0
3273.0
3206.0
3226.0
3216.0
3215.0
3221.0
3222.0
3208.0
3215.0
3223.0
3264.0
3218.0
3226.0
3215.0
3219.0
3215.0
3215.0
3237.0
3217.0
3179.0
3221.0
3210.0
3215.0
3216.0
3255.0
3216.0
3216.0
3214.0
3218.0
3223.0
3228.0
3226.0
3222.0
3223.0
3221.0
3217.0
3227.0
3216.0
3219.0
3144.0
3217.0
3216.0
3175.0
3162.0
3227.0
3211.0
3219.0
3225.0
3222.0
3216.0
3220.0
3252.0
3224.0
3216.0
3233.0
3216.0
3195.0
3220.0
3216.0
3216.0
3205.0
3216.0
3219.0
3217.0
3230.0
3225.0
3221.0
3217.0
3205.0
3143.0
3213.0
3201.0
3225.0
3120.0
3216.0
3218.0
3224.0
3218.0
3217.0
3217.0
3203.0
3215.0
3211.0
3231.0
3221.0
3217.0
3223.0
3152.0
3253.0
3223.0
3218.0
3215.0
3221.0
3278.0
3222.0
3213.0
3216.0
3146.0
3210.0
3221.0
3223.0
3216.0
3167.0
3216.0
3216.0
3214.0
3219.0
3223.0
3216.0
3216.0
3221.0
3221.0
3216.0
3215.0
3225.0
3223.0
3218.0
3198.0
3216.0
3215.0
3259.0
3152.0
3213.0
3221.0
3216.0
3221.0
3227.0
3217.0
3217.0
3219.0
3259.0
3198.0
3216.0
3241.0
3223.0
3312.0
3214.0
3187.0
3217.0
3217.0
3216.0
3213.0
3199.0
3216.0
3317.0
3216.0
3216.0
3216.0
3216.0
3216.0
3216.0
3248.0
3207.0
3219.0
3209.0
3218.0
3216.0
3221.0
3222.0
3216.0
3199.0
3214.0
3216.0
3218.0
3216.0
3216.0
3236.0
3211.0
3209.0
3223.0
3138.0
3219.0
3215.0
3223.0
3216.0
3222.0
3217.0
3139.0
3210.0
3219.0
3219.0
3219.0
3219.0
3216.0
3202.0
3194.0
3204.0
3222.0
3216.0
3219.0
3216.0
3216.0
3184.0
3222.0
3195.0
3221.0
3218.0
3217.0
3217.0
3220.0
3221.0
3153.0
3227.0
3216.0
3226.0
3215.0
3214.0
3216.0
3227.0
3220.0
3216.0
3215.0
3227.0
3216.0
3209.0
3219.0
3216.0
3216.0
3209.0
3155.0
3226.0
3209.0
3235.0
3217.0
3236.0
3218.0
3278.0
3226.0
3217.0
3231.0
3218.0
3231.0
3216.0
3130.0
3345.0
3230.0
3220.0
3218.0
3221.0
3225.0
3227.0
3145.0
3218.0
3216.0
3222.0
3221.0
3219.0
3221.0
3222.0
3204.0
3281.0
3223.0
3216.0
3220.0
3223.0
3225.0
3216.0
3159.0
3217.0
3216.0
3218.0
3217.0
3217.0
3219.0
3216.0
3248.0
3216.0
3205.0
3214.0
3210.0
3215.0
3216.0
3213.0
3216.0
3167.0
3232.0
3225.0
3223.0
3217.0
3214.0
3215.0
3217.0
3293.0
3216.0
3221.0
3233.0
3219.0
3218.0
3184.0
3162.0
3222.0
3228.0
3226.0
3223.0
3209.0
3244.0
3216.0
3221.0
3227.0
3216.0
3266.0
3221.0
3229.0
3222.0
3191.0
3150.0
3221.0
3219.0
3219.0
3221.0
3225.0
3218.0
3223.0
3221.0
3216.0
3170.0
3221.0
3216.0
3220.0
3219.0
3245.0
3221.0
3215.0
3216.0
3205.0
3216.0
3226.0
3216.0
3216.0
3117.0
3215.0
3215.0
3210.0
3137.0
3216.0
3214.0
3216.0
3197.0
3232.0
3220.0
3216.0
3211.0
3219.0
3219.0
3239.0
3212.0
3204.0
3221.0
3200.0
3226.0
3226.0
3216.0
3298.0
3181.0
3215.0
3211.0
3219.0
3215.0
3230.0
3216.0
3218.0
3204.0
3219.0
3216.0
3223.0
3212.0
3344.0
3210.0
3247.0
3223.0
3184.0
3216.0
3218.0
3211.0
3216.0
3221.0
3216.0
3221.0
3211.0
3216.0
3214.0
3223.0
3231.0
3221.0
3246.0
3277.0
3216.0
3220.0
3216.0
3218.0
3203.0
3217.0
3215.0
3214.0
3335.0
3216.0
3214.0
3216.0
3216.0
3154.0
3216.0
3246.0
3221.0
3226.0
3210.0
3202.0
3297.0
3214.0
3295.0
3216.0
3329.0
3223.0
3233.0
3221.0
3202.0
3268.0
3207.0
3162.0
3207.0
3227.0
3204.0
3219.0
3223.0
3221.0
3267.0
3217.0
3213.0
3214.0
3216.0
3232.0
3221.0
3227.0
3175.0
3218.0
3248.0
3216.0
3222.0
3216.0
3217.0
3223.0
3213.0
3253.0
3214.0
3207.0
3215.0
3207.0
3189.0
3178.0
3149.0
3134.0
3119.0
3105.0
3070.0
3042.0
3025.0
3005.0
2986.0
2950.0
2934.0
2919.0
2934.0
2879.0
2866.0
2866.0
2854.0
2745.0
2847.0
2859.0
2851.0
2863.0
2881.0
2892.0
2949.0
2937.0
2969.0
2954.0
2954.0
2960.0
2983.0
3007.0
3023.0
3021.0
3067.0
2965.0
3089.0
3114.0
3016.0
3117.0
3120.0
3173.0
3133.0
3033.0
3065.0
3143.0
3120.0
3195.0
3117.0
3088.0
3121.0
3088.0
3087.0
3024.0
3083.0
3060.0
3055.0
3034.0
3024.0
3017.0
3024.0
3008.0
3005.0
3003.0
3005.0
2993.0
2988.0
2974.0
2963.0
2952.0
2937.0
2931.0
2928.0
2912.0
2895.0
2874.0
2864.0
2850.0
2849.0
2839.0
2822.0
2829.0
2820.0
2819.0
2823.0
2818.0
2832.0
2842.0
2839.0
2848.0
2854.0
2864.0
2877.0
2874.0
2887.0
2896.0
2908.0
2915.0
2927.0
2928.0
2943.0
2939.0
2938.0
2945.0
2943.0
2950.0
2944.0
2949.0
2947.0
2947.0
2946.0
2942.0
2940.0
2928.0
2928.0
2930.0
2922.0
2915.0
2900.0
2895.0
2890.0
2893.0
2880.0
2871.0
2871.0
2864.0
2868.0
2864.0
2867.0
2855.0
2851.0
2858.0
2864.0
2851.0
2858.0
2855.0
2859.0
2853.0
2845.0
2859.0
2850.0
2855.0
2863.0
2865.0
2863.0
2861.0
2861.0
2839.0
2843.0
2835.0
2836.0
2842.0
2845.0
2831.0
2830.0
2828.0
2862.0
2811.0
2821.0
2815.0
2800.0
2803.0
2800.0
2802.0
2839.0
2795.0
2731.0
2790.0
2795.0
2778.0
2741.0
2663.0
2770.0
2755.0
2702.0
2671.0
2746.0
2746.0
2741.0
2730.0
2729.0
2731.0
2678.0
2726.0
2720.0
2727.0
2723.0
2719.0
2726.0
2723.0
2743.0
2716.0
2718.0
2729.0
2730.0
2733.0
2719.0
2734.0
2739.0
2736.0
2741.0
2747.0
2751.0
2746.0
2751.0
2752.0
2886.0
2739.0
2758.0
2759.0
2755.0
2733.0
2757.0
2831.0
2750.0
2759.0
2752.0
2753.0
2764.0
2751.0
2758.0
2752.0
2750.0
2752.0
2727.0
2741.0
2753.0
2736.0
2766.0
2745.0
2752.0
2748.0
2747.0
2740.0
2745.0
2800.0
2741.0
2765.0
2736.0
2746.0
2739.0
2737.0
2746.0
2741.0
2688.0
2727.0
2742.0
2735.0
2736.0
2736.0
2739.0
2741.0
2666.0
2735.0
2741.0
2748.0
2738.0
2732.0
2739.0
2731.0
2747.0
2734.0
2739.0
2685.0
2746.0
2749.0
2740.0
2750.0
2768.0
2738.0
2742.0
2749.0
2743.0
2752.0
2737.0
2752.0
2743.0
2689.0
2745.0
2739.0
2751.0
2737.0
2738.0
2748.0
2718.0
2747.0
2737.0
2752.0
2641.0
2750.0
2739.0
2742.0
2725.0
2732.0
2737.0
2711.0
2745.0
2734.0
2742.0
2711.0
2736.0
2749.0
2734.0
2738.0
2734.0
2731.0
2791.0
2736.0
2735.0
2742.0
2676.0
2735.0
2733.0
2738.0
2741.0
2733.0
2763.0
2736.0
2730.0
2736.0
2737.0
2739.0
2744.0
2745.0
2677.0
2755.0
2764.0
2761.0
2752.0
2752.0
2766.0
2751.0
2790.0
2768.0
2765.0
2747.0
2761.0
2759.0
2765.0
2754.0
2750.0
2753.0
2704.0
2767.0
2749.0
2749.0
2742.0
2741.0
2736.0
2747.0
2741.0
2749.0
2752.0
2754.0
2754.0
2825.0
2797.0
2705.0
2743.0
2749.0
2748.0
2746.0
2747.0
2763.0
2780.0
2772.0
2747.0
2762.0
2761.0
2768.0
2759.0
2752.0
2742.0
2756.0
2759.0
2755.0
2756.0
2762.0
2765.0
2772.0
2736.0
2715.0
2731.0
2754.0
2753.0
2749.0
2742.0
2762.0
2735.0
2701.0
2751.0
2751.0
2747.0
2752.0
2753.0
2745.0
2747.0
2819.0
2749.0
2759.0
2757.0
2743.0
2763.0
2768.0
2781.0
2768.0
2721.0
2779.0
2791.0
2793.0
2805.0
2825.0
2769.0
2847.0
2801.0
2815.0
2821.0
2829.0
2826.0
2827.0
2845.0
2869.0
2800.0
2834.0
2785.0
2863.0
2864.0
2864.0
2878.0
2896.0
2855.0
2973.0
2995.0
3047.0
3084.0
3115.0
3111.0
3205.0
3147.0
3159.0
3187.0
3184.0
3194.0
3203.0
3207.0
3215.0
3200.0
3264.0
3193.0
3186.0
3190.0
3215.0
3251.0
3218.0
3227.0
3233.0
3265.0
3290.0
3305.0
3328.0
3351.0
3369.0
3279.0
3376.0
3395.0
3391.0
3393.0
3391.0
3389.0
3319.0
3373.0
3365.0
3367.0
3353.0
3366.0
3373.0
3415.0
3379.0
3383.0
3395.0
3465.0
3414.0
3415.0
3422.0
3435.0
3424.0
3441.0
3456.0
3461.0
3467.0
3472.0
3469.0
3454.0
3447.0
3433.0
3406.0
3397.0
3398.0
3365.0
3360.0
3364.0
3306.0
3306.0
3281.0
3202.0
3254.0
3248.0
3248.0
3217.0
3216.0
3205.0
3225.0
3216.0
3218.0
3242.0
3265.0
3271.0
3296.0
3250.0
3295.0
3277.0
3328.0
3340.0
3344.0
3227.0
3315.0
3376.0
3345.0
3356.0
3331.0
3359.0
3330.0
3344.0
3462.0
3311.0
3312.0
3294.0
3277.0
3253.0
3247.0
3189.0
3213.0
3129.0
3185.0
3250.0
3153.0
3153.0
3142.0
3060.0
3152.0
3131.0
3131.0
3126.0
3098.0
3122.0
3123.0
3132.0
3231.0
3142.0
3151.0
3157.0
3180.0
3156.0
3184.0
3180.0
3205.0
3321.0
3239.0
3257.0
3280.0
3266.0
3321.0
3283.0
3264.0
3292.0
3305.0
3299.0
3305.0
3310.0
3309.0
3292.0
3248.0
3295.0
3277.0
3285.0
3269.0
3263.0
3249.0
3239.0
3224.0
3226.0
3184.0
3212.0
3200.0
3184.0
3194.0
3091.0
3171.0
3147.0
3163.0
3159.0
3153.0
3152.0
3122.0
3153.0
3182.0
3161.0
3167.0
3174.0
3173.0
3179.0
3182.0
3200.0
3243.0
3157.0
3229.0
3216.0
3229.0
3242.0
3247.0
3242.0
3258.0
3250.0
3272.0
3266.0
3259.0
3278.0
3248.0
3280.0
3211.0
3271.0
3269.0
3277.0
3259.0
3248.0
3150.0
3237.0
3248.0
3242.0
3234.0
3221.0
3213.0
3202.0
3202.0
3190.0
3200.0
3249.0
3190.0
3184.0
3184.0
3195.0
3184.0
3167.0
3152.0
3183.0
3187.0
3179.0
3186.0
3191.0
3195.0
3202.0
3195.0
3198.0
3216.0
3200.0
3210.0
3217.0
3232.0
3177.0
3232.0
3243.0
3253.0
3260.0
3263.0
3259.0
3250.0
3265.0
3265.0
3253.0
3263.0
3255.0
3261.0
3250.0
3248.0
3248.0
3250.0
3237.0
3224.0
3223.0
3216.0
3217.0
3214.0
3215.0
3199.0
3214.0
3199.0
3198.0
3193.0
3194.0
3197.0
3184.0
3216.0
3167.0
3159.0
3183.0
3190.0
3184.0
3185.0
3196.0
3231.0
3195.0
3209.0
3216.0
3200.0
3220.0
3213.0
3124.0
3220.0
3184.0
3231.0
3238.0
3248.0
3247.0
3248.0
3239.0
3157.0
3266.0
3248.0
3246.0
3244.0
3248.0
3246.0
3241.0
3165.0
3242.0
3216.0
3230.0
3223.0
3216.0
3220.0
3116.0
3210.0
3173.0
3213.0
3262.0
3202.0
3205.0
3189.0
3198.0
3306.0
3200.0
3195.0
3194.0
3197.0
3200.0
3207.0
3199.0
3207.0
3209.0
3216.0
3115.0
3202.0
3211.0
3201.0
3211.0
3241.0
3220.0
3216.0
3219.0
3179.0
3218.0
3232.0
3228.0
3237.0
3231.0
3243.0
3242.0
3231.0
3237.0
3234.0
3202.0
3229.0
3229.0
3231.0
3203.0
3225.0
3221.0
3218.0
3221.0
3271.0
3222.0
3226.0
3225.0
3231.0
3216.0
3205.0
3197.0
3191.0
3203.0
3205.0
3199.0
3210.0
3194.0
3202.0
3145.0
3202.0
3216.0
3203.0
3200.0
3209.0
3198.0
3216.0
3216.0
3206.0
3207.0
3216.0
3216.0
3217.0
3238.0
3233.0
3223.0
3228.0
3168.0
3230.0
3221.0
3229.0
3235.0
3232.0
3229.0
3375.0
3228.0
3235.0
3227.0
3195.0
3217.0
3232.0
3223.0
3278.0
3221.0
3120.0
3237.0
3214.0
3216.0
3212.0
3215.0
3211.0
3215.0
3211.0
3211.0
3195.0
3187.0
3216.0
3126.0
3210.0
3307.0
3210.0
3201.0
3210.0
3205.0
3338.0
3210.0
3264.0
3214.0
3219.0
3211.0
3221.0
3216.0
3227.0
3216.0
3216.0
3219.0
3216.0
3219.0
3216.0
3222.0
3226.0
3117.0
3225.0
3213.0
3227.0
3227.0
3229.0
3223.0
3328.0
3222.0
3294.0
3227.0
3222.0
3219.0
3225.0
3215.0
3211.0
3200.0
3232.0
3207.0
3210.0
3216.0
3215.0
3211.0
3219.0
3147.0
3217.0
3160.0
3215.0
3203.0
3200.0
3218.0
3216.0
3211.0
3159.0
3216.0
3214.0
3216.0
3220.0
3207.0
3213.0
3227.0
3237.0
3216.0
3222.0
3209.0
3223.0
3214.0
3229.0
3219.0
3193.0
3216.0
3223.0
3334.0
3229.0
3216.0
3227.0
3294.0
3227.0
3213.0
3219.0
3216.0
3225.0
3223.0
3231.0
3222.0
3284.0
3115.0
3211.0
3222.0
3217.0
3216.0
3222.0
3211.0
3235.0
3216.0
3212.0
3200.0
3207.0
3215.0
3207.0
3234.0
3216.0
3227.0
3191.0
3209.0
3212.0
3216.0
3226.0
3216.0
3201.0
3230.0
3217.0
3230.0
3221.0
3219.0
3229.0
3217.0
3157.0
3223.0
3265.0
3216.0
3231.0
3232.0
3227.0
3235.0
3226.0
3143.0
3230.0
3227.0
3230.0
3215.0
3226.0
3217.0
3229.0
3194.0
3218.0
3225.0
3223.0
3216.0
3218.0
3234.0
3152.0
3217.0
3170.0
3218.0
3222.0
3209.0
3211.0
3219.0
3221.0
3215.0
3241.0
3203.0
3214.0
3215.0
3200.0
3120.0
3200.0
3126.0
3211.0
3121.0
3214.0
3216.0
3216.0
3216.0
3184.0
3216.0
3218.0
3216.0
3226.0
3224.0
3229.0
3217.0
3236.0
3248.0
3216.0
3206.0
3216.0
3222.0
3206.0
3153.0
3215.0
3218.0
3216.0
3241.0
3229.0
3209.0
3254.0
3219.0
3211.0
3216.0
3229.0
3222.0
3299.0
3215.0
3213.0
3241.0
3216.0
3153.0
3226.0
3156.0
3229.0
3219.0
3219.0
3217.0
3245.0
3206.0
3216.0
3223.0
3200.0
3216.0
3212.0
3216.0
3214.0
3313.0
3207.0
3211.0
3216.0
3207.0
3216.0
3099.0
3218.0
3216.0
3217.0
3216.0
3223.0
3222.0
3218.0
3217.0
3211.0
3207.0
3179.0
3254.0
3215.0
3216.0
3213.0
3213.0
3215.0
3180.0
3216.0
3219.0
3214.0
3216.0
3216.0
3228.0
3103.0
3218.0
3206.0
3218.0
3223.0
3123.0
3210.0
3216.0
3221.0
3157.0
3229.0
3231.0
3216.0
3214.0
3311.0
3222.0
3228.0
3215.0
3182.0
3219.0
3217.0
3217.0
3218.0
3217.0
3221.0
3184.0
3218.0
3231.0
3221.0
3221.0
3211.0
3224.0
3217.0
3202.0
3222.0
3216.0
3225.0
3226.0
3244.0
3207.0
3216.0
3218.0
3219.0
3218.0
3228.0
3218.0
3213.0
3168.0
3220.0
3143.0
3223.0
3221.0
3223.0
3217.0
3211.0
3229.0
3217.0
3214.0
3222.0
3216.0
3211.0
3222.0
3217.0
3223.0
3219.0
3215.0
3346.0
3219.0
3137.0
3222.0
3215.0
3216.0
3356.0
3217.0
3253.0
3248.0
3221.0
3219.0
3216.0
3223.0
3201.0
3175.0
3225.0
3227.0
3207.0
3216.0
3222.0
3228.0
3212.0
3141.0
3216.0
3220.0
3231.0
3227.0
3216.0
3216.0
3219.0
3189.0
3220.0
3278.0
3225.0
3214.0
3216.0
3216.0
3222.0
3157.0
3215.0
3217.0
3218.0
3227.0
3227.0
3171.0
3197.0
3154.0
3317.0
3219.0
3188.0
3159.0
3215.0
3235.0
3350.0
3233.0
3237.0
3238.0
3226.0
3215.0
3222.0
3155.0
3223.0
3223.0
3217.0
3216.0
3143.0
3217.0
3210.0
3225.0
3222.0
3225.0
3216.0
3217.0
3217.0
3189.0
3226.0
3221.0
3222.0
3220.0
3216.0
3221.0
3216.0
3213.0
3221.0
3216.0
3216.0
3219.0
3211.0
3229.0
3218.0
3216.0
3217.0
3219.0
3218.0
3222.0
3216.0
3214.0
3220.0
3234.0
3219.0
3215.0
3215.0
3221.0
3217.0
3215.0
3221.0
3227.0
3216.0
3230.0
3222.0
3216.0
3219.0
3221.0
3216.0
3216.0
3231.0
3228.0
3216.0
3206.0
3218.0
3222.0
3217.0
3220.0
3219.0
3222.0
3214.0
3220.0
3221.0
3216.0
3216.0
3223.0
3221.0
3221.0
3216.0
3214.0
3222.0
3211.0
3213.0
3215.0
3215.0
3219.0
3219.0
3216.0
3216.0
3217.0
3223.0
3216.0
3218.0
3227.0
3226.0
3216.0
3234.0
3218.0
3222.0
3216.0
3222.0
3211.0
3216.0
3221.0
3220.0
3184.0
3170.0
3220.0
3213.0
3213.0
3217.0
3210.0
3221.0
3211.0
3221.0
3223.0
3247.0
3218.0
3216.0
3216.0
3221.0
3215.0
3230.0
3233.0
3266.0
3216.0
3227.0
3222.0
3216.0
3163.0
3222.0
3261.0
3218.0
3223.0
3216.0
3220.0
3216.0
3179.0
3210.0
3219.0
3216.0
3221.0
3216.0
3225.0
3217.0
3217.0
3200.0
3215.0
3263.0
3216.0
3214.0
3215.0
3230.0
3214.0
3211.0
3233.0
3219.0
3216.0
3210.0
3213.0
3216.0
3226.0
3195.0
3219.0
3216.0
3206.0
3226.0
3224.0
3214.0
3229.0
3223.0
3216.0
3228.0
3207.0
3219.0
3215.0
3223.0
3202.0
3216.0
3226.0
3216.0
3210.0
3224.0
3209.0
3213.0
3220.0
3202.0
3225.0
3222.0
3220.0
3253.0
3211.0
3219.0
3219.0
3219.0
3221.0
3223.0
3175.0
3221.0
3219.0
3218.0
3217.0
3216.0
3227.0
3227.0
3216.0
3212.0
3217.0
3207.0
3211.0
3253.0
3219.0
3222.0
3219.0
3214.0
3210.0
3216.0
3217.0
3202.0
3222.0
3226.0
3220.0
3217.0
3155.0
3221.0
3217.0
3205.0
3221.0
3214.0
3219.0
3215.0
3221.0
3248.0
3222.0
3327.0
3219.0
3221.0
3216.0
3170.0
3216.0
3220.0
3216.0
3206.0
3229.0
3215.0
3212.0
3213.0
3211.0
3213.0
3226.0
3218.0
3248.0
3216.0
3223.0
3218.0
3215.0
3200.0
3228.0
3323.0
3223.0
3225.0
3232.0
3218.0
3215.0
3212.0
3216.0
3210.0
3217.0
3216.0
3221.0
3221.0
3216.0
3216.0
3215.0
3222.0
3216.0
3169.0
3227.0
3264.0
3250.0
3230.0
3210.0
3209.0
3285.0
3202.0
3222.0
3216.0
3220.0
3227.0
3219.0
3337.0
3152.0
3216.0
3218.0
3219.0
3214.0
3223.0
3317.0
3210.0
3210.0
3211.0
3207.0
3217.0
3216.0
3219.0
3264.0
3207.0
3211.0
3187.0
3216.0
3215.0
3225.0
3225.0
3218.0
3295.0
3215.0
3207.0
3217.0
3231.0
3215.0
3217.0
3215.0
3178.0
3215.0
3217.0
3214.0
3213.0
3218.0
3217.0
3106.0
3179.0
3219.0
3218.0
3200.0
3195.0
3205.0
3218.0
3233.0
3261.0
3335.0
3279.0
3222.0
3216.0
3215.0
3216.0
3216.0
3262.0
3199.0
3223.0
3218.0
3216.0
3223.0
3221.0
3214.0
3171.0
3229.0
3213.0
3225.0
3217.0
3223.0
3215.0
3208.0
3214.0
3216.0
3248.0
3210.0
3216.0
3221.0
3220.0
3247.0
3213.0
3181.0
3213.0
3218.0
3205.0
3216.0
3216.0
3225.0
3157.0
3250.0
3204.0
3218.0
3206.0
3221.0
3214.0
3241.0
3201.0
3182.0
3183.0
3217.0
3229.0
3216.0
3220.0
3214.0
3214.0
3229.0
3223.0
3130.0
3215.0
3211.0
3227.0
3217.0
3205.0
3223.0
3209.0
3236.0
3219.0
3216.0
3217.0
3212.0
3200.0
3216.0
3223.0
3250.0
3210.0
3223.0
3216.0
3250.0
3217.0
3184.0
3223.0
3227.0
3219.0
3227.0
3216.0
3217.0
3216.0
3219.0
3223.0
3216.0
3216.0
3218.0
3216.0
3216.0
3153.0
3147.0
3223.0
3237.0
3216.0
3213.0
3217.0
3217.0
3215.0
3215.0
3258.0
3271.0
3141.0
3217.0
3216.0
3211.0
3174.0
3218.0
3211.0
3223.0
3217.0
3216.0
3216.0
3223.0
3205.0
3118.0
3205.0
3216.0
3216.0
3205.0
3221.0
3255.0
3166.0
3053.0
2957.0
2889.0
2833.0
2800.0
2752.0
2705.0
2670.0
2634.0
2612.0
2624.0
2613.0
2614.0
2634.0
2659.0
2675.0
2746.0
2757.0
2775.0
2816.0
2847.0
2896.0
2925.0
2980.0
3022.0
3086.0
3140.0
3200.0
3248.0
3343.0
3347.0
3441.0
3503.0
3892.0
3935.0
4095.0
4095.0
4095.0
4095.0
4095.0
4095.0
4095.0
4095.0
4095.0
4095.0
4095.0
4095.0
4095.0
3979.0
3920.0
3739.0
3615.0
3493.0
3311.0
3214.0
3124.0
3051.0
2965.0
2989.0
2837.0
2785.0
2742.0
2717.0
2687.0
2645.0
2640.0
2622.0
2581.0
2514.0
2475.0
2499.0
2447.0
2381.0
2431.0
2463.0
2439.0
2448.0
2483.0
2527.0
2569.0
2611.0
2669.0
2734.0
2800.0
2871.0
2982.0
2999.0
3107.0
3153.0
3210.0
3282.0
3344.0
3418.0
3498.0
3536.0
3602.0
3637.0
3668.0
3707.0
3698.0
3696.0
3682.0
3648.0
3662.0
3565.0
3508.0
3461.0
3453.0
3551.0
3690.0
3753.0
3783.0
3846.0
3805.0
3947.0
3987.0
4015.0
3967.0
3824.0
3847.0
3890.0
3728.0
3621.0
3540.0
3501.0
3408.0
3372.0
3322.0
3249.0
3182.0
3147.0
3127.0
3071.0
3024.0
2983.0
2993.0
2969.0
2934.0
2895.0
2873.0
2880.0
2876.0
2890.0
2903.0
2914.0
2940.0
2962.0
2993.0
3016.0
3024.0
3003.0
3037.0
2921.0
2910.0
2865.0
2844.0
2829.0
2813.0
2800.0
2787.0
2815.0
2781.0
2803.0
2810.0
2830.0
2848.0
2868.0
2906.0
3115.0
3120.0
3271.0
3391.0
3546.0
3696.0
3870.0
4027.0
4095.0
4095.0
4095.0
4095.0
4095.0
4095.0
4095.0
4095.0
4095.0
4095.0
4095.0
4071.0
3942.0
3815.0
3683.0
3573.0
3426.0
3274.0
3242.0
3152.0
3060.0
2992.0
2917.0
2819.0
2704.0
2605.0
2544.0
2482.0
2426.0
2375.0
2350.0
2346.0
2298.0
2242.0
2311.0
2314.0
2329.0
2367.0
2416.0
2462.0
2447.0
2580.0
2647.0
2711.0
2797.0
2874.0
2944.0
3024.0
3128.0
3210.0
3221.0
3385.0
3482.0
3555.0
3631.0
3714.0
3764.0
3787.0
3892.0
3826.0
3824.0
3804.0
3756.0
3809.0
3673.0
3661.0
3561.0
3734.0
3774.0
3857.0
3904.0
3942.0
3987.0
3995.0
4001.0
4043.0
4045.0
3846.0
3805.0
3791.0
3696.0
3583.0
3490.0
3413.0
3347.0
3286.0
3231.0
3293.0
3111.0
3018.0
3053.0
3038.0
2977.0
2937.0
2945.0
2906.0
2893.0
2871.0
2874.0
2864.0
2864.0
2900.0
2909.0
2853.0
2819.0
2768.0
2741.0
2711.0
2701.0
2678.0
2657.0
2688.0
2651.0
2640.0
2673.0
2679.0
2719.0
2743.0
2796.0
2832.0
2903.0
2912.0
2960.0
3008.0
3120.0
3088.0
3120.0
3163.0
3213.0
3258.0
3250.0
3485.0
3376.0
3399.0
3435.0
3471.0
3481.0
3475.0
3523.0
3457.0
3435.0
3394.0
3377.0
3355.0
3319.0
3293.0
3274.0
3266.0
3228.0
3245.0
3118.0
3146.0
3138.0
3101.0
3071.0
3078.0
3045.0
3042.0
3025.0
3011.0
3030.0
3019.0
3022.0
3026.0
3049.0
3135.0
3265.0
3393.0
3486.0
3627.0
3725.0
3845.0
3955.0
4095.0
4095.0
4095.0
4095.0
4095.0
4095.0
4095.0
4095.0
4095.0
3817.0
3931.0
3726.0
3701.0
3579.0
3465.0
3406.0
3312.0
3216.0
3062.0
3103.0
2994.0
2948.0
2843.0
2852.0
2810.0
2782.0
2771.0
2770.0
2761.0
2654.0
2619.0
2585.0
2544.0
2512.0
2506.0
2466.0
2471.0
2478.0
2498.0
2505.0
2520.0
2571.0
2595.0
2701.0
2717.0
2779.0
2853.0
2928.0
3062.0
3277.0
3452.0
3659.0
3873.0
4095.0
4095.0
4095.0
4095.0
4095.0
4095.0
4095.0
4095.0
4095.0
4095.0
4095.0
4095.0
4095.0
4095.0
4095.0
4039.0
3819.0
3638.0
3481.0
3330.0
3199.0
3079.0
2960.0
2886.0
2806.0
2752.0
2687.0
2639.0
2609.0
2638.0
2576.0
2576.0
2546.0
2567.0
2583.0
2594.0
2625.0
2667.0
2662.0
2752.0
2836.0
2857.0
2903.0
2983.0
3150.0
3157.0
3248.0
3251.0
3457.0
3552.0
3658.0
3769.0
3842.0
3909.0
3979.0
4035.0
4046.0
4050.0
4077.0
4003.0
3979.0
3934.0
4022.0
3807.0
3667.0
3649.0
3535.0
3451.0
3360.0
3312.0
3213.0
3067.0
3078.0
2967.0
2976.0
2927.0
2893.0
2870.0
2858.0
2832.0
2742.0
2727.0
2818.0
2812.0
2817.0
2827.0
2864.0
2844.0
2843.0
2933.0
2967.0
3011.0
3057.0
3118.0
3165.0
3341.0
3280.0
3346.0
3384.0
3445.0
3504.0
3542.0
3568.0
3619.0
3632.0
3672.0
3731.0
3695.0
3696.0
3689.0
3651.0
3652.0
3579.0
3536.0
3488.0
3446.0
3391.0
3341.0
3291.0
3210.0
3201.0
3196.0
3115.0
3087.0
2993.0
3023.0
3005.0
2968.0
2946.0
2935.0
2923.0
2942.0
2925.0
2928.0
2816.0
2947.0
2963.0
2974.0
3004.0
3024.0
3051.0
3088.0
3110.0
3167.0
3183.0
3210.0
3261.0
3285.0
3314.0
3360.0
3395.0
3422.0
3520.0
3463.0
3385.0
3508.0
3517.0
3523.0
3510.0
3509.0
3533.0
3475.0
3451.0
3444.0
3408.0
3370.0
3312.0
3323.0
3296.0
3258.0
3227.0
3190.0
3161.0
3135.0
3112.0
3129.0
3078.0
3056.0
3048.0
3034.0
3035.0
3020.0
3023.0
3061.0
3023.0
3035.0
3037.0
3056.0
3061.0
3087.0
3111.0
3110.0
3137.0
3173.0
3178.0
3203.0
3223.0
3258.0
3231.0
3296.0
3437.0
3342.0
3358.0
3376.0
3393.0
3411.0
3443.0
3335.0
3391.0
3399.0
3393.0
3389.0
3376.0
3366.0
3344.0
3239.0
3312.0
3296.0
3274.0
3250.0
3223.0
3209.0
3191.0
3180.0
3123.0
3145.0
3127.0
3119.0
3113.0
3039.0
3093.0
3134.0
3097.0
3091.0
3103.0
3105.0
3103.0
3108.0
3129.0
3171.0
3134.0
3156.0
3172.0
3199.0
3191.0
3216.0
3232.0
3274.0
3269.0
3285.0
3262.0
3291.0
3305.0
3312.0
3297.0
3321.0
3337.0
3333.0
3345.0
3327.0
3315.0
3331.0
3230.0
3322.0
3298.0
3285.0
3270.0
3264.0
3250.0
3248.0
3184.0
3216.0
3190.0
3190.0
3178.0
3169.0
3165.0
3145.0
3152.0
3125.0
3125.0
3133.0
3125.0
3146.0
3143.0
3136.0
3147.0
3123.0
3161.0
3182.0
3168.0
3175.0
3111.0
3198.0
3202.0
3262.0
3220.0
3229.0
3247.0
3262.0
3263.0
3269.0
3280.0
3184.0
3291.0
3299.0
3369.0
3290.0
3295.0
3295.0
3281.0
3289.0
3281.0
3263.0
3344.0
3262.0
3248.0
3246.0
3238.0
3235.0
3219.0
3210.0
3202.0
3199.0
3202.0
3187.0
3189.0
3170.0
3177.0
3162.0
3166.0
3163.0
3174.0
3163.0
3169.0
3159.0
3173.0
3173.0
3177.0
3183.0
3187.0
3187.0
3198.0
3200.0
3206.0
3216.0
3222.0
3233.0
3241.0
3244.0
3253.0
3258.0
3266.0
3269.0
3269.0
3269.0
3274.0
3269.0
3280.0
3275.0
3265.0
3264.0
3263.0
3265.0
3258.0
3249.0
3243.0
3245.0
3236.0
3239.0
3216.0
3206.0
3213.0
3203.0
3194.0
3201.0
3201.0
3197.0
3191.0
3186.0
3182.0
3184.0
3180.0
3181.0
3175.0
3184.0
3182.0
3186.0
3187.0
3190.0
3190.0
3207.0
3209.0
3207.0
3211.0
3219.0
3222.0
3217.0
3232.0
3232.0
3245.0
3248.0
3248.0
3257.0
3264.0
3248.0
3270.0
3259.0
3258.0
3258.0
3258.0
3263.0
3255.0
3258.0
3253.0
3234.0
3226.0
3230.0
3187.0
3133.0
3259.0
3221.0
3213.0
3216.0
3211.0
3217.0
3174.0
3205.0
3200.0
3213.0
3198.0
3189.0
3202.0
3183.0
3195.0
3127.0
3191.0
3202.0
3196.0
3191.0
3191.0
3214.0
3213.0
3210.0
3265.0
3205.0
3221.0
3222.0
3222.0
3219.0
3215.0
3235.0
3238.0
3264.0
3244.0
3248.0
3259.0
3260.0
3239.0
3221.0
3230.0
3259.0
3245.0
3239.0
3236.0
3232.0
3253.0
3238.0
3231.0
3217.0
3251.0
3213.0
3214.0
3210.0
3216.0
3280.0
3200.0
3211.0
3199.0
3195.0
3201.0
3199.0
3202.0
3273.0
3196.0
3159.0
3203.0
3200.0
3196.0
3211.0
3198.0
3161.0
3223.0
3238.0
3142.0
3218.0
3223.0
3217.0
3343.0
3242.0
3221.0
3248.0
3230.0
3136.0
3217.0
3227.0
3229.0
3234.0
3217.0
3239.0
3241.0
3230.0
3226.0
3231.0
3310.0
3233.0
3223.0
3223.0
3236.0
3217.0
3212.0
3216.0
3209.0
3214.0
3217.0
3216.0
3206.0
3197.0
3205.0
3214.0
3198.0
3213.0
3200.0
3211.0
3200.0
3200.0
3168.0
3202.0
3216.0
3205.0
3206.0
3211.0
3209.0
3216.0
3216.0
3219.0
3219.0
3211.0
3221.0
3217.0
3223.0
3235.0
3232.0
3231.0
3237.0
3227.0
3223.0
3226.0
3227.0
3229.0
3216.0
3230.0
3205.0
3222.0
3292.0
3231.0
3228.0
3218.0
3216.0
3233.0
3215.0
3215.0
3187.0
3197.0
3216.0
3217.0
3213.0
3204.0
3214.0
3211.0
3206.0
3204.0
3212.0
3229.0
3199.0
3216.0
3218.0
3216.0
3334.0
3214.0
3215.0
3197.0
3215.0
3147.0
3223.0
3222.0
3216.0
3217.0
3219.0
3223.0
3227.0
3227.0
3326.0
3233.0
3222.0
3225.0
3220.0
3222.0
3227.0
3223.0
3184.0
3232.0
3267.0
3214.0
3231.0
3221.0
3223.0
3225.0
3216.0
3252.0
3250.0
3215.0
3218.0
3213.0
3214.0
3213.0
3250.0
3187.0
3210.0
3201.0
3184.0
3179.0
3170.0
3177.0
3134.0
3108.0
3193.0
3168.0
3168.0
3176.0
3175.0
3170.0
3182.0
3118.0
3181.0
3184.0
3193.0
3188.0
3199.0
3201.0
3205.0
3230.0
3219.0
3226.0
3248.0
3246.0
3255.0
3248.0
3248.0
3245.0
3248.0
3209.0
3155.0
3248.0
3246.0
3248.0
3237.0
3315.0
3247.0
3243.0
3241.0
3224.0
3230.0
3226.0
3269.0
3214.0
3190.0
3214.0
3204.0
3212.0
3213.0
3210.0
3216.0
3262.0
3317.0
3214.0
3210.0
3205.0
3205.0
3201.0
3200.0
3113.0
3207.0
3139.0
3186.0
3198.0
3207.0
3201.0
3202.0
3215.0
3186.0
3216.0
3227.0
3214.0
3210.0
3216.0
3216.0
3207.0
3227.0
3215.0
3231.0
3217.0
3219.0
3220.0
3216.0
3220.0
3217.0
3242.0
3219.0
3209.0
3213.0
3203.0
3197.0
3211.0
3206.0
3215.0
3131.0
3215.0
3213.0
3207.0
3216.0
3162.0
3213.0
3216.0
3204.0
3210.0
3220.0
3212.0
3219.0
3206.0
3216.0
3196.0
3223.0
3216.0
3219.0
3227.0
3335.0
3228.0
3206.0
3225.0
3227.0
3218.0
3222.0
3216.0
3162.0
3181.0
3230.0
3219.0
3219.0
3201.0
3226.0
3218.0
3222.0
3201.0
3237.0
3216.0
3237.0
3225.0
3216.0
3105.0
3206.0
3033.0
2865.0
2608.0
2419.0
2267.0
2161.0
2063.0
1983.0
1968.0
1891.0
1853.0
1851.0
1822.0
1826.0
1840.0
1839.0
1873.0
1963.0
1951.0
2014.0
2073.0
2129.0
2198.0
2274.0
2282.0
2415.0
2474.0
2539.0
2593.0
2662.0
2695.0
2790.0
2811.0
2846.0
2874.0
2903.0
2951.0
2998.0
3010.0
3031.0
3039.0
2976.0
3059.0
3109.0
3165.0
3251.0
3461.0
3830.0
4095.0
4095.0
4095.0
4095.0
4095.0
4095.0
4095.0
4095.0
4095.0
4095.0
4095.0
4095.0
4095.0
4095.0
4095.0
4095.0
4095.0
4095.0
3997.0
3648.0
3355.0
3123.0
2928.0
2781.0
2711.0
2541.0
2353.0
2146.0
1961.0
1819.0
1712.0
1613.0
1548.0
1475.0
1457.0
1439.0
1424.0
1420.0
1365.0
1444.0
1472.0
1550.0
1580.0
1635.0
1713.0
1792.0
1878.0
1937.0
2122.0
2160.0
2219.0
2304.0
2375.0
2454.0
2513.0
2544.0
2686.0
2683.0
2746.0
2815.0
2873.0
2912.0
2975.0
3081.0
3262.0
3685.0
4095.0
4095.0
4095.0
4095.0
4095.0
4095.0
4095.0
4095.0
4095.0
4095.0
4095.0
4095.0
4095.0
4095.0
4095.0
4095.0
4095.0
4095.0
4095.0
3872.0
3497.0
3205.0
2987.0
2809.0
2656.0
2590.0
2419.0
2384.0
2305.0
2230.0
2179.0
2092.0
2026.0
1967.0
1914.0
1861.0
1841.0
1834.0
1718.0
1847.0
1867.0
1920.0
1959.0
2015.0
2101.0
2176.0
2262.0
2352.0
2465.0
2533.0
2620.0
2802.0
3033.0
3318.0
3692.0
4027.0
4095.0
4095.0
4095.0
4095.0
4095.0
4095.0
4095.0
4095.0
4095.0
4095.0
4095.0
4095.0
4095.0
4095.0
4095.0
4095.0
4095.0
3943.0
3643.0
3359.0
2997.0
2691.0
2461.0
2304.0
2181.0
1991.0
1878.0
1838.0
1841.0
1866.0
1896.0
1922.0
1984.0
2000.0
2115.0
2192.0
2279.0
2386.0
2525.0
2646.0
2833.0
2970.0
3175.0
3429.0
3696.0
4006.0
4095.0
4095.0
4095.0
4095.0
4095.0
4095.0
4095.0
4095.0
4095.0
4095.0
4095.0
3762.0
3186.0
2913.0
2652.0
2448.0
2304.0
2149.0
2011.0
1890.0
1839.0
1751.0
1707.0
1658.0
1637.0
1616.0
1647.0
1616.0
1712.0
1750.0
1866.0
1874.0
1943.0
1997.0
2103.0
2138.0
2183.0
2256.0
2330.0
2384.0
2416.0
2605.0
2574.0
2640.0
2724.0
2903.0
3101.0
3536.0
4095.0
4095.0
4095.0
4095.0
4095.0
4095.0
4095.0
4095.0
4095.0
4095.0
4095.0
4095.0
4095.0
4095.0
4095.0
4095.0
4095.0
4095.0
4095.0
4037.0
3619.0
3258.0
3012.0
2826.0
2669.0
2559.0
2447.0
2366.0
2307.0
2257.0
2256.0
2261.0
2175.0
2154.0
2060.0
1953.0
1854.0
1760.0
1687.0
1639.0
1615.0
1602.0
1617.0
1637.0
1696.0
1711.0
1744.0
1806.0
1861.0
1899.0
1988.0
2001.0
2078.0
2129.0
2206.0
2255.0
2341.0
2497.0
2479.0
2541.0
2608.0
2670.0
2720.0
2750.0
2777.0
2810.0
2806.0
2819.0
2816.0
2821.0
2962.0
2837.0
2831.0
2855.0
2866.0
3059.0
3463.0
3938.0
4095.0
4095.0
4095.0
4095.0
4095.0
4095.0
4095.0
4095.0
4095.0
4095.0
4095.0
4095.0
4095.0
4095.0
4095.0
4095.0
4095.0
4095.0
4041.0
3679.0
3285.0
3121.0
2937.0
2804.0
2693.0
2608.0
2521.0
2519.0
2430.0
2382.0
2352.0
2319.0
2310.0
2297.0
2262.0
2320.0
2316.0
2318.0
2335.0
2345.0
2357.0
2358.0
2368.0
2362.0
2372.0
2377.0
2417.0
2375.0
2368.0
2375.0
2378.0
2427.0
2409.0
2432.0
2460.0
2502.0
2539.0
2589.0
2627.0
2689.0
2831.0
2777.0
2829.0
2864.0
2889.0
2914.0
2955.0
2973.0
2991.0
3021.0
3041.0
3059.0
3088.0
3117.0
3121.0
3249.0
3136.0
3147.0
3226.0
3466.0
3807.0
4095.0
4095.0
4095.0
4095.0
4095.0
4095.0
4095.0
4095.0
4095.0
4095.0
4095.0
4095.0
4095.0
4095.0
4095.0
4095.0
4095.0
4095.0
3990.0
3614.0
3382.0
3190.0
3039.0
2910.0
2803.0
2656.0
2653.0
2624.0
2543.0
2497.0
2477.0
2448.0
2416.0
2413.0
2433.0
2402.0
2414.0
2421.0
2430.0
2438.0
2448.0
2465.0
2481.0
2521.0
2538.0
2541.0
2529.0
2602.0
2608.0
2615.0
2607.0
2675.0
2694.0
2796.0
2950.0
3143.0
3349.0
3594.0
3815.0
4095.0
4095.0
4095.0
4095.0
4095.0
4095.0
4095.0
4095.0
4095.0
4095.0
4095.0
4095.0
4095.0
4095.0
4095.0
4095.0
4074.0
3824.0
3616.0
3568.0
3237.0
3120.0
2947.0
2835.0
2629.0
2393.0
2187.0
2026.0
1895.0
1783.0
1702.0
1664.0
1600.0
1571.0
1549.0
1503.0
1534.0
1558.0
1581.0
1614.0
1706.0
1726.0
1793.0
1867.0
1946.0
2020.0
2109.0
2197.0
2279.0
2349.0
2427.0
2481.0
2544.0
2615.0
2667.0
2782.0
2765.0
2810.0
2863.0
2862.0
2943.0
2963.0
2971.0
2992.0
2990.0
2969.0
2928.0
2979.0
2928.0
2918.0
2903.0
2911.0
2963.0
3047.0
3291.0
3695.0
4095.0
4095.0
4095.0
4095.0
4095.0
4095.0
4095.0
4095.0
4095.0
4095.0
4095.0
4095.0
4095.0
4095.0
4095.0
4095.0
4095.0
4095.0
4095.0
3814.0
3496.0
3243.0
3027.0
2862.0
2736.0
2617.0
2559.0
2496.0
2448.0
2449.0
2373.0
2358.0
2335.0
2323.0
2315.0
2325.0
2354.0
2346.0
2372.0
2380.0
2375.0
2362.0
2349.0
2345.0
2346.0
2343.0
2337.0
2331.0
2337.0
2317.0
2336.0
2313.0
2366.0
2387.0
2407.0
2448.0
2492.0
2535.0
2630.0
2625.0
2739.0
2746.0
2800.0
2839.0
2879.0
2937.0
3071.0
3379.0
3739.0
4095.0
4095.0
4095.0
4095.0
4095.0
4095.0
4095.0
4095.0
4095.0
4095.0
4095.0
4095.0
4095.0
4095.0
4095.0
4095.0
4095.0
4095.0
4023.0
3696.0
3433.0
3213.0
3038.0
2902.0
2774.0
2690.0
2605.0
2519.0
2465.0
2436.0
2334.0
2391.0
2320.0
2361.0
2351.0
2359.0
2386.0
2402.0
2450.0
2448.0
2544.0
2611.0
2681.0
2777.0
2864.0
2960.0
3120.0
3118.0
3313.0
3438.0
3579.0
3723.0
3826.0
3949.0
4095.0
4095.0
4095.0
4095.0
4095.0
4095.0
4095.0
4095.0
4095.0
4095.0
4047.0
3939.0
3806.0
3683.0
3599.0
3431.0
3327.0
3287.0
3152.0
3071.0
3054.0
2950.0
2896.0
2800.0
2794.0
2791.0
2757.0
2820.0
2736.0
2717.0
2717.0
2733.0
2736.0
2762.0
2794.0
2820.0
2864.0
2912.0
2961.0
3015.0
3088.0
3142.0
3216.0
3285.0
3346.0
3419.0
3504.0
3571.0
3643.0
3703.0
3761.0
3820.0
3847.0
3875.0
3874.0
3875.0
3843.0
3809.0
3767.0
3728.0
3646.0
3571.0
3488.0
3430.0
3379.0
3299.0
3247.0
3185.0
3135.0
3093.0
3042.0
2995.0
2962.0
2933.0
2905.0
2885.0
2867.0
2854.0
2852.0
2861.0
2862.0
2862.0
2875.0
2895.0
2921.0
2938.0
2968.0
3012.0
3031.0
3071.0
3119.0
3163.0
3212.0
3247.0
3297.0
3365.0
3408.0
3456.0
3493.0
3529.0
3568.0
3598.0
3623.0
3625.0
3639.0
3639.0
3610.0
3609.0
3596.0
3565.0
3526.0
3504.0
3449.0
3415.0
3365.0
3328.0
3280.0
3242.0
3197.0
3158.0
3121.0
3095.0
3067.0
3051.0
3019.0
3005.0
2993.0
2983.0
2981.0
2963.0
2961.0
2961.0
2977.0
3024.0
3000.0
3007.0
3033.0
3053.0
3087.0
3094.0
3104.0
3137.0
3120.0
3222.0
3275.0
3279.0
3310.0
3328.0
3357.0
3375.0
3395.0
3426.0
3468.0
3457.0
3455.0
3475.0
3461.0
3468.0
3449.0
3439.0
3429.0
3406.0
3375.0
3353.0
3322.0
3297.0
3279.0
3249.0
3219.0
3203.0
3181.0
3152.0
3136.0
3027.0
3098.0
3091.0
3088.0
3085.0
3057.0
3054.0
3065.0
3031.0
3061.0
3109.0
3071.0
3086.0
3104.0
3114.0
3130.0
3144.0
3165.0
3154.0
3257.0
3223.0
3246.0
3250.0
3281.0
3292.0
3298.0
3329.0
3330.0
3354.0
3363.0
3358.0
3435.0
3389.0
3367.0
3363.0
3357.0
3334.0
3328.0
3314.0
3312.0
3289.0
3280.0
3262.0
3249.0
3175.0
3216.0
3201.0
3195.0
3142.0
3171.0
3147.0
3150.0
3147.0
3126.0
3113.0
3113.0
3123.0
3051.0
3125.0
3120.0
3132.0
3128.0
3119.0
3154.0
3141.0
3169.0
3184.0
3191.0
3123.0
3217.0
3237.0
3248.0
3264.0
3262.0
3271.0
3289.0
3282.0
3306.0
3303.0
3327.0
3298.0
3312.0
3312.0
3307.0
3319.0
3311.0
3299.0
3289.0
3299.0
3281.0
3264.0
3248.0
3152.0
3232.0
3223.0
3216.0
3199.0
3199.0
3226.0
3259.0
3171.0
3158.0
3168.0
3152.0
3142.0
3109.0
3136.0
3140.0
3150.0
3147.0
3085.0
3163.0
3169.0
3169.0
3186.0
3200.0
3191.0
3193.0
3200.0
3219.0
3199.0
3232.0
3252.0
3255.0
3265.0
3361.0
3267.0
3229.0
3280.0
3392.0
3292.0
3280.0
3289.0
3299.0
3277.0
3293.0
3214.0
3283.0
3279.0
3258.0
3263.0
3259.0
3251.0
3312.0
3241.0
3207.0
3215.0
3207.0
3195.0
3190.0
3195.0
3140.0
3184.0
3150.0
3166.0
3174.0
3179.0
3165.0
3104.0
3167.0
3207.0
3184.0
3173.0
3184.0
3189.0
3191.0
3200.0
3204.0
3292.0
3219.0
3221.0
3221.0
3235.0
3237.0
3248.0
3186.0
3271.0
3254.0
3305.0
3226.0
3280.0
3280.0
3269.0
3275.0
3338.0
3272.0
3270.0
3258.0
3272.0
3253.0
3346.0
3228.0
3166.0
3280.0
3230.0
3214.0
3216.0
3216.0
3216.0
3201.0
3186.0
3206.0
3194.0
3186.0
3186.0
3186.0
3191.0
3184.0
3173.0
3190.0
3181.0
3187.0
3187.0
3191.0
3195.0
3209.0
3222.0
3282.0
3190.0
3211.0
3214.0
3223.0
3232.0
3227.0
3258.0
3259.0
3248.0
3239.0
3259.0
3247.0
3255.0
3251.0
3247.0
3259.0
3309.0
3253.0
3248.0
3248.0
3237.0
3257.0
3252.0
3280.0
3239.0
3228.0
3229.0
3231.0
3219.0
3218.0
3280.0
3211.0
3206.0
3211.0
3190.0
3196.0
3191.0
3209.0
3248.0
3198.0
3200.0
3197.0
3197.0
3201.0
3206.0
3200.0
3216.0
3178.0
3221.0
3172.0
3218.0
3223.0
3219.0
3227.0
3169.0
3229.0
3222.0
3236.0
3236.0
3231.0
3246.0
3246.0
3241.0
3244.0
3248.0
3248.0
3253.0
3241.0
3248.0
3357.0
3238.0
3214.0
3222.0
3178.0
3234.0
3227.0
3232.0
3216.0
3209.0
3218.0
3207.0
3212.0
3199.0
3205.0
3206.0
3201.0
3263.0
3205.0
3203.0
3209.0
3202.0
3199.0
3202.0
3136.0
3216.0
3191.0
3196.0
3213.0
3215.0
3216.0
3226.0
3225.0
3200.0
3222.0
3225.0
3222.0
3203.0
3246.0
3231.0
3235.0
3267.0
3234.0
3235.0
3219.0
3235.0
3301.0
3226.0
3228.0
3234.0
3238.0
3230.0
3231.0
3238.0
3247.0
3231.0
3226.0
3314.0
3207.0
3205.0
3242.0
3216.0
3214.0
3211.0
3211.0
3218.0
3210.0
3209.0
3202.0
3200.0
3209.0
3205.0
3215.0
3063.0
3199.0
3210.0
3210.0
3206.0
3250.0
3252.0
3206.0
3219.0
3207.0
3217.0
3216.0
3218.0
3216.0
3248.0
3230.0
3205.0
3226.0
3227.0
3226.0
3223.0
3223.0
3227.0
3195.0
3227.0
3231.0
3234.0
3239.0
3221.0
3234.0
3222.0
3219.0
3222.0
3251.0
3216.0
3215.0
3221.0
3219.0
3125.0
3215.0
3227.0
3199.0
3184.0
3216.0
3204.0
3216.0
3213.0
3311.0
3231.0
3147.0
3213.0
3215.0
3216.0
3209.0
3201.0
3136.0
3147.0
3245.0
3213.0
3212.0
3225.0
3218.0
3217.0
3219.0
3227.0
3216.0
3278.0
3233.0
3231.0
3223.0
3234.0
3252.0
3230.0
3227.0
3217.0
3167.0
3215.0
3230.0
3229.0
3222.0
3218.0
3180.0
3283.0
3219.0
3221.0
3229.0
3219.0
3217.0
3183.0
3169.0
3218.0
3221.0
3218.0
3219.0
3207.0
3216.0
3175.0
3255.0
3216.0
3216.0
3233.0
3226.0
3216.0
3214.0
3195.0
3233.0
3159.0
3214.0
3215.0
3216.0
3216.0
3213.0
3216.0
3214.0
3342.0
3230.0
3227.0
3217.0
3217.0
3216.0
3219.0
3142.0
3218.0
3221.0
3227.0
3231.0
3248.0
3226.0
3171.0
3152.0
3155.0
3223.0
3234.0
3221.0
3231.0
3237.0
3229.0
3131.0
3269.0
3221.0
3226.0
3216.0
3220.0
3218.0
3200.0
3247.0
3189.0
3219.0
3197.0
3222.0
3216.0
3213.0
3195.0
3152.0
3229.0
3162.0
3168.0
3215.0
3215.0
3227.0
3229.0
3216.0
3145.0
3249.0
3219.0
3207.0
3206.0
3213.0
3152.0
3222.0
3202.0
3227.0
3216.0
3221.0
3227.0
3219.0
3216.0
3248.0
3221.0
3207.0
3226.0
3218.0
3229.0
3226.0
3219.0
3219.0
3206.0
3206.0
3219.0
3230.0
3221.0
3216.0
3251.0
3216.0
3200.0
3216.0
3183.0
3222.0
3226.0
3226.0
3236.0
3248.0
3216.0
3217.0
3216.0
3171.0
3216.0
3222.0
3225.0
3235.0
3223.0
3219.0
3219.0
3217.0
3216.0
3219.0
3223.0
3232.0
3217.0
3225.0
3110.0
3215.0
3216.0
3219.0
3216.0
3175.0
3216.0
3233.0
3215.0
3230.0
3218.0
3216.0
3210.0
3233.0
3239.0
3225.0
3215.0
3218.0
3264.0
3217.0
3247.0
3220.0
3222.0
3147.0
3223.0
3216.0
3229.0
3230.0
3216.0
3146.0
3220.0
3225.0
3215.0
3226.0
3285.0
3215.0
3189.0
3220.0
3217.0
3263.0
3216.0
3214.0
3216.0
3216.0
3228.0
3280.0
3219.0
3221.0
3156.0
3226.0
3216.0
3223.0
3219.0
3228.0
3171.0
3249.0
3225.0
3231.0
3206.0
3177.0
3226.0
3220.0
3216.0
3217.0
3216.0
3220.0
3216.0
3217.0
3219.0
3197.0
3272.0
3223.0
3207.0
3222.0
3201.0
3222.0
3217.0
3209.0
3216.0
3223.0
3221.0
3217.0
3233.0
3180.0
3216.0
3267.0
3211.0
3225.0
3217.0
3216.0
3218.0
3216.0
3264.0
3254.0
3214.0
3216.0
3216.0
3216.0
3223.0
3216.0
3218.0
3226.0
3216.0
3121.0
3263.0
3227.0
3222.0
3229.0
3217.0
3218.0
3221.0
3218.0
3237.0
3213.0
3215.0
3235.0
3206.0
3322.0
3216.0
3221.0
3222.0
3219.0
3216.0
3223.0
3229.0
3205.0
3216.0
3223.0
3216.0
3227.0
3223.0
3222.0
3227.0
3312.0
3222.0
3229.0
3226.0
3223.0
3222.0
3219.0
3232.0
3197.0
3205.0
3216.0
3204.0
3217.0
3220.0
3215.0
3216.0
3216.0
3262.0
3219.0
3221.0
3207.0
3223.0
3221.0
3213.0
3185.0
3317.0
3213.0
3222.0
3231.0
3222.0
3211.0
3216.0
3232.0
3267.0
3216.0
3239.0
3227.0
3217.0
3217.0
3215.0
3217.0
3166.0
3216.0
3220.0
3219.0
3230.0
3221.0
3226.0
3212.0
3211.0
3329.0
3218.0
3225.0
3226.0
3222.0
3216.0
3214.0
3225.0
3279.0
3216.0
3228.0
3225.0
3216.0
3223.0
3226.0
3220.0
3168.0
3216.0
3210.0
3225.0
3221.0
3216.0
3136.0
3211.0
3220.0
3214.0
3223.0
3225.0
3227.0
3219.0
3219.0
3210.0
3216.0
3184.0
3213.0
3219.0
3223.0
3216.0
3226.0
3221.0
3201.0
3216.0
3228.0
3216.0
3217.0
3221.0
3217.0
3156.0
3217.0
3237.0
3217.0
3200.0
3218.0
3216.0
3216.0
3293.0
3222.0
3261.0
3216.0
3222.0
3216.0
3220.0
3251.0
3213.0
3191.0
3220.0
3146.0
3221.0
3220.0
3223.0
3215.0
3177.0
3225.0
3200.0
3222.0
3219.0
3216.0
3222.0
3217.0
3218.0
3217.0
3225.0
3225.0
3223.0
3219.0
3226.0
3226.0
3246.0
3214.0
3219.0
3219.0
3184.0
3205.0
3233.0
3211.0
3267.0
3232.0
3218.0
3216.0
3339.0
3224.0
3222.0
3220.0
3205.0
3219.0
3229.0
3147.0
3215.0
3218.0
3215.0
3223.0
3335.0
3216.0
3223.0
3229.0
3219.0
3223.0
3216.0
3213.0
3213.0
3216.0
3217.0
3215.0
3219.0
3269.0
3215.0
3090.0
3213.0
3138.0
3214.0
3214.0
3210.0
3211.0
3216.0
3219.0
3184.0
3221.0
3227.0
3226.0
3265.0
3218.0
3229.0
3216.0
3184.0
3223.0
3222.0
3223.0
3219.0
3229.0
3232.0
3197.0
3215.0
3218.0
3221.0
3221.0
3226.0
3216.0
3152.0
3238.0
3184.0
3231.0
3216.0
3216.0
3216.0
3216.0
3221.0
3222.0
3313.0
3217.0
3226.0
3216.0
3217.0
3215.0
3221.0
3219.0
3218.0
3220.0
3185.0
3231.0
3210.0
3216.0
3293.0
3219.0
3207.0
3209.0
3216.0
3209.0
3216.0
3214.0
3219.0
3285.0
3202.0
3219.0
3222.0
3218.0
3222.0
3221.0
3217.0
3207.0
3218.0
3313.0
3234.0
3219.0
3219.0
3223.0
3219.0
3230.0
3110.0
3216.0
3216.0
3214.0
3219.0
3231.0
3230.0
3312.0
3215.0
3214.0
3225.0
3215.0
3222.0
3217.0
3231.0
3206.0
3299.0
3258.0
3216.0
3218.0
3215.0
3215.0
3216.0
3185.0
3086.0
3221.0
3216.0
3215.0
3222.0
3222.0
3221.0
3211.0
3306.0
3200.0
3223.0
3214.0
3215.0
3211.0
3223.0
3215.0
3263.0
3213.0
3221.0
3223.0
3214.0
3216.0
3226.0
3212.0
3218.0
3217.0
3329.0
3220.0
3215.0
3218.0
3215.0
3216.0
3211.0
3220.0
3248.0
3223.0
3229.0
3227.0
3206.0
3216.0
3217.0
3208.0
3306.0
3235.0
3217.0
3242.0
3226.0
3216.0
3216.0
3223.0
3216.0
3227.0
3222.0
3231.0
3219.0
3235.0
3233.0
3216.0
3218.0
3217.0
3216.0
3220.0
3226.0
3227.0
3216.0
3222.0
3219.0
3225.0
3216.0
3221.0
3221.0
3216.0
3216.0
3230.0
3216.0
3216.0
3217.0
3217.0
3222.0
3216.0
3222.0
3216.0
3217.0
3216.0
3216.0
3220.0
3211.0
3225.0
3222.0
3221.0
3216.0
3219.0
3207.0
3215.0
3219.0
3221.0
3219.0
3216.0
3223.0
3219.0
3227.0
3221.0
3217.0
3216.0
3216.0
3219.0
3218.0
3222.0
3226.0
3228.0
3231.0
3216.0
3221.0
3230.0
3223.0
3220.0
3226.0
3231.0
3215.0
3216.0
3221.0
3221.0
3222.0
3219.0
3224.0
3223.0
3230.0
3217.0
3216.0
3223.0
3216.0
3223.0
3216.0
3223.0
3218.0
3216.0
3216.0
3222.0
3216.0
3267.0
3194.0
3201.0
3217.0
3227.0
3217.0
3220.0
3214.0
3219.0
3215.0
3185.0
3214.0
3216.0
3217.0
3209.0
3220.0
3219.0
3214.0
3216.0
3276.0
3215.0
3214.0
3218.0
3216.0
3191.0
3221.0
3117.0
3216.0
3223.0
3222.0
3230.0
3222.0
3222.0
3243.0
3221.0
3216.0
3212.0
3228.0
3216.0
3221.0
3228.0
3178.0
3222.0
3248.0
3250.0
3218.0
3216.0
3215.0
3216.0
3219.0
3223.0
3226.0
3218.0
3221.0
3221.0
3229.0
3205.0
3222.0
3283.0
3245.0
3247.0
3210.0
3227.0
3230.0
3219.0
3227.0
3219.0
3230.0
3225.0
3221.0
3225.0
3223.0
3216.0
3184.0
3222.0
3115.0
3223.0
3218.0
3223.0
3223.0
3211.0
3217.0
3120.0
3227.0
3226.0
3223.0
3229.0
3231.0
3216.0
3270.0
3216.0
3219.0
3220.0
3216.0
3213.0
3217.0
3218.0
3239.0
3213.0
3218.0
3225.0
3223.0
3217.0
3208.0
3217.0
3178.0
3212.0
3216.0
3216.0
3184.0
3227.0
3219.0
3223.0
3137.0
3217.0
3211.0
3209.0
3215.0
3216.0
3216.0
3278.0
3229.0
3223.0
3222.0
3222.0
3227.0
3220.0
3293.0
3231.0
3223.0
3231.0
3126.0
3189.0
3230.0
3199.0
3216.0
3216.0
3221.0
3159.0
3216.0
3226.0
3222.0
3223.0
3216.0
3218.0
3209.0
3219.0
3221.0
3216.0
3217.0
3216.0
3214.0
3216.0
3101.0
3218.0
3216.0
3219.0
3216.0
3221.0
3216.0
3219.0
3218.0
3155.0
3217.0
3219.0
3212.0
3218.0
3216.0
3217.0
3210.0
3216.0
3218.0
3222.0
3221.0
3230.0
3229.0
3257.0
3166.0
3219.0
3218.0
3222.0
3223.0
3218.0
3226.0
3201.0
3222.0
3359.0
3222.0
3217.0
3218.0
3221.0
3216.0
3220.0
3211.0
3214.0
3216.0
3230.0
3219.0
3233.0
3221.0
3206.0
3183.0
3289.0
3221.0
3215.0
3214.0
3221.0
3216.0
3206.0
3159.0
3235.0
3230.0
3212.0
3221.0
3222.0
3227.0
3218.0
3220.0
3216.0
3105.0
3317.0
3234.0
3219.0
3216.0
3120.0
3190.0
3153.0
3217.0
3222.0
3222.0
3227.0
3235.0
3216.0
3219.0
3152.0
3221.0
3221.0
3225.0
3222.0
3225.0
3223.0
3216.0
3265.0
3266.0
3216.0
3222.0
3218.0
3216.0
3216.0
3214.0
3170.0
3195.0
3216.0
3216.0
3216.0
3215.0
3230.0
3216.0
3193.0
3216.0
3216.0
3215.0
3214.0
3231.0
3221.0
3229.0
3248.0
3273.0
3223.0
3223.0
3216.0
3215.0
3225.0
3221.0
3220.0
3258.0
3235.0
3216.0
3218.0
3219.0
3223.0
3225.0
3221.0
3220.0
3216.0
3216.0
3219.0
3218.0
3218.0
3230.0
3214.0
3209.0
3229.0
3219.0
3213.0
3216.0
3215.0
3216.0
3120.0
3216.0
3194.0
3187.0
3213.0
3215.0
3216.0
3214.0
3254.0
3221.0
3254.0
3236.0
3221.0
3216.0
3211.0
3261.0
3221.0
3184.0
3225.0
3200.0
3211.0
3245.0
3216.0
3311.0
3212.0
3215.0
3223.0
3216.0
3225.0
3235.0
3222.0
3227.0
3217.0
3217.0
3234.0
3230.0
3231.0
3215.0
3226.0
3259.0
3219.0
3251.0
3221.0
3294.0
3216.0
3227.0
3230.0
3219.0
3251.0
3221.0
3216.0
3222.0
3216.0
3223.0
3217.0
3219.0
3183.0
3216.0
3215.0
3231.0
3219.0
3219.0
3218.0
3281.0
3215.0
3165.0
3211.0
3216.0
3216.0
3214.0
3219.0
3235.0
3336.0
3217.0
3216.0
3233.0
3206.0
3230.0
3226.0
3211.0
3310.0
3216.0
3225.0
3212.0
3227.0
3227.0
3216.0
3207.0
3217.0
3217.0
3216.0
3291.0
3217.0
3232.0
3219.0
3217.0
3293.0
3207.0
3218.0
3218.0
3231.0
3226.0
3227.0
3223.0
3248.0
3216.0
3222.0
3228.0
3216.0
3289.0
3216.0
3148.0
3216.0
3176.0
3213.0
3219.0
3235.0
3221.0
3226.0
3231.0
3180.0
3217.0
3203.0
3223.0
3213.0
3227.0
3216.0
3218.0
3184.0
3230.0
3218.0
3211.0
3218.0
3312.0
3219.0
3120.0
3229.0
3255.0
3225.0
3229.0
3218.0
3205.0
3175.0
3217.0
3147.0
3209.0
3218.0
3230.0
3217.0
3222.0
3216.0
3161.0
3148.0
3216.0
3216.0
3222.0
3227.0
3223.0
3215.0
3139.0
3213.0
3214.0
3221.0
3216.0
3220.0
3219.0
3174.0
3216.0
3213.0
3214.0
3223.0
3243.0
3216.0
3218.0
3219.0
3216.0
3221.0
3217.0
3185.0
3238.0
3212.0
3229.0
3229.0
3218.0
3215.0
3218.0
3203.0
3203.0
3218.0
3222.0
3220.0
3210.0
3232.0
3218.0
3239.0
3209.0
3214.0
3214.0
3222.0
3221.0
3216.0
3216.0
3279.0
3239.0
3215.0
3220.0
3226.0
3216.0
3216.0
3216.0
3269.0
3136.0
3226.0
3215.0
3216.0
3221.0
3220.0
3163.0
3216.0
3216.0
3221.0
3216.0
3226.0
3219.0
3247.0
3255.0
3155.0
3216.0
3221.0
3219.0
3216.0
3219.0
3238.0
3202.0
3218.0
3216.0
3217.0
3219.0
3231.0
3203.0
3223.0
3140.0
3223.0
3219.0
3216.0
3216.0
3227.0
3217.0
3259.0
3259.0
3217.0
3223.0
3214.0
3210.0
3218.0
3216.0
3376.0
3215.0
3253.0
3218.0
3219.0
3216.0
3216.0
3302.0
3225.0
3216.0
3226.0
3222.0
3216.0
3219.0
3221.0
3216.0
3219.0
3200.0
3219.0
3215.0
3214.0
3216.0
3226.0
3218.0
3219.0
3149.0
3149.0
3230.0
3217.0
3219.0
3218.0
3234.0
3221.0
3217.0
3215.0
3340.0
3219.0
3222.0
3221.0
3218.0
3204.0
3221.0
3216.0
3218.0
3238.0
3234.0
3225.0
3221.0
3208.0
3223.0
3231.0
3216.0
3222.0
3228.0
3215.0
3231.0
3219.0
3185.0
3216.0
3211.0
3217.0
3223.0
3229.0
3216.0
3201.0
3201.0
3213.0
3218.0
3282.0
3226.0
3216.0
3218.0
3386.0
3215.0
3217.0
3217.0
3227.0
3225.0
3211.0
3219.0
3215.0
3194.0
3227.0
3216.0
3210.0
3223.0
3216.0
3222.0
3216.0
3218.0
3217.0
3217.0
3199.0
3216.0
3228.0
3222.0
3223.0
3263.0
3216.0
3231.0
3214.0
3301.0
3217.0
3225.0
3227.0
3221.0
3221.0
3231.0
3217.0
3234.0
3255.0
3213.0
3222.0
3216.0
3214.0
3227.0
3226.0
3221.0
3220.0
3211.0
3217.0
3264.0
3219.0
3217.0
3218.0
3204.0
3221.0
3222.0
3218.0
3216.0
3216.0
3227.0
3217.0
3219.0
3222.0
3223.0
3245.0
3216.0
3250.0
3213.0
3216.0
3227.0
3225.0
3196.0
3227.0
3298.0
3213.0
3203.0
3221.0
3223.0
3209.0
3231.0
3223.0
3248.0
3223.0
3226.0
3217.0
3217.0
3228.0
3215.0
3226.0
3197.0
3223.0
3204.0
3215.0
3216.0
3211.0
3222.0
3095.0
3216.0
3333.0
3235.0
3210.0
3215.0
3220.0
3216.0
3165.0
3205.0
3226.0
3221.0
3221.0
3216.0
3221.0
3219.0
3207.0
3161.0
3222.0
3222.0
3232.0
3216.0
3209.0
3218.0
3217.0
3218.0
3158.0
3219.0
3216.0
3207.0
3231.0
3216.0
3222.0
3125.0
3222.0
3214.0
3217.0
3219.0
3213.0
3222.0
3201.0
3303.0
3221.0
3223.0
3226.0
3219.0
3216.0
3216.0
3117.0
3338.0
3328.0
3216.0
3215.0
3231.0
3231.0
3217.0
3219.0
3319.0
3216.0
3220.0
3214.0
3215.0
3223.0
3218.0
3217.0
3206.0
3221.0
3223.0
3223.0
3221.0
3229.0
3216.0
3143.0
3239.0
3184.0
3203.0
3214.0
3215.0
3229.0
3218.0
3217.0
3223.0
3261.0
3218.0
3234.0
3230.0
3227.0
3220.0
3217.0
3248.0
3217.0
3243.0
3218.0
3229.0
3218.0
3217.0
3216.0
3215.0
3216.0
3287.0
3221.0
3234.0
3202.0
3216.0
3280.0
3217.0
3136.0
3218.0
3216.0
3217.0
3234.0
3218.0
3216.0
3235.0
3222.0
3222.0
3216.0
3222.0
3216.0
3229.0
3214.0
3234.0
3222.0
3312.0
3216.0
3210.0
3225.0
3227.0
3163.0
3228.0
3159.0
3216.0
3200.0
3217.0
3218.0
3219.0
3221.0
3205.0
3219.0
3216.0
3209.0
3216.0
3223.0
3221.0
3219.0
3248.0
3216.0
3190.0
3230.0
3216.0
3222.0
3225.0
3250.0
3215.0
3275.0
3202.0
3231.0
3228.0
3227.0
3228.0
3217.0
3213.0
3216.0
3248.0
3229.0
3198.0
3229.0
3218.0
3218.0
3235.0
3335.0
3225.0
3216.0
3217.0
3221.0
3215.0
3187.0
3223.0
3203.0
3223.0
3230.0
3216.0
3218.0
3226.0
3216.0
3235.0
3217.0
3217.0
3230.0
3223.0
3216.0
3214.0
3226.0
3208.0
3303.0
3231.0
3225.0
3211.0
3154.0
3222.0
3229.0
3213.0
3222.0
3201.0
3216.0
3217.0
3214.0
3219.0
3221.0
3222.0
3227.0
3211.0
3213.0
3315.0
3223.0
3222.0
3217.0
3285.0
3120.0
3229.0
3227.0
3230.0
3216.0
3216.0
3223.0
3215.0
3219.0
3223.0
3166.0
3217.0
3230.0
3227.0
3217.0
3225.0
3258.0
3218.0
3219.0
3222.0
3237.0
3218.0
3210.0
3216.0
3216.0
3218.0
3216.0
3216.0
3216.0
3218.0
3221.0
3220.0
3221.0
3227.0
3218.0
3216.0
3219.0
3222.0
3224.0
3212.0
3216.0
3206.0
3222.0
3218.0
3219.0
3216.0
3225.0
3221.0
3241.0
3217.0
3225.0
3219.0
3216.0
3317.0
3217.0
3255.0
3242.0
3142.0
3216.0
3217.0
3218.0
3213.0
3306.0
3216.0
3344.0
3217.0
3226.0
3221.0
3219.0
3222.0
3216.0
3257.0
3220.0
3235.0
3220.0
3232.0
3226.0
3213.0
3227.0
3263.0
3217.0
3134.0
3219.0
3232.0
3220.0
3226.0
