3.21943359375
3.2162109374999996
3.21298828125
3.2097656249999997
3.20654296875
3.2033203125
3.2000976562499996
3.196875
3.1936523437499997
3.1904296875
3.18720703125
3.1839843749999996
3.18076171875
3.1775390624999997
3.17431640625
3.17109375
3.1678710937499996
3.1646484375
3.1614257812499997
3.158203125
3.15498046875
3.1517578124999996
3.14853515625
3.1453124999999997
3.14208984375
3.1388671875
3.1356445312499996
3.132421875
3.1291992187499997
3.1259765625
3.12275390625
3.1195312499999996
3.11630859375
3.1130859374999997
3.10986328125
3.106640625
3.1034179687499996
3.1001953125
3.0969726562499997
3.09375
3.09052734375
3.0873046874999996
3.08408203125
3.0808593749999997
3.07763671875
3.0744140625
3.0711914062499996
3.06796875
3.0647460937499997
3.0615234375
3.05830078125
3.0550781249999996
3.05185546875
3.0486328124999997
3.04541015625
3.0421875
3.0389648437499996
3.0357421875
3.0325195312499997
3.029296875
3.02607421875
3.0228515624999996
3.01962890625
3.0164062499999997
3.01318359375
3.0099609375
3.0067382812499996
3.003515625
3.0002929687499997
2.9970703125
2.99384765625
2.9906249999999996
2.98740234375
2.9841796874999997
2.98095703125
2.977734375
2.9745117187499996
2.9712890625
2.9680664062499997
2.96484375
2.96162109375
2.9583984374999996
2.95517578125
2.9519531249999997
2.94873046875
2.9455078125
2.9422851562499996
2.9390625
2.9358398437499997
2.9326171875
2.92939453125
2.9261718749999996
2.92294921875
2.9197265624999997
2.91650390625
2.91328125
2.9100585937499996
2.9068359375
2.9036132812499997
2.900390625
2.89716796875
2.8939453124999996
2.89072265625
2.8874999999999997
2.88427734375
2.8810546875
2.8778320312499996
2.874609375
2.8713867187499997
2.8681640625
2.86494140625
2.8617187499999996
2.85849609375
2.8552734374999997
2.85205078125
2.848828125
2.8456054687499996
2.8423828125
2.8391601562499997
2.8359375
2.83271484375
2.8294921874999996
2.82626953125
2.8230468749999997
2.81982421875
2.8166015625
2.8133789062499996
2.81015625
2.8069335937499997
2.8037109375
2.80048828125
2.7972656249999996
2.79404296875
2.7908203124999997
2.78759765625
2.784375
2.7811523437499996
2.7779296875
2.7747070312499997
2.771484375
2.76826171875
2.7650390624999996
2.76181640625
2.7585937499999997
2.75537109375
2.7521484375
2.7489257812499996
2.745703125
2.7424804687499997
2.7392578125
2.73603515625
2.7328124999999996
2.72958984375
2.7263671874999997
2.72314453125
2.719921875
2.7166992187499996
2.7134765625
2.7102539062499997
2.70703125
2.70380859375
2.7005859374999996
2.69736328125
2.6941406249999997
2.69091796875
2.6876953125
2.6844726562499996
2.68125
2.6780273437499997
2.6748046875
2.67158203125
2.6683593749999996
2.66513671875
2.6619140624999997
2.65869140625
2.65546875
2.6522460937499996
2.6490234375
2.6458007812499997
2.642578125
2.63935546875
2.6361328124999996
2.63291015625
2.6296874999999997
2.62646484375
2.6232421875
2.6200195312499996
2.616796875
2.6135742187499997
2.6103515625
